dx= 0.000333333 dt = 4.44444e-08 its 22500002
Vec Object: u_numeracal 4 MPI processes
  type: mpi
Process [0]
0.
0.000106214
0.000212428
0.000318642
0.000424856
0.000531069
0.000637281
0.000743493
0.000849704
0.000955914
0.00106212
0.00116833
0.00127454
0.00138074
0.00148695
0.00159315
0.00169935
0.00180555
0.00191174
0.00201794
0.00212413
0.00223032
0.00233651
0.00244269
0.00254887
0.00265505
0.00276123
0.0028674
0.00297357
0.00307974
0.0031859
0.00329206
0.00339822
0.00350437
0.00361052
0.00371667
0.00382281
0.00392894
0.00403508
0.0041412
0.00424733
0.00435345
0.00445956
0.00456567
0.00467177
0.00477787
0.00488397
0.00499005
0.00509614
0.00520221
0.00530829
0.00541435
0.00552041
0.00562646
0.00573251
0.00583855
0.00594459
0.00605062
0.00615664
0.00626265
0.00636866
0.00647466
0.00658066
0.00668664
0.00679262
0.0068986
0.00700456
0.00711052
0.00721647
0.00732241
0.00742834
0.00753426
0.00764018
0.00774609
0.00785199
0.00795788
0.00806376
0.00816964
0.0082755
0.00838136
0.0084872
0.00859304
0.00869887
0.00880469
0.00891049
0.00901629
0.00912208
0.00922786
0.00933363
0.00943939
0.00954514
0.00965087
0.0097566
0.00986232
0.00996802
0.0100737
0.0101794
0.0102851
0.0103907
0.0104964
0.010602
0.0107076
0.0108133
0.0109189
0.0110245
0.01113
0.0112356
0.0113412
0.0114467
0.0115522
0.0116577
0.0117632
0.0118687
0.0119742
0.0120797
0.0121851
0.0122906
0.012396
0.0125014
0.0126068
0.0127122
0.0128176
0.0129229
0.0130283
0.0131336
0.0132389
0.0133442
0.0134495
0.0135547
0.01366
0.0137652
0.0138705
0.0139757
0.0140809
0.014186
0.0142912
0.0143964
0.0145015
0.0146066
0.0147117
0.0148168
0.0149218
0.0150269
0.0151319
0.0152369
0.0153419
0.0154469
0.0155519
0.0156569
0.0157618
0.0158667
0.0159716
0.0160765
0.0161813
0.0162862
0.016391
0.0164958
0.0166006
0.0167054
0.0168101
0.0169149
0.0170196
0.0171243
0.017229
0.0173336
0.0174383
0.0175429
0.0176475
0.0177521
0.0178567
0.0179612
0.0180657
0.0181702
0.0182747
0.0183792
0.0184836
0.0185881
0.0186925
0.0187968
0.0189012
0.0190055
0.0191099
0.0192142
0.0193185
0.0194227
0.0195269
0.0196312
0.0197354
0.0198395
0.0199437
0.0200478
0.0201519
0.020256
0.0203601
0.0204641
0.0205681
0.0206721
0.0207761
0.0208801
0.020984
0.0210879
0.0211918
0.0212956
0.0213995
0.0215033
0.0216071
0.0217108
0.0218146
0.0219183
0.022022
0.0221256
0.0222293
0.0223329
0.0224365
0.0225401
0.0226436
0.0227471
0.0228506
0.0229541
0.0230576
0.023161
0.0232644
0.0233677
0.0234711
0.0235744
0.0236777
0.023781
0.0238842
0.0239874
0.0240906
0.0241938
0.0242969
0.0244
0.0245031
0.0246061
0.0247092
0.0248122
0.0249151
0.0250181
0.025121
0.0252239
0.0253268
0.0254296
0.0255324
0.0256352
0.0257379
0.0258407
0.0259434
0.026046
0.0261487
0.0262513
0.0263539
0.0264564
0.0265589
0.0266614
0.0267639
0.0268663
0.0269687
0.0270711
0.0271734
0.0272758
0.0273781
0.0274803
0.0275825
0.0276847
0.0277869
0.027889
0.0279911
0.0280932
0.0281953
0.0282973
0.0283992
0.0285012
0.0286031
0.028705
0.0288069
0.0289087
0.0290105
0.0291122
0.029214
0.0293157
0.0294173
0.029519
0.0296206
0.0297221
0.0298237
0.0299252
0.0300266
0.0301281
0.0302295
0.0303308
0.0304322
0.0305335
0.0306348
0.030736
0.0308372
0.0309384
0.0310395
0.0311406
0.0312417
0.0313427
0.0314437
0.0315447
0.0316456
0.0317465
0.0318474
0.0319482
0.032049
0.0321497
0.0322504
0.0323511
0.0324518
0.0325524
0.032653
0.0327535
0.032854
0.0329545
0.0330549
0.0331553
0.0332557
0.033356
0.0334563
0.0335565
0.0336568
0.0337569
0.0338571
0.0339572
0.0340572
0.0341573
0.0342573
0.0343572
0.0344571
0.034557
0.0346568
0.0347567
0.0348564
0.0349561
0.0350558
0.0351555
0.0352551
0.0353547
0.0354542
0.0355537
0.0356531
0.0357526
0.0358519
0.0359513
0.0360506
0.0361498
0.0362491
0.0363482
0.0364474
0.0365465
0.0366455
0.0367445
0.0368435
0.0369425
0.0370414
0.0371402
0.037239
0.0373378
0.0374365
0.0375352
0.0376339
0.0377325
0.0378311
0.0379296
0.0380281
0.0381265
0.0382249
0.0383233
0.0384216
0.0385199
0.0386181
0.0387163
0.0388145
0.0389126
0.0390107
0.0391087
0.0392067
0.0393046
0.0394025
0.0395003
0.0395981
0.0396959
0.0397936
0.0398913
0.0399889
0.0400865
0.0401841
0.0402816
0.040379
0.0404764
0.0405738
0.0406711
0.0407684
0.0408656
0.0409628
0.04106
0.0411571
0.0412541
0.0413511
0.0414481
0.041545
0.0416419
0.0417387
0.0418355
0.0419322
0.0420289
0.0421256
0.0422222
0.0423187
0.0424152
0.0425117
0.0426081
0.0427045
0.0428008
0.042897
0.0429933
0.0430894
0.0431856
0.0432817
0.0433777
0.0434737
0.0435696
0.0436655
0.0437613
0.0438571
0.0439529
0.0440486
0.0441442
0.0442398
0.0443354
0.0444309
0.0445264
0.0446218
0.0447171
0.0448124
0.0449077
0.0450029
0.0450981
0.0451932
0.0452882
0.0453833
0.0454782
0.0455731
0.045668
0.0457628
0.0458576
0.0459523
0.046047
0.0461416
0.0462361
0.0463306
0.0464251
0.0465195
0.0466139
0.0467082
0.0468024
0.0468966
0.0469908
0.0470849
0.0471789
0.0472729
0.0473669
0.0474608
0.0475546
0.0476484
0.0477421
0.0478358
0.0479295
0.048023
0.0481166
0.04821
0.0483035
0.0483968
0.0484902
0.0485834
0.0486766
0.0487698
0.0488629
0.0489559
0.0490489
0.0491419
0.0492348
0.0493276
0.0494204
0.0495131
0.0496058
0.0496984
0.049791
0.0498835
0.0499759
0.0500683
0.0501607
0.0502529
0.0503452
0.0504374
0.0505295
0.0506215
0.0507136
0.0508055
0.0508974
0.0509893
0.0510811
0.0511728
0.0512645
0.0513561
0.0514476
0.0515392
0.0516306
0.051722
0.0518133
0.0519046
0.0519958
0.052087
0.0521781
0.0522692
0.0523602
0.0524511
0.052542
0.0526328
0.0527236
0.0528143
0.0529049
0.0529955
0.0530861
0.0531765
0.053267
0.0533573
0.0534476
0.0535379
0.053628
0.0537182
0.0538082
0.0538982
0.0539882
0.0540781
0.0541679
0.0542577
0.0543474
0.054437
0.0545266
0.0546161
0.0547056
0.054795
0.0548844
0.0549737
0.0550629
0.0551521
0.0552412
0.0553302
0.0554192
0.0555081
0.055597
0.0556858
0.0557745
0.0558632
0.0559519
0.0560404
0.0561289
0.0562174
0.0563057
0.056394
0.0564823
0.0565705
0.0566586
0.0567467
0.0568347
0.0569226
0.0570105
0.0570983
0.0571861
0.0572738
0.0573614
0.057449
0.0575365
0.0576239
0.0577113
0.0577986
0.0578858
0.057973
0.0580601
0.0581472
0.0582342
0.0583211
0.058408
0.0584948
0.0585815
0.0586682
0.0587548
0.0588414
0.0589279
0.0590143
0.0591006
0.0591869
0.0592731
0.0593593
0.0594454
0.0595314
0.0596174
0.0597033
0.0597891
0.0598749
0.0599606
0.0600462
0.0601318
0.0602173
0.0603027
0.0603881
0.0604734
0.0605586
0.0606438
0.0607289
0.0608139
0.0608989
0.0609838
0.0610686
0.0611534
0.0612381
0.0613227
0.0614073
0.0614918
0.0615763
0.0616606
0.0617449
0.0618292
0.0619133
0.0619974
0.0620814
0.0621654
0.0622493
0.0623331
0.0624169
0.0625006
0.0625842
0.0626677
0.0627512
0.0628346
0.062918
0.0630012
0.0630844
0.0631676
0.0632506
0.0633336
0.0634166
0.0634994
0.0635822
0.0636649
0.0637476
0.0638302
0.0639127
0.0639951
0.0640775
0.0641598
0.064242
0.0643242
0.0644062
0.0644883
0.0645702
0.0646521
0.0647339
0.0648156
0.0648973
0.0649789
0.0650604
0.0651418
0.0652232
0.0653045
0.0653858
0.0654669
0.065548
0.065629
0.06571
0.0657908
0.0658716
0.0659524
0.066033
0.0661136
0.0661941
0.0662746
0.0663549
0.0664352
0.0665155
0.0665956
0.0666757
0.0667557
0.0668356
0.0669155
0.0669953
0.067075
0.0671546
0.0672342
0.0673136
0.0673931
0.0674724
0.0675517
0.0676309
0.06771
0.067789
0.067868
0.0679469
0.0680257
0.0681045
0.0681831
0.0682617
0.0683402
0.0684187
0.0684971
0.0685754
0.0686536
0.0687317
0.0688098
0.0688878
0.0689657
0.0690436
0.0691213
0.069199
0.0692766
0.0693542
0.0694316
0.069509
0.0695863
0.0696636
0.0697407
0.0698178
0.0698948
0.0699718
0.0700486
0.0701254
0.0702021
0.0702787
0.0703553
0.0704317
0.0705081
0.0705844
0.0706607
0.0707368
0.0708129
0.0708889
0.0709648
0.0710407
0.0711165
0.0711922
0.0712678
0.0713433
0.0714188
0.0714941
0.0715694
0.0716447
0.0717198
Process [1]
0.0717949
0.0718699
0.0719448
0.0720196
0.0720943
0.072169
0.0722436
0.0723181
0.0723926
0.0724669
0.0725412
0.0726154
0.0726895
0.0727635
0.0728375
0.0729114
0.0729852
0.0730589
0.0731325
0.0732061
0.0732795
0.0733529
0.0734262
0.0734995
0.0735726
0.0736457
0.0737187
0.0737916
0.0738644
0.0739372
0.0740099
0.0740824
0.074155
0.0742274
0.0742997
0.074372
0.0744442
0.0745163
0.0745883
0.0746602
0.0747321
0.0748038
0.0748755
0.0749471
0.0750187
0.0750901
0.0751615
0.0752327
0.0753039
0.075375
0.0754461
0.075517
0.0755879
0.0756587
0.0757294
0.0758
0.0758705
0.075941
0.0760113
0.0760816
0.0761518
0.0762219
0.076292
0.0763619
0.0764318
0.0765015
0.0765712
0.0766409
0.0767104
0.0767798
0.0768492
0.0769185
0.0769877
0.0770568
0.0771258
0.0771947
0.0772636
0.0773324
0.077401
0.0774696
0.0775381
0.0776066
0.0776749
0.0777432
0.0778114
0.0778794
0.0779474
0.0780154
0.0780832
0.0781509
0.0782186
0.0782862
0.0783537
0.0784211
0.0784884
0.0785556
0.0786228
0.0786898
0.0787568
0.0788237
0.0788905
0.0789572
0.0790238
0.0790904
0.0791568
0.0792232
0.0792895
0.0793556
0.0794218
0.0794878
0.0795537
0.0796195
0.0796853
0.079751
0.0798166
0.079882
0.0799475
0.0800128
0.080078
0.0801432
0.0802082
0.0802732
0.0803381
0.0804028
0.0804675
0.0805322
0.0805967
0.0806611
0.0807255
0.0807897
0.0808539
0.080918
0.080982
0.0810459
0.0811097
0.0811734
0.0812371
0.0813006
0.0813641
0.0814275
0.0814908
0.0815539
0.081617
0.0816801
0.081743
0.0818058
0.0818686
0.0819312
0.0819938
0.0820563
0.0821187
0.0821809
0.0822432
0.0823053
0.0823673
0.0824292
0.0824911
0.0825528
0.0826145
0.0826761
0.0827376
0.0827989
0.0828602
0.0829215
0.0829826
0.0830436
0.0831045
0.0831654
0.0832261
0.0832868
0.0833474
0.0834079
0.0834682
0.0835285
0.0835887
0.0836489
0.0837089
0.0837688
0.0838287
0.0838884
0.0839481
0.0840076
0.0840671
0.0841265
0.0841858
0.084245
0.0843041
0.0843631
0.084422
0.0844808
0.0845395
0.0845982
0.0846567
0.0847152
0.0847735
0.0848318
0.08489
0.0849481
0.085006
0.0850639
0.0851217
0.0851795
0.0852371
0.0852946
0.085352
0.0854094
0.0854666
0.0855237
0.0855808
0.0856378
0.0856946
0.0857514
0.0858081
0.0858647
0.0859211
0.0859775
0.0860338
0.08609
0.0861462
0.0862022
0.0862581
0.0863139
0.0863697
0.0864253
0.0864808
0.0865363
0.0865916
0.0866469
0.0867021
0.0867571
0.0868121
0.086867
0.0869218
0.0869765
0.0870311
0.0870856
0.08714
0.0871943
0.0872485
0.0873026
0.0873566
0.0874105
0.0874644
0.0875181
0.0875717
0.0876253
0.0876787
0.0877321
0.0877853
0.0878385
0.0878915
0.0879445
0.0879974
0.0880501
0.0881028
0.0881554
0.0882079
0.0882602
0.0883125
0.0883647
0.0884168
0.0884688
0.0885207
0.0885725
0.0886242
0.0886758
0.0887273
0.0887787
0.08883
0.0888813
0.0889324
0.0889834
0.0890343
0.0890852
0.0891359
0.0891865
0.0892371
0.0892875
0.0893378
0.0893881
0.0894382
0.0894883
0.0895382
0.0895881
0.0896378
0.0896875
0.089737
0.0897865
0.0898358
0.0898851
0.0899342
0.0899833
0.0900323
0.0900811
0.0901299
0.0901786
0.0902271
0.0902756
0.090324
0.0903722
0.0904204
0.0904685
0.0905164
0.0905643
0.0906121
0.0906598
0.0907073
0.0907548
0.0908022
0.0908495
0.0908966
0.0909437
0.0909907
0.0910376
0.0910844
0.091131
0.0911776
0.0912241
0.0912705
0.0913167
0.0913629
0.091409
0.091455
0.0915009
0.0915466
0.0915923
0.0916379
0.0916834
0.0917287
0.091774
0.0918192
0.0918643
0.0919092
0.0919541
0.0919989
0.0920435
0.0920881
0.0921326
0.0921769
0.0922212
0.0922654
0.0923094
0.0923534
0.0923973
0.092441
0.0924847
0.0925282
0.0925717
0.092615
0.0926583
0.0927014
0.0927445
0.0927874
0.0928303
0.092873
0.0929157
0.0929582
0.0930006
0.093043
0.0930852
0.0931273
0.0931694
0.0932113
0.0932531
0.0932948
0.0933365
0.093378
0.0934194
0.0934607
0.0935019
0.093543
0.093584
0.0936249
0.0936657
0.0937064
0.093747
0.0937875
0.0938279
0.0938682
0.0939084
0.0939485
0.0939884
0.0940283
0.0940681
0.0941078
0.0941473
0.0941868
0.0942261
0.0942654
0.0943046
0.0943436
0.0943825
0.0944214
0.0944601
0.0944988
0.0945373
0.0945757
0.094614
0.0946523
0.0946904
0.0947284
0.0947663
0.0948041
0.0948418
0.0948794
0.0949169
0.0949543
0.0949916
0.0950287
0.0950658
0.0951028
0.0951397
0.0951764
0.0952131
0.0952496
0.0952861
0.0953224
0.0953587
0.0953948
0.0954308
0.0954668
0.0955026
0.0955383
0.0955739
0.0956094
0.0956448
0.0956801
0.0957153
0.0957504
0.0957854
0.0958203
0.095855
0.0958897
0.0959243
0.0959587
0.0959931
0.0960273
0.0960615
0.0960955
0.0961294
0.0961632
0.096197
0.0962306
0.0962641
0.0962975
0.0963308
0.096364
0.0963971
0.0964301
0.0964629
0.0964957
0.0965284
0.0965609
0.0965934
0.0966257
0.096658
0.0966901
0.0967221
0.096754
0.0967859
0.0968176
0.0968492
0.0968807
0.0969121
0.0969433
0.0969745
0.0970056
0.0970366
0.0970674
0.0970982
0.0971288
0.0971593
0.0971898
0.0972201
0.0972503
0.0972804
0.0973104
0.0973403
0.0973701
0.0973998
0.0974294
0.0974589
0.0974882
0.0975175
0.0975467
0.0975757
0.0976046
0.0976335
0.0976622
0.0976908
0.0977193
0.0977477
0.097776
0.0978042
0.0978323
0.0978603
0.0978881
0.0979159
0.0979435
0.0979711
0.0979985
0.0980258
0.0980531
0.0980802
0.0981072
0.0981341
0.0981609
0.0981876
0.0982141
0.0982406
0.098267
0.0982932
0.0983194
0.0983454
0.0983713
0.0983972
0.0984229
0.0984485
0.098474
0.0984994
0.0985246
0.0985498
0.0985749
0.0985998
0.0986247
0.0986494
0.0986741
0.0986986
0.098723
0.0987473
0.0987715
0.0987956
0.0988196
0.0988435
0.0988672
0.0988909
0.0989144
0.0989379
0.0989612
0.0989844
0.0990075
0.0990306
0.0990535
0.0990762
0.0990989
0.0991215
0.099144
0.0991663
0.0991886
0.0992107
0.0992327
0.0992546
0.0992765
0.0992982
0.0993198
0.0993412
0.0993626
0.0993839
0.099405
0.0994261
0.099447
0.0994679
0.0994886
0.0995092
0.0995297
0.0995501
0.0995704
0.0995905
0.0996106
0.0996306
0.0996504
0.0996702
0.0996898
0.0997093
0.0997287
0.099748
0.0997672
0.0997863
0.0998053
0.0998241
0.0998429
0.0998615
0.0998801
0.0998985
0.0999168
0.099935
0.0999531
0.0999711
0.099989
0.100007
0.100024
0.100042
0.100059
0.100077
0.100094
0.100111
0.100128
0.100145
0.100162
0.100178
0.100195
0.100211
0.100228
0.100244
0.10026
0.100276
0.100292
0.100308
0.100323
0.100339
0.100355
0.10037
0.100385
0.1004
0.100415
0.10043
0.100445
0.10046
0.100474
0.100489
0.100503
0.100517
0.100531
0.100545
0.100559
0.100573
0.100587
0.1006
0.100614
0.100627
0.100641
0.100654
0.100667
0.10068
0.100693
0.100705
0.100718
0.10073
0.100743
0.100755
0.100767
0.100779
0.100791
0.100803
0.100815
0.100826
0.100838
0.100849
0.10086
0.100871
0.100883
0.100893
0.100904
0.100915
0.100926
0.100936
0.100947
0.100957
0.100967
0.100977
0.100987
0.100997
0.101006
0.101016
0.101026
0.101035
0.101044
0.101053
0.101062
0.101071
0.10108
0.101089
0.101098
0.101106
0.101114
0.101123
0.101131
0.101139
0.101147
0.101155
0.101162
0.10117
0.101178
0.101185
0.101192
0.101199
0.101206
0.101213
0.10122
0.101227
0.101234
0.10124
0.101246
0.101253
0.101259
0.101265
0.101271
0.101277
0.101283
0.101288
0.101294
0.101299
0.101304
0.101309
0.101315
0.101319
0.101324
0.101329
0.101334
0.101338
0.101343
0.101347
0.101351
0.101355
0.101359
0.101363
0.101367
0.10137
0.101374
0.101377
0.10138
0.101384
0.101387
0.10139
0.101392
0.101395
0.101398
0.1014
0.101403
0.101405
0.101407
0.101409
0.101411
0.101413
0.101415
0.101416
0.101418
0.101419
0.10142
0.101422
0.101423
0.101424
0.101424
0.101425
0.101426
0.101426
0.101427
0.101427
0.101427
0.101427
Process [2]
0.101427
0.101427
0.101427
0.101426
0.101426
0.101425
0.101424
0.101424
0.101423
0.101422
0.10142
0.101419
0.101418
0.101416
0.101415
0.101413
0.101411
0.101409
0.101407
0.101405
0.101403
0.1014
0.101398
0.101395
0.101392
0.10139
0.101387
0.101384
0.10138
0.101377
0.101374
0.10137
0.101367
0.101363
0.101359
0.101355
0.101351
0.101347
0.101343
0.101338
0.101334
0.101329
0.101324
0.101319
0.101315
0.101309
0.101304
0.101299
0.101294
0.101288
0.101283
0.101277
0.101271
0.101265
0.101259
0.101253
0.101246
0.10124
0.101234
0.101227
0.10122
0.101213
0.101206
0.101199
0.101192
0.101185
0.101178
0.10117
0.101162
0.101155
0.101147
0.101139
0.101131
0.101123
0.101114
0.101106
0.101098
0.101089
0.10108
0.101071
0.101062
0.101053
0.101044
0.101035
0.101026
0.101016
0.101006
0.100997
0.100987
0.100977
0.100967
0.100957
0.100947
0.100936
0.100926
0.100915
0.100904
0.100893
0.100883
0.100871
0.10086
0.100849
0.100838
0.100826
0.100815
0.100803
0.100791
0.100779
0.100767
0.100755
0.100743
0.10073
0.100718
0.100705
0.100693
0.10068
0.100667
0.100654
0.100641
0.100627
0.100614
0.1006
0.100587
0.100573
0.100559
0.100545
0.100531
0.100517
0.100503
0.100489
0.100474
0.10046
0.100445
0.10043
0.100415
0.1004
0.100385
0.10037
0.100355
0.100339
0.100323
0.100308
0.100292
0.100276
0.10026
0.100244
0.100228
0.100211
0.100195
0.100178
0.100162
0.100145
0.100128
0.100111
0.100094
0.100077
0.100059
0.100042
0.100024
0.100007
0.099989
0.0999711
0.0999531
0.099935
0.0999168
0.0998985
0.0998801
0.0998615
0.0998429
0.0998241
0.0998053
0.0997863
0.0997672
0.099748
0.0997287
0.0997093
0.0996898
0.0996702
0.0996504
0.0996306
0.0996106
0.0995905
0.0995704
0.0995501
0.0995297
0.0995092
0.0994886
0.0994679
0.099447
0.0994261
0.099405
0.0993839
0.0993626
0.0993412
0.0993198
0.0992982
0.0992765
0.0992546
0.0992327
0.0992107
0.0991886
0.0991663
0.099144
0.0991215
0.0990989
0.0990762
0.0990535
0.0990306
0.0990075
0.0989844
0.0989612
0.0989379
0.0989144
0.0988909
0.0988672
0.0988435
0.0988196
0.0987956
0.0987715
0.0987473
0.098723
0.0986986
0.0986741
0.0986494
0.0986247
0.0985998
0.0985749
0.0985498
0.0985246
0.0984994
0.098474
0.0984485
0.0984229
0.0983972
0.0983713
0.0983454
0.0983194
0.0982932
0.098267
0.0982406
0.0982141
0.0981876
0.0981609
0.0981341
0.0981072
0.0980802
0.0980531
0.0980258
0.0979985
0.0979711
0.0979435
0.0979159
0.0978881
0.0978603
0.0978323
0.0978042
0.097776
0.0977477
0.0977193
0.0976908
0.0976622
0.0976335
0.0976046
0.0975757
0.0975467
0.0975175
0.0974882
0.0974589
0.0974294
0.0973998
0.0973701
0.0973403
0.0973104
0.0972804
0.0972503
0.0972201
0.0971898
0.0971593
0.0971288
0.0970982
0.0970674
0.0970366
0.0970056
0.0969745
0.0969433
0.0969121
0.0968807
0.0968492
0.0968176
0.0967859
0.096754
0.0967221
0.0966901
0.096658
0.0966257
0.0965934
0.0965609
0.0965284
0.0964957
0.0964629
0.0964301
0.0963971
0.096364
0.0963308
0.0962975
0.0962641
0.0962306
0.096197
0.0961632
0.0961294
0.0960955
0.0960615
0.0960273
0.0959931
0.0959587
0.0959243
0.0958897
0.095855
0.0958203
0.0957854
0.0957504
0.0957153
0.0956801
0.0956448
0.0956094
0.0955739
0.0955383
0.0955026
0.0954668
0.0954308
0.0953948
0.0953587
0.0953224
0.0952861
0.0952496
0.0952131
0.0951764
0.0951397
0.0951028
0.0950658
0.0950287
0.0949916
0.0949543
0.0949169
0.0948794
0.0948418
0.0948041
0.0947663
0.0947284
0.0946904
0.0946523
0.094614
0.0945757
0.0945373
0.0944988
0.0944601
0.0944214
0.0943825
0.0943436
0.0943046
0.0942654
0.0942261
0.0941868
0.0941473
0.0941078
0.0940681
0.0940283
0.0939884
0.0939485
0.0939084
0.0938682
0.0938279
0.0937875
0.093747
0.0937064
0.0936657
0.0936249
0.093584
0.093543
0.0935019
0.0934607
0.0934194
0.093378
0.0933365
0.0932948
0.0932531
0.0932113
0.0931694
0.0931273
0.0930852
0.093043
0.0930006
0.0929582
0.0929157
0.092873
0.0928303
0.0927874
0.0927445
0.0927014
0.0926583
0.092615
0.0925717
0.0925282
0.0924847
0.092441
0.0923973
0.0923534
0.0923094
0.0922654
0.0922212
0.0921769
0.0921326
0.0920881
0.0920435
0.0919989
0.0919541
0.0919092
0.0918643
0.0918192
0.091774
0.0917287
0.0916834
0.0916379
0.0915923
0.0915466
0.0915009
0.091455
0.091409
0.0913629
0.0913167
0.0912705
0.0912241
0.0911776
0.091131
0.0910844
0.0910376
0.0909907
0.0909437
0.0908966
0.0908495
0.0908022
0.0907548
0.0907073
0.0906598
0.0906121
0.0905643
0.0905164
0.0904685
0.0904204
0.0903722
0.090324
0.0902756
0.0902271
0.0901786
0.0901299
0.0900811
0.0900323
0.0899833
0.0899342
0.0898851
0.0898358
0.0897865
0.089737
0.0896875
0.0896378
0.0895881
0.0895382
0.0894883
0.0894382
0.0893881
0.0893378
0.0892875
0.0892371
0.0891865
0.0891359
0.0890852
0.0890343
0.0889834
0.0889324
0.0888813
0.08883
0.0887787
0.0887273
0.0886758
0.0886242
0.0885725
0.0885207
0.0884688
0.0884168
0.0883647
0.0883125
0.0882602
0.0882079
0.0881554
0.0881028
0.0880501
0.0879974
0.0879445
0.0878915
0.0878385
0.0877853
0.0877321
0.0876787
0.0876253
0.0875717
0.0875181
0.0874644
0.0874105
0.0873566
0.0873026
0.0872485
0.0871943
0.08714
0.0870856
0.0870311
0.0869765
0.0869218
0.086867
0.0868121
0.0867571
0.0867021
0.0866469
0.0865916
0.0865363
0.0864808
0.0864253
0.0863697
0.0863139
0.0862581
0.0862022
0.0861462
0.08609
0.0860338
0.0859775
0.0859211
0.0858647
0.0858081
0.0857514
0.0856946
0.0856378
0.0855808
0.0855237
0.0854666
0.0854094
0.085352
0.0852946
0.0852371
0.0851795
0.0851217
0.0850639
0.085006
0.0849481
0.08489
0.0848318
0.0847735
0.0847152
0.0846567
0.0845982
0.0845395
0.0844808
0.084422
0.0843631
0.0843041
0.084245
0.0841858
0.0841265
0.0840671
0.0840076
0.0839481
0.0838884
0.0838287
0.0837688
0.0837089
0.0836489
0.0835887
0.0835285
0.0834682
0.0834079
0.0833474
0.0832868
0.0832261
0.0831654
0.0831045
0.0830436
0.0829826
0.0829215
0.0828602
0.0827989
0.0827376
0.0826761
0.0826145
0.0825528
0.0824911
0.0824292
0.0823673
0.0823053
0.0822432
0.0821809
0.0821187
0.0820563
0.0819938
0.0819312
0.0818686
0.0818058
0.081743
0.0816801
0.081617
0.0815539
0.0814908
0.0814275
0.0813641
0.0813006
0.0812371
0.0811734
0.0811097
0.0810459
0.080982
0.080918
0.0808539
0.0807897
0.0807255
0.0806611
0.0805967
0.0805322
0.0804675
0.0804028
0.0803381
0.0802732
0.0802082
0.0801432
0.080078
0.0800128
0.0799475
0.079882
0.0798166
0.079751
0.0796853
0.0796195
0.0795537
0.0794878
0.0794218
0.0793556
0.0792895
0.0792232
0.0791568
0.0790904
0.0790238
0.0789572
0.0788905
0.0788237
0.0787568
0.0786898
0.0786228
0.0785556
0.0784884
0.0784211
0.0783537
0.0782862
0.0782186
0.0781509
0.0780832
0.0780154
0.0779474
0.0778794
0.0778114
0.0777432
0.0776749
0.0776066
0.0775381
0.0774696
0.077401
0.0773324
0.0772636
0.0771947
0.0771258
0.0770568
0.0769877
0.0769185
0.0768492
0.0767798
0.0767104
0.0766409
0.0765712
0.0765015
0.0764318
0.0763619
0.076292
0.0762219
0.0761518
0.0760816
0.0760113
0.075941
0.0758705
0.0758
0.0757294
0.0756587
0.0755879
0.075517
0.0754461
0.075375
0.0753039
0.0752327
0.0751615
0.0750901
0.0750187
0.0749471
0.0748755
0.0748038
0.0747321
0.0746602
0.0745883
0.0745163
0.0744442
0.074372
0.0742997
0.0742274
0.074155
0.0740824
0.0740099
0.0739372
0.0738644
0.0737916
0.0737187
0.0736457
0.0735726
0.0734995
0.0734262
0.0733529
0.0732795
0.0732061
0.0731325
0.0730589
0.0729852
0.0729114
0.0728375
0.0727635
0.0726895
0.0726154
0.0725412
0.0724669
0.0723926
0.0723181
0.0722436
0.072169
0.0720943
0.0720196
0.0719448
0.0718699
0.0717949
0.0717198
Process [3]
0.0716447
0.0715694
0.0714941
0.0714188
0.0713433
0.0712678
0.0711922
0.0711165
0.0710407
0.0709648
0.0708889
0.0708129
0.0707368
0.0706607
0.0705844
0.0705081
0.0704317
0.0703553
0.0702787
0.0702021
0.0701254
0.0700486
0.0699718
0.0698948
0.0698178
0.0697407
0.0696636
0.0695863
0.069509
0.0694316
0.0693542
0.0692766
0.069199
0.0691213
0.0690436
0.0689657
0.0688878
0.0688098
0.0687317
0.0686536
0.0685754
0.0684971
0.0684187
0.0683402
0.0682617
0.0681831
0.0681045
0.0680257
0.0679469
0.067868
0.067789
0.06771
0.0676309
0.0675517
0.0674724
0.0673931
0.0673136
0.0672342
0.0671546
0.067075
0.0669953
0.0669155
0.0668356
0.0667557
0.0666757
0.0665956
0.0665155
0.0664352
0.0663549
0.0662746
0.0661941
0.0661136
0.066033
0.0659524
0.0658716
0.0657908
0.06571
0.065629
0.065548
0.0654669
0.0653858
0.0653045
0.0652232
0.0651418
0.0650604
0.0649789
0.0648973
0.0648156
0.0647339
0.0646521
0.0645702
0.0644883
0.0644062
0.0643242
0.064242
0.0641598
0.0640775
0.0639951
0.0639127
0.0638302
0.0637476
0.0636649
0.0635822
0.0634994
0.0634166
0.0633336
0.0632506
0.0631676
0.0630844
0.0630012
0.062918
0.0628346
0.0627512
0.0626677
0.0625842
0.0625006
0.0624169
0.0623331
0.0622493
0.0621654
0.0620814
0.0619974
0.0619133
0.0618292
0.0617449
0.0616606
0.0615763
0.0614918
0.0614073
0.0613227
0.0612381
0.0611534
0.0610686
0.0609838
0.0608989
0.0608139
0.0607289
0.0606438
0.0605586
0.0604734
0.0603881
0.0603027
0.0602173
0.0601318
0.0600462
0.0599606
0.0598749
0.0597891
0.0597033
0.0596174
0.0595314
0.0594454
0.0593593
0.0592731
0.0591869
0.0591006
0.0590143
0.0589279
0.0588414
0.0587548
0.0586682
0.0585815
0.0584948
0.058408
0.0583211
0.0582342
0.0581472
0.0580601
0.057973
0.0578858
0.0577986
0.0577113
0.0576239
0.0575365
0.057449
0.0573614
0.0572738
0.0571861
0.0570983
0.0570105
0.0569226
0.0568347
0.0567467
0.0566586
0.0565705
0.0564823
0.056394
0.0563057
0.0562174
0.0561289
0.0560404
0.0559519
0.0558632
0.0557745
0.0556858
0.055597
0.0555081
0.0554192
0.0553302
0.0552412
0.0551521
0.0550629
0.0549737
0.0548844
0.054795
0.0547056
0.0546161
0.0545266
0.054437
0.0543474
0.0542577
0.0541679
0.0540781
0.0539882
0.0538982
0.0538082
0.0537182
0.053628
0.0535379
0.0534476
0.0533573
0.053267
0.0531765
0.0530861
0.0529955
0.0529049
0.0528143
0.0527236
0.0526328
0.052542
0.0524511
0.0523602
0.0522692
0.0521781
0.052087
0.0519958
0.0519046
0.0518133
0.051722
0.0516306
0.0515392
0.0514476
0.0513561
0.0512645
0.0511728
0.0510811
0.0509893
0.0508974
0.0508055
0.0507136
0.0506215
0.0505295
0.0504374
0.0503452
0.0502529
0.0501607
0.0500683
0.0499759
0.0498835
0.049791
0.0496984
0.0496058
0.0495131
0.0494204
0.0493276
0.0492348
0.0491419
0.0490489
0.0489559
0.0488629
0.0487698
0.0486766
0.0485834
0.0484902
0.0483968
0.0483035
0.04821
0.0481166
0.048023
0.0479295
0.0478358
0.0477421
0.0476484
0.0475546
0.0474608
0.0473669
0.0472729
0.0471789
0.0470849
0.0469908
0.0468966
0.0468024
0.0467082
0.0466139
0.0465195
0.0464251
0.0463306
0.0462361
0.0461416
0.046047
0.0459523
0.0458576
0.0457628
0.045668
0.0455731
0.0454782
0.0453833
0.0452882
0.0451932
0.0450981
0.0450029
0.0449077
0.0448124
0.0447171
0.0446218
0.0445264
0.0444309
0.0443354
0.0442398
0.0441442
0.0440486
0.0439529
0.0438571
0.0437613
0.0436655
0.0435696
0.0434737
0.0433777
0.0432817
0.0431856
0.0430894
0.0429933
0.042897
0.0428008
0.0427045
0.0426081
0.0425117
0.0424152
0.0423187
0.0422222
0.0421256
0.0420289
0.0419322
0.0418355
0.0417387
0.0416419
0.041545
0.0414481
0.0413511
0.0412541
0.0411571
0.04106
0.0409628
0.0408656
0.0407684
0.0406711
0.0405738
0.0404764
0.040379
0.0402816
0.0401841
0.0400865
0.0399889
0.0398913
0.0397936
0.0396959
0.0395981
0.0395003
0.0394025
0.0393046
0.0392067
0.0391087
0.0390107
0.0389126
0.0388145
0.0387163
0.0386181
0.0385199
0.0384216
0.0383233
0.0382249
0.0381265
0.0380281
0.0379296
0.0378311
0.0377325
0.0376339
0.0375352
0.0374365
0.0373378
0.037239
0.0371402
0.0370414
0.0369425
0.0368435
0.0367445
0.0366455
0.0365465
0.0364474
0.0363482
0.0362491
0.0361498
0.0360506
0.0359513
0.0358519
0.0357526
0.0356531
0.0355537
0.0354542
0.0353547
0.0352551
0.0351555
0.0350558
0.0349561
0.0348564
0.0347567
0.0346568
0.034557
0.0344571
0.0343572
0.0342573
0.0341573
0.0340572
0.0339572
0.0338571
0.0337569
0.0336568
0.0335565
0.0334563
0.033356
0.0332557
0.0331553
0.0330549
0.0329545
0.032854
0.0327535
0.032653
0.0325524
0.0324518
0.0323511
0.0322504
0.0321497
0.032049
0.0319482
0.0318474
0.0317465
0.0316456
0.0315447
0.0314437
0.0313427
0.0312417
0.0311406
0.0310395
0.0309384
0.0308372
0.030736
0.0306348
0.0305335
0.0304322
0.0303308
0.0302295
0.0301281
0.0300266
0.0299252
0.0298237
0.0297221
0.0296206
0.029519
0.0294173
0.0293157
0.029214
0.0291122
0.0290105
0.0289087
0.0288069
0.028705
0.0286031
0.0285012
0.0283992
0.0282973
0.0281953
0.0280932
0.0279911
0.027889
0.0277869
0.0276847
0.0275825
0.0274803
0.0273781
0.0272758
0.0271734
0.0270711
0.0269687
0.0268663
0.0267639
0.0266614
0.0265589
0.0264564
0.0263539
0.0262513
0.0261487
0.026046
0.0259434
0.0258407
0.0257379
0.0256352
0.0255324
0.0254296
0.0253268
0.0252239
0.025121
0.0250181
0.0249151
0.0248122
0.0247092
0.0246061
0.0245031
0.0244
0.0242969
0.0241938
0.0240906
0.0239874
0.0238842
0.023781
0.0236777
0.0235744
0.0234711
0.0233677
0.0232644
0.023161
0.0230576
0.0229541
0.0228506
0.0227471
0.0226436
0.0225401
0.0224365
0.0223329
0.0222293
0.0221256
0.022022
0.0219183
0.0218146
0.0217108
0.0216071
0.0215033
0.0213995
0.0212956
0.0211918
0.0210879
0.020984
0.0208801
0.0207761
0.0206721
0.0205681
0.0204641
0.0203601
0.020256
0.0201519
0.0200478
0.0199437
0.0198395
0.0197354
0.0196312
0.0195269
0.0194227
0.0193185
0.0192142
0.0191099
0.0190055
0.0189012
0.0187968
0.0186925
0.0185881
0.0184836
0.0183792
0.0182747
0.0181702
0.0180657
0.0179612
0.0178567
0.0177521
0.0176475
0.0175429
0.0174383
0.0173336
0.017229
0.0171243
0.0170196
0.0169149
0.0168101
0.0167054
0.0166006
0.0164958
0.016391
0.0162862
0.0161813
0.0160765
0.0159716
0.0158667
0.0157618
0.0156569
0.0155519
0.0154469
0.0153419
0.0152369
0.0151319
0.0150269
0.0149218
0.0148168
0.0147117
0.0146066
0.0145015
0.0143964
0.0142912
0.014186
0.0140809
0.0139757
0.0138705
0.0137652
0.01366
0.0135547
0.0134495
0.0133442
0.0132389
0.0131336
0.0130283
0.0129229
0.0128176
0.0127122
0.0126068
0.0125014
0.012396
0.0122906
0.0121851
0.0120797
0.0119742
0.0118687
0.0117632
0.0116577
0.0115522
0.0114467
0.0113412
0.0112356
0.01113
0.0110245
0.0109189
0.0108133
0.0107076
0.010602
0.0104964
0.0103907
0.0102851
0.0101794
0.0100737
0.00996802
0.00986232
0.0097566
0.00965087
0.00954514
0.00943939
0.00933363
0.00922786
0.00912208
0.00901629
0.00891049
0.00880469
0.00869887
0.00859304
0.0084872
0.00838136
0.0082755
0.00816964
0.00806376
0.00795788
0.00785199
0.00774609
0.00764018
0.00753426
0.00742834
0.00732241
0.00721647
0.00711052
0.00700456
0.0068986
0.00679262
0.00668664
0.00658066
0.00647466
0.00636866
0.00626265
0.00615664
0.00605062
0.00594459
0.00583855
0.00573251
0.00562646
0.00552041
0.00541435
0.00530829
0.00520221
0.00509614
0.00499005
0.00488397
0.00477787
0.00467177
0.00456567
0.00445956
0.00435345
0.00424733
0.0041412
0.00403508
0.00392894
0.00382281
0.00371667
0.00361052
0.00350437
0.00339822
0.00329206
0.0031859
0.00307974
0.00297357
0.0028674
0.00276123
0.00265505
0.00254887
0.00244269
0.00233651
0.00223032
0.00212413
0.00201794
0.00191174
0.00180555
0.00169935
0.00159315
0.00148695
0.00138074
0.00127454
0.00116833
0.00106212
0.000955914
0.000849704
0.000743493
0.000637281
0.000531069
0.000424856
0.000318642
0.000212428
0.000106214
0.
************************************************************************************************************************
***             WIDEN YOUR WINDOW TO 120 CHARACTERS.  Use 'enscript -r -fCourier9' to print this document            ***
************************************************************************************************************************

---------------------------------------------- PETSc Performance Summary: ----------------------------------------------

./explicit_no.out on a  named r01n21 with 4 processors, by mae-wenlw Thu Jun  9 00:26:30 2022
Using Petsc Release Version 3.16.6, Mar 30, 2022 

                         Max       Max/Min     Avg       Total
Time (sec):           1.806e+02     1.000   1.806e+02
Objects:              1.400e+01     1.000   1.400e+01
Flop:                 1.013e+11     1.001   1.012e+11  4.049e+11
Flop/sec:             5.608e+08     1.001   5.606e+08  2.242e+09
MPI Messages:         4.500e+07     2.000   3.375e+07  1.350e+08
MPI Message Lengths:  3.601e+08     2.000   8.002e+00  1.080e+09
MPI Reductions:       3.400e+01     1.000

Flop counting convention: 1 flop = 1 real number operation of type (multiply/divide/add/subtract)
                            e.g., VecAXPY() for real vectors of length N --> 2N flop
                            and VecAXPY() for complex vectors of length N --> 8N flop

Summary of Stages:   ----- Time ------  ----- Flop ------  --- Messages ---  -- Message Lengths --  -- Reductions --
                        Avg     %Total     Avg     %Total    Count   %Total     Avg         %Total    Count   %Total
 0:      Main Stage: 1.8056e+02 100.0%  4.0487e+11 100.0%  1.350e+08 100.0%  8.002e+00      100.0%  1.600e+01  47.1%

------------------------------------------------------------------------------------------------------------------------
See the 'Profiling' chapter of the users' manual for details on interpreting output.
Phase summary info:
   Count: number of times phase was executed
   Time and Flop: Max - maximum over all processors
                  Ratio - ratio of maximum to minimum over all processors
   Mess: number of messages sent
   AvgLen: average message length (bytes)
   Reduct: number of global reductions
   Global: entire computation
   Stage: stages of a computation. Set stages with PetscLogStagePush() and PetscLogStagePop().
      %T - percent time in this phase         %F - percent flop in this phase
      %M - percent messages in this phase     %L - percent message lengths in this phase
      %R - percent reductions in this phase
   Total Mflop/s: 10e-6 * (sum of flop over all processors)/(max time over all processors)
------------------------------------------------------------------------------------------------------------------------
Event                Count      Time (sec)     Flop                              --- Global ---  --- Stage ----  Total
                   Max Ratio  Max     Ratio   Max  Ratio  Mess   AvgLen  Reduct  %T %F %M %L %R  %T %F %M %L %R Mflop/s
------------------------------------------------------------------------------------------------------------------------

--- Event Stage 0: Main Stage

BuildTwoSided          4 1.0 2.8634e-02 1.2 0.00e+00 0.0 3.0e+01 1.0e+01 4.0e+00  0  0  0  0 12   0  0  0  0 25     0
BuildTwoSidedF         3 1.0 3.5808e-02 1.2 0.00e+00 0.0 7.2e+01 3.0e+03 3.0e+00  0  0  0  0  9   0  0  0  0 19     0
VecView                1 1.0 9.0890e-03118.0 0.00e+00 0.0 3.0e+00 6.0e+03 0.0e+00  0  0  0  0  0   0  0  0  0  0     0
VecCopy          22500003 1.0 6.0054e+00 1.1 0.00e+00 0.0 0.0e+00 0.0e+00 0.0e+00  3  0  0  0  0   3  0  0  0  0     0
VecSet                 1 1.0 7.1526e-06 1.2 0.00e+00 0.0 0.0e+00 0.0e+00 0.0e+00  0  0  0  0  0   0  0  0  0  0     0
VecAssemblyBegin       2 1.0 2.4135e-02 1.5 0.00e+00 0.0 7.2e+01 3.0e+03 2.0e+00  0  0  0  0  6   0  0  0  0 12     0
VecAssemblyEnd         2 1.0 3.0422e-03 4.2 0.00e+00 0.0 0.0e+00 0.0e+00 0.0e+00  0  0  0  0  0   0  0  0  0  0     0
VecScatterBegin  22500002 1.0 3.3049e+01 1.8 0.00e+00 0.0 1.4e+08 8.0e+00 1.0e+00 14  0100100  3  14  0100100  6     0
VecScatterEnd    22500002 1.0 4.6768e+01 1.6 0.00e+00 0.0 0.0e+00 0.0e+00 0.0e+00 21  0  0  0  0  21  0  0  0  0     0
MatMultAdd       22500002 1.0 1.7139e+02 1.0 1.01e+11 1.0 1.4e+08 8.0e+00 1.0e+00 95100100100  3  95100100100  6  2362
MatAssemblyBegin       1 1.0 1.3773e-02 1.2 0.00e+00 0.0 0.0e+00 0.0e+00 1.0e+00  0  0  0  0  3   0  0  0  0  6     0
MatAssemblyEnd         1 1.0 4.9687e-02 1.1 0.00e+00 0.0 0.0e+00 0.0e+00 5.0e+00  0  0  0  0 15   0  0  0  0 31     0
SFSetGraph             1 1.0 9.5367e-07 0.0 0.00e+00 0.0 0.0e+00 0.0e+00 0.0e+00  0  0  0  0  0   0  0  0  0  0     0
SFSetUp                1 1.0 1.8370e-03 2.7 0.00e+00 0.0 1.2e+01 4.0e+00 1.0e+00  0  0  0  0  3   0  0  0  0  6     0
SFPack           22500002 1.0 3.1480e+00 1.3 0.00e+00 0.0 0.0e+00 0.0e+00 0.0e+00  2  0  0  0  0   2  0  0  0  0     0
SFUnpack         22500002 1.0 1.4236e+00 1.0 0.00e+00 0.0 0.0e+00 0.0e+00 0.0e+00  1  0  0  0  0   1  0  0  0  0     0
------------------------------------------------------------------------------------------------------------------------

Memory usage is given in bytes:

Object Type          Creations   Destructions     Memory  Descendants' Mem.
Reports information only for process 0.

--- Event Stage 0: Main Stage

              Vector     6              6        34424     0.
              Matrix     3              3       129804     0.
           Index Set     2              2         1788     0.
   Star Forest Graph     1              1         1200     0.
              Viewer     2              1          840     0.
========================================================================================================================
Average time to get PetscTime(): 0.
Average time for MPI_Barrier(): 6.19888e-07
Average time for zero size MPI_Send(): 1.44839e-05
#PETSc Option Table entries:
-log_view
-n 3000
#End of PETSc Option Table entries
Compiled without FORTRAN kernels
Compiled with full precision matrices (default)
sizeof(short) 2 sizeof(int) 4 sizeof(long) 8 sizeof(void*) 8 sizeof(PetscScalar) 8 sizeof(PetscInt) 4
Configure options: --with-mpi-dir=/share/intel/2018u4/compilers_and_libraries_2018.5.274/linux/mpi/intel64 --with-blaslapack-dir=/share/intel/2018u4/compilers_and_libraries_2018.5.274/linux/mkl --with-scalapack-include=/share/intel/2018u4/compilers_and_libraries_2018.5.274/linux/mkl/include --with-scalapack-lib="-L/share/intel/2018u4/compilers_and_libraries_2018.5.274/linux/mkl/lib/intel64 -lmkl_blacs_intelmpi_lp64 -lmkl_scalapack_lp64" --with-debugging=no --prefix=/work/mae-wenlw/lib/petsc-3.16.6 --download-hdf5 =/work/mae-wenlw/HPC/petsc-3.16.6-package/hdf5-1.12.1.tar.gz --download-hypre=/work/mae-wenlw/HPC/petsc-3.16.6-package/hypre-2.23.0.tar.gz --download-mumps=/work/mae-wenlw/HPC/petsc-3.16.6-package/petsc-pkg-mumps-6d1470374d32.tar.gz --download-metis=/work/mae-wenlw/HPC/petsc-3.16.6-package/petsc-pkg-metis-c8d2dc1e751e.tar.gz COPTFLAGS="-O3 -march=native -mtune=native" CXXOPTFLAGS="-O3 -march=native -mtune=native" FOPTFLAGS="-O3 -march=native -mtune=native"
-----------------------------------------
Libraries compiled on 2022-06-02 13:42:17 on login03 
Machine characteristics: Linux-3.10.0-862.el7.x86_64-x86_64-with-redhat-7.5-Maipo
Using PETSc directory: /work/mae-wenlw/lib/petsc-3.16.6
Using PETSc arch: 
-----------------------------------------

Using C compiler: /share/intel/2018u4/compilers_and_libraries_2018.5.274/linux/mpi/intel64/bin/mpiicc  -fPIC -wd1572 -Wno-unknown-pragmas -O3 -march=native -mtune=native  -std=c99 
Using Fortran compiler: /share/intel/2018u4/compilers_and_libraries_2018.5.274/linux/mpi/intel64/bin/mpiifort  -fPIC -O3 -march=native -mtune=native     -std=c99
-----------------------------------------

Using include paths: -I/work/mae-wenlw/lib/petsc-3.16.6/include -I/share/intel/2018u4/compilers_and_libraries_2018.5.274/linux/mpi/intel64/include
-----------------------------------------

Using C linker: /share/intel/2018u4/compilers_and_libraries_2018.5.274/linux/mpi/intel64/bin/mpiicc
Using Fortran linker: /share/intel/2018u4/compilers_and_libraries_2018.5.274/linux/mpi/intel64/bin/mpiifort
Using libraries: -Wl,-rpath,/work/mae-wenlw/lib/petsc-3.16.6/lib -L/work/mae-wenlw/lib/petsc-3.16.6/lib -lpetsc -Wl,-rpath,/work/mae-wenlw/lib/petsc-3.16.6/lib -L/work/mae-wenlw/lib/petsc-3.16.6/lib -L/share/intel/2018u4/compilers_and_libraries_2018.5.274/linux/mkl/lib/intel64 -Wl,-rpath,/share/intel/2018u4/compilers_and_libraries_2018.5.274/linux/mkl/lib/intel64 -Wl,-rpath,/share/intel/2018u4/compilers_and_libraries_2018.5.274/linux/mpi/intel64/lib/release_mt -L/share/intel/2018u4/compilers_and_libraries_2018.5.274/linux/mpi/intel64/lib/release_mt -Wl,-rpath,/share/intel/2018u4/compilers_and_libraries_2018.5.274/linux/mpi/intel64/lib -L/share/intel/2018u4/compilers_and_libraries_2018.5.274/linux/mpi/intel64/lib -Wl,-rpath,/work/mae-wenlw/lib/hdf5-1.12.1/lib -L/work/mae-wenlw/lib/hdf5-1.12.1/lib -Wl,-rpath,/share/intel/2018u4/compilers_and_libraries_2018.5.274/linux/tbb/lib/intel64_lin/gcc4.4 -L/share/intel/2018u4/compilers_and_libraries_2018.5.274/linux/tbb/lib/intel64_lin/gcc4.4 -Wl,-rpath,/share/intel/2018u4/compilers_and_libraries_2018.5.274/linux/daal/lib/intel64_lin -L/share/intel/2018u4/compilers_and_libraries_2018.5.274/linux/daal/lib/intel64_lin -Wl,-rpath,/share/intel/2018u4/compilers_and_libraries_2018.5.274/linux/tbb/lib/intel64/gcc4.4 -L/share/intel/2018u4/compilers_and_libraries_2018.5.274/linux/tbb/lib/intel64/gcc4.4 -Wl,-rpath,/share/intel/2018u4/compilers_and_libraries_2018.5.274/linux/compiler/lib/intel64 -L/share/intel/2018u4/compilers_and_libraries_2018.5.274/linux/compiler/lib/intel64 -Wl,-rpath,/share/intel/2018u4/compilers_and_libraries_2018.5.274/linux/ipp/lib/intel64 -L/share/intel/2018u4/compilers_and_libraries_2018.5.274/linux/ipp/lib/intel64 -Wl,-rpath,/share/intel/2018u4/compilers_and_libraries_2018.5.274/linux/compiler/lib/intel64_lin -L/share/intel/2018u4/compilers_and_libraries_2018.5.274/linux/compiler/lib/intel64_lin -Wl,-rpath,/usr/lib/gcc/x86_64-redhat-linux/4.8.5 -L/usr/lib/gcc/x86_64-redhat-linux/4.8.5 -Wl,-rpath,/opt/intel/mpi-rt/2017.0.0/intel64/lib/release_mt -Wl,-rpath,/opt/intel/mpi-rt/2017.0.0/intel64/lib -lHYPRE -lcmumps -ldmumps -lsmumps -lzmumps -lmumps_common -lpord -lmkl_blacs_intelmpi_lp64 -lmkl_scalapack_lp64 -lmkl_intel_lp64 -lmkl_core -lmkl_sequential -lpthread -lhdf5_hl -lhdf5 -lmetis -lX11 -lstdc++ -ldl -lmpifort -lmpi -lmpigi -lrt -lpthread -lifport -lifcoremt_pic -limf -lsvml -lm -lipgo -lirc -lgcc_s -lirc_s -lquadmath -lstdc++ -ldl
-----------------------------------------

