dx= 0.0002 dt = 2e-08 its 50000002 CFL 0.5
Mat time cost = 0.001474 s
iteration time cost = 1644.971653 s
Vec Object: u_numeracal 1 MPI processes
  type: seq
0.
6.37285e-05
0.000127457
0.000191185
0.000254914
0.000318642
0.00038237
0.000446098
0.000509826
0.000573554
0.000637281
0.000701008
0.000764735
0.000828462
0.000892188
0.000955914
0.00101964
0.00108336
0.00114709
0.00121081
0.00127454
0.00133826
0.00140198
0.00146571
0.00152943
0.00159315
0.00165687
0.00172059
0.00178431
0.00184803
0.00191174
0.00197546
0.00203918
0.00210289
0.00216661
0.00223032
0.00229403
0.00235774
0.00242145
0.00248516
0.00254887
0.00261258
0.00267629
0.00273999
0.0028037
0.0028674
0.0029311
0.00299481
0.00305851
0.00312221
0.0031859
0.0032496
0.00331329
0.00337699
0.00344068
0.00350437
0.00356806
0.00363175
0.00369544
0.00375912
0.00382281
0.00388649
0.00395017
0.00401385
0.00407753
0.0041412
0.00420488
0.00426855
0.00433222
0.00439589
0.00445956
0.00452323
0.00458689
0.00465055
0.00471421
0.00477787
0.00484153
0.00490518
0.00496884
0.00503249
0.00509614
0.00515978
0.00522343
0.00528707
0.00535071
0.00541435
0.00547799
0.00554162
0.00560525
0.00566888
0.00573251
0.00579614
0.00585976
0.00592338
0.005987
0.00605062
0.00611423
0.00617784
0.00624145
0.00630506
0.00636866
0.00643226
0.00649586
0.00655946
0.00662305
0.00668664
0.00675023
0.00681382
0.0068774
0.00694098
0.00700456
0.00706813
0.00713171
0.00719528
0.00725884
0.00732241
0.00738597
0.00744952
0.00751308
0.00757663
0.00764018
0.00770373
0.00776727
0.00783081
0.00789435
0.00795788
0.00802141
0.00808494
0.00814846
0.00821198
0.0082755
0.00833901
0.00840253
0.00846603
0.00852954
0.00859304
0.00865654
0.00872003
0.00878352
0.00884701
0.00891049
0.00897397
0.00903745
0.00910092
0.00916439
0.00922786
0.00929132
0.00935478
0.00941824
0.00948169
0.00954513
0.00960858
0.00967202
0.00973546
0.00979889
0.00986232
0.00992574
0.00998916
0.0100526
0.010116
0.0101794
0.0102428
0.0103062
0.0103696
0.010433
0.0104964
0.0105598
0.0106231
0.0106865
0.0107499
0.0108133
0.0108766
0.01094
0.0110033
0.0110667
0.01113
0.0111934
0.0112567
0.01132
0.0113834
0.0114467
0.01151
0.0115733
0.0116366
0.0116999
0.0117632
0.0118265
0.0118898
0.0119531
0.0120164
0.0120797
0.012143
0.0122062
0.0122695
0.0123327
0.012396
0.0124592
0.0125225
0.0125857
0.012649
0.0127122
0.0127754
0.0128386
0.0129018
0.0129651
0.0130283
0.0130915
0.0131546
0.0132178
0.013281
0.0133442
0.0134074
0.0134705
0.0135337
0.0135968
0.01366
0.0137231
0.0137863
0.0138494
0.0139125
0.0139757
0.0140388
0.0141019
0.014165
0.0142281
0.0142912
0.0143543
0.0144174
0.0144805
0.0145435
0.0146066
0.0146697
0.0147327
0.0147958
0.0148588
0.0149218
0.0149849
0.0150479
0.0151109
0.0151739
0.0152369
0.0153
0.0153629
0.0154259
0.0154889
0.0155519
0.0156149
0.0156778
0.0157408
0.0158037
0.0158667
0.0159296
0.0159926
0.0160555
0.0161184
0.0161813
0.0162442
0.0163071
0.01637
0.0164329
0.0164958
0.0165587
0.0166216
0.0166844
0.0167473
0.0168101
0.016873
0.0169358
0.0169986
0.0170615
0.0171243
0.0171871
0.0172499
0.0173127
0.0173755
0.0174383
0.017501
0.0175638
0.0176266
0.0176893
0.0177521
0.0178148
0.0178776
0.0179403
0.018003
0.0180657
0.0181284
0.0181911
0.0182538
0.0183165
0.0183792
0.0184418
0.0185045
0.0185672
0.0186298
0.0186925
0.0187551
0.0188177
0.0188803
0.0189429
0.0190055
0.0190681
0.0191307
0.0191933
0.0192559
0.0193185
0.019381
0.0194436
0.0195061
0.0195686
0.0196312
0.0196937
0.0197562
0.0198187
0.0198812
0.0199437
0.0200062
0.0200686
0.0201311
0.0201936
0.020256
0.0203184
0.0203809
0.0204433
0.0205057
0.0205681
0.0206305
0.0206929
0.0207553
0.0208177
0.0208801
0.0209424
0.0210048
0.0210671
0.0211294
0.0211918
0.0212541
0.0213164
0.0213787
0.021441
0.0215033
0.0215655
0.0216278
0.0216901
0.0217523
0.0218146
0.0218768
0.021939
0.0220012
0.0220634
0.0221256
0.0221878
0.02225
0.0223122
0.0223743
0.0224365
0.0224986
0.0225608
0.0226229
0.022685
0.0227471
0.0228092
0.0228713
0.0229334
0.0229955
0.0230575
0.0231196
0.0231817
0.0232437
0.0233057
0.0233677
0.0234297
0.0234917
0.0235537
0.0236157
0.0236777
0.0237397
0.0238016
0.0238636
0.0239255
0.0239874
0.0240493
0.0241112
0.0241731
0.024235
0.0242969
0.0243588
0.0244206
0.0244825
0.0245443
0.0246061
0.024668
0.0247298
0.0247916
0.0248534
0.0249151
0.0249769
0.0250387
0.0251004
0.0251622
0.0252239
0.0252856
0.0253473
0.025409
0.0254707
0.0255324
0.0255941
0.0256557
0.0257174
0.025779
0.0258407
0.0259023
0.0259639
0.0260255
0.0260871
0.0261487
0.0262102
0.0262718
0.0263333
0.0263949
0.0264564
0.0265179
0.0265794
0.0266409
0.0267024
0.0267639
0.0268253
0.0268868
0.0269482
0.0270097
0.0270711
0.0271325
0.0271939
0.0272553
0.0273167
0.027378
0.0274394
0.0275008
0.0275621
0.0276234
0.0276847
0.027746
0.0278073
0.0278686
0.0279299
0.0279911
0.0280524
0.0281136
0.0281748
0.0282361
0.0282973
0.0283585
0.0284196
0.0284808
0.028542
0.0286031
0.0286643
0.0287254
0.0287865
0.0288476
0.0289087
0.0289698
0.0290308
0.0290919
0.0291529
0.029214
0.029275
0.029336
0.029397
0.029458
0.029519
0.0295799
0.0296409
0.0297018
0.0297627
0.0298237
0.0298846
0.0299455
0.0300063
0.0300672
0.0301281
0.0301889
0.0302498
0.0303106
0.0303714
0.0304322
0.030493
0.0305537
0.0306145
0.0306753
0.030736
0.0307967
0.0308574
0.0309181
0.0309788
0.0310395
0.0311002
0.0311608
0.0312215
0.0312821
0.0313427
0.0314033
0.0314639
0.0315245
0.031585
0.0316456
0.0317061
0.0317667
0.0318272
0.0318877
0.0319482
0.0320087
0.0320691
0.0321296
0.03219
0.0322504
0.0323109
0.0323713
0.0324316
0.032492
0.0325524
0.0326127
0.0326731
0.0327334
0.0327937
0.032854
0.0329143
0.0329746
0.0330348
0.0330951
0.0331553
0.0332155
0.0332757
0.0333359
0.0333961
0.0334563
0.0335164
0.0335766
0.0336367
0.0336968
0.0337569
0.033817
0.0338771
0.0339372
0.0339972
0.0340572
0.0341173
0.0341773
0.0342373
0.0342972
0.0343572
0.0344172
0.0344771
0.034537
0.0345969
0.0346568
0.0347167
0.0347766
0.0348365
0.0348963
0.0349561
0.035016
0.0350758
0.0351355
0.0351953
0.0352551
0.0353148
0.0353746
0.0354343
0.035494
0.0355537
0.0356134
0.035673
0.0357327
0.0357923
0.0358519
0.0359115
0.0359711
0.0360307
0.0360903
0.0361498
0.0362094
0.0362689
0.0363284
0.0363879
0.0364474
0.0365068
0.0365663
0.0366257
0.0366851
0.0367445
0.0368039
0.0368633
0.0369227
0.036982
0.0370414
0.0371007
0.03716
0.0372193
0.0372786
0.0373378
0.0373971
0.0374563
0.0375155
0.0375747
0.0376339
0.0376931
0.0377522
0.0378114
0.0378705
0.0379296
0.0379887
0.0380478
0.0381069
0.0381659
0.0382249
0.038284
0.038343
0.038402
0.0384609
0.0385199
0.0385788
0.0386378
0.0386967
0.0387556
0.0388145
0.0388733
0.0389322
0.038991
0.0390499
0.0391087
0.0391675
0.0392262
0.039285
0.0393438
0.0394025
0.0394612
0.0395199
0.0395786
0.0396373
0.0396959
0.0397545
0.0398132
0.0398718
0.0399304
0.0399889
0.0400475
0.040106
0.0401646
0.0402231
0.0402816
0.04034
0.0403985
0.040457
0.0405154
0.0405738
0.0406322
0.0406906
0.040749
0.0408073
0.0408656
0.040924
0.0409823
0.0410405
0.0410988
0.0411571
0.0412153
0.0412735
0.0413317
0.0413899
0.0414481
0.0415063
0.0415644
0.0416225
0.0416806
0.0417387
0.0417968
0.0418548
0.0419129
0.0419709
0.0420289
0.0420869
0.0421449
0.0422028
0.0422608
0.0423187
0.0423766
0.0424345
0.0424924
0.0425502
0.0426081
0.0426659
0.0427237
0.0427815
0.0428393
0.042897
0.0429548
0.0430125
0.0430702
0.0431279
0.0431856
0.0432432
0.0433009
0.0433585
0.0434161
0.0434737
0.0435312
0.0435888
0.0436463
0.0437038
0.0437613
0.0438188
0.0438763
0.0439337
0.0439912
0.0440486
0.044106
0.0441634
0.0442207
0.0442781
0.0443354
0.0443927
0.04445
0.0445073
0.0445645
0.0446218
0.044679
0.0447362
0.0447934
0.0448505
0.0449077
0.0449648
0.0450219
0.045079
0.0451361
0.0451932
0.0452502
0.0453072
0.0453643
0.0454212
0.0454782
0.0455352
0.0455921
0.045649
0.0457059
0.0457628
0.0458197
0.0458765
0.0459333
0.0459902
0.0460469
0.0461037
0.0461605
0.0462172
0.0462739
0.0463306
0.0463873
0.046444
0.0465006
0.0465573
0.0466139
0.0466705
0.046727
0.0467836
0.0468401
0.0468966
0.0469531
0.0470096
0.0470661
0.0471225
0.0471789
0.0472353
0.0472917
0.0473481
0.0474044
0.0474608
0.0475171
0.0475734
0.0476297
0.0476859
0.0477421
0.0477984
0.0478546
0.0479107
0.0479669
0.048023
0.0480792
0.0481353
0.0481914
0.0482474
0.0483035
0.0483595
0.0484155
0.0484715
0.0485275
0.0485834
0.0486393
0.0486953
0.0487512
0.048807
0.0488629
0.0489187
0.0489745
0.0490303
0.0490861
0.0491419
0.0491976
0.0492533
0.049309
0.0493647
0.0494204
0.049476
0.0495316
0.0495872
0.0496428
0.0496984
0.0497539
0.0498095
0.049865
0.0499204
0.0499759
0.0500314
0.0500868
0.0501422
0.0501976
0.0502529
0.0503083
0.0503636
0.0504189
0.0504742
0.0505295
0.0505847
0.05064
0.0506952
0.0507503
0.0508055
0.0508607
0.0509158
0.0509709
0.051026
0.051081
0.0511361
0.0511911
0.0512461
0.0513011
0.0513561
0.051411
0.051466
0.0515209
0.0515757
0.0516306
0.0516854
0.0517403
0.0517951
0.0518499
0.0519046
0.0519594
0.0520141
0.0520688
0.0521235
0.0521781
0.0522328
0.0522874
0.052342
0.0523965
0.0524511
0.0525056
0.0525602
0.0526146
0.0526691
0.0527236
0.052778
0.0528324
0.0528868
0.0529412
0.0529955
0.0530499
0.0531042
0.0531584
0.0532127
0.0532669
0.0533212
0.0533754
0.0534296
0.0534837
0.0535378
0.053592
0.0536461
0.0537001
0.0537542
0.0538082
0.0538622
0.0539162
0.0539702
0.0540241
0.0540781
0.054132
0.0541858
0.0542397
0.0542935
0.0543474
0.0544012
0.0544549
0.0545087
0.0545624
0.0546161
0.0546698
0.0547235
0.0547771
0.0548308
0.0548844
0.054938
0.0549915
0.055045
0.0550986
0.0551521
0.0552055
0.055259
0.0553124
0.0553658
0.0554192
0.0554726
0.0555259
0.0555792
0.0556325
0.0556858
0.0557391
0.0557923
0.0558455
0.0558987
0.0559519
0.056005
0.0560581
0.0561112
0.0561643
0.0562173
0.0562704
0.0563234
0.0563764
0.0564293
0.0564823
0.0565352
0.0565881
0.056641
0.0566938
0.0567467
0.0567995
0.0568523
0.056905
0.0569578
0.0570105
0.0570632
0.0571159
0.0571685
0.0572212
0.0572738
0.0573263
0.0573789
0.0574314
0.057484
0.0575365
0.0575889
0.0576414
0.0576938
0.0577462
0.0577986
0.0578509
0.0579033
0.0579556
0.0580079
0.0580601
0.0581124
0.0581646
0.0582168
0.058269
0.0583211
0.0583733
0.0584254
0.0584774
0.0585295
0.0585815
0.0586335
0.0586855
0.0587375
0.0587894
0.0588414
0.0588933
0.0589451
0.058997
0.0590488
0.0591006
0.0591524
0.0592042
0.0592559
0.0593076
0.0593593
0.0594109
0.0594626
0.0595142
0.0595658
0.0596174
0.0596689
0.0597204
0.0597719
0.0598234
0.0598749
0.0599263
0.0599777
0.0600291
0.0600804
0.0601318
0.0601831
0.0602344
0.0602856
0.0603369
0.0603881
0.0604393
0.0604904
0.0605416
0.0605927
0.0606438
0.0606948
0.0607459
0.0607969
0.0608479
0.0608989
0.0609498
0.0610008
0.0610517
0.0611026
0.0611534
0.0612042
0.061255
0.0613058
0.0613566
0.0614073
0.061458
0.0615087
0.0615594
0.06161
0.0616606
0.0617112
0.0617618
0.0618123
0.0618628
0.0619133
0.0619638
0.0620142
0.0620646
0.062115
0.0621654
0.0622157
0.0622661
0.0623164
0.0623666
0.0624169
0.0624671
0.0625173
0.0625675
0.0626176
0.0626677
0.0627178
0.0627679
0.0628179
0.062868
0.062918
0.0629679
0.0630179
0.0630678
0.0631177
0.0631676
0.0632174
0.0632672
0.063317
0.0633668
0.0634166
0.0634663
0.063516
0.0635657
0.0636153
0.0636649
0.0637145
0.0637641
0.0638136
0.0638632
0.0639127
0.0639621
0.0640116
0.064061
0.0641104
0.0641598
0.0642091
0.0642584
0.0643077
0.064357
0.0644062
0.0644555
0.0645047
0.0645538
0.064603
0.0646521
0.0647012
0.0647502
0.0647993
0.0648483
0.0648973
0.0649462
0.0649952
0.0650441
0.065093
0.0651418
0.0651907
0.0652395
0.0652883
0.065337
0.0653858
0.0654345
0.0654831
0.0655318
0.0655804
0.065629
0.0656776
0.0657261
0.0657747
0.0658232
0.0658716
0.0659201
0.0659685
0.0660169
0.0660653
0.0661136
0.0661619
0.0662102
0.0662585
0.0663067
0.0663549
0.0664031
0.0664513
0.0664994
0.0665475
0.0665956
0.0666437
0.0666917
0.0667397
0.0667877
0.0668356
0.0668835
0.0669314
0.0669793
0.0670271
0.067075
0.0671227
0.0671705
0.0672182
0.067266
0.0673136
0.0673613
0.0674089
0.0674565
0.0675041
0.0675517
0.0675992
0.0676467
0.0676942
0.0677416
0.067789
0.0678364
0.0678838
0.0679311
0.0679784
0.0680257
0.068073
0.0681202
0.0681674
0.0682146
0.0682617
0.0683088
0.0683559
0.068403
0.06845
0.0684971
0.068544
0.068591
0.0686379
0.0686848
0.0687317
0.0687786
0.0688254
0.0688722
0.068919
0.0689657
0.0690124
0.0690591
0.0691058
0.0691524
0.069199
0.0692456
0.0692921
0.0693387
0.0693852
0.0694316
0.0694781
0.0695245
0.0695709
0.0696172
0.0696636
0.0697099
0.0697562
0.0698024
0.0698486
0.0698948
0.069941
0.0699871
0.0700332
0.0700793
0.0701254
0.0701714
0.0702174
0.0702634
0.0703093
0.0703553
0.0704011
0.070447
0.0704928
0.0705387
0.0705844
0.0706302
0.0706759
0.0707216
0.0707673
0.0708129
0.0708585
0.0709041
0.0709497
0.0709952
0.0710407
0.0710862
0.0711316
0.071177
0.0712224
0.0712678
0.0713131
0.0713584
0.0714037
0.0714489
0.0714941
0.0715393
0.0715845
0.0716296
0.0716747
0.0717198
0.0717649
0.0718099
0.0718549
0.0718998
0.0719448
0.0719897
0.0720345
0.0720794
0.0721242
0.072169
0.0722138
0.0722585
0.0723032
0.0723479
0.0723926
0.0724372
0.0724818
0.0725263
0.0725709
0.0726154
0.0726599
0.0727043
0.0727487
0.0727931
0.0728375
0.0728818
0.0729261
0.0729704
0.0730146
0.0730589
0.0731031
0.0731472
0.0731914
0.0732355
0.0732795
0.0733236
0.0733676
0.0734116
0.0734555
0.0734995
0.0735434
0.0735873
0.0736311
0.0736749
0.0737187
0.0737625
0.0738062
0.0738499
0.0738935
0.0739372
0.0739808
0.0740244
0.0740679
0.0741115
0.0741549
0.0741984
0.0742418
0.0742853
0.0743286
0.074372
0.0744153
0.0744586
0.0745018
0.0745451
0.0745883
0.0746314
0.0746746
0.0747177
0.0747608
0.0748038
0.0748469
0.0748898
0.0749328
0.0749757
0.0750187
0.0750615
0.0751044
0.0751472
0.07519
0.0752327
0.0752755
0.0753182
0.0753608
0.0754035
0.0754461
0.0754886
0.0755312
0.0755737
0.0756162
0.0756587
0.0757011
0.0757435
0.0757859
0.0758282
0.0758705
0.0759128
0.075955
0.0759973
0.0760394
0.0760816
0.0761237
0.0761658
0.0762079
0.0762499
0.076292
0.0763339
0.0763759
0.0764178
0.0764597
0.0765015
0.0765434
0.0765852
0.0766269
0.0766687
0.0767104
0.0767521
0.0767937
0.0768353
0.0768769
0.0769185
0.07696
0.0770015
0.0770429
0.0770844
0.0771258
0.0771672
0.0772085
0.0772498
0.0772911
0.0773323
0.0773736
0.0774148
0.0774559
0.077497
0.0775381
0.0775792
0.0776202
0.0776613
0.0777022
0.0777432
0.0777841
0.077825
0.0778658
0.0779067
0.0779474
0.0779882
0.0780289
0.0780696
0.0781103
0.0781509
0.0781915
0.0782321
0.0782727
0.0783132
0.0783537
0.0783941
0.0784345
0.0784749
0.0785153
0.0785556
0.0785959
0.0786362
0.0786764
0.0787166
0.0787568
0.0787969
0.078837
0.0788771
0.0789172
0.0789572
0.0789972
0.0790371
0.0790771
0.0791169
0.0791568
0.0791966
0.0792364
0.0792762
0.0793159
0.0793556
0.0793953
0.079435
0.0794746
0.0795142
0.0795537
0.0795932
0.0796327
0.0796722
0.0797116
0.079751
0.0797903
0.0798297
0.079869
0.0799082
0.0799475
0.0799867
0.0800258
0.080065
0.0801041
0.0801431
0.0801822
0.0802212
0.0802602
0.0802991
0.080338
0.0803769
0.0804158
0.0804546
0.0804934
0.0805322
0.0805709
0.0806096
0.0806482
0.0806869
0.0807255
0.080764
0.0808026
0.0808411
0.0808796
0.080918
0.0809564
0.0809948
0.0810331
0.0810714
0.0811097
0.081148
0.0811862
0.0812244
0.0812625
0.0813006
0.0813387
0.0813768
0.0814148
0.0814528
0.0814907
0.0815287
0.0815666
0.0816044
0.0816423
0.0816801
0.0817178
0.0817556
0.0817933
0.0818309
0.0818686
0.0819062
0.0819437
0.0819813
0.0820188
0.0820563
0.0820937
0.0821311
0.0821685
0.0822058
0.0822432
0.0822804
0.0823177
0.0823549
0.0823921
0.0824292
0.0824663
0.0825034
0.0825405
0.0825775
0.0826145
0.0826514
0.0826884
0.0827253
0.0827621
0.0827989
0.0828357
0.0828725
0.0829092
0.0829459
0.0829826
0.0830192
0.0830558
0.0830924
0.0831289
0.0831654
0.0832018
0.0832383
0.0832747
0.083311
0.0833474
0.0833837
0.0834199
0.0834562
0.0834924
0.0835285
0.0835647
0.0836008
0.0836368
0.0836729
0.0837089
0.0837449
0.0837808
0.0838167
0.0838526
0.0838884
0.0839242
0.08396
0.0839957
0.0840314
0.0840671
0.0841027
0.0841383
0.0841739
0.0842094
0.0842449
0.0842804
0.0843159
0.0843513
0.0843866
0.084422
0.0844573
0.0844926
0.0845278
0.084563
0.0845982
0.0846333
0.0846684
0.0847035
0.0847385
0.0847735
0.0848085
0.0848434
0.0848783
0.0849132
0.0849481
0.0849829
0.0850176
0.0850524
0.0850871
0.0851217
0.0851564
0.085191
0.0852255
0.0852601
0.0852946
0.0853291
0.0853635
0.0853979
0.0854323
0.0854666
0.0855009
0.0855352
0.0855694
0.0856036
0.0856377
0.0856719
0.085706
0.08574
0.0857741
0.0858081
0.085842
0.085876
0.0859098
0.0859437
0.0859775
0.0860113
0.0860451
0.0860788
0.0861125
0.0861461
0.0861798
0.0862134
0.0862469
0.0862804
0.0863139
0.0863474
0.0863808
0.0864142
0.0864475
0.0864808
0.0865141
0.0865474
0.0865806
0.0866138
0.0866469
0.08668
0.0867131
0.0867461
0.0867791
0.0868121
0.086845
0.0868779
0.0869108
0.0869437
0.0869765
0.0870092
0.087042
0.0870747
0.0871073
0.08714
0.0871725
0.0872051
0.0872376
0.0872701
0.0873026
0.087335
0.0873674
0.0873997
0.0874321
0.0874644
0.0874966
0.0875288
0.087561
0.0875931
0.0876253
0.0876573
0.0876894
0.0877214
0.0877534
0.0877853
0.0878172
0.0878491
0.0878809
0.0879127
0.0879445
0.0879762
0.0880079
0.0880396
0.0880712
0.0881028
0.0881343
0.0881659
0.0881974
0.0882288
0.0882602
0.0882916
0.088323
0.0883543
0.0883856
0.0884168
0.088448
0.0884792
0.0885103
0.0885414
0.0885725
0.0886035
0.0886345
0.0886655
0.0886964
0.0887273
0.0887582
0.088789
0.0888198
0.0888505
0.0888813
0.0889119
0.0889426
0.0889732
0.0890038
0.0890343
0.0890648
0.0890953
0.0891257
0.0891562
0.0891865
0.0892169
0.0892471
0.0892774
0.0893076
0.0893378
0.089368
0.0893981
0.0894282
0.0894582
0.0894883
0.0895182
0.0895482
0.0895781
0.089608
0.0896378
0.0896676
0.0896974
0.0897271
0.0897568
0.0897865
0.0898161
0.0898457
0.0898752
0.0899048
0.0899342
0.0899637
0.0899931
0.0900225
0.0900518
0.0900811
0.0901104
0.0901396
0.0901688
0.090198
0.0902271
0.0902562
0.0902853
0.0903143
0.0903433
0.0903722
0.0904011
0.09043
0.0904589
0.0904877
0.0905164
0.0905452
0.0905739
0.0906025
0.0906312
0.0906598
0.0906883
0.0907168
0.0907453
0.0907738
0.0908022
0.0908306
0.0908589
0.0908872
0.0909155
0.0909437
0.0909719
0.0910001
0.0910282
0.0910563
0.0910843
0.0911124
0.0911404
0.0911683
0.0911962
0.0912241
0.0912519
0.0912797
0.0913075
0.0913352
0.0913629
0.0913906
0.0914182
0.0914458
0.0914733
0.0915008
0.0915283
0.0915558
0.0915832
0.0916105
0.0916379
0.0916652
0.0916924
0.0917197
0.0917468
0.091774
0.0918011
0.0918282
0.0918552
0.0918822
0.0919092
0.0919362
0.0919631
0.0919899
0.0920167
0.0920435
0.0920703
0.092097
0.0921237
0.0921503
0.0921769
0.0922035
0.09223
0.0922565
0.092283
0.0923094
0.0923358
0.0923622
0.0923885
0.0924148
0.092441
0.0924672
0.0924934
0.0925195
0.0925456
0.0925717
0.0925977
0.0926237
0.0926496
0.0926756
0.0927014
0.0927273
0.0927531
0.0927788
0.0928046
0.0928303
0.0928559
0.0928816
0.0929071
0.0929327
0.0929582
0.0929837
0.0930091
0.0930345
0.0930599
0.0930852
0.0931105
0.0931358
0.093161
0.0931862
0.0932113
0.0932364
0.0932615
0.0932865
0.0933115
0.0933365
0.0933614
0.0933863
0.0934111
0.0934359
0.0934607
0.0934855
0.0935102
0.0935348
0.0935594
0.093584
0.0936086
0.0936331
0.0936576
0.093682
0.0937064
0.0937308
0.0937551
0.0937794
0.0938037
0.0938279
0.0938521
0.0938762
0.0939004
0.0939244
0.0939485
0.0939725
0.0939964
0.0940204
0.0940442
0.0940681
0.0940919
0.0941157
0.0941394
0.0941631
0.0941868
0.0942104
0.094234
0.0942576
0.0942811
0.0943045
0.094328
0.0943514
0.0943748
0.0943981
0.0944214
0.0944446
0.0944679
0.094491
0.0945142
0.0945373
0.0945604
0.0945834
0.0946064
0.0946293
0.0946523
0.0946751
0.094698
0.0947208
0.0947436
0.0947663
0.094789
0.0948116
0.0948343
0.0948568
0.0948794
0.0949019
0.0949244
0.0949468
0.0949692
0.0949916
0.0950139
0.0950362
0.0950584
0.0950806
0.0951028
0.0951249
0.095147
0.0951691
0.0951911
0.0952131
0.095235
0.0952569
0.0952788
0.0953006
0.0953224
0.0953442
0.0953659
0.0953876
0.0954092
0.0954308
0.0954524
0.0954739
0.0954954
0.0955169
0.0955383
0.0955597
0.095581
0.0956023
0.0956236
0.0956448
0.095666
0.0956872
0.0957083
0.0957294
0.0957504
0.0957714
0.0957924
0.0958133
0.0958342
0.095855
0.0958758
0.0958966
0.0959173
0.095938
0.0959587
0.0959793
0.0959999
0.0960205
0.096041
0.0960615
0.0960819
0.0961023
0.0961226
0.096143
0.0961632
0.0961835
0.0962037
0.0962239
0.096244
0.0962641
0.0962841
0.0963042
0.0963241
0.0963441
0.096364
0.0963838
0.0964037
0.0964235
0.0964432
0.0964629
0.0964826
0.0965022
0.0965218
0.0965414
0.0965609
0.0965804
0.0965998
0.0966192
0.0966386
0.0966579
0.0966772
0.0966965
0.0967157
0.0967349
0.096754
0.0967731
0.0967922
0.0968112
0.0968302
0.0968492
0.0968681
0.0968869
0.0969058
0.0969246
0.0969433
0.0969621
0.0969807
0.0969994
0.097018
0.0970365
0.0970551
0.0970736
0.097092
0.0971104
0.0971288
0.0971471
0.0971654
0.0971837
0.0972019
0.0972201
0.0972382
0.0972564
0.0972744
0.0972925
0.0973104
0.0973284
0.0973463
0.0973642
0.097382
0.0973998
0.0974176
0.0974353
0.097453
0.0974706
0.0974882
0.0975058
0.0975233
0.0975408
0.0975583
0.0975757
0.0975931
0.0976104
0.0976277
0.097645
0.0976622
0.0976794
0.0976965
0.0977136
0.0977307
0.0977477
0.0977647
0.0977817
0.0977986
0.0978154
0.0978323
0.0978491
0.0978658
0.0978826
0.0978992
0.0979159
0.0979325
0.097949
0.0979656
0.0979821
0.0979985
0.0980149
0.0980313
0.0980476
0.0980639
0.0980802
0.0980964
0.0981126
0.0981287
0.0981448
0.0981609
0.0981769
0.0981929
0.0982088
0.0982247
0.0982406
0.0982564
0.0982722
0.098288
0.0983037
0.0983194
0.098335
0.0983506
0.0983661
0.0983817
0.0983971
0.0984126
0.098428
0.0984434
0.0984587
0.098474
0.0984892
0.0985044
0.0985196
0.0985347
0.0985498
0.0985649
0.0985799
0.0985948
0.0986098
0.0986247
0.0986395
0.0986544
0.0986691
0.0986839
0.0986986
0.0987132
0.0987279
0.0987424
0.098757
0.0987715
0.098786
0.0988004
0.0988148
0.0988291
0.0988435
0.0988577
0.098872
0.0988862
0.0989003
0.0989144
0.0989285
0.0989425
0.0989565
0.0989705
0.0989844
0.0989983
0.0990122
0.099026
0.0990397
0.0990534
0.0990671
0.0990808
0.0990944
0.099108
0.0991215
0.099135
0.0991484
0.0991618
0.0991752
0.0991886
0.0992018
0.0992151
0.0992283
0.0992415
0.0992546
0.0992677
0.0992808
0.0992938
0.0993068
0.0993197
0.0993327
0.0993455
0.0993583
0.0993711
0.0993839
0.0993966
0.0994092
0.0994219
0.0994345
0.099447
0.0994595
0.099472
0.0994844
0.0994968
0.0995092
0.0995215
0.0995338
0.099546
0.0995582
0.0995704
0.0995825
0.0995946
0.0996066
0.0996186
0.0996306
0.0996425
0.0996544
0.0996662
0.099678
0.0996898
0.0997015
0.0997132
0.0997248
0.0997364
0.099748
0.0997595
0.099771
0.0997825
0.0997939
0.0998053
0.0998166
0.0998279
0.0998391
0.0998503
0.0998615
0.0998727
0.0998838
0.0998948
0.0999058
0.0999168
0.0999277
0.0999386
0.0999495
0.0999603
0.0999711
0.0999818
0.0999925
0.100003
0.100014
0.100024
0.100035
0.100045
0.100056
0.100066
0.100077
0.100087
0.100097
0.100108
0.100118
0.100128
0.100138
0.100148
0.100158
0.100168
0.100178
0.100188
0.100198
0.100208
0.100218
0.100228
0.100237
0.100247
0.100257
0.100267
0.100276
0.100286
0.100295
0.100305
0.100314
0.100323
0.100333
0.100342
0.100351
0.100361
0.10037
0.100379
0.100388
0.100397
0.100406
0.100415
0.100424
0.100433
0.100442
0.100451
0.10046
0.100468
0.100477
0.100486
0.100494
0.100503
0.100512
0.10052
0.100529
0.100537
0.100545
0.100554
0.100562
0.10057
0.100579
0.100587
0.100595
0.100603
0.100611
0.100619
0.100627
0.100635
0.100643
0.100651
0.100659
0.100667
0.100675
0.100682
0.10069
0.100698
0.100705
0.100713
0.10072
0.100728
0.100735
0.100743
0.10075
0.100757
0.100765
0.100772
0.100779
0.100786
0.100793
0.100801
0.100808
0.100815
0.100822
0.100829
0.100835
0.100842
0.100849
0.100856
0.100863
0.100869
0.100876
0.100883
0.100889
0.100896
0.100902
0.100909
0.100915
0.100921
0.100928
0.100934
0.10094
0.100946
0.100953
0.100959
0.100965
0.100971
0.100977
0.100983
0.100989
0.100995
0.101001
0.101006
0.101012
0.101018
0.101024
0.101029
0.101035
0.101041
0.101046
0.101052
0.101057
0.101062
0.101068
0.101073
0.101078
0.101084
0.101089
0.101094
0.101099
0.101104
0.101109
0.101114
0.101119
0.101124
0.101129
0.101134
0.101139
0.101144
0.101148
0.101153
0.101158
0.101162
0.101167
0.101172
0.101176
0.101181
0.101185
0.101189
0.101194
0.101198
0.101202
0.101206
0.101211
0.101215
0.101219
0.101223
0.101227
0.101231
0.101235
0.101239
0.101243
0.101246
0.10125
0.101254
0.101258
0.101261
0.101265
0.101269
0.101272
0.101276
0.101279
0.101283
0.101286
0.101289
0.101293
0.101296
0.101299
0.101302
0.101305
0.101308
0.101311
0.101315
0.101318
0.10132
0.101323
0.101326
0.101329
0.101332
0.101335
0.101337
0.10134
0.101343
0.101345
0.101348
0.10135
0.101353
0.101355
0.101357
0.10136
0.101362
0.101364
0.101367
0.101369
0.101371
0.101373
0.101375
0.101377
0.101379
0.101381
0.101383
0.101385
0.101387
0.101388
0.10139
0.101392
0.101393
0.101395
0.101397
0.101398
0.1014
0.101401
0.101403
0.101404
0.101405
0.101407
0.101408
0.101409
0.10141
0.101411
0.101413
0.101414
0.101415
0.101416
0.101417
0.101417
0.101418
0.101419
0.10142
0.101421
0.101421
0.101422
0.101423
0.101423
0.101424
0.101424
0.101425
0.101425
0.101425
0.101426
0.101426
0.101426
0.101427
0.101427
0.101427
0.101427
0.101427
0.101427
0.101427
0.101427
0.101427
0.101427
0.101427
0.101426
0.101426
0.101426
0.101425
0.101425
0.101425
0.101424
0.101424
0.101423
0.101423
0.101422
0.101421
0.101421
0.10142
0.101419
0.101418
0.101417
0.101417
0.101416
0.101415
0.101414
0.101413
0.101411
0.10141
0.101409
0.101408
0.101407
0.101405
0.101404
0.101403
0.101401
0.1014
0.101398
0.101397
0.101395
0.101393
0.101392
0.10139
0.101388
0.101387
0.101385
0.101383
0.101381
0.101379
0.101377
0.101375
0.101373
0.101371
0.101369
0.101367
0.101364
0.101362
0.10136
0.101357
0.101355
0.101353
0.10135
0.101348
0.101345
0.101343
0.10134
0.101337
0.101335
0.101332
0.101329
0.101326
0.101323
0.10132
0.101318
0.101315
0.101311
0.101308
0.101305
0.101302
0.101299
0.101296
0.101293
0.101289
0.101286
0.101283
0.101279
0.101276
0.101272
0.101269
0.101265
0.101261
0.101258
0.101254
0.10125
0.101246
0.101243
0.101239
0.101235
0.101231
0.101227
0.101223
0.101219
0.101215
0.101211
0.101206
0.101202
0.101198
0.101194
0.101189
0.101185
0.101181
0.101176
0.101172
0.101167
0.101162
0.101158
0.101153
0.101148
0.101144
0.101139
0.101134
0.101129
0.101124
0.101119
0.101114
0.101109
0.101104
0.101099
0.101094
0.101089
0.101084
0.101078
0.101073
0.101068
0.101062
0.101057
0.101052
0.101046
0.101041
0.101035
0.101029
0.101024
0.101018
0.101012
0.101006
0.101001
0.100995
0.100989
0.100983
0.100977
0.100971
0.100965
0.100959
0.100953
0.100946
0.10094
0.100934
0.100928
0.100921
0.100915
0.100909
0.100902
0.100896
0.100889
0.100883
0.100876
0.100869
0.100863
0.100856
0.100849
0.100842
0.100835
0.100829
0.100822
0.100815
0.100808
0.100801
0.100793
0.100786
0.100779
0.100772
0.100765
0.100757
0.10075
0.100743
0.100735
0.100728
0.10072
0.100713
0.100705
0.100698
0.10069
0.100682
0.100675
0.100667
0.100659
0.100651
0.100643
0.100635
0.100627
0.100619
0.100611
0.100603
0.100595
0.100587
0.100579
0.10057
0.100562
0.100554
0.100545
0.100537
0.100529
0.10052
0.100512
0.100503
0.100494
0.100486
0.100477
0.100468
0.10046
0.100451
0.100442
0.100433
0.100424
0.100415
0.100406
0.100397
0.100388
0.100379
0.10037
0.100361
0.100351
0.100342
0.100333
0.100323
0.100314
0.100305
0.100295
0.100286
0.100276
0.100267
0.100257
0.100247
0.100237
0.100228
0.100218
0.100208
0.100198
0.100188
0.100178
0.100168
0.100158
0.100148
0.100138
0.100128
0.100118
0.100108
0.100097
0.100087
0.100077
0.100066
0.100056
0.100045
0.100035
0.100024
0.100014
0.100003
0.0999925
0.0999818
0.0999711
0.0999603
0.0999495
0.0999386
0.0999277
0.0999168
0.0999058
0.0998948
0.0998838
0.0998727
0.0998615
0.0998503
0.0998391
0.0998279
0.0998166
0.0998053
0.0997939
0.0997825
0.099771
0.0997595
0.099748
0.0997364
0.0997248
0.0997132
0.0997015
0.0996898
0.099678
0.0996662
0.0996544
0.0996425
0.0996306
0.0996186
0.0996066
0.0995946
0.0995825
0.0995704
0.0995582
0.099546
0.0995338
0.0995215
0.0995092
0.0994968
0.0994844
0.099472
0.0994595
0.099447
0.0994345
0.0994219
0.0994092
0.0993966
0.0993839
0.0993711
0.0993583
0.0993455
0.0993327
0.0993197
0.0993068
0.0992938
0.0992808
0.0992677
0.0992546
0.0992415
0.0992283
0.0992151
0.0992018
0.0991886
0.0991752
0.0991618
0.0991484
0.099135
0.0991215
0.099108
0.0990944
0.0990808
0.0990671
0.0990534
0.0990397
0.099026
0.0990122
0.0989983
0.0989844
0.0989705
0.0989565
0.0989425
0.0989285
0.0989144
0.0989003
0.0988862
0.098872
0.0988577
0.0988435
0.0988291
0.0988148
0.0988004
0.098786
0.0987715
0.098757
0.0987424
0.0987279
0.0987132
0.0986986
0.0986839
0.0986691
0.0986544
0.0986395
0.0986247
0.0986098
0.0985948
0.0985799
0.0985649
0.0985498
0.0985347
0.0985196
0.0985044
0.0984892
0.098474
0.0984587
0.0984434
0.098428
0.0984126
0.0983971
0.0983817
0.0983661
0.0983506
0.098335
0.0983194
0.0983037
0.098288
0.0982722
0.0982564
0.0982406
0.0982247
0.0982088
0.0981929
0.0981769
0.0981609
0.0981448
0.0981287
0.0981126
0.0980964
0.0980802
0.0980639
0.0980476
0.0980313
0.0980149
0.0979985
0.0979821
0.0979656
0.097949
0.0979325
0.0979159
0.0978992
0.0978826
0.0978658
0.0978491
0.0978323
0.0978154
0.0977986
0.0977817
0.0977647
0.0977477
0.0977307
0.0977136
0.0976965
0.0976794
0.0976622
0.097645
0.0976277
0.0976104
0.0975931
0.0975757
0.0975583
0.0975408
0.0975233
0.0975058
0.0974882
0.0974706
0.097453
0.0974353
0.0974176
0.0973998
0.097382
0.0973642
0.0973463
0.0973284
0.0973104
0.0972925
0.0972744
0.0972564
0.0972382
0.0972201
0.0972019
0.0971837
0.0971654
0.0971471
0.0971288
0.0971104
0.097092
0.0970736
0.0970551
0.0970365
0.097018
0.0969994
0.0969807
0.0969621
0.0969433
0.0969246
0.0969058
0.0968869
0.0968681
0.0968492
0.0968302
0.0968112
0.0967922
0.0967731
0.096754
0.0967349
0.0967157
0.0966965
0.0966772
0.0966579
0.0966386
0.0966192
0.0965998
0.0965804
0.0965609
0.0965414
0.0965218
0.0965022
0.0964826
0.0964629
0.0964432
0.0964235
0.0964037
0.0963838
0.096364
0.0963441
0.0963241
0.0963042
0.0962841
0.0962641
0.096244
0.0962239
0.0962037
0.0961835
0.0961632
0.096143
0.0961226
0.0961023
0.0960819
0.0960615
0.096041
0.0960205
0.0959999
0.0959793
0.0959587
0.095938
0.0959173
0.0958966
0.0958758
0.095855
0.0958342
0.0958133
0.0957924
0.0957714
0.0957504
0.0957294
0.0957083
0.0956872
0.095666
0.0956448
0.0956236
0.0956023
0.095581
0.0955597
0.0955383
0.0955169
0.0954954
0.0954739
0.0954524
0.0954308
0.0954092
0.0953876
0.0953659
0.0953442
0.0953224
0.0953006
0.0952788
0.0952569
0.095235
0.0952131
0.0951911
0.0951691
0.095147
0.0951249
0.0951028
0.0950806
0.0950584
0.0950362
0.0950139
0.0949916
0.0949692
0.0949468
0.0949244
0.0949019
0.0948794
0.0948568
0.0948343
0.0948116
0.094789
0.0947663
0.0947436
0.0947208
0.094698
0.0946751
0.0946523
0.0946293
0.0946064
0.0945834
0.0945604
0.0945373
0.0945142
0.094491
0.0944679
0.0944446
0.0944214
0.0943981
0.0943748
0.0943514
0.094328
0.0943045
0.0942811
0.0942576
0.094234
0.0942104
0.0941868
0.0941631
0.0941394
0.0941157
0.0940919
0.0940681
0.0940442
0.0940204
0.0939964
0.0939725
0.0939485
0.0939244
0.0939004
0.0938762
0.0938521
0.0938279
0.0938037
0.0937794
0.0937551
0.0937308
0.0937064
0.093682
0.0936576
0.0936331
0.0936086
0.093584
0.0935594
0.0935348
0.0935102
0.0934855
0.0934607
0.0934359
0.0934111
0.0933863
0.0933614
0.0933365
0.0933115
0.0932865
0.0932615
0.0932364
0.0932113
0.0931862
0.093161
0.0931358
0.0931105
0.0930852
0.0930599
0.0930345
0.0930091
0.0929837
0.0929582
0.0929327
0.0929071
0.0928816
0.0928559
0.0928303
0.0928046
0.0927788
0.0927531
0.0927273
0.0927014
0.0926756
0.0926496
0.0926237
0.0925977
0.0925717
0.0925456
0.0925195
0.0924934
0.0924672
0.092441
0.0924148
0.0923885
0.0923622
0.0923358
0.0923094
0.092283
0.0922565
0.09223
0.0922035
0.0921769
0.0921503
0.0921237
0.092097
0.0920703
0.0920435
0.0920167
0.0919899
0.0919631
0.0919362
0.0919092
0.0918822
0.0918552
0.0918282
0.0918011
0.091774
0.0917468
0.0917197
0.0916924
0.0916652
0.0916379
0.0916105
0.0915832
0.0915558
0.0915283
0.0915008
0.0914733
0.0914458
0.0914182
0.0913906
0.0913629
0.0913352
0.0913075
0.0912797
0.0912519
0.0912241
0.0911962
0.0911683
0.0911404
0.0911124
0.0910843
0.0910563
0.0910282
0.0910001
0.0909719
0.0909437
0.0909155
0.0908872
0.0908589
0.0908306
0.0908022
0.0907738
0.0907453
0.0907168
0.0906883
0.0906598
0.0906312
0.0906025
0.0905739
0.0905452
0.0905164
0.0904877
0.0904589
0.09043
0.0904011
0.0903722
0.0903433
0.0903143
0.0902853
0.0902562
0.0902271
0.090198
0.0901688
0.0901396
0.0901104
0.0900811
0.0900518
0.0900225
0.0899931
0.0899637
0.0899342
0.0899048
0.0898752
0.0898457
0.0898161
0.0897865
0.0897568
0.0897271
0.0896974
0.0896676
0.0896378
0.089608
0.0895781
0.0895482
0.0895182
0.0894883
0.0894582
0.0894282
0.0893981
0.089368
0.0893378
0.0893076
0.0892774
0.0892471
0.0892169
0.0891865
0.0891562
0.0891257
0.0890953
0.0890648
0.0890343
0.0890038
0.0889732
0.0889426
0.0889119
0.0888813
0.0888505
0.0888198
0.088789
0.0887582
0.0887273
0.0886964
0.0886655
0.0886345
0.0886035
0.0885725
0.0885414
0.0885103
0.0884792
0.088448
0.0884168
0.0883856
0.0883543
0.088323
0.0882916
0.0882602
0.0882288
0.0881974
0.0881659
0.0881343
0.0881028
0.0880712
0.0880396
0.0880079
0.0879762
0.0879445
0.0879127
0.0878809
0.0878491
0.0878172
0.0877853
0.0877534
0.0877214
0.0876894
0.0876573
0.0876253
0.0875931
0.087561
0.0875288
0.0874966
0.0874644
0.0874321
0.0873997
0.0873674
0.087335
0.0873026
0.0872701
0.0872376
0.0872051
0.0871725
0.08714
0.0871073
0.0870747
0.087042
0.0870092
0.0869765
0.0869437
0.0869108
0.0868779
0.086845
0.0868121
0.0867791
0.0867461
0.0867131
0.08668
0.0866469
0.0866138
0.0865806
0.0865474
0.0865141
0.0864808
0.0864475
0.0864142
0.0863808
0.0863474
0.0863139
0.0862804
0.0862469
0.0862134
0.0861798
0.0861461
0.0861125
0.0860788
0.0860451
0.0860113
0.0859775
0.0859437
0.0859098
0.085876
0.085842
0.0858081
0.0857741
0.08574
0.085706
0.0856719
0.0856377
0.0856036
0.0855694
0.0855352
0.0855009
0.0854666
0.0854323
0.0853979
0.0853635
0.0853291
0.0852946
0.0852601
0.0852255
0.085191
0.0851564
0.0851217
0.0850871
0.0850524
0.0850176
0.0849829
0.0849481
0.0849132
0.0848783
0.0848434
0.0848085
0.0847735
0.0847385
0.0847035
0.0846684
0.0846333
0.0845982
0.084563
0.0845278
0.0844926
0.0844573
0.084422
0.0843866
0.0843513
0.0843159
0.0842804
0.0842449
0.0842094
0.0841739
0.0841383
0.0841027
0.0840671
0.0840314
0.0839957
0.08396
0.0839242
0.0838884
0.0838526
0.0838167
0.0837808
0.0837449
0.0837089
0.0836729
0.0836368
0.0836008
0.0835647
0.0835285
0.0834924
0.0834562
0.0834199
0.0833837
0.0833474
0.083311
0.0832747
0.0832383
0.0832018
0.0831654
0.0831289
0.0830924
0.0830558
0.0830192
0.0829826
0.0829459
0.0829092
0.0828725
0.0828357
0.0827989
0.0827621
0.0827253
0.0826884
0.0826514
0.0826145
0.0825775
0.0825405
0.0825034
0.0824663
0.0824292
0.0823921
0.0823549
0.0823177
0.0822804
0.0822432
0.0822058
0.0821685
0.0821311
0.0820937
0.0820563
0.0820188
0.0819813
0.0819437
0.0819062
0.0818686
0.0818309
0.0817933
0.0817556
0.0817178
0.0816801
0.0816423
0.0816044
0.0815666
0.0815287
0.0814907
0.0814528
0.0814148
0.0813768
0.0813387
0.0813006
0.0812625
0.0812244
0.0811862
0.081148
0.0811097
0.0810714
0.0810331
0.0809948
0.0809564
0.080918
0.0808796
0.0808411
0.0808026
0.080764
0.0807255
0.0806869
0.0806482
0.0806096
0.0805709
0.0805322
0.0804934
0.0804546
0.0804158
0.0803769
0.080338
0.0802991
0.0802602
0.0802212
0.0801822
0.0801431
0.0801041
0.080065
0.0800258
0.0799867
0.0799475
0.0799082
0.079869
0.0798297
0.0797903
0.079751
0.0797116
0.0796722
0.0796327
0.0795932
0.0795537
0.0795142
0.0794746
0.079435
0.0793953
0.0793556
0.0793159
0.0792762
0.0792364
0.0791966
0.0791568
0.0791169
0.0790771
0.0790371
0.0789972
0.0789572
0.0789172
0.0788771
0.078837
0.0787969
0.0787568
0.0787166
0.0786764
0.0786362
0.0785959
0.0785556
0.0785153
0.0784749
0.0784345
0.0783941
0.0783537
0.0783132
0.0782727
0.0782321
0.0781915
0.0781509
0.0781103
0.0780696
0.0780289
0.0779882
0.0779474
0.0779067
0.0778658
0.077825
0.0777841
0.0777432
0.0777022
0.0776613
0.0776202
0.0775792
0.0775381
0.077497
0.0774559
0.0774148
0.0773736
0.0773323
0.0772911
0.0772498
0.0772085
0.0771672
0.0771258
0.0770844
0.0770429
0.0770015
0.07696
0.0769185
0.0768769
0.0768353
0.0767937
0.0767521
0.0767104
0.0766687
0.0766269
0.0765852
0.0765434
0.0765015
0.0764597
0.0764178
0.0763759
0.0763339
0.076292
0.0762499
0.0762079
0.0761658
0.0761237
0.0760816
0.0760394
0.0759973
0.075955
0.0759128
0.0758705
0.0758282
0.0757859
0.0757435
0.0757011
0.0756587
0.0756162
0.0755737
0.0755312
0.0754886
0.0754461
0.0754035
0.0753608
0.0753182
0.0752755
0.0752327
0.07519
0.0751472
0.0751044
0.0750615
0.0750187
0.0749757
0.0749328
0.0748898
0.0748469
0.0748038
0.0747608
0.0747177
0.0746746
0.0746314
0.0745883
0.0745451
0.0745018
0.0744586
0.0744153
0.074372
0.0743286
0.0742853
0.0742418
0.0741984
0.0741549
0.0741115
0.0740679
0.0740244
0.0739808
0.0739372
0.0738935
0.0738499
0.0738062
0.0737625
0.0737187
0.0736749
0.0736311
0.0735873
0.0735434
0.0734995
0.0734555
0.0734116
0.0733676
0.0733236
0.0732795
0.0732355
0.0731914
0.0731472
0.0731031
0.0730589
0.0730146
0.0729704
0.0729261
0.0728818
0.0728375
0.0727931
0.0727487
0.0727043
0.0726599
0.0726154
0.0725709
0.0725263
0.0724818
0.0724372
0.0723926
0.0723479
0.0723032
0.0722585
0.0722138
0.072169
0.0721242
0.0720794
0.0720345
0.0719897
0.0719448
0.0718998
0.0718549
0.0718099
0.0717649
0.0717198
0.0716747
0.0716296
0.0715845
0.0715393
0.0714941
0.0714489
0.0714037
0.0713584
0.0713131
0.0712678
0.0712224
0.071177
0.0711316
0.0710862
0.0710407
0.0709952
0.0709497
0.0709041
0.0708585
0.0708129
0.0707673
0.0707216
0.0706759
0.0706302
0.0705844
0.0705387
0.0704928
0.070447
0.0704011
0.0703553
0.0703093
0.0702634
0.0702174
0.0701714
0.0701254
0.0700793
0.0700332
0.0699871
0.069941
0.0698948
0.0698486
0.0698024
0.0697562
0.0697099
0.0696636
0.0696172
0.0695709
0.0695245
0.0694781
0.0694316
0.0693852
0.0693387
0.0692921
0.0692456
0.069199
0.0691524
0.0691058
0.0690591
0.0690124
0.0689657
0.068919
0.0688722
0.0688254
0.0687786
0.0687317
0.0686848
0.0686379
0.068591
0.068544
0.0684971
0.06845
0.068403
0.0683559
0.0683088
0.0682617
0.0682146
0.0681674
0.0681202
0.068073
0.0680257
0.0679784
0.0679311
0.0678838
0.0678364
0.067789
0.0677416
0.0676942
0.0676467
0.0675992
0.0675517
0.0675041
0.0674565
0.0674089
0.0673613
0.0673136
0.067266
0.0672182
0.0671705
0.0671227
0.067075
0.0670271
0.0669793
0.0669314
0.0668835
0.0668356
0.0667877
0.0667397
0.0666917
0.0666437
0.0665956
0.0665475
0.0664994
0.0664513
0.0664031
0.0663549
0.0663067
0.0662585
0.0662102
0.0661619
0.0661136
0.0660653
0.0660169
0.0659685
0.0659201
0.0658716
0.0658232
0.0657747
0.0657261
0.0656776
0.065629
0.0655804
0.0655318
0.0654831
0.0654345
0.0653858
0.065337
0.0652883
0.0652395
0.0651907
0.0651418
0.065093
0.0650441
0.0649952
0.0649462
0.0648973
0.0648483
0.0647993
0.0647502
0.0647012
0.0646521
0.064603
0.0645538
0.0645047
0.0644555
0.0644062
0.064357
0.0643077
0.0642584
0.0642091
0.0641598
0.0641104
0.064061
0.0640116
0.0639621
0.0639127
0.0638632
0.0638136
0.0637641
0.0637145
0.0636649
0.0636153
0.0635657
0.063516
0.0634663
0.0634166
0.0633668
0.063317
0.0632672
0.0632174
0.0631676
0.0631177
0.0630678
0.0630179
0.0629679
0.062918
0.062868
0.0628179
0.0627679
0.0627178
0.0626677
0.0626176
0.0625675
0.0625173
0.0624671
0.0624169
0.0623666
0.0623164
0.0622661
0.0622157
0.0621654
0.062115
0.0620646
0.0620142
0.0619638
0.0619133
0.0618628
0.0618123
0.0617618
0.0617112
0.0616606
0.06161
0.0615594
0.0615087
0.061458
0.0614073
0.0613566
0.0613058
0.061255
0.0612042
0.0611534
0.0611026
0.0610517
0.0610008
0.0609498
0.0608989
0.0608479
0.0607969
0.0607459
0.0606948
0.0606438
0.0605927
0.0605416
0.0604904
0.0604393
0.0603881
0.0603369
0.0602856
0.0602344
0.0601831
0.0601318
0.0600804
0.0600291
0.0599777
0.0599263
0.0598749
0.0598234
0.0597719
0.0597204
0.0596689
0.0596174
0.0595658
0.0595142
0.0594626
0.0594109
0.0593593
0.0593076
0.0592559
0.0592042
0.0591524
0.0591006
0.0590488
0.058997
0.0589451
0.0588933
0.0588414
0.0587894
0.0587375
0.0586855
0.0586335
0.0585815
0.0585295
0.0584774
0.0584254
0.0583733
0.0583211
0.058269
0.0582168
0.0581646
0.0581124
0.0580601
0.0580079
0.0579556
0.0579033
0.0578509
0.0577986
0.0577462
0.0576938
0.0576414
0.0575889
0.0575365
0.057484
0.0574314
0.0573789
0.0573263
0.0572738
0.0572212
0.0571685
0.0571159
0.0570632
0.0570105
0.0569578
0.056905
0.0568523
0.0567995
0.0567467
0.0566938
0.056641
0.0565881
0.0565352
0.0564823
0.0564293
0.0563764
0.0563234
0.0562704
0.0562173
0.0561643
0.0561112
0.0560581
0.056005
0.0559519
0.0558987
0.0558455
0.0557923
0.0557391
0.0556858
0.0556325
0.0555792
0.0555259
0.0554726
0.0554192
0.0553658
0.0553124
0.055259
0.0552055
0.0551521
0.0550986
0.055045
0.0549915
0.054938
0.0548844
0.0548308
0.0547771
0.0547235
0.0546698
0.0546161
0.0545624
0.0545087
0.0544549
0.0544012
0.0543474
0.0542935
0.0542397
0.0541858
0.054132
0.0540781
0.0540241
0.0539702
0.0539162
0.0538622
0.0538082
0.0537542
0.0537001
0.0536461
0.053592
0.0535378
0.0534837
0.0534296
0.0533754
0.0533212
0.0532669
0.0532127
0.0531584
0.0531042
0.0530499
0.0529955
0.0529412
0.0528868
0.0528324
0.052778
0.0527236
0.0526691
0.0526146
0.0525602
0.0525056
0.0524511
0.0523965
0.052342
0.0522874
0.0522328
0.0521781
0.0521235
0.0520688
0.0520141
0.0519594
0.0519046
0.0518499
0.0517951
0.0517403
0.0516854
0.0516306
0.0515757
0.0515209
0.051466
0.051411
0.0513561
0.0513011
0.0512461
0.0511911
0.0511361
0.051081
0.051026
0.0509709
0.0509158
0.0508607
0.0508055
0.0507503
0.0506952
0.05064
0.0505847
0.0505295
0.0504742
0.0504189
0.0503636
0.0503083
0.0502529
0.0501976
0.0501422
0.0500868
0.0500314
0.0499759
0.0499204
0.049865
0.0498095
0.0497539
0.0496984
0.0496428
0.0495872
0.0495316
0.049476
0.0494204
0.0493647
0.049309
0.0492533
0.0491976
0.0491419
0.0490861
0.0490303
0.0489745
0.0489187
0.0488629
0.048807
0.0487512
0.0486953
0.0486393
0.0485834
0.0485275
0.0484715
0.0484155
0.0483595
0.0483035
0.0482474
0.0481914
0.0481353
0.0480792
0.048023
0.0479669
0.0479107
0.0478546
0.0477984
0.0477421
0.0476859
0.0476297
0.0475734
0.0475171
0.0474608
0.0474044
0.0473481
0.0472917
0.0472353
0.0471789
0.0471225
0.0470661
0.0470096
0.0469531
0.0468966
0.0468401
0.0467836
0.046727
0.0466705
0.0466139
0.0465573
0.0465006
0.046444
0.0463873
0.0463306
0.0462739
0.0462172
0.0461605
0.0461037
0.0460469
0.0459902
0.0459333
0.0458765
0.0458197
0.0457628
0.0457059
0.045649
0.0455921
0.0455352
0.0454782
0.0454212
0.0453643
0.0453072
0.0452502
0.0451932
0.0451361
0.045079
0.0450219
0.0449648
0.0449077
0.0448505
0.0447934
0.0447362
0.044679
0.0446218
0.0445645
0.0445073
0.04445
0.0443927
0.0443354
0.0442781
0.0442207
0.0441634
0.044106
0.0440486
0.0439912
0.0439337
0.0438763
0.0438188
0.0437613
0.0437038
0.0436463
0.0435888
0.0435312
0.0434737
0.0434161
0.0433585
0.0433009
0.0432432
0.0431856
0.0431279
0.0430702
0.0430125
0.0429548
0.042897
0.0428393
0.0427815
0.0427237
0.0426659
0.0426081
0.0425502
0.0424924
0.0424345
0.0423766
0.0423187
0.0422608
0.0422028
0.0421449
0.0420869
0.0420289
0.0419709
0.0419129
0.0418548
0.0417968
0.0417387
0.0416806
0.0416225
0.0415644
0.0415063
0.0414481
0.0413899
0.0413317
0.0412735
0.0412153
0.0411571
0.0410988
0.0410405
0.0409823
0.040924
0.0408656
0.0408073
0.040749
0.0406906
0.0406322
0.0405738
0.0405154
0.040457
0.0403985
0.04034
0.0402816
0.0402231
0.0401646
0.040106
0.0400475
0.0399889
0.0399304
0.0398718
0.0398132
0.0397545
0.0396959
0.0396373
0.0395786
0.0395199
0.0394612
0.0394025
0.0393438
0.039285
0.0392262
0.0391675
0.0391087
0.0390499
0.038991
0.0389322
0.0388733
0.0388145
0.0387556
0.0386967
0.0386378
0.0385788
0.0385199
0.0384609
0.038402
0.038343
0.038284
0.0382249
0.0381659
0.0381069
0.0380478
0.0379887
0.0379296
0.0378705
0.0378114
0.0377522
0.0376931
0.0376339
0.0375747
0.0375155
0.0374563
0.0373971
0.0373378
0.0372786
0.0372193
0.03716
0.0371007
0.0370414
0.036982
0.0369227
0.0368633
0.0368039
0.0367445
0.0366851
0.0366257
0.0365663
0.0365068
0.0364474
0.0363879
0.0363284
0.0362689
0.0362094
0.0361498
0.0360903
0.0360307
0.0359711
0.0359115
0.0358519
0.0357923
0.0357327
0.035673
0.0356134
0.0355537
0.035494
0.0354343
0.0353746
0.0353148
0.0352551
0.0351953
0.0351355
0.0350758
0.035016
0.0349561
0.0348963
0.0348365
0.0347766
0.0347167
0.0346568
0.0345969
0.034537
0.0344771
0.0344172
0.0343572
0.0342972
0.0342373
0.0341773
0.0341173
0.0340572
0.0339972
0.0339372
0.0338771
0.033817
0.0337569
0.0336968
0.0336367
0.0335766
0.0335164
0.0334563
0.0333961
0.0333359
0.0332757
0.0332155
0.0331553
0.0330951
0.0330348
0.0329746
0.0329143
0.032854
0.0327937
0.0327334
0.0326731
0.0326127
0.0325524
0.032492
0.0324316
0.0323713
0.0323109
0.0322504
0.03219
0.0321296
0.0320691
0.0320087
0.0319482
0.0318877
0.0318272
0.0317667
0.0317061
0.0316456
0.031585
0.0315245
0.0314639
0.0314033
0.0313427
0.0312821
0.0312215
0.0311608
0.0311002
0.0310395
0.0309788
0.0309181
0.0308574
0.0307967
0.030736
0.0306753
0.0306145
0.0305537
0.030493
0.0304322
0.0303714
0.0303106
0.0302498
0.0301889
0.0301281
0.0300672
0.0300063
0.0299455
0.0298846
0.0298237
0.0297627
0.0297018
0.0296409
0.0295799
0.029519
0.029458
0.029397
0.029336
0.029275
0.029214
0.0291529
0.0290919
0.0290308
0.0289698
0.0289087
0.0288476
0.0287865
0.0287254
0.0286643
0.0286031
0.028542
0.0284808
0.0284196
0.0283585
0.0282973
0.0282361
0.0281748
0.0281136
0.0280524
0.0279911
0.0279299
0.0278686
0.0278073
0.027746
0.0276847
0.0276234
0.0275621
0.0275008
0.0274394
0.027378
0.0273167
0.0272553
0.0271939
0.0271325
0.0270711
0.0270097
0.0269482
0.0268868
0.0268253
0.0267639
0.0267024
0.0266409
0.0265794
0.0265179
0.0264564
0.0263949
0.0263333
0.0262718
0.0262102
0.0261487
0.0260871
0.0260255
0.0259639
0.0259023
0.0258407
0.025779
0.0257174
0.0256557
0.0255941
0.0255324
0.0254707
0.025409
0.0253473
0.0252856
0.0252239
0.0251622
0.0251004
0.0250387
0.0249769
0.0249151
0.0248534
0.0247916
0.0247298
0.024668
0.0246061
0.0245443
0.0244825
0.0244206
0.0243588
0.0242969
0.024235
0.0241731
0.0241112
0.0240493
0.0239874
0.0239255
0.0238636
0.0238016
0.0237397
0.0236777
0.0236157
0.0235537
0.0234917
0.0234297
0.0233677
0.0233057
0.0232437
0.0231817
0.0231196
0.0230575
0.0229955
0.0229334
0.0228713
0.0228092
0.0227471
0.022685
0.0226229
0.0225608
0.0224986
0.0224365
0.0223743
0.0223122
0.02225
0.0221878
0.0221256
0.0220634
0.0220012
0.021939
0.0218768
0.0218146
0.0217523
0.0216901
0.0216278
0.0215655
0.0215033
0.021441
0.0213787
0.0213164
0.0212541
0.0211918
0.0211294
0.0210671
0.0210048
0.0209424
0.0208801
0.0208177
0.0207553
0.0206929
0.0206305
0.0205681
0.0205057
0.0204433
0.0203809
0.0203184
0.020256
0.0201936
0.0201311
0.0200686
0.0200062
0.0199437
0.0198812
0.0198187
0.0197562
0.0196937
0.0196312
0.0195686
0.0195061
0.0194436
0.019381
0.0193185
0.0192559
0.0191933
0.0191307
0.0190681
0.0190055
0.0189429
0.0188803
0.0188177
0.0187551
0.0186925
0.0186298
0.0185672
0.0185045
0.0184418
0.0183792
0.0183165
0.0182538
0.0181911
0.0181284
0.0180657
0.018003
0.0179403
0.0178776
0.0178148
0.0177521
0.0176893
0.0176266
0.0175638
0.017501
0.0174383
0.0173755
0.0173127
0.0172499
0.0171871
0.0171243
0.0170615
0.0169986
0.0169358
0.016873
0.0168101
0.0167473
0.0166844
0.0166216
0.0165587
0.0164958
0.0164329
0.01637
0.0163071
0.0162442
0.0161813
0.0161184
0.0160555
0.0159926
0.0159296
0.0158667
0.0158037
0.0157408
0.0156778
0.0156149
0.0155519
0.0154889
0.0154259
0.0153629
0.0153
0.0152369
0.0151739
0.0151109
0.0150479
0.0149849
0.0149218
0.0148588
0.0147958
0.0147327
0.0146697
0.0146066
0.0145435
0.0144805
0.0144174
0.0143543
0.0142912
0.0142281
0.014165
0.0141019
0.0140388
0.0139757
0.0139125
0.0138494
0.0137863
0.0137231
0.01366
0.0135968
0.0135337
0.0134705
0.0134074
0.0133442
0.013281
0.0132178
0.0131546
0.0130915
0.0130283
0.0129651
0.0129018
0.0128386
0.0127754
0.0127122
0.012649
0.0125857
0.0125225
0.0124592
0.012396
0.0123327
0.0122695
0.0122062
0.012143
0.0120797
0.0120164
0.0119531
0.0118898
0.0118265
0.0117632
0.0116999
0.0116366
0.0115733
0.01151
0.0114467
0.0113834
0.01132
0.0112567
0.0111934
0.01113
0.0110667
0.0110033
0.01094
0.0108766
0.0108133
0.0107499
0.0106865
0.0106231
0.0105598
0.0104964
0.010433
0.0103696
0.0103062
0.0102428
0.0101794
0.010116
0.0100526
0.00998916
0.00992574
0.00986232
0.00979889
0.00973546
0.00967202
0.00960858
0.00954513
0.00948169
0.00941824
0.00935478
0.00929132
0.00922786
0.00916439
0.00910092
0.00903745
0.00897397
0.00891049
0.00884701
0.00878352
0.00872003
0.00865654
0.00859304
0.00852954
0.00846603
0.00840253
0.00833901
0.0082755
0.00821198
0.00814846
0.00808494
0.00802141
0.00795788
0.00789435
0.00783081
0.00776727
0.00770373
0.00764018
0.00757663
0.00751308
0.00744952
0.00738597
0.00732241
0.00725884
0.00719528
0.00713171
0.00706813
0.00700456
0.00694098
0.0068774
0.00681382
0.00675023
0.00668664
0.00662305
0.00655946
0.00649586
0.00643226
0.00636866
0.00630506
0.00624145
0.00617784
0.00611423
0.00605062
0.005987
0.00592338
0.00585976
0.00579614
0.00573251
0.00566888
0.00560525
0.00554162
0.00547799
0.00541435
0.00535071
0.00528707
0.00522343
0.00515978
0.00509614
0.00503249
0.00496884
0.00490518
0.00484153
0.00477787
0.00471421
0.00465055
0.00458689
0.00452323
0.00445956
0.00439589
0.00433222
0.00426855
0.00420488
0.0041412
0.00407753
0.00401385
0.00395017
0.00388649
0.00382281
0.00375912
0.00369544
0.00363175
0.00356806
0.00350437
0.00344068
0.00337699
0.00331329
0.0032496
0.0031859
0.00312221
0.00305851
0.00299481
0.0029311
0.0028674
0.0028037
0.00273999
0.00267629
0.00261258
0.00254887
0.00248516
0.00242145
0.00235774
0.00229403
0.00223032
0.00216661
0.00210289
0.00203918
0.00197546
0.00191174
0.00184803
0.00178431
0.00172059
0.00165687
0.00159315
0.00152943
0.00146571
0.00140198
0.00133826
0.00127454
0.00121081
0.00114709
0.00108336
0.00101964
0.000955914
0.000892188
0.000828462
0.000764735
0.000701008
0.000637281
0.000573554
0.000509826
0.000446098
0.00038237
0.000318642
0.000254914
0.000191185
0.000127457
6.37285e-05
0.
************************************************************************************************************************
***             WIDEN YOUR WINDOW TO 120 CHARACTERS.  Use 'enscript -r -fCourier9' to print this document            ***
************************************************************************************************************************

---------------------------------------------- PETSc Performance Summary: ----------------------------------------------

./explicit_no.out on a  named r01n30 with 1 processor, by mae-wenlw Thu Jun  9 16:01:50 2022
Using Petsc Release Version 3.16.6, Mar 30, 2022 

                         Max       Max/Min     Avg       Total
Time (sec):           1.645e+03     1.000   1.645e+03
Objects:              8.000e+00     1.000   8.000e+00
Flop:                 1.500e+12     1.000   1.500e+12  1.500e+12
Flop/sec:             9.117e+08     1.000   9.117e+08  9.117e+08
MPI Messages:         0.000e+00     0.000   0.000e+00  0.000e+00
MPI Message Lengths:  0.000e+00     0.000   0.000e+00  0.000e+00
MPI Reductions:       0.000e+00     0.000

Flop counting convention: 1 flop = 1 real number operation of type (multiply/divide/add/subtract)
                            e.g., VecAXPY() for real vectors of length N --> 2N flop
                            and VecAXPY() for complex vectors of length N --> 8N flop

Summary of Stages:   ----- Time ------  ----- Flop ------  --- Messages ---  -- Message Lengths --  -- Reductions --
                        Avg     %Total     Avg     %Total    Count   %Total     Avg         %Total    Count   %Total
 0:      Main Stage: 1.6450e+03 100.0%  1.4997e+12 100.0%  0.000e+00   0.0%  0.000e+00        0.0%  0.000e+00   0.0%

------------------------------------------------------------------------------------------------------------------------
See the 'Profiling' chapter of the users' manual for details on interpreting output.
Phase summary info:
   Count: number of times phase was executed
   Time and Flop: Max - maximum over all processors
                  Ratio - ratio of maximum to minimum over all processors
   Mess: number of messages sent
   AvgLen: average message length (bytes)
   Reduct: number of global reductions
   Global: entire computation
   Stage: stages of a computation. Set stages with PetscLogStagePush() and PetscLogStagePop().
      %T - percent time in this phase         %F - percent flop in this phase
      %M - percent messages in this phase     %L - percent message lengths in this phase
      %R - percent reductions in this phase
   Total Mflop/s: 10e-6 * (sum of flop over all processors)/(max time over all processors)
------------------------------------------------------------------------------------------------------------------------
Event                Count      Time (sec)     Flop                              --- Global ---  --- Stage ----  Total
                   Max Ratio  Max     Ratio   Max  Ratio  Mess   AvgLen  Reduct  %T %F %M %L %R  %T %F %M %L %R Mflop/s
------------------------------------------------------------------------------------------------------------------------

--- Event Stage 0: Main Stage

VecView                1 1.0 8.4298e-03 1.0 0.00e+00 0.0 0.0e+00 0.0e+00 0.0e+00  0  0  0  0  0   0  0  0  0  0     0
VecCopy          100000005 1.0 1.3619e+02 1.0 0.00e+00 0.0 0.0e+00 0.0e+00 0.0e+00  8  0  0  0  0   8  0  0  0  0     0
VecSet                 5 1.0 1.3304e-04 1.0 0.00e+00 0.0 0.0e+00 0.0e+00 0.0e+00  0  0  0  0  0   0  0  0  0  0     0
VecAssemblyBegin       2 1.0 0.0000e+00 0.0 0.00e+00 0.0 0.0e+00 0.0e+00 0.0e+00  0  0  0  0  0   0  0  0  0  0     0
VecAssemblyEnd         2 1.0 0.0000e+00 0.0 0.00e+00 0.0 0.0e+00 0.0e+00 0.0e+00  0  0  0  0  0   0  0  0  0  0     0
MatMultAdd       50000002 1.0 1.4939e+03 1.0 1.50e+12 1.0 0.0e+00 0.0e+00 0.0e+00 91100  0  0  0  91100  0  0  0  1004
MatAssemblyBegin       1 1.0 0.0000e+00 0.0 0.00e+00 0.0 0.0e+00 0.0e+00 0.0e+00  0  0  0  0  0   0  0  0  0  0     0
MatAssemblyEnd         1 1.0 2.2507e-04 1.0 0.00e+00 0.0 0.0e+00 0.0e+00 0.0e+00  0  0  0  0  0   0  0  0  0  0     0
------------------------------------------------------------------------------------------------------------------------

Memory usage is given in bytes:

Object Type          Creations   Destructions     Memory  Descendants' Mem.
Reports information only for process 0.

--- Event Stage 0: Main Stage

              Vector     5              4       166528     0.
              Matrix     1              1       403356     0.
              Viewer     2              1          840     0.
========================================================================================================================
Average time to get PetscTime(): 0.
#PETSc Option Table entries:
-log_view
-n 5000
#End of PETSc Option Table entries
Compiled without FORTRAN kernels
Compiled with full precision matrices (default)
sizeof(short) 2 sizeof(int) 4 sizeof(long) 8 sizeof(void*) 8 sizeof(PetscScalar) 8 sizeof(PetscInt) 4
Configure options: --with-mpi-dir=/share/intel/2018u4/compilers_and_libraries_2018.5.274/linux/mpi/intel64 --with-blaslapack-dir=/share/intel/2018u4/compilers_and_libraries_2018.5.274/linux/mkl --with-scalapack-include=/share/intel/2018u4/compilers_and_libraries_2018.5.274/linux/mkl/include --with-scalapack-lib="-L/share/intel/2018u4/compilers_and_libraries_2018.5.274/linux/mkl/lib/intel64 -lmkl_blacs_intelmpi_lp64 -lmkl_scalapack_lp64" --with-debugging=no --prefix=/work/mae-wenlw/lib/petsc-3.16.6 --download-hdf5 =/work/mae-wenlw/HPC/petsc-3.16.6-package/hdf5-1.12.1.tar.gz --download-hypre=/work/mae-wenlw/HPC/petsc-3.16.6-package/hypre-2.23.0.tar.gz --download-mumps=/work/mae-wenlw/HPC/petsc-3.16.6-package/petsc-pkg-mumps-6d1470374d32.tar.gz --download-metis=/work/mae-wenlw/HPC/petsc-3.16.6-package/petsc-pkg-metis-c8d2dc1e751e.tar.gz COPTFLAGS="-O3 -march=native -mtune=native" CXXOPTFLAGS="-O3 -march=native -mtune=native" FOPTFLAGS="-O3 -march=native -mtune=native"
-----------------------------------------
Libraries compiled on 2022-06-02 13:42:17 on login03 
Machine characteristics: Linux-3.10.0-862.el7.x86_64-x86_64-with-redhat-7.5-Maipo
Using PETSc directory: /work/mae-wenlw/lib/petsc-3.16.6
Using PETSc arch: 
-----------------------------------------

Using C compiler: /share/intel/2018u4/compilers_and_libraries_2018.5.274/linux/mpi/intel64/bin/mpiicc  -fPIC -wd1572 -Wno-unknown-pragmas -O3 -march=native -mtune=native  -std=c99 
Using Fortran compiler: /share/intel/2018u4/compilers_and_libraries_2018.5.274/linux/mpi/intel64/bin/mpiifort  -fPIC -O3 -march=native -mtune=native     -std=c99
-----------------------------------------

Using include paths: -I/work/mae-wenlw/lib/petsc-3.16.6/include -I/share/intel/2018u4/compilers_and_libraries_2018.5.274/linux/mpi/intel64/include
-----------------------------------------

Using C linker: /share/intel/2018u4/compilers_and_libraries_2018.5.274/linux/mpi/intel64/bin/mpiicc
Using Fortran linker: /share/intel/2018u4/compilers_and_libraries_2018.5.274/linux/mpi/intel64/bin/mpiifort
Using libraries: -Wl,-rpath,/work/mae-wenlw/lib/petsc-3.16.6/lib -L/work/mae-wenlw/lib/petsc-3.16.6/lib -lpetsc -Wl,-rpath,/work/mae-wenlw/lib/petsc-3.16.6/lib -L/work/mae-wenlw/lib/petsc-3.16.6/lib -L/share/intel/2018u4/compilers_and_libraries_2018.5.274/linux/mkl/lib/intel64 -Wl,-rpath,/share/intel/2018u4/compilers_and_libraries_2018.5.274/linux/mkl/lib/intel64 -Wl,-rpath,/share/intel/2018u4/compilers_and_libraries_2018.5.274/linux/mpi/intel64/lib/release_mt -L/share/intel/2018u4/compilers_and_libraries_2018.5.274/linux/mpi/intel64/lib/release_mt -Wl,-rpath,/share/intel/2018u4/compilers_and_libraries_2018.5.274/linux/mpi/intel64/lib -L/share/intel/2018u4/compilers_and_libraries_2018.5.274/linux/mpi/intel64/lib -Wl,-rpath,/work/mae-wenlw/lib/hdf5-1.12.1/lib -L/work/mae-wenlw/lib/hdf5-1.12.1/lib -Wl,-rpath,/share/intel/2018u4/compilers_and_libraries_2018.5.274/linux/tbb/lib/intel64_lin/gcc4.4 -L/share/intel/2018u4/compilers_and_libraries_2018.5.274/linux/tbb/lib/intel64_lin/gcc4.4 -Wl,-rpath,/share/intel/2018u4/compilers_and_libraries_2018.5.274/linux/daal/lib/intel64_lin -L/share/intel/2018u4/compilers_and_libraries_2018.5.274/linux/daal/lib/intel64_lin -Wl,-rpath,/share/intel/2018u4/compilers_and_libraries_2018.5.274/linux/tbb/lib/intel64/gcc4.4 -L/share/intel/2018u4/compilers_and_libraries_2018.5.274/linux/tbb/lib/intel64/gcc4.4 -Wl,-rpath,/share/intel/2018u4/compilers_and_libraries_2018.5.274/linux/compiler/lib/intel64 -L/share/intel/2018u4/compilers_and_libraries_2018.5.274/linux/compiler/lib/intel64 -Wl,-rpath,/share/intel/2018u4/compilers_and_libraries_2018.5.274/linux/ipp/lib/intel64 -L/share/intel/2018u4/compilers_and_libraries_2018.5.274/linux/ipp/lib/intel64 -Wl,-rpath,/share/intel/2018u4/compilers_and_libraries_2018.5.274/linux/compiler/lib/intel64_lin -L/share/intel/2018u4/compilers_and_libraries_2018.5.274/linux/compiler/lib/intel64_lin -Wl,-rpath,/usr/lib/gcc/x86_64-redhat-linux/4.8.5 -L/usr/lib/gcc/x86_64-redhat-linux/4.8.5 -Wl,-rpath,/opt/intel/mpi-rt/2017.0.0/intel64/lib/release_mt -Wl,-rpath,/opt/intel/mpi-rt/2017.0.0/intel64/lib -lHYPRE -lcmumps -ldmumps -lsmumps -lzmumps -lmumps_common -lpord -lmkl_blacs_intelmpi_lp64 -lmkl_scalapack_lp64 -lmkl_intel_lp64 -lmkl_core -lmkl_sequential -lpthread -lhdf5_hl -lhdf5 -lmetis -lX11 -lstdc++ -ldl -lmpifort -lmpi -lmpigi -lrt -lpthread -lifport -lifcoremt_pic -limf -lsvml -lm -lipgo -lirc -lgcc_s -lirc_s -lquadmath -lstdc++ -ldl
-----------------------------------------

