dx= 0.0003125 dt = 1e-08 its 100000002 CFL 0.1024
Mat time cost = 0.046753 s
iteration time cost = 441.930612 s
Vec Object: u_numeracal 16 MPI processes
  type: mpi
Process [0]
0.
9.95758e-05
0.000199152
0.000298727
0.000398302
0.000497877
0.000597452
0.000697025
0.000796599
0.000896171
0.000995742
0.00109531
0.00119488
0.00129445
0.00139402
0.00149358
0.00159315
0.00169271
0.00179227
0.00189183
0.00199139
0.00209094
0.0021905
0.00229005
0.0023896
0.00248915
0.00258869
0.00268823
0.00278777
0.00288731
0.00298684
0.00308637
0.0031859
0.00328543
0.00338495
0.00348447
0.00358398
0.0036835
0.003783
0.00388251
0.00398201
0.00408151
0.004181
0.00428049
0.00437997
0.00447946
0.00457893
0.0046784
0.00477787
0.00487733
0.00497679
0.00507625
0.0051757
0.00527514
0.00537458
0.00547401
0.00557344
0.00567286
0.00577228
0.00587169
0.0059711
0.0060705
0.00616989
0.00626928
0.00636866
0.00646804
0.00656741
0.00666677
0.00676613
0.00686548
0.00696482
0.00706416
0.00716349
0.00726282
0.00736213
0.00746144
0.00756074
0.00766004
0.00775933
0.00785861
0.00795788
0.00805715
0.0081564
0.00825565
0.00835489
0.00845413
0.00855335
0.00865257
0.00875178
0.00885098
0.00895017
0.00904935
0.00914853
0.00924769
0.00934685
0.009446
0.00954514
0.00964426
0.00974338
0.0098425
0.0099416
0.0100407
0.0101398
0.0102388
0.0103379
0.010437
0.010536
0.010635
0.0107341
0.0108331
0.0109321
0.0110311
0.01113
0.011229
0.011328
0.0114269
0.0115258
0.0116248
0.0117237
0.0118226
0.0119215
0.0120204
0.0121192
0.0122181
0.0123169
0.0124158
0.0125146
0.0126134
0.0127122
0.012811
0.0129097
0.0130085
0.0131073
0.013206
0.0133047
0.0134034
0.0135021
0.0136008
0.0136995
0.0137981
0.0138968
0.0139954
0.014094
0.0141926
0.0142912
0.0143898
0.0144883
0.0145869
0.0146854
0.0147839
0.0148824
0.0149809
0.0150794
0.0151779
0.0152763
0.0153748
0.0154732
0.0155716
0.01567
0.0157683
0.0158667
0.015965
0.0160634
0.0161617
0.01626
0.0163583
0.0164565
0.0165548
0.016653
0.0167512
0.0168494
0.0169476
0.0170458
0.0171439
0.0172421
0.0173402
0.0174383
0.0175364
0.0176344
0.0177325
0.0178305
0.0179285
0.0180265
0.0181245
0.0182225
0.0183204
0.0184183
0.0185163
0.0186142
0.018712
0.0188099
0.0189077
0.0190055
0.0191034
0.0192011
0.0192989
0.0193966
0.0194944
0.0195921
0.0196898
0.0197875
Process [1]
0.0198851
0.0199827
0.0200804
0.0201779
0.0202755
0.0203731
0.0204706
0.0205681
0.0206656
0.0207631
0.0208606
0.020958
0.0210554
0.0211528
0.0212502
0.0213475
0.0214449
0.0215422
0.0216395
0.0217368
0.021834
0.0219312
0.0220285
0.0221256
0.0222228
0.02232
0.0224171
0.0225142
0.0226113
0.0227083
0.0228054
0.0229024
0.0229994
0.0230963
0.0231933
0.0232902
0.0233871
0.023484
0.0235809
0.0236777
0.0237745
0.0238713
0.0239681
0.0240648
0.0241615
0.0242582
0.0243549
0.0244515
0.0245482
0.0246448
0.0247414
0.0248379
0.0249344
0.025031
0.0251274
0.0252239
0.0253203
0.0254167
0.0255131
0.0256095
0.0257058
0.0258021
0.0258984
0.0259947
0.0260909
0.0261871
0.0262833
0.0263795
0.0264756
0.0265717
0.0266678
0.0267639
0.0268599
0.0269559
0.0270519
0.0271479
0.0272438
0.0273397
0.0274356
0.0275314
0.0276272
0.027723
0.0278188
0.0279146
0.0280103
0.028106
0.0282016
0.0282973
0.0283929
0.0284885
0.028584
0.0286795
0.028775
0.0288705
0.0289659
0.0290614
0.0291567
0.0292521
0.0293474
0.0294427
0.029538
0.0296333
0.0297285
0.0298237
0.0299188
0.030014
0.0301091
0.0302041
0.0302992
0.0303942
0.0304892
0.0305841
0.0306791
0.030774
0.0308688
0.0309637
0.0310585
0.0311532
0.031248
0.0313427
0.0314374
0.031532
0.0316267
0.0317213
0.0318158
0.0319104
0.0320049
0.0320993
0.0321938
0.0322882
0.0323826
0.0324769
0.0325712
0.0326655
0.0327598
0.032854
0.0329482
0.0330424
0.0331365
0.0332306
0.0333247
0.0334187
0.0335127
0.0336066
0.0337006
0.0337945
0.0338884
0.0339822
0.034076
0.0341698
0.0342635
0.0343572
0.0344509
0.0345445
0.0346381
0.0347317
0.0348252
0.0349187
0.0350122
0.0351057
0.0351991
0.0352924
0.0353858
0.0354791
0.0355723
0.0356656
0.0357588
0.0358519
0.0359451
0.0360382
0.0361312
0.0362242
0.0363172
0.0364102
0.0365031
0.036596
0.0366889
0.0367817
0.0368744
0.0369672
0.0370599
0.0371526
0.0372452
0.0373378
0.0374304
0.0375229
0.0376154
0.0377079
0.0378003
0.0378927
0.037985
0.0380773
0.0381696
0.0382618
0.038354
0.0384462
0.0385383
0.0386304
0.0387225
0.0388145
Process [2]
0.0389065
0.0389984
0.0390903
0.0391822
0.039274
0.0393658
0.0394575
0.0395492
0.0396409
0.0397326
0.0398242
0.0399157
0.0400072
0.0400987
0.0401902
0.0402816
0.0403729
0.0404643
0.0405556
0.0406468
0.040738
0.0408292
0.0409203
0.0410114
0.0411025
0.0411935
0.0412844
0.0413754
0.0414663
0.0415571
0.0416479
0.0417387
0.0418295
0.0419201
0.0420108
0.0421014
0.042192
0.0422825
0.042373
0.0424635
0.0425539
0.0426442
0.0427346
0.0428248
0.0429151
0.0430053
0.0430954
0.0431856
0.0432756
0.0433657
0.0434557
0.0435456
0.0436355
0.0437254
0.0438152
0.043905
0.0439948
0.0440845
0.0441741
0.0442637
0.0443533
0.0444428
0.0445323
0.0446218
0.0447112
0.0448005
0.0448898
0.0449791
0.0450683
0.0451575
0.0452467
0.0453358
0.0454248
0.0455138
0.0456028
0.0456917
0.0457806
0.0458694
0.0459582
0.046047
0.0461357
0.0462243
0.0463129
0.0464015
0.04649
0.0465785
0.0466669
0.0467553
0.0468436
0.0469319
0.0470202
0.0471084
0.0471966
0.0472847
0.0473728
0.0474608
0.0475488
0.0476367
0.0477246
0.0478124
0.0479002
0.047988
0.0480757
0.0481633
0.0482509
0.0483385
0.048426
0.0485135
0.0486009
0.0486883
0.0487756
0.0488629
0.0489501
0.0490373
0.0491245
0.0492115
0.0492986
0.0493856
0.0494725
0.0495594
0.0496463
0.0497331
0.0498199
0.0499066
0.0499932
0.0500799
0.0501664
0.0502529
0.0503394
0.0504258
0.0505122
0.0505985
0.0506848
0.050771
0.0508572
0.0509433
0.0510294
0.0511155
0.0512014
0.0512874
0.0513733
0.0514591
0.0515449
0.0516306
0.0517163
0.0518019
0.0518875
0.051973
0.0520585
0.052144
0.0522293
0.0523147
0.0524
0.0524852
0.0525704
0.0526555
0.0527406
0.0528256
0.0529106
0.0529955
0.0530804
0.0531652
0.05325
0.0533347
0.0534194
0.053504
0.0535886
0.0536731
0.0537576
0.053842
0.0539263
0.0540107
0.0540949
0.0541791
0.0542633
0.0543474
0.0544314
0.0545154
0.0545994
0.0546832
0.0547671
0.0548509
0.0549346
0.0550183
0.0551019
0.0551855
0.055269
0.0553525
0.0554359
0.0555192
0.0556026
0.0556858
0.055769
0.0558521
0.0559352
0.0560183
0.0561013
0.0561842
0.0562671
0.0563499
Process [3]
0.0564327
0.0565154
0.056598
0.0566806
0.0567632
0.0568457
0.0569281
0.0570105
0.0570928
0.0571751
0.0572573
0.0573395
0.0574216
0.0575037
0.0575856
0.0576676
0.0577495
0.0578313
0.0579131
0.0579948
0.0580765
0.0581581
0.0582396
0.0583211
0.0584026
0.058484
0.0585653
0.0586465
0.0587278
0.0588089
0.05889
0.0589711
0.0590521
0.059133
0.0592139
0.0592947
0.0593754
0.0594561
0.0595368
0.0596174
0.0596979
0.0597784
0.0598588
0.0599391
0.0600194
0.0600997
0.0601799
0.06026
0.0603401
0.0604201
0.0605
0.0605799
0.0606597
0.0607395
0.0608192
0.0608989
0.0609785
0.061058
0.0611375
0.0612169
0.0612963
0.0613756
0.0614549
0.061534
0.0616132
0.0616922
0.0617712
0.0618502
0.0619291
0.0620079
0.0620867
0.0621654
0.062244
0.0623226
0.0624012
0.0624796
0.0625581
0.0626364
0.0627147
0.0627929
0.0628711
0.0629492
0.0630272
0.0631052
0.0631832
0.063261
0.0633388
0.0634166
0.0634942
0.0635719
0.0636494
0.0637269
0.0638044
0.0638817
0.063959
0.0640363
0.0641135
0.0641906
0.0642677
0.0643447
0.0644216
0.0644985
0.0645753
0.0646521
0.0647288
0.0648054
0.064882
0.0649585
0.0650349
0.0651113
0.0651876
0.0652639
0.0653401
0.0654162
0.0654923
0.0655683
0.0656442
0.0657201
0.0657959
0.0658716
0.0659473
0.066023
0.0660985
0.066174
0.0662494
0.0663248
0.0664001
0.0664754
0.0665505
0.0666256
0.0667007
0.0667757
0.0668506
0.0669254
0.0670002
0.067075
0.0671496
0.0672242
0.0672987
0.0673732
0.0674476
0.067522
0.0675962
0.0676704
0.0677446
0.0678186
0.0678927
0.0679666
0.0680405
0.0681143
0.068188
0.0682617
0.0683353
0.0684089
0.0684824
0.0685558
0.0686291
0.0687024
0.0687757
0.0688488
0.0689219
0.0689949
0.0690679
0.0691408
0.0692136
0.0692863
0.069359
0.0694316
0.0695042
0.0695767
0.0696491
0.0697215
0.0697937
0.069866
0.0699381
0.0700102
0.0700822
0.0701542
0.070226
0.0702979
0.0703696
0.0704413
0.0705129
0.0705844
0.0706559
0.0707273
0.0707987
0.0708699
0.0709411
0.0710123
0.0710833
0.0711543
0.0712252
0.0712961
0.0713669
0.0714376
0.0715083
0.0715788
0.0716494
0.0717198
Process [4]
0.0717902
0.0718605
0.0719307
0.0720009
0.072071
0.072141
0.072211
0.0722809
0.0723507
0.0724204
0.0724901
0.0725597
0.0726293
0.0726988
0.0727682
0.0728375
0.0729067
0.0729759
0.0730451
0.0731141
0.0731831
0.073252
0.0733208
0.0733896
0.0734583
0.0735269
0.0735955
0.073664
0.0737324
0.0738007
0.073869
0.0739372
0.0740053
0.0740734
0.0741414
0.0742093
0.0742771
0.0743449
0.0744126
0.0744802
0.0745478
0.0746153
0.0746827
0.07475
0.0748173
0.0748845
0.0749516
0.0750187
0.0750856
0.0751525
0.0752194
0.0752861
0.0753528
0.0754194
0.075486
0.0755525
0.0756189
0.0756852
0.0757514
0.0758176
0.0758837
0.0759498
0.0760157
0.0760816
0.0761474
0.0762132
0.0762788
0.0763444
0.0764099
0.0764754
0.0765408
0.0766061
0.0766713
0.0767364
0.0768015
0.0768665
0.0769314
0.0769963
0.0770611
0.0771258
0.0771904
0.077255
0.0773195
0.0773839
0.0774482
0.0775125
0.0775766
0.0776408
0.0777048
0.0777688
0.0778326
0.0778965
0.0779602
0.0780238
0.0780874
0.0781509
0.0782144
0.0782777
0.078341
0.0784042
0.0784674
0.0785304
0.0785934
0.0786563
0.0787191
0.0787819
0.0788446
0.0789072
0.0789697
0.0790321
0.0790945
0.0791568
0.079219
0.0792812
0.0793432
0.0794052
0.0794672
0.079529
0.0795908
0.0796524
0.079714
0.0797756
0.079837
0.0798984
0.0799597
0.0800209
0.0800821
0.0801431
0.0802041
0.0802651
0.0803259
0.0803867
0.0804473
0.0805079
0.0805685
0.0806289
0.0806893
0.0807496
0.0808098
0.0808699
0.08093
0.08099
0.0810499
0.0811097
0.0811695
0.0812291
0.0812887
0.0813482
0.0814077
0.081467
0.0815263
0.0815855
0.0816446
0.0817037
0.0817626
0.0818215
0.0818803
0.081939
0.0819977
0.0820563
0.0821148
0.0821732
0.0822315
0.0822897
0.0823479
0.082406
0.082464
0.082522
0.0825798
0.0826376
0.0826953
0.0827529
0.0828104
0.0828679
0.0829253
0.0829826
0.0830398
0.0830969
0.083154
0.083211
0.0832679
0.0833247
0.0833814
0.0834381
0.0834946
0.0835511
0.0836075
0.0836639
0.0837201
0.0837763
0.0838324
0.0838884
0.0839443
0.0840002
0.0840559
0.0841116
0.0841672
0.0842228
0.0842782
0.0843336
Process [5]
0.0843889
0.0844441
0.0844992
0.0845542
0.0846092
0.084664
0.0847188
0.0847735
0.0848282
0.0848827
0.0849372
0.0849916
0.0850459
0.0851001
0.0851542
0.0852083
0.0852622
0.0853161
0.0853699
0.0854237
0.0854773
0.0855309
0.0855844
0.0856378
0.0856911
0.0857443
0.0857974
0.0858505
0.0859035
0.0859564
0.0860092
0.0860619
0.0861146
0.0861672
0.0862197
0.0862721
0.0863244
0.0863766
0.0864288
0.0864808
0.0865328
0.0865847
0.0866365
0.0866883
0.0867399
0.0867915
0.086843
0.0868944
0.0869457
0.0869969
0.0870481
0.0870992
0.0871501
0.087201
0.0872519
0.0873026
0.0873532
0.0874038
0.0874543
0.0875047
0.087555
0.0876052
0.0876553
0.0877054
0.0877554
0.0878053
0.0878551
0.0879048
0.0879544
0.088004
0.0880534
0.0881028
0.0881521
0.0882013
0.0882504
0.0882995
0.0883484
0.0883973
0.0884461
0.0884948
0.0885434
0.0885919
0.0886403
0.0886887
0.088737
0.0887852
0.0888333
0.0888813
0.0889292
0.088977
0.0890248
0.0890725
0.08912
0.0891675
0.089215
0.0892623
0.0893095
0.0893567
0.0894038
0.0894507
0.0894976
0.0895444
0.0895912
0.0896378
0.0896844
0.0897308
0.0897772
0.0898235
0.0898697
0.0899158
0.0899618
0.0900078
0.0900537
0.0900994
0.0901451
0.0901907
0.0902362
0.0902816
0.090327
0.0903722
0.0904174
0.0904625
0.0905075
0.0905524
0.0905972
0.0906419
0.0906865
0.0907311
0.0907756
0.0908199
0.0908642
0.0909084
0.0909525
0.0909966
0.0910405
0.0910844
0.0911281
0.0911718
0.0912154
0.0912589
0.0913023
0.0913456
0.0913889
0.091432
0.0914751
0.091518
0.0915609
0.0916037
0.0916464
0.091689
0.0917316
0.091774
0.0918164
0.0918586
0.0919008
0.0919429
0.0919849
0.0920268
0.0920686
0.0921103
0.092152
0.0921935
0.092235
0.0922764
0.0923177
0.0923589
0.0924
0.092441
0.0924819
0.0925228
0.0925635
0.0926042
0.0926448
0.0926853
0.0927257
0.092766
0.0928062
0.0928463
0.0928864
0.0929263
0.0929662
0.0930059
0.0930456
0.0930852
0.0931247
0.0931641
0.0932034
0.0932427
0.0932818
0.0933209
0.0933598
0.0933987
0.0934375
0.0934762
0.0935148
0.0935533
0.0935917
0.09363
0.0936683
0.0937064
Process [6]
0.0937445
0.0937825
0.0938204
0.0938581
0.0938958
0.0939335
0.093971
0.0940084
0.0940457
0.094083
0.0941201
0.0941572
0.0941942
0.0942311
0.0942679
0.0943046
0.0943412
0.0943777
0.0944141
0.0944505
0.0944867
0.0945229
0.0945589
0.0945949
0.0946308
0.0946666
0.0947023
0.0947379
0.0947734
0.0948088
0.0948442
0.0948794
0.0949145
0.0949496
0.0949846
0.0950195
0.0950542
0.0950889
0.0951235
0.095158
0.0951925
0.0952268
0.095261
0.0952952
0.0953292
0.0953632
0.0953971
0.0954308
0.0954645
0.0954981
0.0955316
0.095565
0.0955983
0.0956316
0.0956647
0.0956977
0.0957307
0.0957635
0.0957963
0.095829
0.0958615
0.095894
0.0959264
0.0959587
0.0959909
0.096023
0.0960551
0.096087
0.0961188
0.0961506
0.0961822
0.0962138
0.0962453
0.0962766
0.0963079
0.0963391
0.0963702
0.0964012
0.0964321
0.0964629
0.0964936
0.0965243
0.0965548
0.0965853
0.0966156
0.0966459
0.096676
0.0967061
0.0967361
0.096766
0.0967958
0.0968255
0.0968551
0.0968846
0.096914
0.0969433
0.0969726
0.0970017
0.0970308
0.0970597
0.0970886
0.0971173
0.097146
0.0971746
0.0972031
0.0972315
0.0972597
0.097288
0.0973161
0.0973441
0.097372
0.0973998
0.0974276
0.0974552
0.0974827
0.0975102
0.0975376
0.0975648
0.097592
0.0976191
0.097646
0.0976729
0.0976997
0.0977264
0.097753
0.0977795
0.097806
0.0978323
0.0978585
0.0978846
0.0979107
0.0979366
0.0979625
0.0979882
0.0980139
0.0980395
0.0980649
0.0980903
0.0981156
0.0981408
0.0981659
0.0981909
0.0982158
0.0982406
0.0982653
0.0982899
0.0983145
0.0983389
0.0983632
0.0983875
0.0984116
0.0984357
0.0984596
0.0984835
0.0985073
0.0985309
0.0985545
0.098578
0.0986014
0.0986247
0.0986479
0.098671
0.098694
0.0987169
0.0987397
0.0987624
0.0987851
0.0988076
0.09883
0.0988524
0.0988746
0.0988968
0.0989188
0.0989408
0.0989627
0.0989844
0.0990061
0.0990277
0.0990492
0.0990706
0.0990918
0.099113
0.0991341
0.0991551
0.0991761
0.0991969
0.0992176
0.0992382
0.0992587
0.0992792
0.0992995
0.0993198
0.0993399
0.0993599
0.0993799
0.0993998
0.0994195
0.0994392
0.0994588
0.0994782
Process [7]
0.0994976
0.0995169
0.0995361
0.0995552
0.0995742
0.0995931
0.0996119
0.0996306
0.0996492
0.0996677
0.0996861
0.0997044
0.0997227
0.0997408
0.0997588
0.0997768
0.0997946
0.0998124
0.09983
0.0998476
0.099865
0.0998824
0.0998996
0.0999168
0.0999339
0.0999509
0.0999677
0.0999845
0.100001
0.100018
0.100034
0.100051
0.100067
0.100083
0.100099
0.100115
0.100131
0.100147
0.100163
0.100178
0.100194
0.100209
0.100225
0.10024
0.100255
0.10027
0.100285
0.1003
0.100315
0.100329
0.100344
0.100358
0.100373
0.100387
0.100401
0.100415
0.100429
0.100443
0.100457
0.100471
0.100484
0.100498
0.100511
0.100524
0.100538
0.100551
0.100564
0.100577
0.100589
0.100602
0.100615
0.100627
0.10064
0.100652
0.100664
0.100676
0.100689
0.1007
0.100712
0.100724
0.100736
0.100747
0.100759
0.10077
0.100781
0.100793
0.100804
0.100815
0.100825
0.100836
0.100847
0.100858
0.100868
0.100878
0.100889
0.100899
0.100909
0.100919
0.100929
0.100939
0.100948
0.100958
0.100968
0.100977
0.100986
0.100996
0.101005
0.101014
0.101023
0.101031
0.10104
0.101049
0.101057
0.101066
0.101074
0.101082
0.101091
0.101099
0.101107
0.101114
0.101122
0.10113
0.101137
0.101145
0.101152
0.10116
0.101167
0.101174
0.101181
0.101188
0.101194
0.101201
0.101208
0.101214
0.101221
0.101227
0.101233
0.101239
0.101245
0.101251
0.101257
0.101263
0.101268
0.101274
0.101279
0.101285
0.10129
0.101295
0.1013
0.101305
0.10131
0.101315
0.101319
0.101324
0.101328
0.101333
0.101337
0.101341
0.101345
0.101349
0.101353
0.101357
0.10136
0.101364
0.101367
0.101371
0.101374
0.101377
0.10138
0.101383
0.101386
0.101389
0.101391
0.101394
0.101397
0.101399
0.101401
0.101403
0.101406
0.101408
0.101409
0.101411
0.101413
0.101415
0.101416
0.101418
0.101419
0.10142
0.101421
0.101422
0.101423
0.101424
0.101425
0.101425
0.101426
0.101426
0.101427
0.101427
0.101427
0.101427
Process [8]
0.101427
0.101427
0.101427
0.101426
0.101426
0.101425
0.101425
0.101424
0.101423
0.101422
0.101421
0.10142
0.101419
0.101418
0.101416
0.101415
0.101413
0.101411
0.101409
0.101408
0.101406
0.101403
0.101401
0.101399
0.101397
0.101394
0.101391
0.101389
0.101386
0.101383
0.10138
0.101377
0.101374
0.101371
0.101367
0.101364
0.10136
0.101357
0.101353
0.101349
0.101345
0.101341
0.101337
0.101333
0.101328
0.101324
0.101319
0.101315
0.10131
0.101305
0.1013
0.101295
0.10129
0.101285
0.101279
0.101274
0.101268
0.101263
0.101257
0.101251
0.101245
0.101239
0.101233
0.101227
0.101221
0.101214
0.101208
0.101201
0.101194
0.101188
0.101181
0.101174
0.101167
0.10116
0.101152
0.101145
0.101137
0.10113
0.101122
0.101114
0.101107
0.101099
0.101091
0.101082
0.101074
0.101066
0.101057
0.101049
0.10104
0.101031
0.101023
0.101014
0.101005
0.100996
0.100986
0.100977
0.100968
0.100958
0.100948
0.100939
0.100929
0.100919
0.100909
0.100899
0.100889
0.100878
0.100868
0.100858
0.100847
0.100836
0.100825
0.100815
0.100804
0.100793
0.100781
0.10077
0.100759
0.100747
0.100736
0.100724
0.100712
0.1007
0.100689
0.100676
0.100664
0.100652
0.10064
0.100627
0.100615
0.100602
0.100589
0.100577
0.100564
0.100551
0.100538
0.100524
0.100511
0.100498
0.100484
0.100471
0.100457
0.100443
0.100429
0.100415
0.100401
0.100387
0.100373
0.100358
0.100344
0.100329
0.100315
0.1003
0.100285
0.10027
0.100255
0.10024
0.100225
0.100209
0.100194
0.100178
0.100163
0.100147
0.100131
0.100115
0.100099
0.100083
0.100067
0.100051
0.100034
0.100018
0.100001
0.0999845
0.0999677
0.0999509
0.0999339
0.0999168
0.0998996
0.0998824
0.099865
0.0998476
0.09983
0.0998124
0.0997946
0.0997768
0.0997588
0.0997408
0.0997227
0.0997044
0.0996861
0.0996677
0.0996492
0.0996306
0.0996119
0.0995931
0.0995742
0.0995552
0.0995361
0.0995169
0.0994976
0.0994782
Process [9]
0.0994588
0.0994392
0.0994195
0.0993998
0.0993799
0.0993599
0.0993399
0.0993198
0.0992995
0.0992792
0.0992587
0.0992382
0.0992176
0.0991969
0.0991761
0.0991551
0.0991341
0.099113
0.0990918
0.0990706
0.0990492
0.0990277
0.0990061
0.0989844
0.0989627
0.0989408
0.0989188
0.0988968
0.0988746
0.0988524
0.09883
0.0988076
0.0987851
0.0987624
0.0987397
0.0987169
0.098694
0.098671
0.0986479
0.0986247
0.0986014
0.098578
0.0985545
0.0985309
0.0985073
0.0984835
0.0984596
0.0984357
0.0984116
0.0983875
0.0983632
0.0983389
0.0983145
0.0982899
0.0982653
0.0982406
0.0982158
0.0981909
0.0981659
0.0981408
0.0981156
0.0980903
0.0980649
0.0980395
0.0980139
0.0979882
0.0979625
0.0979366
0.0979107
0.0978846
0.0978585
0.0978323
0.097806
0.0977795
0.097753
0.0977264
0.0976997
0.0976729
0.097646
0.0976191
0.097592
0.0975648
0.0975376
0.0975102
0.0974827
0.0974552
0.0974276
0.0973998
0.097372
0.0973441
0.0973161
0.097288
0.0972597
0.0972315
0.0972031
0.0971746
0.097146
0.0971173
0.0970886
0.0970597
0.0970308
0.0970017
0.0969726
0.0969433
0.096914
0.0968846
0.0968551
0.0968255
0.0967958
0.096766
0.0967361
0.0967061
0.096676
0.0966459
0.0966156
0.0965853
0.0965548
0.0965243
0.0964936
0.0964629
0.0964321
0.0964012
0.0963702
0.0963391
0.0963079
0.0962766
0.0962453
0.0962138
0.0961822
0.0961506
0.0961188
0.096087
0.0960551
0.096023
0.0959909
0.0959587
0.0959264
0.095894
0.0958615
0.095829
0.0957963
0.0957635
0.0957307
0.0956977
0.0956647
0.0956316
0.0955983
0.095565
0.0955316
0.0954981
0.0954645
0.0954308
0.0953971
0.0953632
0.0953292
0.0952952
0.095261
0.0952268
0.0951925
0.095158
0.0951235
0.0950889
0.0950542
0.0950195
0.0949846
0.0949496
0.0949145
0.0948794
0.0948442
0.0948088
0.0947734
0.0947379
0.0947023
0.0946666
0.0946308
0.0945949
0.0945589
0.0945229
0.0944867
0.0944505
0.0944141
0.0943777
0.0943412
0.0943046
0.0942679
0.0942311
0.0941942
0.0941572
0.0941201
0.094083
0.0940457
0.0940084
0.093971
0.0939335
0.0938958
0.0938581
0.0938204
0.0937825
0.0937445
0.0937064
Process [10]
0.0936683
0.09363
0.0935917
0.0935533
0.0935148
0.0934762
0.0934375
0.0933987
0.0933598
0.0933209
0.0932818
0.0932427
0.0932034
0.0931641
0.0931247
0.0930852
0.0930456
0.0930059
0.0929662
0.0929263
0.0928864
0.0928463
0.0928062
0.092766
0.0927257
0.0926853
0.0926448
0.0926042
0.0925635
0.0925228
0.0924819
0.092441
0.0924
0.0923589
0.0923177
0.0922764
0.092235
0.0921935
0.092152
0.0921103
0.0920686
0.0920268
0.0919849
0.0919429
0.0919008
0.0918586
0.0918164
0.091774
0.0917316
0.091689
0.0916464
0.0916037
0.0915609
0.091518
0.0914751
0.091432
0.0913889
0.0913456
0.0913023
0.0912589
0.0912154
0.0911718
0.0911281
0.0910844
0.0910405
0.0909966
0.0909525
0.0909084
0.0908642
0.0908199
0.0907756
0.0907311
0.0906865
0.0906419
0.0905972
0.0905524
0.0905075
0.0904625
0.0904174
0.0903722
0.090327
0.0902816
0.0902362
0.0901907
0.0901451
0.0900994
0.0900537
0.0900078
0.0899618
0.0899158
0.0898697
0.0898235
0.0897772
0.0897308
0.0896844
0.0896378
0.0895912
0.0895444
0.0894976
0.0894507
0.0894038
0.0893567
0.0893095
0.0892623
0.089215
0.0891675
0.08912
0.0890725
0.0890248
0.088977
0.0889292
0.0888813
0.0888333
0.0887852
0.088737
0.0886887
0.0886403
0.0885919
0.0885434
0.0884948
0.0884461
0.0883973
0.0883484
0.0882995
0.0882504
0.0882013
0.0881521
0.0881028
0.0880534
0.088004
0.0879544
0.0879048
0.0878551
0.0878053
0.0877554
0.0877054
0.0876553
0.0876052
0.087555
0.0875047
0.0874543
0.0874038
0.0873532
0.0873026
0.0872519
0.087201
0.0871501
0.0870992
0.0870481
0.0869969
0.0869457
0.0868944
0.086843
0.0867915
0.0867399
0.0866883
0.0866365
0.0865847
0.0865328
0.0864808
0.0864288
0.0863766
0.0863244
0.0862721
0.0862197
0.0861672
0.0861146
0.0860619
0.0860092
0.0859564
0.0859035
0.0858505
0.0857974
0.0857443
0.0856911
0.0856378
0.0855844
0.0855309
0.0854773
0.0854237
0.0853699
0.0853161
0.0852622
0.0852083
0.0851542
0.0851001
0.0850459
0.0849916
0.0849372
0.0848827
0.0848282
0.0847735
0.0847188
0.084664
0.0846092
0.0845542
0.0844992
0.0844441
0.0843889
0.0843336
Process [11]
0.0842782
0.0842228
0.0841672
0.0841116
0.0840559
0.0840002
0.0839443
0.0838884
0.0838324
0.0837763
0.0837201
0.0836639
0.0836075
0.0835511
0.0834946
0.0834381
0.0833814
0.0833247
0.0832679
0.083211
0.083154
0.0830969
0.0830398
0.0829826
0.0829253
0.0828679
0.0828104
0.0827529
0.0826953
0.0826376
0.0825798
0.082522
0.082464
0.082406
0.0823479
0.0822897
0.0822315
0.0821732
0.0821148
0.0820563
0.0819977
0.081939
0.0818803
0.0818215
0.0817626
0.0817037
0.0816446
0.0815855
0.0815263
0.081467
0.0814077
0.0813482
0.0812887
0.0812291
0.0811695
0.0811097
0.0810499
0.08099
0.08093
0.0808699
0.0808098
0.0807496
0.0806893
0.0806289
0.0805685
0.0805079
0.0804473
0.0803867
0.0803259
0.0802651
0.0802041
0.0801431
0.0800821
0.0800209
0.0799597
0.0798984
0.079837
0.0797756
0.079714
0.0796524
0.0795908
0.079529
0.0794672
0.0794052
0.0793432
0.0792812
0.079219
0.0791568
0.0790945
0.0790321
0.0789697
0.0789072
0.0788446
0.0787819
0.0787191
0.0786563
0.0785934
0.0785304
0.0784674
0.0784042
0.078341
0.0782777
0.0782144
0.0781509
0.0780874
0.0780238
0.0779602
0.0778965
0.0778326
0.0777688
0.0777048
0.0776408
0.0775766
0.0775125
0.0774482
0.0773839
0.0773195
0.077255
0.0771904
0.0771258
0.0770611
0.0769963
0.0769314
0.0768665
0.0768015
0.0767364
0.0766713
0.0766061
0.0765408
0.0764754
0.0764099
0.0763444
0.0762788
0.0762132
0.0761474
0.0760816
0.0760157
0.0759498
0.0758837
0.0758176
0.0757514
0.0756852
0.0756189
0.0755525
0.075486
0.0754194
0.0753528
0.0752861
0.0752194
0.0751525
0.0750856
0.0750187
0.0749516
0.0748845
0.0748173
0.07475
0.0746827
0.0746153
0.0745478
0.0744802
0.0744126
0.0743449
0.0742771
0.0742093
0.0741414
0.0740734
0.0740053
0.0739372
0.073869
0.0738007
0.0737324
0.073664
0.0735955
0.0735269
0.0734583
0.0733896
0.0733208
0.073252
0.0731831
0.0731141
0.0730451
0.0729759
0.0729067
0.0728375
0.0727682
0.0726988
0.0726293
0.0725597
0.0724901
0.0724204
0.0723507
0.0722809
0.072211
0.072141
0.072071
0.0720009
0.0719307
0.0718605
0.0717902
0.0717198
Process [12]
0.0716494
0.0715788
0.0715083
0.0714376
0.0713669
0.0712961
0.0712252
0.0711543
0.0710833
0.0710123
0.0709411
0.0708699
0.0707987
0.0707273
0.0706559
0.0705844
0.0705129
0.0704413
0.0703696
0.0702979
0.070226
0.0701542
0.0700822
0.0700102
0.0699381
0.069866
0.0697937
0.0697215
0.0696491
0.0695767
0.0695042
0.0694316
0.069359
0.0692863
0.0692136
0.0691408
0.0690679
0.0689949
0.0689219
0.0688488
0.0687757
0.0687024
0.0686291
0.0685558
0.0684824
0.0684089
0.0683353
0.0682617
0.068188
0.0681143
0.0680405
0.0679666
0.0678927
0.0678186
0.0677446
0.0676704
0.0675962
0.067522
0.0674476
0.0673732
0.0672987
0.0672242
0.0671496
0.067075
0.0670002
0.0669254
0.0668506
0.0667757
0.0667007
0.0666256
0.0665505
0.0664754
0.0664001
0.0663248
0.0662494
0.066174
0.0660985
0.066023
0.0659473
0.0658716
0.0657959
0.0657201
0.0656442
0.0655683
0.0654923
0.0654162
0.0653401
0.0652639
0.0651876
0.0651113
0.0650349
0.0649585
0.064882
0.0648054
0.0647288
0.0646521
0.0645753
0.0644985
0.0644216
0.0643447
0.0642677
0.0641906
0.0641135
0.0640363
0.063959
0.0638817
0.0638044
0.0637269
0.0636494
0.0635719
0.0634942
0.0634166
0.0633388
0.063261
0.0631832
0.0631052
0.0630272
0.0629492
0.0628711
0.0627929
0.0627147
0.0626364
0.0625581
0.0624796
0.0624012
0.0623226
0.062244
0.0621654
0.0620867
0.0620079
0.0619291
0.0618502
0.0617712
0.0616922
0.0616132
0.061534
0.0614549
0.0613756
0.0612963
0.0612169
0.0611375
0.061058
0.0609785
0.0608989
0.0608192
0.0607395
0.0606597
0.0605799
0.0605
0.0604201
0.0603401
0.06026
0.0601799
0.0600997
0.0600194
0.0599391
0.0598588
0.0597784
0.0596979
0.0596174
0.0595368
0.0594561
0.0593754
0.0592947
0.0592139
0.059133
0.0590521
0.0589711
0.05889
0.0588089
0.0587278
0.0586465
0.0585653
0.058484
0.0584026
0.0583211
0.0582396
0.0581581
0.0580765
0.0579948
0.0579131
0.0578313
0.0577495
0.0576676
0.0575856
0.0575037
0.0574216
0.0573395
0.0572573
0.0571751
0.0570928
0.0570105
0.0569281
0.0568457
0.0567632
0.0566806
0.056598
0.0565154
0.0564327
0.0563499
Process [13]
0.0562671
0.0561842
0.0561013
0.0560183
0.0559352
0.0558521
0.055769
0.0556858
0.0556026
0.0555192
0.0554359
0.0553525
0.055269
0.0551855
0.0551019
0.0550183
0.0549346
0.0548509
0.0547671
0.0546832
0.0545994
0.0545154
0.0544314
0.0543474
0.0542633
0.0541791
0.0540949
0.0540107
0.0539263
0.053842
0.0537576
0.0536731
0.0535886
0.053504
0.0534194
0.0533347
0.05325
0.0531652
0.0530804
0.0529955
0.0529106
0.0528256
0.0527406
0.0526555
0.0525704
0.0524852
0.0524
0.0523147
0.0522293
0.052144
0.0520585
0.051973
0.0518875
0.0518019
0.0517163
0.0516306
0.0515449
0.0514591
0.0513733
0.0512874
0.0512014
0.0511155
0.0510294
0.0509433
0.0508572
0.050771
0.0506848
0.0505985
0.0505122
0.0504258
0.0503394
0.0502529
0.0501664
0.0500799
0.0499932
0.0499066
0.0498199
0.0497331
0.0496463
0.0495594
0.0494725
0.0493856
0.0492986
0.0492115
0.0491245
0.0490373
0.0489501
0.0488629
0.0487756
0.0486883
0.0486009
0.0485135
0.048426
0.0483385
0.0482509
0.0481633
0.0480757
0.047988
0.0479002
0.0478124
0.0477246
0.0476367
0.0475488
0.0474608
0.0473728
0.0472847
0.0471966
0.0471084
0.0470202
0.0469319
0.0468436
0.0467553
0.0466669
0.0465785
0.04649
0.0464015
0.0463129
0.0462243
0.0461357
0.046047
0.0459582
0.0458694
0.0457806
0.0456917
0.0456028
0.0455138
0.0454248
0.0453358
0.0452467
0.0451575
0.0450683
0.0449791
0.0448898
0.0448005
0.0447112
0.0446218
0.0445323
0.0444428
0.0443533
0.0442637
0.0441741
0.0440845
0.0439948
0.043905
0.0438152
0.0437254
0.0436355
0.0435456
0.0434557
0.0433657
0.0432756
0.0431856
0.0430954
0.0430053
0.0429151
0.0428248
0.0427346
0.0426442
0.0425539
0.0424635
0.042373
0.0422825
0.042192
0.0421014
0.0420108
0.0419201
0.0418295
0.0417387
0.0416479
0.0415571
0.0414663
0.0413754
0.0412844
0.0411935
0.0411025
0.0410114
0.0409203
0.0408292
0.040738
0.0406468
0.0405556
0.0404643
0.0403729
0.0402816
0.0401902
0.0400987
0.0400072
0.0399157
0.0398242
0.0397326
0.0396409
0.0395492
0.0394575
0.0393658
0.039274
0.0391822
0.0390903
0.0389984
0.0389065
0.0388145
Process [14]
0.0387225
0.0386304
0.0385383
0.0384462
0.038354
0.0382618
0.0381696
0.0380773
0.037985
0.0378927
0.0378003
0.0377079
0.0376154
0.0375229
0.0374304
0.0373378
0.0372452
0.0371526
0.0370599
0.0369672
0.0368744
0.0367817
0.0366889
0.036596
0.0365031
0.0364102
0.0363172
0.0362242
0.0361312
0.0360382
0.0359451
0.0358519
0.0357588
0.0356656
0.0355723
0.0354791
0.0353858
0.0352924
0.0351991
0.0351057
0.0350122
0.0349187
0.0348252
0.0347317
0.0346381
0.0345445
0.0344509
0.0343572
0.0342635
0.0341698
0.034076
0.0339822
0.0338884
0.0337945
0.0337006
0.0336066
0.0335127
0.0334187
0.0333247
0.0332306
0.0331365
0.0330424
0.0329482
0.032854
0.0327598
0.0326655
0.0325712
0.0324769
0.0323826
0.0322882
0.0321938
0.0320993
0.0320049
0.0319104
0.0318158
0.0317213
0.0316267
0.031532
0.0314374
0.0313427
0.031248
0.0311532
0.0310585
0.0309637
0.0308688
0.030774
0.0306791
0.0305841
0.0304892
0.0303942
0.0302992
0.0302041
0.0301091
0.030014
0.0299188
0.0298237
0.0297285
0.0296333
0.029538
0.0294427
0.0293474
0.0292521
0.0291567
0.0290614
0.0289659
0.0288705
0.028775
0.0286795
0.028584
0.0284885
0.0283929
0.0282973
0.0282016
0.028106
0.0280103
0.0279146
0.0278188
0.027723
0.0276272
0.0275314
0.0274356
0.0273397
0.0272438
0.0271479
0.0270519
0.0269559
0.0268599
0.0267639
0.0266678
0.0265717
0.0264756
0.0263795
0.0262833
0.0261871
0.0260909
0.0259947
0.0258984
0.0258021
0.0257058
0.0256095
0.0255131
0.0254167
0.0253203
0.0252239
0.0251274
0.025031
0.0249344
0.0248379
0.0247414
0.0246448
0.0245482
0.0244515
0.0243549
0.0242582
0.0241615
0.0240648
0.0239681
0.0238713
0.0237745
0.0236777
0.0235809
0.023484
0.0233871
0.0232902
0.0231933
0.0230963
0.0229994
0.0229024
0.0228054
0.0227083
0.0226113
0.0225142
0.0224171
0.02232
0.0222228
0.0221256
0.0220285
0.0219312
0.021834
0.0217368
0.0216395
0.0215422
0.0214449
0.0213475
0.0212502
0.0211528
0.0210554
0.020958
0.0208606
0.0207631
0.0206656
0.0205681
0.0204706
0.0203731
0.0202755
0.0201779
0.0200804
0.0199827
0.0198851
0.0197875
Process [15]
0.0196898
0.0195921
0.0194944
0.0193966
0.0192989
0.0192011
0.0191034
0.0190055
0.0189077
0.0188099
0.018712
0.0186142
0.0185163
0.0184183
0.0183204
0.0182225
0.0181245
0.0180265
0.0179285
0.0178305
0.0177325
0.0176344
0.0175364
0.0174383
0.0173402
0.0172421
0.0171439
0.0170458
0.0169476
0.0168494
0.0167512
0.016653
0.0165548
0.0164565
0.0163583
0.01626
0.0161617
0.0160634
0.015965
0.0158667
0.0157683
0.01567
0.0155716
0.0154732
0.0153748
0.0152763
0.0151779
0.0150794
0.0149809
0.0148824
0.0147839
0.0146854
0.0145869
0.0144883
0.0143898
0.0142912
0.0141926
0.014094
0.0139954
0.0138968
0.0137981
0.0136995
0.0136008
0.0135021
0.0134034
0.0133047
0.013206
0.0131073
0.0130085
0.0129097
0.012811
0.0127122
0.0126134
0.0125146
0.0124158
0.0123169
0.0122181
0.0121192
0.0120204
0.0119215
0.0118226
0.0117237
0.0116248
0.0115258
0.0114269
0.011328
0.011229
0.01113
0.0110311
0.0109321
0.0108331
0.0107341
0.010635
0.010536
0.010437
0.0103379
0.0102388
0.0101398
0.0100407
0.0099416
0.0098425
0.00974338
0.00964426
0.00954514
0.009446
0.00934685
0.00924769
0.00914853
0.00904935
0.00895017
0.00885098
0.00875178
0.00865257
0.00855335
0.00845413
0.00835489
0.00825565
0.0081564
0.00805715
0.00795788
0.00785861
0.00775933
0.00766004
0.00756074
0.00746144
0.00736213
0.00726282
0.00716349
0.00706416
0.00696482
0.00686548
0.00676613
0.00666677
0.00656741
0.00646804
0.00636866
0.00626928
0.00616989
0.0060705
0.0059711
0.00587169
0.00577228
0.00567286
0.00557344
0.00547401
0.00537458
0.00527514
0.0051757
0.00507625
0.00497679
0.00487733
0.00477787
0.0046784
0.00457893
0.00447946
0.00437997
0.00428049
0.004181
0.00408151
0.00398201
0.00388251
0.003783
0.0036835
0.00358398
0.00348447
0.00338495
0.00328543
0.0031859
0.00308637
0.00298684
0.00288731
0.00278777
0.00268823
0.00258869
0.00248915
0.0023896
0.00229005
0.0021905
0.00209094
0.00199139
0.00189183
0.00179227
0.00169271
0.00159315
0.00149358
0.00139402
0.00129445
0.00119488
0.00109531
0.000995742
0.000896171
0.000796599
0.000697025
0.000597452
0.000497877
0.000398302
0.000298727
0.000199152
9.95758e-05
0.
************************************************************************************************************************
***             WIDEN YOUR WINDOW TO 120 CHARACTERS.  Use 'enscript -r -fCourier9' to print this document            ***
************************************************************************************************************************

---------------------------------------------- PETSc Performance Summary: ----------------------------------------------

./explicit_no.out on a  named r01n06 with 16 processors, by mae-wenlw Thu Jun  9 16:50:40 2022
Using Petsc Release Version 3.16.6, Mar 30, 2022 

                         Max       Max/Min     Avg       Total
Time (sec):           4.420e+02     1.000   4.420e+02
Objects:              1.500e+01     1.000   1.500e+01
Flop:                 1.200e+11     1.005   1.200e+11  1.919e+12
Flop/sec:             2.715e+08     1.005   2.714e+08  4.342e+09
MPI Messages:         2.000e+08     2.000   1.875e+08  3.000e+09
MPI Message Lengths:  1.600e+09     2.000   8.000e+00  2.400e+10
MPI Reductions:       3.400e+01     1.000

Flop counting convention: 1 flop = 1 real number operation of type (multiply/divide/add/subtract)
                            e.g., VecAXPY() for real vectors of length N --> 2N flop
                            and VecAXPY() for complex vectors of length N --> 8N flop

Summary of Stages:   ----- Time ------  ----- Flop ------  --- Messages ---  -- Message Lengths --  -- Reductions --
                        Avg     %Total     Avg     %Total    Count   %Total     Avg         %Total    Count   %Total
 0:      Main Stage: 4.4201e+02 100.0%  1.9194e+12 100.0%  3.000e+09 100.0%  8.000e+00      100.0%  1.600e+01  47.1%

------------------------------------------------------------------------------------------------------------------------
See the 'Profiling' chapter of the users' manual for details on interpreting output.
Phase summary info:
   Count: number of times phase was executed
   Time and Flop: Max - maximum over all processors
                  Ratio - ratio of maximum to minimum over all processors
   Mess: number of messages sent
   AvgLen: average message length (bytes)
   Reduct: number of global reductions
   Global: entire computation
   Stage: stages of a computation. Set stages with PetscLogStagePush() and PetscLogStagePop().
      %T - percent time in this phase         %F - percent flop in this phase
      %M - percent messages in this phase     %L - percent message lengths in this phase
      %R - percent reductions in this phase
   Total Mflop/s: 10e-6 * (sum of flop over all processors)/(max time over all processors)
------------------------------------------------------------------------------------------------------------------------
Event                Count      Time (sec)     Flop                              --- Global ---  --- Stage ----  Total
                   Max Ratio  Max     Ratio   Max  Ratio  Mess   AvgLen  Reduct  %T %F %M %L %R  %T %F %M %L %R Mflop/s
------------------------------------------------------------------------------------------------------------------------

--- Event Stage 0: Main Stage

BuildTwoSided          4 1.0 1.4660e-03 2.5 0.00e+00 0.0 5.1e+02 1.2e+01 4.0e+00  0  0  0  0 12   0  0  0  0 25     0
BuildTwoSidedF         3 1.0 3.0968e-03 2.8 0.00e+00 0.0 1.4e+03 8.0e+02 3.0e+00  0  0  0  0  9   0  0  0  0 19     0
VecView                1 1.0 9.5439e-03 7.8 0.00e+00 0.0 1.5e+01 1.6e+03 0.0e+00  0  0  0  0  0   0  0  0  0  0     0
VecCopy          200000005 1.0 3.0385e+01 1.3 0.00e+00 0.0 0.0e+00 0.0e+00 0.0e+00  6  0  0  0  0   6  0  0  0  0     0
VecSet                 1 1.0 4.1571e-03217.9 0.00e+00 0.0 0.0e+00 0.0e+00 0.0e+00  0  0  0  0  0   0  0  0  0  0     0
VecAssemblyBegin       2 1.0 3.5250e-03 4.2 0.00e+00 0.0 1.4e+03 8.0e+02 2.0e+00  0  0  0  0  6   0  0  0  0 12     0
VecAssemblyEnd         2 1.0 3.5501e-04 1.5 0.00e+00 0.0 0.0e+00 0.0e+00 0.0e+00  0  0  0  0  0   0  0  0  0  0     0
VecScatterBegin  100000002 1.0 1.3668e+02 1.9 0.00e+00 0.0 3.0e+09 8.0e+00 1.0e+00 24  0100100  3  24  0100100  6     0
VecScatterEnd    100000002 1.0 1.8124e+02 1.6 0.00e+00 0.0 0.0e+00 0.0e+00 0.0e+00 32  0  0  0  0  32  0  0  0  0     0
MatMultAdd       100000002 1.0 3.9763e+02 1.0 1.20e+11 1.0 3.0e+09 8.0e+00 1.0e+00 89100100100  3  89100100100  6  4827
MatAssemblyBegin       1 1.0 4.1759e-0327.5 0.00e+00 0.0 0.0e+00 0.0e+00 1.0e+00  0  0  0  0  3   0  0  0  0  6     0
MatAssemblyEnd         1 1.0 1.7463e-02 1.0 0.00e+00 0.0 0.0e+00 0.0e+00 5.0e+00  0  0  0  0 15   0  0  0  0 31     0
SFSetGraph             1 1.0 1.1921e-06 0.0 0.00e+00 0.0 0.0e+00 0.0e+00 0.0e+00  0  0  0  0  0   0  0  0  0  0     0
SFSetUp                1 1.0 4.3209e-0316.4 0.00e+00 0.0 6.0e+01 4.0e+00 1.0e+00  0  0  0  0  3   0  0  0  0  6     0
SFPack           100000002 1.0 1.5775e+01 1.5 0.00e+00 0.0 0.0e+00 0.0e+00 0.0e+00  3  0  0  0  0   3  0  0  0  0     0
SFUnpack         100000002 1.0 6.9708e+00 1.1 0.00e+00 0.0 0.0e+00 0.0e+00 0.0e+00  1  0  0  0  0   1  0  0  0  0     0
------------------------------------------------------------------------------------------------------------------------

Memory usage is given in bytes:

Object Type          Creations   Destructions     Memory  Descendants' Mem.
Reports information only for process 0.

--- Event Stage 0: Main Stage

              Vector     7              6        16824     0.
              Matrix     3              3        41804     0.
           Index Set     2              2         1788     0.
   Star Forest Graph     1              1         1200     0.
              Viewer     2              1          840     0.
========================================================================================================================
Average time to get PetscTime(): 0.
Average time for MPI_Barrier(): 1.00136e-06
Average time for zero size MPI_Send(): 6.4373e-06
#PETSc Option Table entries:
-dt 0.00000001
-log_view
-n 3200
#End of PETSc Option Table entries
Compiled without FORTRAN kernels
Compiled with full precision matrices (default)
sizeof(short) 2 sizeof(int) 4 sizeof(long) 8 sizeof(void*) 8 sizeof(PetscScalar) 8 sizeof(PetscInt) 4
Configure options: --with-mpi-dir=/share/intel/2018u4/compilers_and_libraries_2018.5.274/linux/mpi/intel64 --with-blaslapack-dir=/share/intel/2018u4/compilers_and_libraries_2018.5.274/linux/mkl --with-scalapack-include=/share/intel/2018u4/compilers_and_libraries_2018.5.274/linux/mkl/include --with-scalapack-lib="-L/share/intel/2018u4/compilers_and_libraries_2018.5.274/linux/mkl/lib/intel64 -lmkl_blacs_intelmpi_lp64 -lmkl_scalapack_lp64" --with-debugging=no --prefix=/work/mae-wenlw/lib/petsc-3.16.6 --download-hdf5 =/work/mae-wenlw/HPC/petsc-3.16.6-package/hdf5-1.12.1.tar.gz --download-hypre=/work/mae-wenlw/HPC/petsc-3.16.6-package/hypre-2.23.0.tar.gz --download-mumps=/work/mae-wenlw/HPC/petsc-3.16.6-package/petsc-pkg-mumps-6d1470374d32.tar.gz --download-metis=/work/mae-wenlw/HPC/petsc-3.16.6-package/petsc-pkg-metis-c8d2dc1e751e.tar.gz COPTFLAGS="-O3 -march=native -mtune=native" CXXOPTFLAGS="-O3 -march=native -mtune=native" FOPTFLAGS="-O3 -march=native -mtune=native"
-----------------------------------------
Libraries compiled on 2022-06-02 13:42:17 on login03 
Machine characteristics: Linux-3.10.0-862.el7.x86_64-x86_64-with-redhat-7.5-Maipo
Using PETSc directory: /work/mae-wenlw/lib/petsc-3.16.6
Using PETSc arch: 
-----------------------------------------

Using C compiler: /share/intel/2018u4/compilers_and_libraries_2018.5.274/linux/mpi/intel64/bin/mpiicc  -fPIC -wd1572 -Wno-unknown-pragmas -O3 -march=native -mtune=native  -std=c99 
Using Fortran compiler: /share/intel/2018u4/compilers_and_libraries_2018.5.274/linux/mpi/intel64/bin/mpiifort  -fPIC -O3 -march=native -mtune=native     -std=c99
-----------------------------------------

Using include paths: -I/work/mae-wenlw/lib/petsc-3.16.6/include -I/share/intel/2018u4/compilers_and_libraries_2018.5.274/linux/mpi/intel64/include
-----------------------------------------

Using C linker: /share/intel/2018u4/compilers_and_libraries_2018.5.274/linux/mpi/intel64/bin/mpiicc
Using Fortran linker: /share/intel/2018u4/compilers_and_libraries_2018.5.274/linux/mpi/intel64/bin/mpiifort
Using libraries: -Wl,-rpath,/work/mae-wenlw/lib/petsc-3.16.6/lib -L/work/mae-wenlw/lib/petsc-3.16.6/lib -lpetsc -Wl,-rpath,/work/mae-wenlw/lib/petsc-3.16.6/lib -L/work/mae-wenlw/lib/petsc-3.16.6/lib -L/share/intel/2018u4/compilers_and_libraries_2018.5.274/linux/mkl/lib/intel64 -Wl,-rpath,/share/intel/2018u4/compilers_and_libraries_2018.5.274/linux/mkl/lib/intel64 -Wl,-rpath,/share/intel/2018u4/compilers_and_libraries_2018.5.274/linux/mpi/intel64/lib/release_mt -L/share/intel/2018u4/compilers_and_libraries_2018.5.274/linux/mpi/intel64/lib/release_mt -Wl,-rpath,/share/intel/2018u4/compilers_and_libraries_2018.5.274/linux/mpi/intel64/lib -L/share/intel/2018u4/compilers_and_libraries_2018.5.274/linux/mpi/intel64/lib -Wl,-rpath,/work/mae-wenlw/lib/hdf5-1.12.1/lib -L/work/mae-wenlw/lib/hdf5-1.12.1/lib -Wl,-rpath,/share/intel/2018u4/compilers_and_libraries_2018.5.274/linux/tbb/lib/intel64_lin/gcc4.4 -L/share/intel/2018u4/compilers_and_libraries_2018.5.274/linux/tbb/lib/intel64_lin/gcc4.4 -Wl,-rpath,/share/intel/2018u4/compilers_and_libraries_2018.5.274/linux/daal/lib/intel64_lin -L/share/intel/2018u4/compilers_and_libraries_2018.5.274/linux/daal/lib/intel64_lin -Wl,-rpath,/share/intel/2018u4/compilers_and_libraries_2018.5.274/linux/tbb/lib/intel64/gcc4.4 -L/share/intel/2018u4/compilers_and_libraries_2018.5.274/linux/tbb/lib/intel64/gcc4.4 -Wl,-rpath,/share/intel/2018u4/compilers_and_libraries_2018.5.274/linux/compiler/lib/intel64 -L/share/intel/2018u4/compilers_and_libraries_2018.5.274/linux/compiler/lib/intel64 -Wl,-rpath,/share/intel/2018u4/compilers_and_libraries_2018.5.274/linux/ipp/lib/intel64 -L/share/intel/2018u4/compilers_and_libraries_2018.5.274/linux/ipp/lib/intel64 -Wl,-rpath,/share/intel/2018u4/compilers_and_libraries_2018.5.274/linux/compiler/lib/intel64_lin -L/share/intel/2018u4/compilers_and_libraries_2018.5.274/linux/compiler/lib/intel64_lin -Wl,-rpath,/usr/lib/gcc/x86_64-redhat-linux/4.8.5 -L/usr/lib/gcc/x86_64-redhat-linux/4.8.5 -Wl,-rpath,/opt/intel/mpi-rt/2017.0.0/intel64/lib/release_mt -Wl,-rpath,/opt/intel/mpi-rt/2017.0.0/intel64/lib -lHYPRE -lcmumps -ldmumps -lsmumps -lzmumps -lmumps_common -lpord -lmkl_blacs_intelmpi_lp64 -lmkl_scalapack_lp64 -lmkl_intel_lp64 -lmkl_core -lmkl_sequential -lpthread -lhdf5_hl -lhdf5 -lmetis -lX11 -lstdc++ -ldl -lmpifort -lmpi -lmpigi -lrt -lpthread -lifport -lifcoremt_pic -limf -lsvml -lm -lipgo -lirc -lgcc_s -lirc_s -lquadmath -lstdc++ -ldl
-----------------------------------------

