dx= 0.00125 dt = 1e-08 its 100000002 CFL 0.0064
Mat time cost = 0.005055 s
iteration time cost = 430.853643 s
Vec Object: u_numeracal 4 MPI processes
  type: mpi
Process [0]
0.
0.000398303
0.0007966
0.00119488
0.00159315
0.00199139
0.0023896
0.00278778
0.00318591
0.00358399
0.00398201
0.00437998
0.00477788
0.0051757
0.00557345
0.0059711
0.00636867
0.00676614
0.0071635
0.00756075
0.00795789
0.0083549
0.00875179
0.00914854
0.00954515
0.00994161
0.0103379
0.0107341
0.01113
0.0115259
0.0119215
0.0123169
0.0127122
0.0131073
0.0135021
0.0138968
0.0142912
0.0146854
0.0150794
0.0154732
0.0158667
0.01626
0.016653
0.0170458
0.0174383
0.0178305
0.0182225
0.0186142
0.0190056
0.0193967
0.0197875
0.020178
0.0205682
0.020958
0.0213476
0.0217368
0.0221257
0.0225142
0.0229024
0.0232902
0.0236777
0.0240648
0.0244516
0.0248379
0.0252239
0.0256095
0.0259947
0.0263795
0.0267639
0.0271479
0.0275315
0.0279146
0.0282973
0.0286796
0.0290614
0.0294428
0.0298237
0.0302042
0.0305842
0.0309637
0.0313427
0.0317213
0.0320994
0.032477
0.0328541
0.0332306
0.0336067
0.0339822
0.0343573
0.0347317
0.0351057
0.0354791
0.035852
0.0362243
0.036596
0.0369672
0.0373379
0.0377079
0.0380774
0.0384462
0.0388145
0.0391822
0.0395493
0.0399158
0.0402816
0.0406469
0.0410115
0.0413754
0.0417388
0.0421015
0.0424635
0.0428249
0.0431856
0.0435457
0.0439051
0.0442638
0.0446218
0.0449792
0.0453358
0.0456918
0.046047
0.0464015
0.0467554
0.0471085
0.0474608
0.0478125
0.0481634
0.0485135
0.0488629
0.0492116
0.0495595
0.0499066
0.050253
0.0505986
0.0509434
0.0512874
0.0516307
0.0519731
0.0523147
0.0526556
0.0529956
0.0533348
0.0536732
0.0540107
0.0543474
0.0546833
0.0550184
0.0553525
0.0556859
0.0560183
0.05635
0.0566807
0.0570106
0.0573396
0.0576677
0.0579949
0.0583212
0.0586466
0.0589711
0.0592947
0.0596174
0.0599392
0.0602601
0.06058
0.060899
0.061217
0.0615341
0.0618503
0.0621655
0.0624797
0.062793
0.0631053
0.0634166
0.063727
0.0640364
0.0643448
0.0646522
0.0649586
0.065264
0.0655683
0.0658717
0.0661741
0.0664754
0.0667758
0.067075
0.0673733
0.0676705
0.0679667
0.0682618
0.0685559
0.0688489
0.0691408
0.0694317
0.0697215
0.0700103
0.0702979
0.0705845
0.07087
0.0711544
0.0714377
0.0717199
Process [1]
0.072001
0.072281
0.0725598
0.0728376
0.0731142
0.0733897
0.0736641
0.0739373
0.0742094
0.0744803
0.0747501
0.0750187
0.0752862
0.0755526
0.0758177
0.0760817
0.0763445
0.0766062
0.0768666
0.0771259
0.077384
0.0776409
0.0778965
0.078151
0.0784043
0.0786564
0.0789073
0.0791569
0.0794053
0.0796525
0.0798985
0.0801432
0.0803868
0.080629
0.08087
0.0811098
0.0813483
0.0815856
0.0818216
0.0820564
0.0822898
0.0825221
0.082753
0.0829827
0.0832111
0.0834382
0.083664
0.0838885
0.0841117
0.0843337
0.0845543
0.0847736
0.0849917
0.0852084
0.0854238
0.0856379
0.0858506
0.0860621
0.0862722
0.0864809
0.0866884
0.0868945
0.0870993
0.0873027
0.0875048
0.0877055
0.0879049
0.0881029
0.0882996
0.0884949
0.0886888
0.0888814
0.0890726
0.0892624
0.0894508
0.0896379
0.0898236
0.0900079
0.0901908
0.0903723
0.0905525
0.0907312
0.0909085
0.0910845
0.091259
0.0914321
0.0916038
0.0917741
0.091943
0.0921105
0.0922765
0.0924411
0.0926043
0.0927661
0.0929264
0.0930853
0.0932428
0.0933988
0.0935534
0.0937066
0.0938583
0.0940085
0.0941573
0.0943047
0.0944506
0.094595
0.094738
0.0948795
0.0950196
0.0951582
0.0952953
0.0954309
0.0955651
0.0956978
0.0958291
0.0959588
0.0960871
0.0962139
0.0963392
0.096463
0.0965854
0.0967062
0.0968256
0.0969435
0.0970598
0.0971747
0.0972881
0.0973999
0.0975103
0.0976192
0.0977265
0.0978324
0.0979367
0.0980396
0.0981409
0.0982407
0.098339
0.0984358
0.0985311
0.0986248
0.098717
0.0988077
0.0988969
0.0989845
0.0990707
0.0991553
0.0992383
0.0993199
0.0993999
0.0994783
0.0995553
0.0996307
0.0997046
0.0997769
0.0998477
0.0999169
0.0999846
0.100051
0.100115
0.100179
0.10024
0.1003
0.100358
0.100415
0.100471
0.100525
0.100577
0.100627
0.100677
0.100724
0.10077
0.100815
0.100858
0.100899
0.100939
0.100977
0.101014
0.101049
0.101083
0.101115
0.101145
0.101174
0.101201
0.101227
0.101251
0.101274
0.101295
0.101315
0.101333
0.101349
0.101364
0.101377
0.101389
0.101399
0.101408
0.101415
0.10142
0.101424
0.101426
0.101427
Process [2]
0.101426
0.101424
0.10142
0.101415
0.101408
0.101399
0.101389
0.101377
0.101364
0.101349
0.101333
0.101315
0.101295
0.101274
0.101251
0.101227
0.101201
0.101174
0.101145
0.101115
0.101083
0.101049
0.101014
0.100977
0.100939
0.100899
0.100858
0.100815
0.10077
0.100724
0.100677
0.100627
0.100577
0.100525
0.100471
0.100415
0.100358
0.1003
0.10024
0.100179
0.100115
0.100051
0.0999846
0.0999169
0.0998477
0.0997769
0.0997046
0.0996307
0.0995553
0.0994783
0.0993999
0.0993199
0.0992383
0.0991553
0.0990707
0.0989845
0.0988969
0.0988077
0.098717
0.0986248
0.0985311
0.0984358
0.098339
0.0982407
0.0981409
0.0980396
0.0979367
0.0978324
0.0977265
0.0976192
0.0975103
0.0973999
0.0972881
0.0971747
0.0970598
0.0969435
0.0968256
0.0967062
0.0965854
0.096463
0.0963392
0.0962139
0.0960871
0.0959588
0.0958291
0.0956978
0.0955651
0.0954309
0.0952953
0.0951582
0.0950196
0.0948795
0.094738
0.094595
0.0944506
0.0943047
0.0941573
0.0940085
0.0938583
0.0937066
0.0935534
0.0933988
0.0932428
0.0930853
0.0929264
0.0927661
0.0926043
0.0924411
0.0922765
0.0921105
0.091943
0.0917741
0.0916038
0.0914321
0.091259
0.0910845
0.0909085
0.0907312
0.0905525
0.0903723
0.0901908
0.0900079
0.0898236
0.0896379
0.0894508
0.0892624
0.0890726
0.0888814
0.0886888
0.0884949
0.0882996
0.0881029
0.0879049
0.0877055
0.0875048
0.0873027
0.0870993
0.0868945
0.0866884
0.0864809
0.0862722
0.0860621
0.0858506
0.0856379
0.0854238
0.0852084
0.0849917
0.0847736
0.0845543
0.0843337
0.0841117
0.0838885
0.083664
0.0834382
0.0832111
0.0829827
0.082753
0.0825221
0.0822898
0.0820564
0.0818216
0.0815856
0.0813483
0.0811098
0.08087
0.080629
0.0803868
0.0801432
0.0798985
0.0796525
0.0794053
0.0791569
0.0789073
0.0786564
0.0784043
0.078151
0.0778965
0.0776409
0.077384
0.0771259
0.0768666
0.0766062
0.0763445
0.0760817
0.0758177
0.0755526
0.0752862
0.0750187
0.0747501
0.0744803
0.0742094
0.0739373
0.0736641
0.0733897
0.0731142
0.0728376
0.0725598
0.072281
0.072001
0.0717199
Process [3]
0.0714377
0.0711544
0.07087
0.0705845
0.0702979
0.0700103
0.0697215
0.0694317
0.0691408
0.0688489
0.0685559
0.0682618
0.0679667
0.0676705
0.0673733
0.067075
0.0667758
0.0664754
0.0661741
0.0658717
0.0655683
0.065264
0.0649586
0.0646522
0.0643448
0.0640364
0.063727
0.0634166
0.0631053
0.062793
0.0624797
0.0621655
0.0618503
0.0615341
0.061217
0.060899
0.06058
0.0602601
0.0599392
0.0596174
0.0592947
0.0589711
0.0586466
0.0583212
0.0579949
0.0576677
0.0573396
0.0570106
0.0566807
0.05635
0.0560183
0.0556859
0.0553525
0.0550184
0.0546833
0.0543474
0.0540107
0.0536732
0.0533348
0.0529956
0.0526556
0.0523147
0.0519731
0.0516307
0.0512874
0.0509434
0.0505986
0.050253
0.0499066
0.0495595
0.0492116
0.0488629
0.0485135
0.0481634
0.0478125
0.0474608
0.0471085
0.0467554
0.0464015
0.046047
0.0456918
0.0453358
0.0449792
0.0446218
0.0442638
0.0439051
0.0435457
0.0431856
0.0428249
0.0424635
0.0421015
0.0417388
0.0413754
0.0410115
0.0406469
0.0402816
0.0399158
0.0395493
0.0391822
0.0388145
0.0384462
0.0380774
0.0377079
0.0373379
0.0369672
0.036596
0.0362243
0.035852
0.0354791
0.0351057
0.0347317
0.0343573
0.0339822
0.0336067
0.0332306
0.0328541
0.032477
0.0320994
0.0317213
0.0313427
0.0309637
0.0305842
0.0302042
0.0298237
0.0294428
0.0290614
0.0286796
0.0282973
0.0279146
0.0275315
0.0271479
0.0267639
0.0263795
0.0259947
0.0256095
0.0252239
0.0248379
0.0244516
0.0240648
0.0236777
0.0232902
0.0229024
0.0225142
0.0221257
0.0217368
0.0213476
0.020958
0.0205682
0.020178
0.0197875
0.0193967
0.0190056
0.0186142
0.0182225
0.0178305
0.0174383
0.0170458
0.016653
0.01626
0.0158667
0.0154732
0.0150794
0.0146854
0.0142912
0.0138968
0.0135021
0.0131073
0.0127122
0.0123169
0.0119215
0.0115259
0.01113
0.0107341
0.0103379
0.00994161
0.00954515
0.00914854
0.00875179
0.0083549
0.00795789
0.00756075
0.0071635
0.00676614
0.00636867
0.0059711
0.00557345
0.0051757
0.00477788
0.00437998
0.00398201
0.00358399
0.00318591
0.00278778
0.0023896
0.00199139
0.00159315
0.00119488
0.0007966
0.000398303
0.
************************************************************************************************************************
***             WIDEN YOUR WINDOW TO 120 CHARACTERS.  Use 'enscript -r -fCourier9' to print this document            ***
************************************************************************************************************************

---------------------------------------------- PETSc Performance Summary: ----------------------------------------------

./explicit_no.out on a  named r01n03 with 4 processors, by mae-wenlw Thu Jun  9 16:49:35 2022
Using Petsc Release Version 3.16.6, Mar 30, 2022 

                         Max       Max/Min     Avg       Total
Time (sec):           4.309e+02     1.000   4.309e+02
Objects:              1.500e+01     1.000   1.500e+01
Flop:                 1.200e+11     1.005   1.199e+11  4.794e+11
Flop/sec:             2.785e+08     1.005   2.781e+08  1.112e+09
MPI Messages:         2.000e+08     2.000   1.500e+08  6.000e+08
MPI Message Lengths:  1.600e+09     2.000   8.000e+00  4.800e+09
MPI Reductions:       3.400e+01     1.000

Flop counting convention: 1 flop = 1 real number operation of type (multiply/divide/add/subtract)
                            e.g., VecAXPY() for real vectors of length N --> 2N flop
                            and VecAXPY() for complex vectors of length N --> 8N flop

Summary of Stages:   ----- Time ------  ----- Flop ------  --- Messages ---  -- Message Lengths --  -- Reductions --
                        Avg     %Total     Avg     %Total    Count   %Total     Avg         %Total    Count   %Total
 0:      Main Stage: 4.3095e+02 100.0%  4.7940e+11 100.0%  6.000e+08 100.0%  8.000e+00      100.0%  1.600e+01  47.1%

------------------------------------------------------------------------------------------------------------------------
See the 'Profiling' chapter of the users' manual for details on interpreting output.
Phase summary info:
   Count: number of times phase was executed
   Time and Flop: Max - maximum over all processors
                  Ratio - ratio of maximum to minimum over all processors
   Mess: number of messages sent
   AvgLen: average message length (bytes)
   Reduct: number of global reductions
   Global: entire computation
   Stage: stages of a computation. Set stages with PetscLogStagePush() and PetscLogStagePop().
      %T - percent time in this phase         %F - percent flop in this phase
      %M - percent messages in this phase     %L - percent message lengths in this phase
      %R - percent reductions in this phase
   Total Mflop/s: 10e-6 * (sum of flop over all processors)/(max time over all processors)
------------------------------------------------------------------------------------------------------------------------
Event                Count      Time (sec)     Flop                              --- Global ---  --- Stage ----  Total
                   Max Ratio  Max     Ratio   Max  Ratio  Mess   AvgLen  Reduct  %T %F %M %L %R  %T %F %M %L %R Mflop/s
------------------------------------------------------------------------------------------------------------------------

--- Event Stage 0: Main Stage

BuildTwoSided          4 1.0 2.9612e-04 1.3 0.00e+00 0.0 3.0e+01 1.0e+01 4.0e+00  0  0  0  0 12   0  0  0  0 25     0
BuildTwoSidedF         3 1.0 4.8900e-04 1.4 0.00e+00 0.0 7.2e+01 8.0e+02 3.0e+00  0  0  0  0  9   0  0  0  0 19     0
VecView                1 1.0 2.1610e-03 2.4 0.00e+00 0.0 3.0e+00 1.6e+03 0.0e+00  0  0  0  0  0   0  0  0  0  0     0
VecCopy          200000005 1.0 2.3471e+01 1.0 0.00e+00 0.0 0.0e+00 0.0e+00 0.0e+00  5  0  0  0  0   5  0  0  0  0     0
VecSet                 1 1.0 3.5048e-05 1.3 0.00e+00 0.0 0.0e+00 0.0e+00 0.0e+00  0  0  0  0  0   0  0  0  0  0     0
VecAssemblyBegin       2 1.0 3.2997e-04 1.3 0.00e+00 0.0 7.2e+01 8.0e+02 2.0e+00  0  0  0  0  6   0  0  0  0 12     0
VecAssemblyEnd         2 1.0 9.7990e-05 1.2 0.00e+00 0.0 0.0e+00 0.0e+00 0.0e+00  0  0  0  0  0   0  0  0  0  0     0
VecScatterBegin  100000002 1.0 1.3372e+02 1.8 0.00e+00 0.0 6.0e+08 8.0e+00 1.0e+00 24  0100100  3  24  0100100  6     0
VecScatterEnd    100000002 1.0 1.6560e+02 1.6 0.00e+00 0.0 0.0e+00 0.0e+00 0.0e+00 31  0  0  0  0  31  0  0  0  0     0
MatMultAdd       100000002 1.0 3.8679e+02 1.0 1.20e+11 1.0 6.0e+08 8.0e+00 1.0e+00 89100100100  3  89100100100  6  1239
MatAssemblyBegin       1 1.0 5.4693e-04 1.1 0.00e+00 0.0 0.0e+00 0.0e+00 1.0e+00  0  0  0  0  3   0  0  0  0  6     0
MatAssemblyEnd         1 1.0 1.5850e-03 1.0 0.00e+00 0.0 0.0e+00 0.0e+00 5.0e+00  0  0  0  0 15   0  0  0  0 31     0
SFSetGraph             1 1.0 9.5367e-07 0.0 0.00e+00 0.0 0.0e+00 0.0e+00 0.0e+00  0  0  0  0  0   0  0  0  0  0     0
SFSetUp                1 1.0 3.7098e-04 1.1 0.00e+00 0.0 1.2e+01 4.0e+00 1.0e+00  0  0  0  0  3   0  0  0  0  6     0
SFPack           100000002 1.0 1.4049e+01 1.4 0.00e+00 0.0 0.0e+00 0.0e+00 0.0e+00  3  0  0  0  0   3  0  0  0  0     0
SFUnpack         100000002 1.0 6.3803e+00 1.0 0.00e+00 0.0 0.0e+00 0.0e+00 0.0e+00  1  0  0  0  0   1  0  0  0  0     0
------------------------------------------------------------------------------------------------------------------------

Memory usage is given in bytes:

Object Type          Creations   Destructions     Memory  Descendants' Mem.
Reports information only for process 0.

--- Event Stage 0: Main Stage

              Vector     7              6        16824     0.
              Matrix     3              3        41804     0.
           Index Set     2              2         1788     0.
   Star Forest Graph     1              1         1200     0.
              Viewer     2              1          840     0.
========================================================================================================================
Average time to get PetscTime(): 0.
Average time for MPI_Barrier(): 5.72205e-07
Average time for zero size MPI_Send(): 3.27826e-06
#PETSc Option Table entries:
-dt 0.00000001
-log_view
-n 800
#End of PETSc Option Table entries
Compiled without FORTRAN kernels
Compiled with full precision matrices (default)
sizeof(short) 2 sizeof(int) 4 sizeof(long) 8 sizeof(void*) 8 sizeof(PetscScalar) 8 sizeof(PetscInt) 4
Configure options: --with-mpi-dir=/share/intel/2018u4/compilers_and_libraries_2018.5.274/linux/mpi/intel64 --with-blaslapack-dir=/share/intel/2018u4/compilers_and_libraries_2018.5.274/linux/mkl --with-scalapack-include=/share/intel/2018u4/compilers_and_libraries_2018.5.274/linux/mkl/include --with-scalapack-lib="-L/share/intel/2018u4/compilers_and_libraries_2018.5.274/linux/mkl/lib/intel64 -lmkl_blacs_intelmpi_lp64 -lmkl_scalapack_lp64" --with-debugging=no --prefix=/work/mae-wenlw/lib/petsc-3.16.6 --download-hdf5 =/work/mae-wenlw/HPC/petsc-3.16.6-package/hdf5-1.12.1.tar.gz --download-hypre=/work/mae-wenlw/HPC/petsc-3.16.6-package/hypre-2.23.0.tar.gz --download-mumps=/work/mae-wenlw/HPC/petsc-3.16.6-package/petsc-pkg-mumps-6d1470374d32.tar.gz --download-metis=/work/mae-wenlw/HPC/petsc-3.16.6-package/petsc-pkg-metis-c8d2dc1e751e.tar.gz COPTFLAGS="-O3 -march=native -mtune=native" CXXOPTFLAGS="-O3 -march=native -mtune=native" FOPTFLAGS="-O3 -march=native -mtune=native"
-----------------------------------------
Libraries compiled on 2022-06-02 13:42:17 on login03 
Machine characteristics: Linux-3.10.0-862.el7.x86_64-x86_64-with-redhat-7.5-Maipo
Using PETSc directory: /work/mae-wenlw/lib/petsc-3.16.6
Using PETSc arch: 
-----------------------------------------

Using C compiler: /share/intel/2018u4/compilers_and_libraries_2018.5.274/linux/mpi/intel64/bin/mpiicc  -fPIC -wd1572 -Wno-unknown-pragmas -O3 -march=native -mtune=native  -std=c99 
Using Fortran compiler: /share/intel/2018u4/compilers_and_libraries_2018.5.274/linux/mpi/intel64/bin/mpiifort  -fPIC -O3 -march=native -mtune=native     -std=c99
-----------------------------------------

Using include paths: -I/work/mae-wenlw/lib/petsc-3.16.6/include -I/share/intel/2018u4/compilers_and_libraries_2018.5.274/linux/mpi/intel64/include
-----------------------------------------

Using C linker: /share/intel/2018u4/compilers_and_libraries_2018.5.274/linux/mpi/intel64/bin/mpiicc
Using Fortran linker: /share/intel/2018u4/compilers_and_libraries_2018.5.274/linux/mpi/intel64/bin/mpiifort
Using libraries: -Wl,-rpath,/work/mae-wenlw/lib/petsc-3.16.6/lib -L/work/mae-wenlw/lib/petsc-3.16.6/lib -lpetsc -Wl,-rpath,/work/mae-wenlw/lib/petsc-3.16.6/lib -L/work/mae-wenlw/lib/petsc-3.16.6/lib -L/share/intel/2018u4/compilers_and_libraries_2018.5.274/linux/mkl/lib/intel64 -Wl,-rpath,/share/intel/2018u4/compilers_and_libraries_2018.5.274/linux/mkl/lib/intel64 -Wl,-rpath,/share/intel/2018u4/compilers_and_libraries_2018.5.274/linux/mpi/intel64/lib/release_mt -L/share/intel/2018u4/compilers_and_libraries_2018.5.274/linux/mpi/intel64/lib/release_mt -Wl,-rpath,/share/intel/2018u4/compilers_and_libraries_2018.5.274/linux/mpi/intel64/lib -L/share/intel/2018u4/compilers_and_libraries_2018.5.274/linux/mpi/intel64/lib -Wl,-rpath,/work/mae-wenlw/lib/hdf5-1.12.1/lib -L/work/mae-wenlw/lib/hdf5-1.12.1/lib -Wl,-rpath,/share/intel/2018u4/compilers_and_libraries_2018.5.274/linux/tbb/lib/intel64_lin/gcc4.4 -L/share/intel/2018u4/compilers_and_libraries_2018.5.274/linux/tbb/lib/intel64_lin/gcc4.4 -Wl,-rpath,/share/intel/2018u4/compilers_and_libraries_2018.5.274/linux/daal/lib/intel64_lin -L/share/intel/2018u4/compilers_and_libraries_2018.5.274/linux/daal/lib/intel64_lin -Wl,-rpath,/share/intel/2018u4/compilers_and_libraries_2018.5.274/linux/tbb/lib/intel64/gcc4.4 -L/share/intel/2018u4/compilers_and_libraries_2018.5.274/linux/tbb/lib/intel64/gcc4.4 -Wl,-rpath,/share/intel/2018u4/compilers_and_libraries_2018.5.274/linux/compiler/lib/intel64 -L/share/intel/2018u4/compilers_and_libraries_2018.5.274/linux/compiler/lib/intel64 -Wl,-rpath,/share/intel/2018u4/compilers_and_libraries_2018.5.274/linux/ipp/lib/intel64 -L/share/intel/2018u4/compilers_and_libraries_2018.5.274/linux/ipp/lib/intel64 -Wl,-rpath,/share/intel/2018u4/compilers_and_libraries_2018.5.274/linux/compiler/lib/intel64_lin -L/share/intel/2018u4/compilers_and_libraries_2018.5.274/linux/compiler/lib/intel64_lin -Wl,-rpath,/usr/lib/gcc/x86_64-redhat-linux/4.8.5 -L/usr/lib/gcc/x86_64-redhat-linux/4.8.5 -Wl,-rpath,/opt/intel/mpi-rt/2017.0.0/intel64/lib/release_mt -Wl,-rpath,/opt/intel/mpi-rt/2017.0.0/intel64/lib -lHYPRE -lcmumps -ldmumps -lsmumps -lzmumps -lmumps_common -lpord -lmkl_blacs_intelmpi_lp64 -lmkl_scalapack_lp64 -lmkl_intel_lp64 -lmkl_core -lmkl_sequential -lpthread -lhdf5_hl -lhdf5 -lmetis -lX11 -lstdc++ -ldl -lmpifort -lmpi -lmpigi -lrt -lpthread -lifport -lifcoremt_pic -limf -lsvml -lm -lipgo -lirc -lgcc_s -lirc_s -lquadmath -lstdc++ -ldl
-----------------------------------------

