dx= 0.000625 dt = 1e-08 its 100000002 CFL 0.0256
Mat time cost = 0.180960 s
iteration time cost = 2216.548189 s
Vec Object: u_numeracal 8 MPI processes
  type: mpi
Process [0]
0.
0.000199152
0.000398302
0.000597452
0.000796599
0.000995743
0.00119488
0.00139402
0.00159315
0.00179227
0.00199139
0.0021905
0.0023896
0.00258869
0.00278777
0.00298684
0.0031859
0.00338495
0.00358399
0.00378301
0.00398201
0.004181
0.00437998
0.00457893
0.00477787
0.00497679
0.0051757
0.00537458
0.00557344
0.00577228
0.0059711
0.00616989
0.00636866
0.00656741
0.00676613
0.00696483
0.00716349
0.00736213
0.00756075
0.00775933
0.00795788
0.0081564
0.0083549
0.00855335
0.00875178
0.00895017
0.00914853
0.00934685
0.00954514
0.00974339
0.0099416
0.0101398
0.0103379
0.010536
0.0107341
0.0109321
0.01113
0.011328
0.0115258
0.0117237
0.0119215
0.0121192
0.0123169
0.0125146
0.0127122
0.0129097
0.0131073
0.0133047
0.0135021
0.0136995
0.0138968
0.014094
0.0142912
0.0144883
0.0146854
0.0148825
0.0150794
0.0152763
0.0154732
0.01567
0.0158667
0.0160634
0.01626
0.0164565
0.016653
0.0168494
0.0170458
0.0172421
0.0174383
0.0176344
0.0178305
0.0180265
0.0182225
0.0184184
0.0186142
0.0188099
0.0190056
0.0192011
0.0193967
0.0195921
0.0197875
0.0199827
0.020178
0.0203731
0.0205681
0.0207631
0.020958
0.0211528
0.0213476
0.0215422
0.0217368
0.0219312
0.0221256
0.02232
0.0225142
0.0227083
0.0229024
0.0230963
0.0232902
0.023484
0.0236777
0.0238713
0.0240648
0.0242582
0.0244516
0.0246448
0.0248379
0.025031
0.0252239
0.0254168
0.0256095
0.0258021
0.0259947
0.0261871
0.0263795
0.0265717
0.0267639
0.0269559
0.0271479
0.0273397
0.0275314
0.0277231
0.0279146
0.028106
0.0282973
0.0284885
0.0286795
0.0288705
0.0290614
0.0292521
0.0294427
0.0296333
0.0298237
0.030014
0.0302041
0.0303942
0.0305841
0.030774
0.0309637
0.0311532
0.0313427
0.0315321
0.0317213
0.0319104
0.0320994
0.0322882
0.0324769
0.0326655
0.032854
0.0330424
0.0332306
0.0334187
0.0336067
0.0337945
0.0339822
0.0341698
0.0343572
0.0345445
0.0347317
0.0349188
0.0351057
0.0352924
0.0354791
0.0356656
0.0358519
0.0360382
0.0362243
0.0364102
0.036596
0.0367817
0.0369672
0.0371526
0.0373378
0.0375229
0.0377079
0.0378927
0.0380773
0.0382618
0.0384462
0.0386304
0.0388145
Process [1]
0.0389984
0.0391822
0.0393658
0.0395493
0.0397326
0.0399157
0.0400987
0.0402816
0.0404643
0.0406468
0.0408292
0.0410114
0.0411935
0.0413754
0.0415571
0.0417387
0.0419202
0.0421014
0.0422825
0.0424635
0.0426442
0.0428249
0.0430053
0.0431856
0.0433657
0.0435456
0.0437254
0.043905
0.0440845
0.0442637
0.0444428
0.0446218
0.0448005
0.0449791
0.0451575
0.0453358
0.0455138
0.0456917
0.0458694
0.046047
0.0462243
0.0464015
0.0465785
0.0467553
0.046932
0.0471084
0.0472847
0.0474608
0.0476367
0.0478124
0.047988
0.0481633
0.0483385
0.0485135
0.0486883
0.0488629
0.0490373
0.0492116
0.0493856
0.0495595
0.0497331
0.0499066
0.0500799
0.050253
0.0504259
0.0505985
0.0507711
0.0509434
0.0511155
0.0512874
0.0514591
0.0516306
0.0518019
0.0519731
0.052144
0.0523147
0.0524852
0.0526555
0.0528256
0.0529955
0.0531652
0.0533347
0.053504
0.0536731
0.053842
0.0540107
0.0541791
0.0543474
0.0545154
0.0546833
0.0548509
0.0550183
0.0551855
0.0553525
0.0555193
0.0556858
0.0558522
0.0560183
0.0561842
0.0563499
0.0565154
0.0566806
0.0568457
0.0570105
0.0571751
0.0573395
0.0575037
0.0576676
0.0578313
0.0579948
0.0581581
0.0583211
0.058484
0.0586466
0.0588089
0.0589711
0.059133
0.0592947
0.0594561
0.0596174
0.0597784
0.0599392
0.0600997
0.06026
0.0604201
0.0605799
0.0607395
0.0608989
0.0610581
0.061217
0.0613756
0.0615341
0.0616923
0.0618502
0.0620079
0.0621654
0.0623227
0.0624797
0.0626364
0.0627929
0.0629492
0.0631052
0.063261
0.0634166
0.0635719
0.0637269
0.0638817
0.0640363
0.0641906
0.0643447
0.0644985
0.0646521
0.0648054
0.0649585
0.0651113
0.0652639
0.0654162
0.0655683
0.0657201
0.0658717
0.066023
0.066174
0.0663248
0.0664754
0.0666257
0.0667757
0.0669255
0.067075
0.0672242
0.0673732
0.067522
0.0676704
0.0678187
0.0679666
0.0681143
0.0682617
0.0684089
0.0685558
0.0687024
0.0688488
0.0689949
0.0691408
0.0692864
0.0694317
0.0695767
0.0697215
0.069866
0.0700102
0.0701542
0.0702979
0.0704413
0.0705844
0.0707273
0.0708699
0.0710123
0.0711543
0.0712961
0.0714376
0.0715789
0.0717198
Process [2]
0.0718605
0.0720009
0.072141
0.0722809
0.0724205
0.0725598
0.0726988
0.0728375
0.072976
0.0731141
0.073252
0.0733896
0.0735269
0.073664
0.0738007
0.0739372
0.0740734
0.0742093
0.0743449
0.0744802
0.0746153
0.07475
0.0748845
0.0750187
0.0751526
0.0752862
0.0754195
0.0755525
0.0756852
0.0758176
0.0759498
0.0760816
0.0762132
0.0763444
0.0764754
0.0766061
0.0767365
0.0768665
0.0769963
0.0771258
0.077255
0.0773839
0.0775125
0.0776408
0.0777688
0.0778965
0.0780239
0.078151
0.0782778
0.0784042
0.0785304
0.0786563
0.0787819
0.0789072
0.0790322
0.0791568
0.0792812
0.0794053
0.079529
0.0796525
0.0797756
0.0798984
0.080021
0.0801432
0.0802651
0.0803867
0.080508
0.0806289
0.0807496
0.08087
0.08099
0.0811097
0.0812292
0.0813483
0.081467
0.0815855
0.0817037
0.0818215
0.0819391
0.0820563
0.0821732
0.0822898
0.082406
0.082522
0.0826376
0.0827529
0.0828679
0.0829826
0.0830969
0.083211
0.0833247
0.0834381
0.0835512
0.0836639
0.0837763
0.0838884
0.0840002
0.0841117
0.0842228
0.0843336
0.0844441
0.0845542
0.0846641
0.0847736
0.0848827
0.0849916
0.0851001
0.0852083
0.0853162
0.0854237
0.0855309
0.0856378
0.0857443
0.0858505
0.0859564
0.086062
0.0861672
0.0862721
0.0863766
0.0864809
0.0865847
0.0866883
0.0867915
0.0868944
0.086997
0.0870992
0.0872011
0.0873026
0.0874038
0.0875047
0.0876052
0.0877054
0.0878053
0.0879048
0.088004
0.0881028
0.0882013
0.0882995
0.0883973
0.0884948
0.0885919
0.0886887
0.0887852
0.0888813
0.0889771
0.0890725
0.0891676
0.0892623
0.0893567
0.0894508
0.0895445
0.0896378
0.0897308
0.0898235
0.0899158
0.0900078
0.0900994
0.0901907
0.0902817
0.0903723
0.0904625
0.0905524
0.0906419
0.0907311
0.09082
0.0909084
0.0909966
0.0910844
0.0911718
0.0912589
0.0913456
0.091432
0.0915181
0.0916037
0.0916891
0.091774
0.0918586
0.0919429
0.0920268
0.0921104
0.0921936
0.0922764
0.0923589
0.092441
0.0925228
0.0926042
0.0926853
0.092766
0.0928463
0.0929263
0.093006
0.0930852
0.0931641
0.0932427
0.0933209
0.0933987
0.0934762
0.0935533
0.0936301
0.0937065
Process [3]
0.0937825
0.0938582
0.0939335
0.0940084
0.094083
0.0941572
0.0942311
0.0943046
0.0943777
0.0944505
0.0945229
0.0945949
0.0946666
0.0947379
0.0948088
0.0948794
0.0949496
0.0950195
0.095089
0.0951581
0.0952268
0.0952952
0.0953632
0.0954309
0.0954981
0.095565
0.0956316
0.0956977
0.0957635
0.095829
0.095894
0.0959587
0.0960231
0.096087
0.0961506
0.0962138
0.0962767
0.0963391
0.0964012
0.0964629
0.0965243
0.0965853
0.0966459
0.0967061
0.096766
0.0968255
0.0968846
0.0969434
0.0970017
0.0970597
0.0971174
0.0971746
0.0972315
0.097288
0.0973441
0.0973998
0.0974552
0.0975102
0.0975648
0.0976191
0.097673
0.0977265
0.0977796
0.0978323
0.0978847
0.0979367
0.0979883
0.0980395
0.0980903
0.0981408
0.0981909
0.0982406
0.09829
0.0983389
0.0983875
0.0984357
0.0984835
0.098531
0.098578
0.0986247
0.098671
0.0987169
0.0987625
0.0988076
0.0988524
0.0988968
0.0989408
0.0989845
0.0990277
0.0990706
0.0991131
0.0991552
0.0991969
0.0992382
0.0992792
0.0993198
0.09936
0.0993998
0.0994392
0.0994783
0.0995169
0.0995552
0.0995931
0.0996306
0.0996677
0.0997045
0.0997408
0.0997768
0.0998124
0.0998476
0.0998824
0.0999168
0.0999509
0.0999845
0.100018
0.100051
0.100083
0.100115
0.100147
0.100178
0.100209
0.10024
0.10027
0.1003
0.100329
0.100358
0.100387
0.100415
0.100443
0.100471
0.100498
0.100524
0.100551
0.100577
0.100602
0.100627
0.100652
0.100677
0.1007
0.100724
0.100747
0.10077
0.100793
0.100815
0.100836
0.100858
0.100878
0.100899
0.100919
0.100939
0.100958
0.100977
0.100996
0.101014
0.101031
0.101049
0.101066
0.101082
0.101099
0.101114
0.10113
0.101145
0.10116
0.101174
0.101188
0.101201
0.101214
0.101227
0.101239
0.101251
0.101263
0.101274
0.101285
0.101295
0.101305
0.101315
0.101324
0.101333
0.101341
0.101349
0.101357
0.101364
0.101371
0.101377
0.101383
0.101389
0.101394
0.101399
0.101403
0.101408
0.101411
0.101415
0.101418
0.10142
0.101422
0.101424
0.101425
0.101426
0.101427
0.101427
Process [4]
0.101427
0.101426
0.101425
0.101424
0.101422
0.10142
0.101418
0.101415
0.101411
0.101408
0.101403
0.101399
0.101394
0.101389
0.101383
0.101377
0.101371
0.101364
0.101357
0.101349
0.101341
0.101333
0.101324
0.101315
0.101305
0.101295
0.101285
0.101274
0.101263
0.101251
0.101239
0.101227
0.101214
0.101201
0.101188
0.101174
0.10116
0.101145
0.10113
0.101114
0.101099
0.101082
0.101066
0.101049
0.101031
0.101014
0.100996
0.100977
0.100958
0.100939
0.100919
0.100899
0.100878
0.100858
0.100836
0.100815
0.100793
0.10077
0.100747
0.100724
0.1007
0.100677
0.100652
0.100627
0.100602
0.100577
0.100551
0.100524
0.100498
0.100471
0.100443
0.100415
0.100387
0.100358
0.100329
0.1003
0.10027
0.10024
0.100209
0.100178
0.100147
0.100115
0.100083
0.100051
0.100018
0.0999845
0.0999509
0.0999168
0.0998824
0.0998476
0.0998124
0.0997768
0.0997408
0.0997045
0.0996677
0.0996306
0.0995931
0.0995552
0.0995169
0.0994783
0.0994392
0.0993998
0.09936
0.0993198
0.0992792
0.0992382
0.0991969
0.0991552
0.0991131
0.0990706
0.0990277
0.0989845
0.0989408
0.0988968
0.0988524
0.0988076
0.0987625
0.0987169
0.098671
0.0986247
0.098578
0.098531
0.0984835
0.0984357
0.0983875
0.0983389
0.09829
0.0982406
0.0981909
0.0981408
0.0980903
0.0980395
0.0979883
0.0979367
0.0978847
0.0978323
0.0977796
0.0977265
0.097673
0.0976191
0.0975648
0.0975102
0.0974552
0.0973998
0.0973441
0.097288
0.0972315
0.0971746
0.0971174
0.0970597
0.0970017
0.0969434
0.0968846
0.0968255
0.096766
0.0967061
0.0966459
0.0965853
0.0965243
0.0964629
0.0964012
0.0963391
0.0962767
0.0962138
0.0961506
0.096087
0.0960231
0.0959587
0.095894
0.095829
0.0957635
0.0956977
0.0956316
0.095565
0.0954981
0.0954309
0.0953632
0.0952952
0.0952268
0.0951581
0.095089
0.0950195
0.0949496
0.0948794
0.0948088
0.0947379
0.0946666
0.0945949
0.0945229
0.0944505
0.0943777
0.0943046
0.0942311
0.0941572
0.094083
0.0940084
0.0939335
0.0938582
0.0937825
0.0937065
Process [5]
0.0936301
0.0935533
0.0934762
0.0933987
0.0933209
0.0932427
0.0931641
0.0930852
0.093006
0.0929263
0.0928463
0.092766
0.0926853
0.0926042
0.0925228
0.092441
0.0923589
0.0922764
0.0921936
0.0921104
0.0920268
0.0919429
0.0918586
0.091774
0.0916891
0.0916037
0.0915181
0.091432
0.0913456
0.0912589
0.0911718
0.0910844
0.0909966
0.0909084
0.09082
0.0907311
0.0906419
0.0905524
0.0904625
0.0903723
0.0902817
0.0901907
0.0900994
0.0900078
0.0899158
0.0898235
0.0897308
0.0896378
0.0895445
0.0894508
0.0893567
0.0892623
0.0891676
0.0890725
0.0889771
0.0888813
0.0887852
0.0886887
0.0885919
0.0884948
0.0883973
0.0882995
0.0882013
0.0881028
0.088004
0.0879048
0.0878053
0.0877054
0.0876052
0.0875047
0.0874038
0.0873026
0.0872011
0.0870992
0.086997
0.0868944
0.0867915
0.0866883
0.0865847
0.0864809
0.0863766
0.0862721
0.0861672
0.086062
0.0859564
0.0858505
0.0857443
0.0856378
0.0855309
0.0854237
0.0853162
0.0852083
0.0851001
0.0849916
0.0848827
0.0847736
0.0846641
0.0845542
0.0844441
0.0843336
0.0842228
0.0841117
0.0840002
0.0838884
0.0837763
0.0836639
0.0835512
0.0834381
0.0833247
0.083211
0.0830969
0.0829826
0.0828679
0.0827529
0.0826376
0.082522
0.082406
0.0822898
0.0821732
0.0820563
0.0819391
0.0818215
0.0817037
0.0815855
0.081467
0.0813483
0.0812292
0.0811097
0.08099
0.08087
0.0807496
0.0806289
0.080508
0.0803867
0.0802651
0.0801432
0.080021
0.0798984
0.0797756
0.0796525
0.079529
0.0794053
0.0792812
0.0791568
0.0790322
0.0789072
0.0787819
0.0786563
0.0785304
0.0784042
0.0782778
0.078151
0.0780239
0.0778965
0.0777688
0.0776408
0.0775125
0.0773839
0.077255
0.0771258
0.0769963
0.0768665
0.0767365
0.0766061
0.0764754
0.0763444
0.0762132
0.0760816
0.0759498
0.0758176
0.0756852
0.0755525
0.0754195
0.0752862
0.0751526
0.0750187
0.0748845
0.07475
0.0746153
0.0744802
0.0743449
0.0742093
0.0740734
0.0739372
0.0738007
0.073664
0.0735269
0.0733896
0.073252
0.0731141
0.072976
0.0728375
0.0726988
0.0725598
0.0724205
0.0722809
0.072141
0.0720009
0.0718605
0.0717198
Process [6]
0.0715789
0.0714376
0.0712961
0.0711543
0.0710123
0.0708699
0.0707273
0.0705844
0.0704413
0.0702979
0.0701542
0.0700102
0.069866
0.0697215
0.0695767
0.0694317
0.0692864
0.0691408
0.0689949
0.0688488
0.0687024
0.0685558
0.0684089
0.0682617
0.0681143
0.0679666
0.0678187
0.0676704
0.067522
0.0673732
0.0672242
0.067075
0.0669255
0.0667757
0.0666257
0.0664754
0.0663248
0.066174
0.066023
0.0658717
0.0657201
0.0655683
0.0654162
0.0652639
0.0651113
0.0649585
0.0648054
0.0646521
0.0644985
0.0643447
0.0641906
0.0640363
0.0638817
0.0637269
0.0635719
0.0634166
0.063261
0.0631052
0.0629492
0.0627929
0.0626364
0.0624797
0.0623227
0.0621654
0.0620079
0.0618502
0.0616923
0.0615341
0.0613756
0.061217
0.0610581
0.0608989
0.0607395
0.0605799
0.0604201
0.06026
0.0600997
0.0599392
0.0597784
0.0596174
0.0594561
0.0592947
0.059133
0.0589711
0.0588089
0.0586466
0.058484
0.0583211
0.0581581
0.0579948
0.0578313
0.0576676
0.0575037
0.0573395
0.0571751
0.0570105
0.0568457
0.0566806
0.0565154
0.0563499
0.0561842
0.0560183
0.0558522
0.0556858
0.0555193
0.0553525
0.0551855
0.0550183
0.0548509
0.0546833
0.0545154
0.0543474
0.0541791
0.0540107
0.053842
0.0536731
0.053504
0.0533347
0.0531652
0.0529955
0.0528256
0.0526555
0.0524852
0.0523147
0.052144
0.0519731
0.0518019
0.0516306
0.0514591
0.0512874
0.0511155
0.0509434
0.0507711
0.0505985
0.0504259
0.050253
0.0500799
0.0499066
0.0497331
0.0495595
0.0493856
0.0492116
0.0490373
0.0488629
0.0486883
0.0485135
0.0483385
0.0481633
0.047988
0.0478124
0.0476367
0.0474608
0.0472847
0.0471084
0.046932
0.0467553
0.0465785
0.0464015
0.0462243
0.046047
0.0458694
0.0456917
0.0455138
0.0453358
0.0451575
0.0449791
0.0448005
0.0446218
0.0444428
0.0442637
0.0440845
0.043905
0.0437254
0.0435456
0.0433657
0.0431856
0.0430053
0.0428249
0.0426442
0.0424635
0.0422825
0.0421014
0.0419202
0.0417387
0.0415571
0.0413754
0.0411935
0.0410114
0.0408292
0.0406468
0.0404643
0.0402816
0.0400987
0.0399157
0.0397326
0.0395493
0.0393658
0.0391822
0.0389984
0.0388145
Process [7]
0.0386304
0.0384462
0.0382618
0.0380773
0.0378927
0.0377079
0.0375229
0.0373378
0.0371526
0.0369672
0.0367817
0.036596
0.0364102
0.0362243
0.0360382
0.0358519
0.0356656
0.0354791
0.0352924
0.0351057
0.0349188
0.0347317
0.0345445
0.0343572
0.0341698
0.0339822
0.0337945
0.0336067
0.0334187
0.0332306
0.0330424
0.032854
0.0326655
0.0324769
0.0322882
0.0320994
0.0319104
0.0317213
0.0315321
0.0313427
0.0311532
0.0309637
0.030774
0.0305841
0.0303942
0.0302041
0.030014
0.0298237
0.0296333
0.0294427
0.0292521
0.0290614
0.0288705
0.0286795
0.0284885
0.0282973
0.028106
0.0279146
0.0277231
0.0275314
0.0273397
0.0271479
0.0269559
0.0267639
0.0265717
0.0263795
0.0261871
0.0259947
0.0258021
0.0256095
0.0254168
0.0252239
0.025031
0.0248379
0.0246448
0.0244516
0.0242582
0.0240648
0.0238713
0.0236777
0.023484
0.0232902
0.0230963
0.0229024
0.0227083
0.0225142
0.02232
0.0221256
0.0219312
0.0217368
0.0215422
0.0213476
0.0211528
0.020958
0.0207631
0.0205681
0.0203731
0.020178
0.0199827
0.0197875
0.0195921
0.0193967
0.0192011
0.0190056
0.0188099
0.0186142
0.0184184
0.0182225
0.0180265
0.0178305
0.0176344
0.0174383
0.0172421
0.0170458
0.0168494
0.016653
0.0164565
0.01626
0.0160634
0.0158667
0.01567
0.0154732
0.0152763
0.0150794
0.0148825
0.0146854
0.0144883
0.0142912
0.014094
0.0138968
0.0136995
0.0135021
0.0133047
0.0131073
0.0129097
0.0127122
0.0125146
0.0123169
0.0121192
0.0119215
0.0117237
0.0115258
0.011328
0.01113
0.0109321
0.0107341
0.010536
0.0103379
0.0101398
0.0099416
0.00974339
0.00954514
0.00934685
0.00914853
0.00895017
0.00875178
0.00855335
0.0083549
0.0081564
0.00795788
0.00775933
0.00756075
0.00736213
0.00716349
0.00696483
0.00676613
0.00656741
0.00636866
0.00616989
0.0059711
0.00577228
0.00557344
0.00537458
0.0051757
0.00497679
0.00477787
0.00457893
0.00437998
0.004181
0.00398201
0.00378301
0.00358399
0.00338495
0.0031859
0.00298684
0.00278777
0.00258869
0.0023896
0.0021905
0.00199139
0.00179227
0.00159315
0.00139402
0.00119488
0.000995743
0.000796599
0.000597452
0.000398302
0.000199152
0.
************************************************************************************************************************
***             WIDEN YOUR WINDOW TO 120 CHARACTERS.  Use 'enscript -r -fCourier9' to print this document            ***
************************************************************************************************************************

---------------------------------------------- PETSc Performance Summary: ----------------------------------------------

./explicit_no.out on a  named r01n17 with 8 processors, by mae-wenlw Thu Jun  9 17:55:47 2022
Using Petsc Release Version 3.16.6, Mar 30, 2022 

                         Max       Max/Min     Avg       Total
Time (sec):           2.217e+03     1.000   2.217e+03
Objects:              1.500e+01     1.000   1.500e+01
Flop:                 1.200e+11     1.005   1.199e+11  9.594e+11
Flop/sec:             5.412e+07     1.005   5.409e+07  4.327e+08
MPI Messages:         2.000e+08     2.000   1.750e+08  1.400e+09
MPI Message Lengths:  1.600e+09     2.000   8.000e+00  1.120e+10
MPI Reductions:       3.400e+01     1.000

Flop counting convention: 1 flop = 1 real number operation of type (multiply/divide/add/subtract)
                            e.g., VecAXPY() for real vectors of length N --> 2N flop
                            and VecAXPY() for complex vectors of length N --> 8N flop

Summary of Stages:   ----- Time ------  ----- Flop ------  --- Messages ---  -- Message Lengths --  -- Reductions --
                        Avg     %Total     Avg     %Total    Count   %Total     Avg         %Total    Count   %Total
 0:      Main Stage: 2.2171e+03 100.0%  9.5940e+11 100.0%  1.400e+09 100.0%  8.000e+00      100.0%  1.600e+01  47.1%

------------------------------------------------------------------------------------------------------------------------
See the 'Profiling' chapter of the users' manual for details on interpreting output.
Phase summary info:
   Count: number of times phase was executed
   Time and Flop: Max - maximum over all processors
                  Ratio - ratio of maximum to minimum over all processors
   Mess: number of messages sent
   AvgLen: average message length (bytes)
   Reduct: number of global reductions
   Global: entire computation
   Stage: stages of a computation. Set stages with PetscLogStagePush() and PetscLogStagePop().
      %T - percent time in this phase         %F - percent flop in this phase
      %M - percent messages in this phase     %L - percent message lengths in this phase
      %R - percent reductions in this phase
   Total Mflop/s: 10e-6 * (sum of flop over all processors)/(max time over all processors)
------------------------------------------------------------------------------------------------------------------------
Event                Count      Time (sec)     Flop                              --- Global ---  --- Stage ----  Total
                   Max Ratio  Max     Ratio   Max  Ratio  Mess   AvgLen  Reduct  %T %F %M %L %R  %T %F %M %L %R Mflop/s
------------------------------------------------------------------------------------------------------------------------

--- Event Stage 0: Main Stage

BuildTwoSided          4 1.0 2.0961e-01 1.6 0.00e+00 0.0 1.3e+02 1.1e+01 4.0e+00  0  0  0  0 12   0  0  0  0 25     0
BuildTwoSidedF         3 1.0 2.0397e-01 1.6 0.00e+00 0.0 3.4e+02 8.0e+02 3.0e+00  0  0  0  0  9   0  0  0  0 19     0
VecView                1 1.0 2.6213e-02 2.2 0.00e+00 0.0 7.0e+00 1.6e+03 0.0e+00  0  0  0  0  0   0  0  0  0  0     0
VecCopy          200000005 1.0 2.6482e+01 1.1 0.00e+00 0.0 0.0e+00 0.0e+00 0.0e+00  1  0  0  0  0   1  0  0  0  0     0
VecSet                 1 1.0 6.1989e-05 7.6 0.00e+00 0.0 0.0e+00 0.0e+00 0.0e+00  0  0  0  0  0   0  0  0  0  0     0
VecAssemblyBegin       2 1.0 8.9032e-02 1.5 0.00e+00 0.0 3.4e+02 8.0e+02 2.0e+00  0  0  0  0  6   0  0  0  0 12     0
VecAssemblyEnd         2 1.0 4.8921e-0335.2 0.00e+00 0.0 0.0e+00 0.0e+00 0.0e+00  0  0  0  0  0   0  0  0  0  0     0
VecScatterBegin  100000002 1.0 1.4361e+02 1.9 0.00e+00 0.0 1.4e+09 8.0e+00 1.0e+00  5  0100100  3   5  0100100  6     0
VecScatterEnd    100000002 1.0 1.9490e+03 1.0 0.00e+00 0.0 0.0e+00 0.0e+00 0.0e+00 86  0  0  0  0  86  0  0  0  0     0
MatMultAdd       100000002 1.0 2.1706e+03 1.0 1.20e+11 1.0 1.4e+09 8.0e+00 1.0e+00 98100100100  3  98100100100  6   442
MatAssemblyBegin       1 1.0 1.1731e-01 2.1 0.00e+00 0.0 0.0e+00 0.0e+00 1.0e+00  0  0  0  0  3   0  0  0  0  6     0
MatAssemblyEnd         1 1.0 1.1692e-01 1.9 0.00e+00 0.0 0.0e+00 0.0e+00 5.0e+00  0  0  0  0 15   0  0  0  0 31     0
SFSetGraph             1 1.0 1.1921e-06 0.0 0.00e+00 0.0 0.0e+00 0.0e+00 0.0e+00  0  0  0  0  0   0  0  0  0  0     0
SFSetUp                1 1.0 2.1937e-02 1.7 0.00e+00 0.0 2.8e+01 4.0e+00 1.0e+00  0  0  0  0  3   0  0  0  0  6     0
SFPack           100000002 1.0 1.5251e+01 1.5 0.00e+00 0.0 0.0e+00 0.0e+00 0.0e+00  1  0  0  0  0   1  0  0  0  0     0
SFUnpack         100000002 1.0 7.0218e+00 1.1 0.00e+00 0.0 0.0e+00 0.0e+00 0.0e+00  0  0  0  0  0   0  0  0  0  0     0
------------------------------------------------------------------------------------------------------------------------

Memory usage is given in bytes:

Object Type          Creations   Destructions     Memory  Descendants' Mem.
Reports information only for process 0.

--- Event Stage 0: Main Stage

              Vector     7              6        16824     0.
              Matrix     3              3        41804     0.
           Index Set     2              2         1788     0.
   Star Forest Graph     1              1         1200     0.
              Viewer     2              1          840     0.
========================================================================================================================
Average time to get PetscTime(): 0.
Average time for MPI_Barrier(): 1.00136e-06
Average time for zero size MPI_Send(): 0.000703007
#PETSc Option Table entries:
-dt 0.00000001
-log_view
-n 1600
#End of PETSc Option Table entries
Compiled without FORTRAN kernels
Compiled with full precision matrices (default)
sizeof(short) 2 sizeof(int) 4 sizeof(long) 8 sizeof(void*) 8 sizeof(PetscScalar) 8 sizeof(PetscInt) 4
Configure options: --with-mpi-dir=/share/intel/2018u4/compilers_and_libraries_2018.5.274/linux/mpi/intel64 --with-blaslapack-dir=/share/intel/2018u4/compilers_and_libraries_2018.5.274/linux/mkl --with-scalapack-include=/share/intel/2018u4/compilers_and_libraries_2018.5.274/linux/mkl/include --with-scalapack-lib="-L/share/intel/2018u4/compilers_and_libraries_2018.5.274/linux/mkl/lib/intel64 -lmkl_blacs_intelmpi_lp64 -lmkl_scalapack_lp64" --with-debugging=no --prefix=/work/mae-wenlw/lib/petsc-3.16.6 --download-hdf5 =/work/mae-wenlw/HPC/petsc-3.16.6-package/hdf5-1.12.1.tar.gz --download-hypre=/work/mae-wenlw/HPC/petsc-3.16.6-package/hypre-2.23.0.tar.gz --download-mumps=/work/mae-wenlw/HPC/petsc-3.16.6-package/petsc-pkg-mumps-6d1470374d32.tar.gz --download-metis=/work/mae-wenlw/HPC/petsc-3.16.6-package/petsc-pkg-metis-c8d2dc1e751e.tar.gz COPTFLAGS="-O3 -march=native -mtune=native" CXXOPTFLAGS="-O3 -march=native -mtune=native" FOPTFLAGS="-O3 -march=native -mtune=native"
-----------------------------------------
Libraries compiled on 2022-06-02 13:42:17 on login03 
Machine characteristics: Linux-3.10.0-862.el7.x86_64-x86_64-with-redhat-7.5-Maipo
Using PETSc directory: /work/mae-wenlw/lib/petsc-3.16.6
Using PETSc arch: 
-----------------------------------------

Using C compiler: /share/intel/2018u4/compilers_and_libraries_2018.5.274/linux/mpi/intel64/bin/mpiicc  -fPIC -wd1572 -Wno-unknown-pragmas -O3 -march=native -mtune=native  -std=c99 
Using Fortran compiler: /share/intel/2018u4/compilers_and_libraries_2018.5.274/linux/mpi/intel64/bin/mpiifort  -fPIC -O3 -march=native -mtune=native     -std=c99
-----------------------------------------

Using include paths: -I/work/mae-wenlw/lib/petsc-3.16.6/include -I/share/intel/2018u4/compilers_and_libraries_2018.5.274/linux/mpi/intel64/include
-----------------------------------------

Using C linker: /share/intel/2018u4/compilers_and_libraries_2018.5.274/linux/mpi/intel64/bin/mpiicc
Using Fortran linker: /share/intel/2018u4/compilers_and_libraries_2018.5.274/linux/mpi/intel64/bin/mpiifort
Using libraries: -Wl,-rpath,/work/mae-wenlw/lib/petsc-3.16.6/lib -L/work/mae-wenlw/lib/petsc-3.16.6/lib -lpetsc -Wl,-rpath,/work/mae-wenlw/lib/petsc-3.16.6/lib -L/work/mae-wenlw/lib/petsc-3.16.6/lib -L/share/intel/2018u4/compilers_and_libraries_2018.5.274/linux/mkl/lib/intel64 -Wl,-rpath,/share/intel/2018u4/compilers_and_libraries_2018.5.274/linux/mkl/lib/intel64 -Wl,-rpath,/share/intel/2018u4/compilers_and_libraries_2018.5.274/linux/mpi/intel64/lib/release_mt -L/share/intel/2018u4/compilers_and_libraries_2018.5.274/linux/mpi/intel64/lib/release_mt -Wl,-rpath,/share/intel/2018u4/compilers_and_libraries_2018.5.274/linux/mpi/intel64/lib -L/share/intel/2018u4/compilers_and_libraries_2018.5.274/linux/mpi/intel64/lib -Wl,-rpath,/work/mae-wenlw/lib/hdf5-1.12.1/lib -L/work/mae-wenlw/lib/hdf5-1.12.1/lib -Wl,-rpath,/share/intel/2018u4/compilers_and_libraries_2018.5.274/linux/tbb/lib/intel64_lin/gcc4.4 -L/share/intel/2018u4/compilers_and_libraries_2018.5.274/linux/tbb/lib/intel64_lin/gcc4.4 -Wl,-rpath,/share/intel/2018u4/compilers_and_libraries_2018.5.274/linux/daal/lib/intel64_lin -L/share/intel/2018u4/compilers_and_libraries_2018.5.274/linux/daal/lib/intel64_lin -Wl,-rpath,/share/intel/2018u4/compilers_and_libraries_2018.5.274/linux/tbb/lib/intel64/gcc4.4 -L/share/intel/2018u4/compilers_and_libraries_2018.5.274/linux/tbb/lib/intel64/gcc4.4 -Wl,-rpath,/share/intel/2018u4/compilers_and_libraries_2018.5.274/linux/compiler/lib/intel64 -L/share/intel/2018u4/compilers_and_libraries_2018.5.274/linux/compiler/lib/intel64 -Wl,-rpath,/share/intel/2018u4/compilers_and_libraries_2018.5.274/linux/ipp/lib/intel64 -L/share/intel/2018u4/compilers_and_libraries_2018.5.274/linux/ipp/lib/intel64 -Wl,-rpath,/share/intel/2018u4/compilers_and_libraries_2018.5.274/linux/compiler/lib/intel64_lin -L/share/intel/2018u4/compilers_and_libraries_2018.5.274/linux/compiler/lib/intel64_lin -Wl,-rpath,/usr/lib/gcc/x86_64-redhat-linux/4.8.5 -L/usr/lib/gcc/x86_64-redhat-linux/4.8.5 -Wl,-rpath,/opt/intel/mpi-rt/2017.0.0/intel64/lib/release_mt -Wl,-rpath,/opt/intel/mpi-rt/2017.0.0/intel64/lib -lHYPRE -lcmumps -ldmumps -lsmumps -lzmumps -lmumps_common -lpord -lmkl_blacs_intelmpi_lp64 -lmkl_scalapack_lp64 -lmkl_intel_lp64 -lmkl_core -lmkl_sequential -lpthread -lhdf5_hl -lhdf5 -lmetis -lX11 -lstdc++ -ldl -lmpifort -lmpi -lmpigi -lrt -lpthread -lifport -lifcoremt_pic -limf -lsvml -lm -lipgo -lirc -lgcc_s -lirc_s -lquadmath -lstdc++ -ldl
-----------------------------------------

