==191795== Memcheck, a memory error detector
==191795== Copyright (C) 2002-2017, and GNU GPL'd, by Julian Seward et al.
==191795== Using Valgrind-3.14.0 and LibVEX; rerun with -h for copyright info
==191795== Command: /share/intel/2018u4/compilers_and_libraries_2018.5.274/linux/mpi/intel64/bin/mpirun ./explicit.out -log_view
==191795== 
==191797== 
==191797== HEAP SUMMARY:
==191797==     in use at exit: 57,780 bytes in 1,208 blocks
==191797==   total heap usage: 1,764 allocs, 556 frees, 95,855 bytes allocated
==191797== 
==191797== LEAK SUMMARY:
==191797==    definitely lost: 0 bytes in 0 blocks
==191797==    indirectly lost: 0 bytes in 0 blocks
==191797==      possibly lost: 0 bytes in 0 blocks
==191797==    still reachable: 57,780 bytes in 1,208 blocks
==191797==         suppressed: 0 bytes in 0 blocks
==191797== Rerun with --leak-check=full to see details of leaked memory
==191797== 
==191797== For counts of detected and suppressed errors, rerun with: -v
==191797== ERROR SUMMARY: 0 errors from 0 contexts (suppressed: 0 from 0)

==191857== 
==191857== HEAP SUMMARY:
==191857==     in use at exit: 60,119 bytes in 1,297 blocks
==191857==   total heap usage: 3,524 allocs, 2,227 frees, 150,006 bytes allocated
==191857== 
==191857== LEAK SUMMARY:
==191857==    definitely lost: 10 bytes in 1 blocks
==191857==    indirectly lost: 0 bytes in 0 blocks
==191857==      possibly lost: 0 bytes in 0 blocks
==191857==    still reachable: 60,109 bytes in 1,296 blocks
==191857==         suppressed: 0 bytes in 0 blocks
==191857== Rerun with --leak-check=full to see details of leaked memory
==191857== 
==191857== For counts of detected and suppressed errors, rerun with: -v
==191857== ERROR SUMMARY: 0 errors from 0 contexts (suppressed: 0 from 0)
==191795== 
==191795== HEAP SUMMARY:
==191795==     in use at exit: 63,551 bytes in 1,281 blocks
==191795==   total heap usage: 3,796 allocs, 2,515 frees, 156,007 bytes allocated
==191795== 
==191795== LEAK SUMMARY:
==191795==    definitely lost: 0 bytes in 0 blocks
==191795==    indirectly lost: 0 bytes in 0 blocks
==191795==      possibly lost: 0 bytes in 0 blocks
==191795==    still reachable: 63,551 bytes in 1,281 blocks
==191795==         suppressed: 0 bytes in 0 blocks
==191795== Rerun with --leak-check=full to see details of leaked memory
==191795== 
==191795== For counts of detected and suppressed errors, rerun with: -v
==191795== ERROR SUMMARY: 0 errors from 0 contexts (suppressed: 0 from 0)
