dx= 0.0002 dt = 1.6e-08 its 62500001
Vec Object: u_numeracal 1 MPI processes
  type: seq
0.
6.68113e-05
0.000133622
0.000200434
0.000267245
0.000334056
0.000400867
0.000467677
0.000534488
0.000601298
0.000668108
0.000734918
0.000801728
0.000868537
0.000935346
0.00100215
0.00106896
0.00113577
0.00120258
0.00126939
0.00133619
0.001403
0.0014698
0.00153661
0.00160341
0.00167022
0.00173702
0.00180382
0.00187062
0.00193742
0.00200422
0.00207102
0.00213782
0.00220462
0.00227142
0.00233821
0.00240501
0.0024718
0.0025386
0.00260539
0.00267218
0.00273897
0.00280576
0.00287255
0.00293934
0.00300612
0.00307291
0.00313969
0.00320648
0.00327326
0.00334004
0.00340682
0.0034736
0.00354037
0.00360715
0.00367392
0.00374069
0.00380747
0.00387424
0.003941
0.00400777
0.00407454
0.0041413
0.00420806
0.00427482
0.00434158
0.00440834
0.00447509
0.00454185
0.0046086
0.00467535
0.0047421
0.00480885
0.00487559
0.00494234
0.00500908
0.00507582
0.00514255
0.00520929
0.00527602
0.00534276
0.00540949
0.00547621
0.00554294
0.00560966
0.00567638
0.0057431
0.00580982
0.00587654
0.00594325
0.00600996
0.00607667
0.00614337
0.00621008
0.00627678
0.00634348
0.00641017
0.00647687
0.00654356
0.00661025
0.00667694
0.00674362
0.0068103
0.00687698
0.00694366
0.00701033
0.007077
0.00714367
0.00721034
0.007277
0.00734366
0.00741032
0.00747698
0.00754363
0.00761028
0.00767692
0.00774357
0.00781021
0.00787685
0.00794348
0.00801011
0.00807674
0.00814337
0.00820999
0.00827661
0.00834323
0.00840984
0.00847645
0.00854306
0.00860966
0.00867626
0.00874286
0.00880945
0.00887604
0.00894263
0.00900921
0.0090758
0.00914237
0.00920895
0.00927552
0.00934208
0.00940865
0.00947521
0.00954176
0.00960831
0.00967486
0.00974141
0.00980795
0.00987449
0.00994102
0.0100076
0.0100741
0.0101406
0.0102071
0.0102736
0.0103401
0.0104067
0.0104732
0.0105397
0.0106062
0.0106726
0.0107391
0.0108056
0.0108721
0.0109386
0.011005
0.0110715
0.011138
0.0112044
0.0112709
0.0113373
0.0114038
0.0114702
0.0115367
0.0116031
0.0116695
0.011736
0.0118024
0.0118688
0.0119352
0.0120016
0.012068
0.0121344
0.0122008
0.0122672
0.0123336
0.0124
0.0124663
0.0125327
0.0125991
0.0126654
0.0127318
0.0127981
0.0128645
0.0129308
0.0129972
0.0130635
0.0131298
0.0131961
0.0132624
0.0133288
0.0133951
0.0134614
0.0135277
0.013594
0.0136602
0.0137265
0.0137928
0.0138591
0.0139253
0.0139916
0.0140578
0.0141241
0.0141903
0.0142566
0.0143228
0.014389
0.0144553
0.0145215
0.0145877
0.0146539
0.0147201
0.0147863
0.0148525
0.0149187
0.0149849
0.015051
0.0151172
0.0151834
0.0152495
0.0153157
0.0153818
0.0154479
0.0155141
0.0155802
0.0156463
0.0157124
0.0157786
0.0158447
0.0159108
0.0159768
0.0160429
0.016109
0.0161751
0.0162412
0.0163072
0.0163733
0.0164393
0.0165054
0.0165714
0.0166374
0.0167035
0.0167695
0.0168355
0.0169015
0.0169675
0.0170335
0.0170995
0.0171654
0.0172314
0.0172974
0.0173633
0.0174293
0.0174952
0.0175612
0.0176271
0.017693
0.017759
0.0178249
0.0178908
0.0179567
0.0180226
0.0180885
0.0181543
0.0182202
0.0182861
0.0183519
0.0184178
0.0184836
0.0185495
0.0186153
0.0186811
0.018747
0.0188128
0.0188786
0.0189444
0.0190102
0.0190759
0.0191417
0.0192075
0.0192732
0.019339
0.0194047
0.0194705
0.0195362
0.0196019
0.0196677
0.0197334
0.0197991
0.0198648
0.0199305
0.0199961
0.0200618
0.0201275
0.0201931
0.0202588
0.0203244
0.02039
0.0204557
0.0205213
0.0205869
0.0206525
0.0207181
0.0207837
0.0208493
0.0209148
0.0209804
0.021046
0.0211115
0.0211771
0.0212426
0.0213081
0.0213736
0.0214391
0.0215046
0.0215701
0.0216356
0.0217011
0.0217666
0.021832
0.0218975
0.0219629
0.0220283
0.0220938
0.0221592
0.0222246
0.02229
0.0223554
0.0224208
0.0224862
0.0225515
0.0226169
0.0226822
0.0227476
0.0228129
0.0228782
0.0229436
0.0230089
0.0230742
0.0231394
0.0232047
0.02327
0.0233353
0.0234005
0.0234658
0.023531
0.0235962
0.0236615
0.0237267
0.0237919
0.0238571
0.0239223
0.0239874
0.0240526
0.0241178
0.0241829
0.024248
0.0243132
0.0243783
0.0244434
0.0245085
0.0245736
0.0246387
0.0247038
0.0247688
0.0248339
0.0248989
0.024964
0.025029
0.025094
0.025159
0.025224
0.025289
0.025354
0.025419
0.0254839
0.0255489
0.0256138
0.0256788
0.0257437
0.0258086
0.0258735
0.0259384
0.0260033
0.0260682
0.026133
0.0261979
0.0262627
0.0263276
0.0263924
0.0264572
0.026522
0.0265868
0.0266516
0.0267164
0.0267811
0.0268459
0.0269106
0.0269754
0.0270401
0.0271048
0.0271695
0.0272342
0.0272989
0.0273636
0.0274282
0.0274929
0.0275575
0.0276222
0.0276868
0.0277514
0.027816
0.0278806
0.0279452
0.0280097
0.0280743
0.0281388
0.0282034
0.0282679
0.0283324
0.0283969
0.0284614
0.0285259
0.0285904
0.0286548
0.0287193
0.0287837
0.0288482
0.0289126
0.028977
0.0290414
0.0291058
0.0291702
0.0292345
0.0292989
0.0293632
0.0294276
0.0294919
0.0295562
0.0296205
0.0296848
0.0297491
0.0298133
0.0298776
0.0299418
0.0300061
0.0300703
0.0301345
0.0301987
0.0302629
0.0303271
0.0303912
0.0304554
0.0305195
0.0305836
0.0306478
0.0307119
0.030776
0.03084
0.0309041
0.0309682
0.0310322
0.0310963
0.0311603
0.0312243
0.0312883
0.0313523
0.0314163
0.0314802
0.0315442
0.0316081
0.0316721
0.031736
0.0317999
0.0318638
0.0319277
0.0319915
0.0320554
0.0321193
0.0321831
0.0322469
0.0323107
0.0323745
0.0324383
0.0325021
0.0325658
0.0326296
0.0326933
0.0327571
0.0328208
0.0328845
0.0329482
0.0330118
0.0330755
0.0331391
0.0332028
0.0332664
0.03333
0.0333936
0.0334572
0.0335208
0.0335844
0.0336479
0.0337114
0.033775
0.0338385
0.033902
0.0339655
0.0340289
0.0340924
0.0341559
0.0342193
0.0342827
0.0343461
0.0344095
0.0344729
0.0345363
0.0345996
0.034663
0.0347263
0.0347896
0.0348529
0.0349162
0.0349795
0.0350428
0.035106
0.0351693
0.0352325
0.0352957
0.0353589
0.0354221
0.0354853
0.0355484
0.0356116
0.0356747
0.0357378
0.035801
0.035864
0.0359271
0.0359902
0.0360532
0.0361163
0.0361793
0.0362423
0.0363053
0.0363683
0.0364313
0.0364942
0.0365572
0.0366201
0.036683
0.0367459
0.0368088
0.0368717
0.0369346
0.0369974
0.0370602
0.0371231
0.0371859
0.0372487
0.0373114
0.0373742
0.037437
0.0374997
0.0375624
0.0376251
0.0376878
0.0377505
0.0378132
0.0378758
0.0379384
0.0380011
0.0380637
0.0381263
0.0381888
0.0382514
0.038314
0.0383765
0.038439
0.0385015
0.038564
0.0386265
0.038689
0.0387514
0.0388138
0.0388763
0.0389387
0.0390011
0.0390634
0.0391258
0.0391881
0.0392505
0.0393128
0.0393751
0.0394374
0.0394997
0.0395619
0.0396242
0.0396864
0.0397486
0.0398108
0.039873
0.0399352
0.0399973
0.0400594
0.0401216
0.0401837
0.0402458
0.0403078
0.0403699
0.040432
0.040494
0.040556
0.040618
0.04068
0.040742
0.0408039
0.0408659
0.0409278
0.0409897
0.0410516
0.0411135
0.0411753
0.0412372
0.041299
0.0413608
0.0414226
0.0414844
0.0415462
0.041608
0.0416697
0.0417314
0.0417931
0.0418548
0.0419165
0.0419782
0.0420398
0.0421014
0.042163
0.0422246
0.0422862
0.0423478
0.0424093
0.0424709
0.0425324
0.0425939
0.0426554
0.0427169
0.0427783
0.0428397
0.0429012
0.0429626
0.043024
0.0430853
0.0431467
0.043208
0.0432694
0.0433307
0.043392
0.0434532
0.0435145
0.0435757
0.043637
0.0436982
0.0437594
0.0438206
0.0438817
0.0439429
0.044004
0.0440651
0.0441262
0.0441873
0.0442483
0.0443094
0.0443704
0.0444314
0.0444924
0.0445534
0.0446144
0.0446753
0.0447362
0.0447971
0.044858
0.0449189
0.0449798
0.0450406
0.0451014
0.0451623
0.045223
0.0452838
0.0453446
0.0454053
0.0454661
0.0455268
0.0455875
0.0456481
0.0457088
0.0457694
0.04583
0.0458906
0.0459512
0.0460118
0.0460724
0.0461329
0.0461934
0.0462539
0.0463144
0.0463749
0.0464353
0.0464957
0.0465562
0.0466166
0.0466769
0.0467373
0.0467976
0.046858
0.0469183
0.0469786
0.0470388
0.0470991
0.0471593
0.0472196
0.0472798
0.0473399
0.0474001
0.0474603
0.0475204
0.0475805
0.0476406
0.0477007
0.0477607
0.0478208
0.0478808
0.0479408
0.0480008
0.0480608
0.0481207
0.0481807
0.0482406
0.0483005
0.0483604
0.0484202
0.0484801
0.0485399
0.0485997
0.0486595
0.0487193
0.048779
0.0488387
0.0488985
0.0489582
0.0490178
0.0490775
0.0491371
0.0491968
0.0492564
0.0493159
0.0493755
0.0494351
0.0494946
0.0495541
0.0496136
0.0496731
0.0497325
0.049792
0.0498514
0.0499108
0.0499702
0.0500295
0.0500889
0.0501482
0.0502075
0.0502668
0.0503261
0.0503853
0.0504445
0.0505038
0.050563
0.0506221
0.0506813
0.0507404
0.0507995
0.0508586
0.0509177
0.0509768
0.0510358
0.0510948
0.0511538
0.0512128
0.0512718
0.0513307
0.0513896
0.0514486
0.0515074
0.0515663
0.0516252
0.051684
0.0517428
0.0518016
0.0518604
0.0519191
0.0519778
0.0520365
0.0520952
0.0521539
0.0522126
0.0522712
0.0523298
0.0523884
0.052447
0.0525055
0.0525641
0.0526226
0.0526811
0.0527396
0.052798
0.0528564
0.0529149
0.0529733
0.0530316
0.05309
0.0531483
0.0532066
0.0532649
0.0533232
0.0533815
0.0534397
0.0534979
0.0535561
0.0536143
0.0536725
0.0537306
0.0537887
0.0538468
0.0539049
0.0539629
0.054021
0.054079
0.054137
0.0541949
0.0542529
0.0543108
0.0543687
0.0544266
0.0544845
0.0545424
0.0546002
0.054658
0.0547158
0.0547736
0.0548313
0.054889
0.0549468
0.0550044
0.0550621
0.0551198
0.0551774
0.055235
0.0552926
0.0553501
0.0554077
0.0554652
0.0555227
0.0555802
0.0556376
0.0556951
0.0557525
0.0558099
0.0558673
0.0559246
0.0559819
0.0560393
0.0560965
0.0561538
0.0562111
0.0562683
0.0563255
0.0563827
0.0564399
0.056497
0.0565541
0.0566112
0.0566683
0.0567254
0.0567824
0.0568394
0.0568964
0.0569534
0.0570103
0.0570673
0.0571242
0.0571811
0.0572379
0.0572948
0.0573516
0.0574084
0.0574652
0.0575219
0.0575787
0.0576354
0.0576921
0.0577488
0.0578054
0.057862
0.0579186
0.0579752
0.0580318
0.0580883
0.0581448
0.0582013
0.0582578
0.0583143
0.0583707
0.0584271
0.0584835
0.0585399
0.0585962
0.0586525
0.0587088
0.0587651
0.0588214
0.0588776
0.0589338
0.05899
0.0590462
0.0591023
0.0591585
0.0592146
0.0592706
0.0593267
0.0593827
0.0594387
0.0594947
0.0595507
0.0596066
0.0596626
0.0597185
0.0597743
0.0598302
0.059886
0.0599418
0.0599976
0.0600534
0.0601091
0.0601649
0.0602206
0.0602762
0.0603319
0.0603875
0.0604431
0.0604987
0.0605543
0.0606098
0.0606653
0.0607208
0.0607763
0.0608318
0.0608872
0.0609426
0.060998
0.0610533
0.0611087
0.061164
0.0612193
0.0612745
0.0613298
0.061385
0.0614402
0.0614954
0.0615505
0.0616056
0.0616607
0.0617158
0.0617709
0.0618259
0.0618809
0.0619359
0.0619909
0.0620458
0.0621007
0.0621556
0.0622105
0.0622654
0.0623202
0.062375
0.0624298
0.0624845
0.0625393
0.062594
0.0626486
0.0627033
0.0627579
0.0628126
0.0628672
0.0629217
0.0629763
0.0630308
0.0630853
0.0631398
0.0631942
0.0632486
0.063303
0.0633574
0.0634118
0.0634661
0.0635204
0.0635747
0.0636289
0.0636832
0.0637374
0.0637916
0.0638457
0.0638999
0.063954
0.0640081
0.0640621
0.0641162
0.0641702
0.0642242
0.0642782
0.0643321
0.064386
0.0644399
0.0644938
0.0645477
0.0646015
0.0646553
0.0647091
0.0647628
0.0648166
0.0648703
0.0649239
0.0649776
0.0650312
0.0650848
0.0651384
0.065192
0.0652455
0.065299
0.0653525
0.065406
0.0654594
0.0655128
0.0655662
0.0656196
0.0656729
0.0657262
0.0657795
0.0658328
0.065886
0.0659392
0.0659924
0.0660456
0.0660987
0.0661518
0.0662049
0.066258
0.066311
0.0663641
0.0664171
0.06647
0.066523
0.0665759
0.0666288
0.0666816
0.0667345
0.0667873
0.0668401
0.0668929
0.0669456
0.0669983
0.067051
0.0671037
0.0671563
0.0672089
0.0672615
0.0673141
0.0673666
0.0674191
0.0674716
0.0675241
0.0675765
0.0676289
0.0676813
0.0677337
0.067786
0.0678383
0.0678906
0.0679429
0.0679951
0.0680473
0.0680995
0.0681517
0.0682038
0.0682559
0.068308
0.0683601
0.0684121
0.0684641
0.0685161
0.068568
0.06862
0.0686719
0.0687238
0.0687756
0.0688274
0.0688792
0.068931
0.0689828
0.0690345
0.0690862
0.0691378
0.0691895
0.0692411
0.0692927
0.0693443
0.0693958
0.0694473
0.0694988
0.0695503
0.0696017
0.0696531
0.0697045
0.0697559
0.0698072
0.0698585
0.0699098
0.069961
0.0700123
0.0700635
0.0701147
0.0701658
0.0702169
0.070268
0.0703191
0.0703701
0.0704212
0.0704721
0.0705231
0.070574
0.070625
0.0706758
0.0707267
0.0707775
0.0708283
0.0708791
0.0709299
0.0709806
0.0710313
0.071082
0.0711326
0.0711832
0.0712338
0.0712844
0.0713349
0.0713855
0.0714359
0.0714864
0.0715368
0.0715872
0.0716376
0.071688
0.0717383
0.0717886
0.0718389
0.0718891
0.0719393
0.0719895
0.0720397
0.0720898
0.0721399
0.07219
0.0722401
0.0722901
0.0723401
0.0723901
0.07244
0.0724899
0.0725398
0.0725897
0.0726395
0.0726894
0.0727391
0.0727889
0.0728386
0.0728883
0.072938
0.0729877
0.0730373
0.0730869
0.0731364
0.073186
0.0732355
0.073285
0.0733344
0.0733839
0.0734333
0.0734826
0.073532
0.0735813
0.0736306
0.0736799
0.0737291
0.0737783
0.0738275
0.0738766
0.0739258
0.0739749
0.0740239
0.074073
0.074122
0.074171
0.0742199
0.0742689
0.0743178
0.0743666
0.0744155
0.0744643
0.0745131
0.0745619
0.0746106
0.0746593
0.074708
0.0747566
0.0748053
0.0748539
0.0749024
0.074951
0.0749995
0.075048
0.0750964
0.0751449
0.0751933
0.0752416
0.07529
0.0753383
0.0753866
0.0754348
0.0754831
0.0755313
0.0755794
0.0756276
0.0756757
0.0757238
0.0757719
0.0758199
0.0758679
0.0759159
0.0759638
0.0760117
0.0760596
0.0761075
0.0761553
0.0762031
0.0762509
0.0762987
0.0763464
0.0763941
0.0764417
0.0764894
0.076537
0.0765845
0.0766321
0.0766796
0.0767271
0.0767746
0.076822
0.0768694
0.0769168
0.0769641
0.0770114
0.0770587
0.077106
0.0771532
0.0772004
0.0772476
0.0772947
0.0773419
0.0773889
0.077436
0.077483
0.07753
0.077577
0.0776239
0.0776709
0.0777177
0.0777646
0.0778114
0.0778582
0.077905
0.0779517
0.0779984
0.0780451
0.0780918
0.0781384
0.078185
0.0782315
0.0782781
0.0783246
0.0783711
0.0784175
0.0784639
0.0785103
0.0785567
0.078603
0.0786493
0.0786956
0.0787418
0.078788
0.0788342
0.0788803
0.0789265
0.0789726
0.0790186
0.0790647
0.0791107
0.0791566
0.0792026
0.0792485
0.0792944
0.0793402
0.0793861
0.0794319
0.0794776
0.0795234
0.0795691
0.0796147
0.0796604
0.079706
0.0797516
0.0797972
0.0798427
0.0798882
0.0799337
0.0799791
0.0800245
0.0800699
0.0801152
0.0801606
0.0802058
0.0802511
0.0802963
0.0803415
0.0803867
0.0804318
0.0804769
0.080522
0.0805671
0.0806121
0.0806571
0.080702
0.080747
0.0807919
0.0808367
0.0808816
0.0809264
0.0809712
0.0810159
0.0810606
0.0811053
0.08115
0.0811946
0.0812392
0.0812837
0.0813283
0.0813728
0.0814173
0.0814617
0.0815061
0.0815505
0.0815948
0.0816392
0.0816835
0.0817277
0.081772
0.0818161
0.0818603
0.0819045
0.0819486
0.0819926
0.0820367
0.0820807
0.0821247
0.0821686
0.0822126
0.0822565
0.0823003
0.0823441
0.0823879
0.0824317
0.0824755
0.0825192
0.0825628
0.0826065
0.0826501
0.0826937
0.0827372
0.0827808
0.0828243
0.0828677
0.0829111
0.0829545
0.0829979
0.0830412
0.0830845
0.0831278
0.0831711
0.0832143
0.0832575
0.0833006
0.0833437
0.0833868
0.0834299
0.0834729
0.0835159
0.0835589
0.0836018
0.0836447
0.0836876
0.0837304
0.0837732
0.083816
0.0838587
0.0839014
0.0839441
0.0839868
0.0840294
0.084072
0.0841145
0.0841571
0.0841995
0.084242
0.0842844
0.0843268
0.0843692
0.0844115
0.0844538
0.0844961
0.0845384
0.0845806
0.0846227
0.0846649
0.084707
0.0847491
0.0847911
0.0848332
0.0848751
0.0849171
0.084959
0.0850009
0.0850428
0.0850846
0.0851264
0.0851682
0.0852099
0.0852516
0.0852933
0.0853349
0.0853765
0.0854181
0.0854596
0.0855011
0.0855426
0.0855841
0.0856255
0.0856669
0.0857082
0.0857495
0.0857908
0.0858321
0.0858733
0.0859145
0.0859557
0.0859968
0.0860379
0.0860789
0.08612
0.086161
0.0862019
0.0862429
0.0862838
0.0863246
0.0863655
0.0864063
0.086447
0.0864878
0.0865285
0.0865692
0.0866098
0.0866504
0.086691
0.0867316
0.0867721
0.0868125
0.086853
0.0868934
0.0869338
0.0869741
0.0870145
0.0870548
0.087095
0.0871352
0.0871754
0.0872156
0.0872557
0.0872958
0.0873358
0.0873759
0.0874159
0.0874558
0.0874958
0.0875357
0.0875755
0.0876153
0.0876551
0.0876949
0.0877346
0.0877743
0.087814
0.0878536
0.0878932
0.0879328
0.0879723
0.0880118
0.0880513
0.0880908
0.0881302
0.0881695
0.0882089
0.0882482
0.0882874
0.0883267
0.0883659
0.0884051
0.0884442
0.0884833
0.0885224
0.0885614
0.0886004
0.0886394
0.0886784
0.0887173
0.0887561
0.088795
0.0888338
0.0888726
0.0889113
0.08895
0.0889887
0.0890273
0.0890659
0.0891045
0.0891431
0.0891816
0.0892201
0.0892585
0.0892969
0.0893353
0.0893736
0.0894119
0.0894502
0.0894885
0.0895267
0.0895649
0.089603
0.0896411
0.0896792
0.0897172
0.0897552
0.0897932
0.0898312
0.0898691
0.089907
0.0899448
0.0899826
0.0900204
0.0900581
0.0900958
0.0901335
0.0901711
0.0902088
0.0902463
0.0902839
0.0903214
0.0903588
0.0903963
0.0904337
0.0904711
0.0905084
0.0905457
0.090583
0.0906202
0.0906574
0.0906946
0.0907317
0.0907688
0.0908059
0.0908429
0.0908799
0.0909169
0.0909538
0.0909907
0.0910276
0.0910644
0.0911012
0.091138
0.0911747
0.0912114
0.0912481
0.0912847
0.0913213
0.0913578
0.0913944
0.0914308
0.0914673
0.0915037
0.0915401
0.0915765
0.0916128
0.0916491
0.0916853
0.0917215
0.0917577
0.0917939
0.09183
0.0918661
0.0919021
0.0919381
0.0919741
0.09201
0.092046
0.0920818
0.0921177
0.0921535
0.0921892
0.092225
0.0922607
0.0922964
0.092332
0.0923676
0.0924032
0.0924387
0.0924742
0.0925096
0.0925451
0.0925805
0.0926158
0.0926511
0.0926864
0.0927217
0.0927569
0.0927921
0.0928272
0.0928624
0.0928974
0.0929325
0.0929675
0.0930025
0.0930374
0.0930723
0.0931072
0.0931421
0.0931769
0.0932116
0.0932464
0.0932811
0.0933157
0.0933504
0.093385
0.0934195
0.093454
0.0934885
0.093523
0.0935574
0.0935918
0.0936262
0.0936605
0.0936948
0.093729
0.0937632
0.0937974
0.0938315
0.0938656
0.0938997
0.0939338
0.0939678
0.0940017
0.0940357
0.0940696
0.0941034
0.0941372
0.094171
0.0942048
0.0942385
0.0942722
0.0943059
0.0943395
0.0943731
0.0944066
0.0944401
0.0944736
0.094507
0.0945404
0.0945738
0.0946072
0.0946405
0.0946737
0.0947069
0.0947401
0.0947733
0.0948064
0.0948395
0.0948726
0.0949056
0.0949386
0.0949715
0.0950044
0.0950373
0.0950702
0.095103
0.0951357
0.0951685
0.0952012
0.0952338
0.0952665
0.0952991
0.0953316
0.0953641
0.0953966
0.0954291
0.0954615
0.0954939
0.0955262
0.0955585
0.0955908
0.095623
0.0956552
0.0956874
0.0957195
0.0957516
0.0957837
0.0958157
0.0958477
0.0958797
0.0959116
0.0959435
0.0959753
0.0960071
0.0960389
0.0960706
0.0961023
0.096134
0.0961656
0.0961972
0.0962288
0.0962603
0.0962918
0.0963233
0.0963547
0.0963861
0.0964174
0.0964487
0.09648
0.0965112
0.0965424
0.0965736
0.0966047
0.0966358
0.0966669
0.0966979
0.0967289
0.0967598
0.0967907
0.0968216
0.0968525
0.0968833
0.096914
0.0969448
0.0969755
0.0970061
0.0970368
0.0970673
0.0970979
0.0971284
0.0971589
0.0971893
0.0972198
0.0972501
0.0972805
0.0973108
0.097341
0.0973713
0.0974015
0.0974316
0.0974617
0.0974918
0.0975219
0.0975519
0.0975818
0.0976118
0.0976417
0.0976715
0.0977014
0.0977312
0.0977609
0.0977906
0.0978203
0.09785
0.0978796
0.0979092
0.0979387
0.0979682
0.0979977
0.0980271
0.0980565
0.0980858
0.0981152
0.0981444
0.0981737
0.0982029
0.0982321
0.0982612
0.0982903
0.0983194
0.0983484
0.0983774
0.0984064
0.0984353
0.0984642
0.098493
0.0985218
0.0985506
0.0985793
0.098608
0.0986367
0.0986653
0.0986939
0.0987224
0.0987509
0.0987794
0.0988079
0.0988363
0.0988646
0.098893
0.0989213
0.0989495
0.0989777
0.0990059
0.0990341
0.0990622
0.0990903
0.0991183
0.0991463
0.0991743
0.0992022
0.0992301
0.0992579
0.0992857
0.0993135
0.0993413
0.099369
0.0993966
0.0994243
0.0994519
0.0994794
0.0995069
0.0995344
0.0995619
0.0995893
0.0996167
0.099644
0.0996713
0.0996986
0.0997258
0.099753
0.0997801
0.0998072
0.0998343
0.0998613
0.0998883
0.0999153
0.0999422
0.0999691
0.099996
0.100023
0.10005
0.100076
0.100103
0.10013
0.100156
0.100183
0.100209
0.100236
0.100262
0.100289
0.100315
0.100342
0.100368
0.100394
0.100421
0.100447
0.100473
0.100499
0.100525
0.100551
0.100577
0.100603
0.100629
0.100655
0.100681
0.100707
0.100733
0.100759
0.100784
0.10081
0.100836
0.100861
0.100887
0.100912
0.100938
0.100963
0.100989
0.101014
0.10104
0.101065
0.10109
0.101115
0.101141
0.101166
0.101191
0.101216
0.101241
0.101266
0.101291
0.101316
0.101341
0.101366
0.101391
0.101415
0.10144
0.101465
0.10149
0.101514
0.101539
0.101563
0.101588
0.101613
0.101637
0.101661
0.101686
0.10171
0.101734
0.101759
0.101783
0.101807
0.101831
0.101855
0.101879
0.101904
0.101928
0.101952
0.101975
0.101999
0.102023
0.102047
0.102071
0.102095
0.102118
0.102142
0.102166
0.102189
0.102213
0.102236
0.10226
0.102283
0.102306
0.10233
0.102353
0.102376
0.1024
0.102423
0.102446
0.102469
0.102492
0.102515
0.102538
0.102561
0.102584
0.102607
0.10263
0.102653
0.102676
0.102698
0.102721
0.102744
0.102767
0.102789
0.102812
0.102834
0.102857
0.102879
0.102902
0.102924
0.102946
0.102969
0.102991
0.103013
0.103035
0.103057
0.103079
0.103102
0.103124
0.103146
0.103168
0.103189
0.103211
0.103233
0.103255
0.103277
0.103298
0.10332
0.103342
0.103363
0.103385
0.103406
0.103428
0.103449
0.103471
0.103492
0.103514
0.103535
0.103556
0.103577
0.103599
0.10362
0.103641
0.103662
0.103683
0.103704
0.103725
0.103746
0.103767
0.103787
0.103808
0.103829
0.10385
0.10387
0.103891
0.103912
0.103932
0.103953
0.103973
0.103994
0.104014
0.104035
0.104055
0.104075
0.104096
0.104116
0.104136
0.104156
0.104176
0.104196
0.104216
0.104236
0.104256
0.104276
0.104296
0.104316
0.104336
0.104355
0.104375
0.104395
0.104414
0.104434
0.104454
0.104473
0.104493
0.104512
0.104532
0.104551
0.10457
0.10459
0.104609
0.104628
0.104647
0.104666
0.104685
0.104705
0.104724
0.104743
0.104762
0.10478
0.104799
0.104818
0.104837
0.104856
0.104874
0.104893
0.104912
0.10493
0.104949
0.104967
0.104986
0.105004
0.105023
0.105041
0.105059
0.105078
0.105096
0.105114
0.105132
0.105151
0.105169
0.105187
0.105205
0.105223
0.105241
0.105259
0.105276
0.105294
0.105312
0.10533
0.105347
0.105365
0.105383
0.1054
0.105418
0.105435
0.105453
0.10547
0.105488
0.105505
0.105522
0.10554
0.105557
0.105574
0.105591
0.105608
0.105625
0.105642
0.10566
0.105676
0.105693
0.10571
0.105727
0.105744
0.105761
0.105777
0.105794
0.105811
0.105827
0.105844
0.105861
0.105877
0.105893
0.10591
0.105926
0.105943
0.105959
0.105975
0.105991
0.106008
0.106024
0.10604
0.106056
0.106072
0.106088
0.106104
0.10612
0.106136
0.106151
0.106167
0.106183
0.106199
0.106214
0.10623
0.106246
0.106261
0.106277
0.106292
0.106308
0.106323
0.106338
0.106354
0.106369
0.106384
0.106399
0.106415
0.10643
0.106445
0.10646
0.106475
0.10649
0.106505
0.10652
0.106535
0.106549
0.106564
0.106579
0.106594
0.106608
0.106623
0.106637
0.106652
0.106666
0.106681
0.106695
0.10671
0.106724
0.106738
0.106753
0.106767
0.106781
0.106795
0.106809
0.106823
0.106837
0.106851
0.106865
0.106879
0.106893
0.106907
0.106921
0.106934
0.106948
0.106962
0.106975
0.106989
0.107002
0.107016
0.107029
0.107043
0.107056
0.10707
0.107083
0.107096
0.107109
0.107123
0.107136
0.107149
0.107162
0.107175
0.107188
0.107201
0.107214
0.107227
0.10724
0.107252
0.107265
0.107278
0.107291
0.107303
0.107316
0.107328
0.107341
0.107353
0.107366
0.107378
0.107391
0.107403
0.107415
0.107427
0.10744
0.107452
0.107464
0.107476
0.107488
0.1075
0.107512
0.107524
0.107536
0.107548
0.10756
0.107571
0.107583
0.107595
0.107606
0.107618
0.10763
0.107641
0.107653
0.107664
0.107675
0.107687
0.107698
0.107709
0.107721
0.107732
0.107743
0.107754
0.107765
0.107776
0.107787
0.107798
0.107809
0.10782
0.107831
0.107842
0.107853
0.107863
0.107874
0.107885
0.107895
0.107906
0.107916
0.107927
0.107937
0.107948
0.107958
0.107969
0.107979
0.107989
0.107999
0.10801
0.10802
0.10803
0.10804
0.10805
0.10806
0.10807
0.10808
0.10809
0.108099
0.108109
0.108119
0.108129
0.108138
0.108148
0.108157
0.108167
0.108177
0.108186
0.108195
0.108205
0.108214
0.108223
0.108233
0.108242
0.108251
0.10826
0.108269
0.108278
0.108287
0.108296
0.108305
0.108314
0.108323
0.108332
0.108341
0.10835
0.108358
0.108367
0.108376
0.108384
0.108393
0.108401
0.10841
0.108418
0.108426
0.108435
0.108443
0.108451
0.10846
0.108468
0.108476
0.108484
0.108492
0.1085
0.108508
0.108516
0.108524
0.108532
0.10854
0.108548
0.108555
0.108563
0.108571
0.108578
0.108586
0.108593
0.108601
0.108608
0.108616
0.108623
0.108631
0.108638
0.108645
0.108652
0.10866
0.108667
0.108674
0.108681
0.108688
0.108695
0.108702
0.108709
0.108716
0.108723
0.108729
0.108736
0.108743
0.10875
0.108756
0.108763
0.108769
0.108776
0.108782
0.108789
0.108795
0.108801
0.108808
0.108814
0.10882
0.108826
0.108833
0.108839
0.108845
0.108851
0.108857
0.108863
0.108869
0.108875
0.10888
0.108886
0.108892
0.108898
0.108903
0.108909
0.108915
0.10892
0.108926
0.108931
0.108937
0.108942
0.108947
0.108953
0.108958
0.108963
0.108968
0.108973
0.108979
0.108984
0.108989
0.108994
0.108999
0.109004
0.109008
0.109013
0.109018
0.109023
0.109028
0.109032
0.109037
0.109041
0.109046
0.109051
0.109055
0.109059
0.109064
0.109068
0.109072
0.109077
0.109081
0.109085
0.109089
0.109093
0.109098
0.109102
0.109106
0.10911
0.109113
0.109117
0.109121
0.109125
0.109129
0.109132
0.109136
0.10914
0.109143
0.109147
0.10915
0.109154
0.109157
0.109161
0.109164
0.109167
0.109171
0.109174
0.109177
0.10918
0.109183
0.109186
0.109189
0.109192
0.109195
0.109198
0.109201
0.109204
0.109207
0.10921
0.109212
0.109215
0.109218
0.10922
0.109223
0.109225
0.109228
0.10923
0.109233
0.109235
0.109237
0.109239
0.109242
0.109244
0.109246
0.109248
0.10925
0.109252
0.109254
0.109256
0.109258
0.10926
0.109262
0.109264
0.109265
0.109267
0.109269
0.10927
0.109272
0.109274
0.109275
0.109277
0.109278
0.109279
0.109281
0.109282
0.109283
0.109285
0.109286
0.109287
0.109288
0.109289
0.10929
0.109291
0.109292
0.109293
0.109294
0.109295
0.109296
0.109296
0.109297
0.109298
0.109298
0.109299
0.109299
0.1093
0.1093
0.109301
0.109301
0.109302
0.109302
0.109302
0.109302
0.109303
0.109303
0.109303
0.109303
0.109303
0.109303
0.109303
0.109303
0.109303
0.109303
0.109302
0.109302
0.109302
0.109302
0.109301
0.109301
0.1093
0.1093
0.109299
0.109299
0.109298
0.109298
0.109297
0.109296
0.109295
0.109295
0.109294
0.109293
0.109292
0.109291
0.10929
0.109289
0.109288
0.109287
0.109286
0.109284
0.109283
0.109282
0.10928
0.109279
0.109278
0.109276
0.109275
0.109273
0.109272
0.10927
0.109268
0.109267
0.109265
0.109263
0.109261
0.10926
0.109258
0.109256
0.109254
0.109252
0.10925
0.109248
0.109246
0.109243
0.109241
0.109239
0.109237
0.109234
0.109232
0.10923
0.109227
0.109225
0.109222
0.10922
0.109217
0.109214
0.109212
0.109209
0.109206
0.109203
0.109201
0.109198
0.109195
0.109192
0.109189
0.109186
0.109183
0.10918
0.109177
0.109173
0.10917
0.109167
0.109163
0.10916
0.109157
0.109153
0.10915
0.109146
0.109143
0.109139
0.109136
0.109132
0.109128
0.109124
0.109121
0.109117
0.109113
0.109109
0.109105
0.109101
0.109097
0.109093
0.109089
0.109085
0.10908
0.109076
0.109072
0.109068
0.109063
0.109059
0.109055
0.10905
0.109046
0.109041
0.109036
0.109032
0.109027
0.109022
0.109018
0.109013
0.109008
0.109003
0.108998
0.108993
0.108988
0.108983
0.108978
0.108973
0.108968
0.108963
0.108958
0.108952
0.108947
0.108942
0.108936
0.108931
0.108925
0.10892
0.108914
0.108909
0.108903
0.108898
0.108892
0.108886
0.10888
0.108874
0.108869
0.108863
0.108857
0.108851
0.108845
0.108839
0.108833
0.108827
0.10882
0.108814
0.108808
0.108802
0.108795
0.108789
0.108782
0.108776
0.10877
0.108763
0.108756
0.10875
0.108743
0.108737
0.10873
0.108723
0.108716
0.108709
0.108702
0.108696
0.108689
0.108682
0.108675
0.108667
0.10866
0.108653
0.108646
0.108639
0.108631
0.108624
0.108617
0.108609
0.108602
0.108594
0.108587
0.108579
0.108572
0.108564
0.108556
0.108549
0.108541
0.108533
0.108525
0.108518
0.10851
0.108502
0.108494
0.108486
0.108478
0.108469
0.108461
0.108453
0.108445
0.108437
0.108428
0.10842
0.108412
0.108403
0.108395
0.108386
0.108378
0.108369
0.10836
0.108352
0.108343
0.108334
0.108326
0.108317
0.108308
0.108299
0.10829
0.108281
0.108272
0.108263
0.108254
0.108245
0.108236
0.108226
0.108217
0.108208
0.108199
0.108189
0.10818
0.10817
0.108161
0.108151
0.108142
0.108132
0.108123
0.108113
0.108103
0.108093
0.108084
0.108074
0.108064
0.108054
0.108044
0.108034
0.108024
0.108014
0.108004
0.107994
0.107983
0.107973
0.107963
0.107953
0.107942
0.107932
0.107922
0.107911
0.107901
0.10789
0.107879
0.107869
0.107858
0.107847
0.107837
0.107826
0.107815
0.107804
0.107793
0.107782
0.107772
0.107761
0.107749
0.107738
0.107727
0.107716
0.107705
0.107694
0.107682
0.107671
0.10766
0.107648
0.107637
0.107625
0.107614
0.107602
0.107591
0.107579
0.107567
0.107556
0.107544
0.107532
0.10752
0.107508
0.107497
0.107485
0.107473
0.107461
0.107449
0.107436
0.107424
0.107412
0.1074
0.107388
0.107375
0.107363
0.107351
0.107338
0.107326
0.107313
0.107301
0.107288
0.107276
0.107263
0.10725
0.107238
0.107225
0.107212
0.107199
0.107186
0.107173
0.10716
0.107147
0.107134
0.107121
0.107108
0.107095
0.107082
0.107069
0.107055
0.107042
0.107029
0.107015
0.107002
0.106989
0.106975
0.106962
0.106948
0.106934
0.106921
0.106907
0.106893
0.10688
0.106866
0.106852
0.106838
0.106824
0.10681
0.106796
0.106782
0.106768
0.106754
0.10674
0.106726
0.106711
0.106697
0.106683
0.106668
0.106654
0.10664
0.106625
0.106611
0.106596
0.106582
0.106567
0.106552
0.106538
0.106523
0.106508
0.106493
0.106479
0.106464
0.106449
0.106434
0.106419
0.106404
0.106389
0.106374
0.106358
0.106343
0.106328
0.106313
0.106297
0.106282
0.106267
0.106251
0.106236
0.10622
0.106205
0.106189
0.106174
0.106158
0.106142
0.106127
0.106111
0.106095
0.106079
0.106063
0.106047
0.106031
0.106015
0.105999
0.105983
0.105967
0.105951
0.105935
0.105919
0.105903
0.105886
0.10587
0.105854
0.105837
0.105821
0.105804
0.105788
0.105771
0.105754
0.105738
0.105721
0.105704
0.105688
0.105671
0.105654
0.105637
0.10562
0.105603
0.105586
0.105569
0.105552
0.105535
0.105518
0.105501
0.105484
0.105467
0.105449
0.105432
0.105415
0.105397
0.10538
0.105362
0.105345
0.105327
0.10531
0.105292
0.105274
0.105257
0.105239
0.105221
0.105203
0.105185
0.105168
0.10515
0.105132
0.105114
0.105096
0.105078
0.105059
0.105041
0.105023
0.105005
0.104987
0.104968
0.10495
0.104932
0.104913
0.104895
0.104876
0.104858
0.104839
0.104821
0.104802
0.104783
0.104765
0.104746
0.104727
0.104708
0.104689
0.10467
0.104651
0.104632
0.104613
0.104594
0.104575
0.104556
0.104537
0.104518
0.104499
0.104479
0.10446
0.104441
0.104421
0.104402
0.104382
0.104363
0.104343
0.104324
0.104304
0.104284
0.104265
0.104245
0.104225
0.104205
0.104186
0.104166
0.104146
0.104126
0.104106
0.104086
0.104066
0.104046
0.104026
0.104005
0.103985
0.103965
0.103945
0.103924
0.103904
0.103884
0.103863
0.103843
0.103822
0.103802
0.103781
0.10376
0.10374
0.103719
0.103698
0.103678
0.103657
0.103636
0.103615
0.103594
0.103573
0.103552
0.103531
0.10351
0.103489
0.103468
0.103447
0.103425
0.103404
0.103383
0.103362
0.10334
0.103319
0.103297
0.103276
0.103254
0.103233
0.103211
0.10319
0.103168
0.103146
0.103125
0.103103
0.103081
0.103059
0.103037
0.103015
0.102993
0.102971
0.102949
0.102927
0.102905
0.102883
0.102861
0.102839
0.102817
0.102794
0.102772
0.10275
0.102727
0.102705
0.102682
0.10266
0.102637
0.102615
0.102592
0.102569
0.102547
0.102524
0.102501
0.102478
0.102456
0.102433
0.10241
0.102387
0.102364
0.102341
0.102318
0.102295
0.102272
0.102249
0.102225
0.102202
0.102179
0.102156
0.102132
0.102109
0.102085
0.102062
0.102038
0.102015
0.101991
0.101968
0.101944
0.10192
0.101897
0.101873
0.101849
0.101825
0.101802
0.101778
0.101754
0.10173
0.101706
0.101682
0.101658
0.101634
0.101609
0.101585
0.101561
0.101537
0.101513
0.101488
0.101464
0.10144
0.101415
0.101391
0.101366
0.101342
0.101317
0.101292
0.101268
0.101243
0.101218
0.101194
0.101169
0.101144
0.101119
0.101094
0.101069
0.101044
0.101019
0.100994
0.100969
0.100944
0.100919
0.100894
0.100869
0.100843
0.100818
0.100793
0.100767
0.100742
0.100717
0.100691
0.100666
0.10064
0.100614
0.100589
0.100563
0.100538
0.100512
0.100486
0.10046
0.100434
0.100409
0.100383
0.100357
0.100331
0.100305
0.100279
0.100253
0.100227
0.1002
0.100174
0.100148
0.100122
0.100095
0.100069
0.100043
0.100016
0.09999
0.0999635
0.099937
0.0999105
0.0998839
0.0998573
0.0998306
0.099804
0.0997773
0.0997505
0.0997237
0.0996969
0.0996701
0.0996432
0.0996162
0.0995893
0.0995623
0.0995353
0.0995082
0.0994811
0.099454
0.0994268
0.0993996
0.0993723
0.0993451
0.0993178
0.0992904
0.099263
0.0992356
0.0992082
0.0991807
0.0991532
0.0991256
0.099098
0.0990704
0.0990427
0.099015
0.0989873
0.0989595
0.0989317
0.0989039
0.098876
0.0988481
0.0988202
0.0987922
0.0987642
0.0987361
0.098708
0.0986799
0.0986518
0.0986236
0.0985954
0.0985671
0.0985388
0.0985105
0.0984821
0.0984538
0.0984253
0.0983969
0.0983684
0.0983398
0.0983113
0.0982827
0.098254
0.0982253
0.0981966
0.0981679
0.0981391
0.0981103
0.0980815
0.0980526
0.0980237
0.0979947
0.0979657
0.0979367
0.0979077
0.0978786
0.0978495
0.0978203
0.0977911
0.0977619
0.0977326
0.0977033
0.097674
0.0976447
0.0976153
0.0975858
0.0975564
0.0975269
0.0974973
0.0974678
0.0974382
0.0974085
0.0973788
0.0973491
0.0973194
0.0972896
0.0972598
0.09723
0.0972001
0.0971702
0.0971402
0.0971103
0.0970802
0.0970502
0.0970201
0.09699
0.0969598
0.0969297
0.0968994
0.0968692
0.0968389
0.0968086
0.0967782
0.0967478
0.0967174
0.096687
0.0966565
0.0966259
0.0965954
0.0965648
0.0965342
0.0965035
0.0964728
0.0964421
0.0964113
0.0963805
0.0963497
0.0963188
0.0962879
0.096257
0.096226
0.096195
0.096164
0.0961329
0.0961018
0.0960707
0.0960395
0.0960083
0.0959771
0.0959458
0.0959145
0.0958832
0.0958518
0.0958204
0.095789
0.0957575
0.095726
0.0956945
0.0956629
0.0956313
0.0955997
0.095568
0.0955363
0.0955046
0.0954728
0.095441
0.0954091
0.0953773
0.0953454
0.0953134
0.0952815
0.0952495
0.0952174
0.0951853
0.0951532
0.0951211
0.0950889
0.0950567
0.0950245
0.0949922
0.0949599
0.0949276
0.0948952
0.0948628
0.0948303
0.0947979
0.0947654
0.0947328
0.0947003
0.0946677
0.094635
0.0946024
0.0945697
0.0945369
0.0945041
0.0944713
0.0944385
0.0944056
0.0943727
0.0943398
0.0943068
0.0942738
0.0942408
0.0942077
0.0941746
0.0941415
0.0941083
0.0940751
0.0940419
0.0940087
0.0939754
0.093942
0.0939087
0.0938753
0.0938418
0.0938084
0.0937749
0.0937414
0.0937078
0.0936742
0.0936406
0.0936069
0.0935733
0.0935395
0.0935058
0.093472
0.0934382
0.0934043
0.0933704
0.0933365
0.0933026
0.0932686
0.0932346
0.0932005
0.0931665
0.0931323
0.0930982
0.093064
0.0930298
0.0929956
0.0929613
0.092927
0.0928927
0.0928583
0.0928239
0.0927894
0.092755
0.0927205
0.0926859
0.0926514
0.0926168
0.0925822
0.0925475
0.0925128
0.0924781
0.0924433
0.0924085
0.0923737
0.0923389
0.092304
0.0922691
0.0922341
0.0921991
0.0921641
0.0921291
0.092094
0.0920589
0.0920237
0.0919886
0.0919534
0.0919181
0.0918828
0.0918475
0.0918122
0.0917768
0.0917414
0.091706
0.0916706
0.0916351
0.0915995
0.091564
0.0915284
0.0914928
0.0914571
0.0914214
0.0913857
0.09135
0.0913142
0.0912784
0.0912426
0.0912067
0.0911708
0.0911348
0.0910989
0.0910629
0.0910268
0.0909908
0.0909547
0.0909186
0.0908824
0.0908462
0.09081
0.0907737
0.0907375
0.0907011
0.0906648
0.0906284
0.090592
0.0905556
0.0905191
0.0904826
0.0904461
0.0904095
0.0903729
0.0903363
0.0902996
0.0902629
0.0902262
0.0901895
0.0901527
0.0901159
0.090079
0.0900421
0.0900052
0.0899683
0.0899313
0.0898943
0.0898573
0.0898202
0.0897831
0.089746
0.0897088
0.0896717
0.0896344
0.0895972
0.0895599
0.0895226
0.0894853
0.0894479
0.0894105
0.089373
0.0893356
0.0892981
0.0892606
0.089223
0.0891854
0.0891478
0.0891101
0.0890725
0.0890348
0.088997
0.0889592
0.0889214
0.0888836
0.0888457
0.0888078
0.0887699
0.088732
0.088694
0.088656
0.0886179
0.0885798
0.0885417
0.0885036
0.0884654
0.0884272
0.088389
0.0883507
0.0883124
0.0882741
0.0882358
0.0881974
0.088159
0.0881205
0.088082
0.0880435
0.088005
0.0879664
0.0879278
0.0878892
0.0878506
0.0878119
0.0877732
0.0877344
0.0876956
0.0876568
0.087618
0.0875791
0.0875402
0.0875013
0.0874624
0.0874234
0.0873844
0.0873453
0.0873062
0.0872671
0.087228
0.0871888
0.0871496
0.0871104
0.0870712
0.0870319
0.0869926
0.0869532
0.0869138
0.0868744
0.086835
0.0867955
0.0867561
0.0867165
0.086677
0.0866374
0.0865978
0.0865581
0.0865185
0.0864788
0.086439
0.0863993
0.0863595
0.0863197
0.0862798
0.0862399
0.0862
0.0861601
0.0861201
0.0860801
0.0860401
0.0860001
0.08596
0.0859199
0.0858797
0.0858396
0.0857993
0.0857591
0.0857189
0.0856786
0.0856383
0.0855979
0.0855575
0.0855171
0.0854767
0.0854362
0.0853957
0.0853552
0.0853147
0.0852741
0.0852335
0.0851928
0.0851522
0.0851115
0.0850707
0.08503
0.0849892
0.0849484
0.0849075
0.0848667
0.0848258
0.0847848
0.0847439
0.0847029
0.0846619
0.0846208
0.0845798
0.0845387
0.0844975
0.0844564
0.0844152
0.084374
0.0843327
0.0842915
0.0842502
0.0842088
0.0841675
0.0841261
0.0840847
0.0840432
0.0840017
0.0839602
0.0839187
0.0838771
0.0838356
0.0837939
0.0837523
0.0837106
0.0836689
0.0836272
0.0835854
0.0835436
0.0835018
0.08346
0.0834181
0.0833762
0.0833343
0.0832923
0.0832503
0.0832083
0.0831663
0.0831242
0.0830821
0.08304
0.0829978
0.0829557
0.0829135
0.0828712
0.082829
0.0827867
0.0827443
0.082702
0.0826596
0.0826172
0.0825748
0.0825323
0.0824898
0.0824473
0.0824048
0.0823622
0.0823196
0.082277
0.0822343
0.0821916
0.0821489
0.0821062
0.0820634
0.0820206
0.0819778
0.0819349
0.081892
0.0818491
0.0818062
0.0817632
0.0817203
0.0816772
0.0816342
0.0815911
0.081548
0.0815049
0.0814617
0.0814186
0.0813753
0.0813321
0.0812888
0.0812456
0.0812022
0.0811589
0.0811155
0.0810721
0.0810287
0.0809852
0.0809418
0.0808982
0.0808547
0.0808111
0.0807676
0.0807239
0.0806803
0.0806366
0.0805929
0.0805492
0.0805054
0.0804617
0.0804178
0.080374
0.0803302
0.0802863
0.0802423
0.0801984
0.0801544
0.0801104
0.0800664
0.0800224
0.0799783
0.0799342
0.0798901
0.0798459
0.0798017
0.0797575
0.0797133
0.079669
0.0796247
0.0795804
0.079536
0.0794917
0.0794473
0.0794028
0.0793584
0.0793139
0.0792694
0.0792249
0.0791803
0.0791357
0.0790911
0.0790465
0.0790018
0.0789571
0.0789124
0.0788677
0.0788229
0.0787781
0.0787333
0.0786885
0.0786436
0.0785987
0.0785538
0.0785088
0.0784638
0.0784188
0.0783738
0.0783287
0.0782836
0.0782385
0.0781934
0.0781482
0.0781031
0.0780578
0.0780126
0.0779673
0.077922
0.0778767
0.0778314
0.077786
0.0777406
0.0776952
0.0776497
0.0776043
0.0775588
0.0775133
0.0774677
0.0774221
0.0773765
0.0773309
0.0772852
0.0772396
0.0771939
0.0771481
0.0771024
0.0770566
0.0770108
0.076965
0.0769191
0.0768732
0.0768273
0.0767814
0.0767354
0.0766894
0.0766434
0.0765974
0.0765513
0.0765052
0.0764591
0.076413
0.0763668
0.0763206
0.0762744
0.0762282
0.0761819
0.0761356
0.0760893
0.076043
0.0759966
0.0759502
0.0759038
0.0758573
0.0758109
0.0757644
0.0757179
0.0756713
0.0756248
0.0755782
0.0755316
0.0754849
0.0754383
0.0753916
0.0753449
0.0752981
0.0752513
0.0752046
0.0751577
0.0751109
0.075064
0.0750171
0.0749702
0.0749233
0.0748763
0.0748293
0.0747823
0.0747353
0.0746882
0.0746411
0.074594
0.0745469
0.0744997
0.0744526
0.0744053
0.0743581
0.0743109
0.0742636
0.0742163
0.0741689
0.0741216
0.0740742
0.0740268
0.0739794
0.0739319
0.0738844
0.0738369
0.0737894
0.0737419
0.0736943
0.0736467
0.0735991
0.0735514
0.0735037
0.0734561
0.0734083
0.0733606
0.0733128
0.073265
0.0732172
0.0731694
0.0731215
0.0730736
0.0730257
0.0729778
0.0729298
0.0728818
0.0728338
0.0727858
0.0727378
0.0726897
0.0726416
0.0725935
0.0725453
0.0724971
0.0724489
0.0724007
0.0723525
0.0723042
0.0722559
0.0722076
0.0721593
0.0721109
0.0720625
0.0720141
0.0719657
0.0719172
0.0718687
0.0718202
0.0717717
0.0717232
0.0716746
0.071626
0.0715774
0.0715287
0.0714801
0.0714314
0.0713827
0.0713339
0.0712852
0.0712364
0.0711876
0.0711388
0.0710899
0.071041
0.0709921
0.0709432
0.0708943
0.0708453
0.0707963
0.0707473
0.0706983
0.0706492
0.0706001
0.070551
0.0705019
0.0704528
0.0704036
0.0703544
0.0703052
0.0702559
0.0702067
0.0701574
0.0701081
0.0700588
0.0700094
0.06996
0.0699106
0.0698612
0.0698118
0.0697623
0.0697128
0.0696633
0.0696138
0.0695642
0.0695146
0.069465
0.0694154
0.0693658
0.0693161
0.0692664
0.0692167
0.069167
0.0691172
0.0690674
0.0690176
0.0689678
0.0689179
0.0688681
0.0688182
0.0687683
0.0687183
0.0686684
0.0686184
0.0685684
0.0685184
0.0684683
0.0684183
0.0683682
0.0683181
0.0682679
0.0682178
0.0681676
0.0681174
0.0680672
0.0680169
0.0679667
0.0679164
0.0678661
0.0678158
0.0677654
0.067715
0.0676646
0.0676142
0.0675638
0.0675133
0.0674628
0.0674123
0.0673618
0.0673113
0.0672607
0.0672101
0.0671595
0.0671089
0.0670582
0.0670076
0.0669569
0.0669061
0.0668554
0.0668046
0.0667539
0.0667031
0.0666522
0.0666014
0.0665505
0.0664996
0.0664487
0.0663978
0.0663469
0.0662959
0.0662449
0.0661939
0.0661428
0.0660918
0.0660407
0.0659896
0.0659385
0.0658874
0.0658362
0.065785
0.0657338
0.0656826
0.0656314
0.0655801
0.0655288
0.0654775
0.0654262
0.0653748
0.0653235
0.0652721
0.0652207
0.0651692
0.0651178
0.0650663
0.0650148
0.0649633
0.0649118
0.0648602
0.0648087
0.0647571
0.0647054
0.0646538
0.0646022
0.0645505
0.0644988
0.0644471
0.0643953
0.0643436
0.0642918
0.06424
0.0641882
0.0641363
0.0640845
0.0640326
0.0639807
0.0639288
0.0638769
0.0638249
0.0637729
0.0637209
0.0636689
0.0636169
0.0635648
0.0635127
0.0634606
0.0634085
0.0633564
0.0633042
0.063252
0.0631999
0.0631476
0.0630954
0.0630431
0.0629909
0.0629386
0.0628863
0.0628339
0.0627816
0.0627292
0.0626768
0.0626244
0.062572
0.0625195
0.062467
0.0624145
0.062362
0.0623095
0.0622569
0.0622044
0.0621518
0.0620992
0.0620466
0.0619939
0.0619412
0.0618886
0.0618359
0.0617831
0.0617304
0.0616776
0.0616249
0.0615721
0.0615192
0.0614664
0.0614135
0.0613607
0.0613078
0.0612549
0.0612019
0.061149
0.061096
0.061043
0.06099
0.060937
0.0608839
0.0608309
0.0607778
0.0607247
0.0606716
0.0606184
0.0605653
0.0605121
0.0604589
0.0604057
0.0603524
0.0602992
0.0602459
0.0601926
0.0601393
0.060086
0.0600327
0.0599793
0.0599259
0.0598725
0.0598191
0.0597657
0.0597122
0.0596587
0.0596052
0.0595517
0.0594982
0.0594447
0.0593911
0.0593375
0.0592839
0.0592303
0.0591767
0.059123
0.0590693
0.0590156
0.0589619
0.0589082
0.0588545
0.0588007
0.0587469
0.0586931
0.0586393
0.0585855
0.0585316
0.0584778
0.0584239
0.05837
0.058316
0.0582621
0.0582081
0.0581542
0.0581002
0.0580462
0.0579921
0.0579381
0.057884
0.0578299
0.0577758
0.0577217
0.0576676
0.0576134
0.0575593
0.0575051
0.0574509
0.0573967
0.0573424
0.0572882
0.0572339
0.0571796
0.0571253
0.057071
0.0570166
0.0569623
0.0569079
0.0568535
0.0567991
0.0567447
0.0566902
0.0566357
0.0565813
0.0565268
0.0564723
0.0564177
0.0563632
0.0563086
0.056254
0.0561994
0.0561448
0.0560902
0.0560355
0.0559809
0.0559262
0.0558715
0.0558168
0.0557621
0.0557073
0.0556525
0.0555978
0.055543
0.0554881
0.0554333
0.0553785
0.0553236
0.0552687
0.0552138
0.0551589
0.055104
0.055049
0.0549941
0.0549391
0.0548841
0.0548291
0.0547741
0.054719
0.054664
0.0546089
0.0545538
0.0544987
0.0544436
0.0543884
0.0543333
0.0542781
0.0542229
0.0541677
0.0541125
0.0540572
0.054002
0.0539467
0.0538914
0.0538361
0.0537808
0.0537255
0.0536701
0.0536148
0.0535594
0.053504
0.0534486
0.0533931
0.0533377
0.0532822
0.0532268
0.0531713
0.0531158
0.0530602
0.0530047
0.0529492
0.0528936
0.052838
0.0527824
0.0527268
0.0526712
0.0526155
0.0525599
0.0525042
0.0524485
0.0523928
0.0523371
0.0522813
0.0522256
0.0521698
0.052114
0.0520582
0.0520024
0.0519466
0.0518908
0.0518349
0.051779
0.0517231
0.0516672
0.0516113
0.0515554
0.0514994
0.0514435
0.0513875
0.0513315
0.0512755
0.0512195
0.0511635
0.0511074
0.0510513
0.0509953
0.0509392
0.0508831
0.0508269
0.0507708
0.0507146
0.0506585
0.0506023
0.0505461
0.0504899
0.0504337
0.0503774
0.0503212
0.0502649
0.0502086
0.0501523
0.050096
0.0500397
0.0499833
0.049927
0.0498706
0.0498142
0.0497578
0.0497014
0.049645
0.0495886
0.0495321
0.0494756
0.0494191
0.0493627
0.0493061
0.0492496
0.0491931
0.0491365
0.04908
0.0490234
0.0489668
0.0489102
0.0488536
0.0487969
0.0487403
0.0486836
0.0486269
0.0485703
0.0485135
0.0484568
0.0484001
0.0483434
0.0482866
0.0482298
0.048173
0.0481162
0.0480594
0.0480026
0.0479458
0.0478889
0.0478321
0.0477752
0.0477183
0.0476614
0.0476045
0.0475475
0.0474906
0.0474336
0.0473767
0.0473197
0.0472627
0.0472057
0.0471486
0.0470916
0.0470345
0.0469775
0.0469204
0.0468633
0.0468062
0.0467491
0.046692
0.0466348
0.0465777
0.0465205
0.0464633
0.0464061
0.0463489
0.0462917
0.0462345
0.0461772
0.04612
0.0460627
0.0460054
0.0459482
0.0458908
0.0458335
0.0457762
0.0457189
0.0456615
0.0456041
0.0455467
0.0454894
0.0454319
0.0453745
0.0453171
0.0452597
0.0452022
0.0451447
0.0450873
0.0450298
0.0449723
0.0449147
0.0448572
0.0447997
0.0447421
0.0446846
0.044627
0.0445694
0.0445118
0.0444542
0.0443966
0.0443389
0.0442813
0.0442236
0.0441659
0.0441083
0.0440506
0.0439929
0.0439351
0.0438774
0.0438197
0.0437619
0.0437041
0.0436464
0.0435886
0.0435308
0.043473
0.0434151
0.0433573
0.0432995
0.0432416
0.0431837
0.0431259
0.043068
0.0430101
0.0429521
0.0428942
0.0428363
0.0427783
0.0427204
0.0426624
0.0426044
0.0425464
0.0424884
0.0424304
0.0423724
0.0423143
0.0422563
0.0421982
0.0421402
0.0420821
0.042024
0.0419659
0.0419078
0.0418496
0.0417915
0.0417334
0.0416752
0.041617
0.0415589
0.0415007
0.0414425
0.0413842
0.041326
0.0412678
0.0412095
0.0411513
0.041093
0.0410348
0.0409765
0.0409182
0.0408599
0.0408015
0.0407432
0.0406849
0.0406265
0.0405682
0.0405098
0.0404514
0.040393
0.0403346
0.0402762
0.0402178
0.0401594
0.0401009
0.0400425
0.039984
0.0399255
0.0398671
0.0398086
0.0397501
0.0396916
0.039633
0.0395745
0.039516
0.0394574
0.0393989
0.0393403
0.0392817
0.0392231
0.0391645
0.0391059
0.0390473
0.0389887
0.03893
0.0388714
0.0388127
0.038754
0.0386954
0.0386367
0.038578
0.0385193
0.0384606
0.0384018
0.0383431
0.0382844
0.0382256
0.0381668
0.0381081
0.0380493
0.0379905
0.0379317
0.0378729
0.0378141
0.0377552
0.0376964
0.0376376
0.0375787
0.0375198
0.037461
0.0374021
0.0373432
0.0372843
0.0372254
0.0371665
0.0371075
0.0370486
0.0369897
0.0369307
0.0368717
0.0368128
0.0367538
0.0366948
0.0366358
0.0365768
0.0365178
0.0364588
0.0363997
0.0363407
0.0362816
0.0362226
0.0361635
0.0361045
0.0360454
0.0359863
0.0359272
0.0358681
0.035809
0.0357498
0.0356907
0.0356316
0.0355724
0.0355132
0.0354541
0.0353949
0.0353357
0.0352765
0.0352173
0.0351581
0.0350989
0.0350397
0.0349805
0.0349212
0.034862
0.0348027
0.0347435
0.0346842
0.0346249
0.0345656
0.0345063
0.034447
0.0343877
0.0343284
0.0342691
0.0342097
0.0341504
0.0340911
0.0340317
0.0339723
0.033913
0.0338536
0.0337942
0.0337348
0.0336754
0.033616
0.0335566
0.0334972
0.0334377
0.0333783
0.0333188
0.0332594
0.0331999
0.0331405
0.033081
0.0330215
0.032962
0.0329025
0.032843
0.0327835
0.032724
0.0326645
0.0326049
0.0325454
0.0324858
0.0324263
0.0323667
0.0323072
0.0322476
0.032188
0.0321284
0.0320688
0.0320092
0.0319496
0.03189
0.0318304
0.0317708
0.0317111
0.0316515
0.0315918
0.0315322
0.0314725
0.0314129
0.0313532
0.0312935
0.0312338
0.0311741
0.0311144
0.0310547
0.030995
0.0309353
0.0308756
0.0308158
0.0307561
0.0306963
0.0306366
0.0305768
0.0305171
0.0304573
0.0303975
0.0303378
0.030278
0.0302182
0.0301584
0.0300986
0.0300388
0.0299789
0.0299191
0.0298593
0.0297995
0.0297396
0.0296798
0.0296199
0.0295601
0.0295002
0.0294403
0.0293805
0.0293206
0.0292607
0.0292008
0.0291409
0.029081
0.0290211
0.0289612
0.0289013
0.0288413
0.0287814
0.0287215
0.0286615
0.0286016
0.0285416
0.0284817
0.0284217
0.0283617
0.0283018
0.0282418
0.0281818
0.0281218
0.0280618
0.0280018
0.0279418
0.0278818
0.0278218
0.0277618
0.0277017
0.0276417
0.0275817
0.0275216
0.0274616
0.0274015
0.0273415
0.0272814
0.0272214
0.0271613
0.0271012
0.0270412
0.0269811
0.026921
0.0268609
0.0268008
0.0267407
0.0266806
0.0266205
0.0265604
0.0265002
0.0264401
0.02638
0.0263199
0.0262597
0.0261996
0.0261394
0.0260793
0.0260191
0.025959
0.0258988
0.0258386
0.0257785
0.0257183
0.0256581
0.0255979
0.0255378
0.0254776
0.0254174
0.0253572
0.025297
0.0252368
0.0251765
0.0251163
0.0250561
0.0249959
0.0249357
0.0248754
0.0248152
0.024755
0.0246947
0.0246345
0.0245742
0.024514
0.0244537
0.0243934
0.0243332
0.0242729
0.0242126
0.0241524
0.0240921
0.0240318
0.0239715
0.0239112
0.0238509
0.0237906
0.0237303
0.02367
0.0236097
0.0235494
0.0234891
0.0234288
0.0233685
0.0233082
0.0232478
0.0231875
0.0231272
0.0230668
0.0230065
0.0229462
0.0228858
0.0228255
0.0227651
0.0227048
0.0226444
0.0225841
0.0225237
0.0224633
0.022403
0.0223426
0.0222822
0.0222219
0.0221615
0.0221011
0.0220407
0.0219803
0.0219199
0.0218596
0.0217992
0.0217388
0.0216784
0.021618
0.0215576
0.0214972
0.0214368
0.0213763
0.0213159
0.0212555
0.0211951
0.0211347
0.0210743
0.0210138
0.0209534
0.020893
0.0208325
0.0207721
0.0207117
0.0206512
0.0205908
0.0205304
0.0204699
0.0204095
0.020349
0.0202886
0.0202281
0.0201677
0.0201072
0.0200468
0.0199863
0.0199259
0.0198654
0.0198049
0.0197445
0.019684
0.0196235
0.0195631
0.0195026
0.0194421
0.0193816
0.0193212
0.0192607
0.0192002
0.0191397
0.0190793
0.0190188
0.0189583
0.0188978
0.0188373
0.0187768
0.0187163
0.0186558
0.0185954
0.0185349
0.0184744
0.0184139
0.0183534
0.0182929
0.0182324
0.0181719
0.0181114
0.0180509
0.0179904
0.0179299
0.0178694
0.0178089
0.0177484
0.0176878
0.0176273
0.0175668
0.0175063
0.0174458
0.0173853
0.0173248
0.0172643
0.0172038
0.0171433
0.0170827
0.0170222
0.0169617
0.0169012
0.0168407
0.0167802
0.0167196
0.0166591
0.0165986
0.0165381
0.0164776
0.0164171
0.0163565
0.016296
0.0162355
0.0161751
0.0161143
0.0160534
0.0159924
0.0159314
0.0158704
0.0158094
0.0157484
0.0156874
************************************************************************************************************************
***             WIDEN YOUR WINDOW TO 120 CHARACTERS.  Use 'enscript -r -fCourier9' to print this document            ***
************************************************************************************************************************

---------------------------------------------- PETSc Performance Summary: ----------------------------------------------

./implicit_no.out on a  named r01n08 with 1 processor, by mae-wenlw Thu Jun  9 07:59:02 2022
Using Petsc Release Version 3.16.6, Mar 30, 2022 

                         Max       Max/Min     Avg       Total
Time (sec):           4.259e+04     1.000   4.259e+04
Objects:              3.100e+01     1.000   3.100e+01
Flop:                 7.830e+13     1.000   7.830e+13  7.830e+13
Flop/sec:             1.838e+09     1.000   1.838e+09  1.838e+09
MPI Messages:         0.000e+00     0.000   0.000e+00  0.000e+00
MPI Message Lengths:  0.000e+00     0.000   0.000e+00  0.000e+00
MPI Reductions:       0.000e+00     0.000

Flop counting convention: 1 flop = 1 real number operation of type (multiply/divide/add/subtract)
                            e.g., VecAXPY() for real vectors of length N --> 2N flop
                            and VecAXPY() for complex vectors of length N --> 8N flop

Summary of Stages:   ----- Time ------  ----- Flop ------  --- Messages ---  -- Message Lengths --  -- Reductions --
                        Avg     %Total     Avg     %Total    Count   %Total     Avg         %Total    Count   %Total
 0:      Main Stage: 4.2589e+04 100.0%  7.8298e+13 100.0%  0.000e+00   0.0%  0.000e+00        0.0%  0.000e+00   0.0%

------------------------------------------------------------------------------------------------------------------------
See the 'Profiling' chapter of the users' manual for details on interpreting output.
Phase summary info:
   Count: number of times phase was executed
   Time and Flop: Max - maximum over all processors
                  Ratio - ratio of maximum to minimum over all processors
   Mess: number of messages sent
   AvgLen: average message length (bytes)
   Reduct: number of global reductions
   Global: entire computation
   Stage: stages of a computation. Set stages with PetscLogStagePush() and PetscLogStagePop().
      %T - percent time in this phase         %F - percent flop in this phase
      %M - percent messages in this phase     %L - percent message lengths in this phase
      %R - percent reductions in this phase
   Total Mflop/s: 10e-6 * (sum of flop over all processors)/(max time over all processors)
------------------------------------------------------------------------------------------------------------------------
Event                Count      Time (sec)     Flop                              --- Global ---  --- Stage ----  Total
                   Max Ratio  Max     Ratio   Max  Ratio  Mess   AvgLen  Reduct  %T %F %M %L %R  %T %F %M %L %R Mflop/s
------------------------------------------------------------------------------------------------------------------------

--- Event Stage 0: Main Stage

VecView                1 1.0 6.2540e-03 1.0 0.00e+00 0.0 0.0e+00 0.0e+00 0.0e+00  0  0  0  0  0   0  0  0  0  0     0
VecMDot          508805643 1.0 3.7978e+03 1.0 2.39e+13 1.0 0.0e+00 0.0e+00 0.0e+00  9 31  0  0  0   9 31  0  0  0  6294
VecNorm          571305644 1.0 7.1640e+02 1.0 5.71e+12 1.0 0.0e+00 0.0e+00 0.0e+00  2  7  0  0  0   2  7  0  0  0  7975
VecScale         571305644 1.0 4.7881e+02 1.0 2.86e+12 1.0 0.0e+00 0.0e+00 0.0e+00  1  4  0  0  0   1  4  0  0  0  5967
VecCopy          187500004 1.0 3.6171e+02 1.0 0.00e+00 0.0 0.0e+00 0.0e+00 0.0e+00  1  0  0  0  0   1  0  0  0  0     0
VecSet           125000023 1.0 1.4869e+02 1.0 0.00e+00 0.0 0.0e+00 0.0e+00 0.0e+00  0  0  0  0  0   0  0  0  0  0     0
VecAXPY          125000003 1.0 2.2518e+02 1.0 1.25e+12 1.0 0.0e+00 0.0e+00 0.0e+00  1  2  0  0  0   1  2  0  0  0  5552
VecMAXPY         571305644 1.0 5.2741e+03 1.0 2.90e+13 1.0 0.0e+00 0.0e+00 0.0e+00 12 37  0  0  0  12 37  0  0  0  5498
VecAssemblyBegin 62500003 1.0 5.1365e+00 1.0 0.00e+00 0.0 0.0e+00 0.0e+00 0.0e+00  0  0  0  0  0   0  0  0  0  0     0
VecAssemblyEnd   62500003 1.0 5.0357e+00 1.0 0.00e+00 0.0 0.0e+00 0.0e+00 0.0e+00  0  0  0  0  0   0  0  0  0  0     0
VecPointwiseMult 571305644 1.0 1.1309e+03 1.0 2.86e+12 1.0 0.0e+00 0.0e+00 0.0e+00  3  4  0  0  0   3  4  0  0  0  2526
VecNormalize     571305644 1.0 1.3587e+03 1.0 8.57e+12 1.0 0.0e+00 0.0e+00 0.0e+00  3 11  0  0  0   3 11  0  0  0  6308
MatMult          508805643 1.0 1.7393e+04 1.0 1.27e+13 1.0 0.0e+00 0.0e+00 0.0e+00 41 16  0  0  0  41 16  0  0  0   731
MatAssemblyBegin       1 1.0 0.0000e+00 0.0 0.00e+00 0.0 0.0e+00 0.0e+00 0.0e+00  0  0  0  0  0   0  0  0  0  0     0
MatAssemblyEnd         1 1.0 2.6488e-04 1.0 0.00e+00 0.0 0.0e+00 0.0e+00 0.0e+00  0  0  0  0  0   0  0  0  0  0     0
KSPSetUp               1 1.0 3.4904e-04 1.0 0.00e+00 0.0 0.0e+00 0.0e+00 0.0e+00  0  0  0  0  0   0  0  0  0  0     0
KSPSolve         62500001 1.0 3.0096e+04 1.0 7.77e+13 1.0 0.0e+00 0.0e+00 0.0e+00 71 99  0  0  0  71 99  0  0  0  2581
KSPGMRESOrthog   508805643 1.0 8.2751e+03 1.0 4.78e+13 1.0 0.0e+00 0.0e+00 0.0e+00 19 61  0  0  0  19 61  0  0  0  5778
PCSetUp                1 1.0 2.9087e-05 1.0 0.00e+00 0.0 0.0e+00 0.0e+00 0.0e+00  0  0  0  0  0   0  0  0  0  0     0
PCApply          571305644 1.0 1.2361e+03 1.0 2.86e+12 1.0 0.0e+00 0.0e+00 0.0e+00  3  4  0  0  0   3  4  0  0  0  2311
------------------------------------------------------------------------------------------------------------------------

Memory usage is given in bytes:

Object Type          Creations   Destructions     Memory  Descendants' Mem.
Reports information only for process 0.

--- Event Stage 0: Main Stage

              Vector    21             21       874272     0.
              Matrix     1              1       403356     0.
       Krylov Solver     1              1        18848     0.
      Preconditioner     1              1          872     0.
    Distributed Mesh     1              1         5048     0.
   Star Forest Graph     2              2         2112     0.
     Discrete System     1              1          896     0.
           Weak Form     1              1          616     0.
              Viewer     2              1          840     0.
========================================================================================================================
Average time to get PetscTime(): 0.
#PETSc Option Table entries:
-log_view
-n 5000
#End of PETSc Option Table entries
Compiled without FORTRAN kernels
Compiled with full precision matrices (default)
sizeof(short) 2 sizeof(int) 4 sizeof(long) 8 sizeof(void*) 8 sizeof(PetscScalar) 8 sizeof(PetscInt) 4
Configure options: --with-mpi-dir=/share/intel/2018u4/compilers_and_libraries_2018.5.274/linux/mpi/intel64 --with-blaslapack-dir=/share/intel/2018u4/compilers_and_libraries_2018.5.274/linux/mkl --with-scalapack-include=/share/intel/2018u4/compilers_and_libraries_2018.5.274/linux/mkl/include --with-scalapack-lib="-L/share/intel/2018u4/compilers_and_libraries_2018.5.274/linux/mkl/lib/intel64 -lmkl_blacs_intelmpi_lp64 -lmkl_scalapack_lp64" --with-debugging=no --prefix=/work/mae-wenlw/lib/petsc-3.16.6 --download-hdf5 =/work/mae-wenlw/HPC/petsc-3.16.6-package/hdf5-1.12.1.tar.gz --download-hypre=/work/mae-wenlw/HPC/petsc-3.16.6-package/hypre-2.23.0.tar.gz --download-mumps=/work/mae-wenlw/HPC/petsc-3.16.6-package/petsc-pkg-mumps-6d1470374d32.tar.gz --download-metis=/work/mae-wenlw/HPC/petsc-3.16.6-package/petsc-pkg-metis-c8d2dc1e751e.tar.gz COPTFLAGS="-O3 -march=native -mtune=native" CXXOPTFLAGS="-O3 -march=native -mtune=native" FOPTFLAGS="-O3 -march=native -mtune=native"
-----------------------------------------
Libraries compiled on 2022-06-02 13:42:17 on login03 
Machine characteristics: Linux-3.10.0-862.el7.x86_64-x86_64-with-redhat-7.5-Maipo
Using PETSc directory: /work/mae-wenlw/lib/petsc-3.16.6
Using PETSc arch: 
-----------------------------------------

Using C compiler: /share/intel/2018u4/compilers_and_libraries_2018.5.274/linux/mpi/intel64/bin/mpiicc  -fPIC -wd1572 -Wno-unknown-pragmas -O3 -march=native -mtune=native  -std=c99 
Using Fortran compiler: /share/intel/2018u4/compilers_and_libraries_2018.5.274/linux/mpi/intel64/bin/mpiifort  -fPIC -O3 -march=native -mtune=native     -std=c99
-----------------------------------------

Using include paths: -I/work/mae-wenlw/lib/petsc-3.16.6/include -I/share/intel/2018u4/compilers_and_libraries_2018.5.274/linux/mpi/intel64/include
-----------------------------------------

Using C linker: /share/intel/2018u4/compilers_and_libraries_2018.5.274/linux/mpi/intel64/bin/mpiicc
Using Fortran linker: /share/intel/2018u4/compilers_and_libraries_2018.5.274/linux/mpi/intel64/bin/mpiifort
Using libraries: -Wl,-rpath,/work/mae-wenlw/lib/petsc-3.16.6/lib -L/work/mae-wenlw/lib/petsc-3.16.6/lib -lpetsc -Wl,-rpath,/work/mae-wenlw/lib/petsc-3.16.6/lib -L/work/mae-wenlw/lib/petsc-3.16.6/lib -L/share/intel/2018u4/compilers_and_libraries_2018.5.274/linux/mkl/lib/intel64 -Wl,-rpath,/share/intel/2018u4/compilers_and_libraries_2018.5.274/linux/mkl/lib/intel64 -Wl,-rpath,/share/intel/2018u4/compilers_and_libraries_2018.5.274/linux/mpi/intel64/lib/release_mt -L/share/intel/2018u4/compilers_and_libraries_2018.5.274/linux/mpi/intel64/lib/release_mt -Wl,-rpath,/share/intel/2018u4/compilers_and_libraries_2018.5.274/linux/mpi/intel64/lib -L/share/intel/2018u4/compilers_and_libraries_2018.5.274/linux/mpi/intel64/lib -Wl,-rpath,/work/mae-wenlw/lib/hdf5-1.12.1/lib -L/work/mae-wenlw/lib/hdf5-1.12.1/lib -Wl,-rpath,/share/intel/2018u4/compilers_and_libraries_2018.5.274/linux/tbb/lib/intel64_lin/gcc4.4 -L/share/intel/2018u4/compilers_and_libraries_2018.5.274/linux/tbb/lib/intel64_lin/gcc4.4 -Wl,-rpath,/share/intel/2018u4/compilers_and_libraries_2018.5.274/linux/daal/lib/intel64_lin -L/share/intel/2018u4/compilers_and_libraries_2018.5.274/linux/daal/lib/intel64_lin -Wl,-rpath,/share/intel/2018u4/compilers_and_libraries_2018.5.274/linux/tbb/lib/intel64/gcc4.4 -L/share/intel/2018u4/compilers_and_libraries_2018.5.274/linux/tbb/lib/intel64/gcc4.4 -Wl,-rpath,/share/intel/2018u4/compilers_and_libraries_2018.5.274/linux/compiler/lib/intel64 -L/share/intel/2018u4/compilers_and_libraries_2018.5.274/linux/compiler/lib/intel64 -Wl,-rpath,/share/intel/2018u4/compilers_and_libraries_2018.5.274/linux/ipp/lib/intel64 -L/share/intel/2018u4/compilers_and_libraries_2018.5.274/linux/ipp/lib/intel64 -Wl,-rpath,/share/intel/2018u4/compilers_and_libraries_2018.5.274/linux/compiler/lib/intel64_lin -L/share/intel/2018u4/compilers_and_libraries_2018.5.274/linux/compiler/lib/intel64_lin -Wl,-rpath,/usr/lib/gcc/x86_64-redhat-linux/4.8.5 -L/usr/lib/gcc/x86_64-redhat-linux/4.8.5 -Wl,-rpath,/opt/intel/mpi-rt/2017.0.0/intel64/lib/release_mt -Wl,-rpath,/opt/intel/mpi-rt/2017.0.0/intel64/lib -lHYPRE -lcmumps -ldmumps -lsmumps -lzmumps -lmumps_common -lpord -lmkl_blacs_intelmpi_lp64 -lmkl_scalapack_lp64 -lmkl_intel_lp64 -lmkl_core -lmkl_sequential -lpthread -lhdf5_hl -lhdf5 -lmetis -lX11 -lstdc++ -ldl -lmpifort -lmpi -lmpigi -lrt -lpthread -lifport -lifcoremt_pic -limf -lsvml -lm -lipgo -lirc -lgcc_s -lirc_s -lquadmath -lstdc++ -ldl
-----------------------------------------

