dx= 0.0002 dt = 1.6e-08 its 62500001
Vec Object: u_numeracal 2 MPI processes
  type: mpi
Process [0]
0.
6.68119e-05
0.000133624
0.000200436
0.000267247
0.000334059
0.00040087
0.000467682
0.000534493
0.000601304
0.000668115
0.000734925
0.000801735
0.000868545
0.000935355
0.00100216
0.00106897
0.00113578
0.00120259
0.0012694
0.0013362
0.00140301
0.00146982
0.00153662
0.00160343
0.00167023
0.00173704
0.00180384
0.00187064
0.00193744
0.00200424
0.00207104
0.00213784
0.00220464
0.00227144
0.00233824
0.00240503
0.00247183
0.00253862
0.00260542
0.00267221
0.002739
0.00280579
0.00287258
0.00293937
0.00300615
0.00307294
0.00313972
0.00320651
0.00327329
0.00334007
0.00340685
0.00347363
0.00354041
0.00360718
0.00367396
0.00374073
0.0038075
0.00387427
0.00394104
0.00400781
0.00407457
0.00414134
0.0042081
0.00427486
0.00434162
0.00440838
0.00447514
0.00454189
0.00460864
0.0046754
0.00474214
0.00480889
0.00487564
0.00494238
0.00500912
0.00507586
0.0051426
0.00520934
0.00527607
0.00534281
0.00540954
0.00547627
0.00554299
0.00560972
0.00567644
0.00574316
0.00580988
0.00587659
0.0059433
0.00601002
0.00607673
0.00614343
0.00621014
0.00627684
0.00634354
0.00641024
0.00647693
0.00654362
0.00661031
0.006677
0.00674368
0.00681037
0.00687705
0.00694372
0.0070104
0.00707707
0.00714374
0.00721041
0.00727707
0.00734373
0.00741039
0.00747705
0.0075437
0.00761035
0.007677
0.00774364
0.00781028
0.00787692
0.00794356
0.00801019
0.00807682
0.00814344
0.00821007
0.00827669
0.00834331
0.00840992
0.00847653
0.00854314
0.00860974
0.00867634
0.00874294
0.00880954
0.00887613
0.00894272
0.0090093
0.00907588
0.00914246
0.00920903
0.0092756
0.00934217
0.00940874
0.0094753
0.00954185
0.00960841
0.00967496
0.0097415
0.00980804
0.00987458
0.00994112
0.0100076
0.0100742
0.0101407
0.0102072
0.0102737
0.0103402
0.0104068
0.0104733
0.0105398
0.0106063
0.0106727
0.0107392
0.0108057
0.0108722
0.0109387
0.0110052
0.0110716
0.0111381
0.0112045
0.011271
0.0113374
0.0114039
0.0114703
0.0115368
0.0116032
0.0116696
0.0117361
0.0118025
0.0118689
0.0119353
0.0120017
0.0120681
0.0121345
0.0122009
0.0122673
0.0123337
0.0124001
0.0124664
0.0125328
0.0125992
0.0126655
0.0127319
0.0127982
0.0128646
0.0129309
0.0129973
0.0130636
0.0131299
0.0131963
0.0132626
0.0133289
0.0133952
0.0134615
0.0135278
0.0135941
0.0136604
0.0137267
0.0137929
0.0138592
0.0139255
0.0139917
0.014058
0.0141242
0.0141905
0.0142567
0.014323
0.0143892
0.0144554
0.0145216
0.0145878
0.014654
0.0147202
0.0147864
0.0148526
0.0149188
0.014985
0.0150512
0.0151173
0.0151835
0.0152497
0.0153158
0.015382
0.0154481
0.0155142
0.0155804
0.0156465
0.0157126
0.0157787
0.0158448
0.0159109
0.015977
0.0160431
0.0161092
0.0161752
0.0162413
0.0163074
0.0163734
0.0164395
0.0165055
0.0165716
0.0166376
0.0167036
0.0167696
0.0168356
0.0169016
0.0169676
0.0170336
0.0170996
0.0171656
0.0172316
0.0172975
0.0173635
0.0174295
0.0174954
0.0175614
0.0176273
0.0176932
0.0177591
0.0178251
0.017891
0.0179569
0.0180228
0.0180886
0.0181545
0.0182204
0.0182863
0.0183521
0.018418
0.0184838
0.0185497
0.0186155
0.0186813
0.0187471
0.018813
0.0188788
0.0189446
0.0190103
0.0190761
0.0191419
0.0192077
0.0192734
0.0193392
0.0194049
0.0194707
0.0195364
0.0196021
0.0196678
0.0197336
0.0197993
0.019865
0.0199306
0.0199963
0.020062
0.0201277
0.0201933
0.020259
0.0203246
0.0203902
0.0204559
0.0205215
0.0205871
0.0206527
0.0207183
0.0207839
0.0208495
0.020915
0.0209806
0.0210462
0.0211117
0.0211773
0.0212428
0.0213083
0.0213738
0.0214393
0.0215048
0.0215703
0.0216358
0.0217013
0.0217668
0.0218322
0.0218977
0.0219631
0.0220286
0.022094
0.0221594
0.0222248
0.0222902
0.0223556
0.022421
0.0224864
0.0225517
0.0226171
0.0226825
0.0227478
0.0228131
0.0228785
0.0229438
0.0230091
0.0230744
0.0231397
0.023205
0.0232702
0.0233355
0.0234007
0.023466
0.0235312
0.0235965
0.0236617
0.0237269
0.0237921
0.0238573
0.0239225
0.0239877
0.0240528
0.024118
0.0241831
0.0242483
0.0243134
0.0243785
0.0244436
0.0245087
0.0245738
0.0246389
0.024704
0.0247691
0.0248341
0.0248992
0.0249642
0.0250292
0.0250943
0.0251593
0.0252243
0.0252893
0.0253542
0.0254192
0.0254842
0.0255491
0.0256141
0.025679
0.0257439
0.0258088
0.0258737
0.0259386
0.0260035
0.0260684
0.0261333
0.0261981
0.026263
0.0263278
0.0263926
0.0264574
0.0265223
0.0265871
0.0266518
0.0267166
0.0267814
0.0268461
0.0269109
0.0269756
0.0270403
0.0271051
0.0271698
0.0272345
0.0272991
0.0273638
0.0274285
0.0274931
0.0275578
0.0276224
0.027687
0.0277517
0.0278163
0.0278808
0.0279454
0.02801
0.0280746
0.0281391
0.0282036
0.0282682
0.0283327
0.0283972
0.0284617
0.0285262
0.0285907
0.0286551
0.0287196
0.028784
0.0288485
0.0289129
0.0289773
0.0290417
0.0291061
0.0291704
0.0292348
0.0292992
0.0293635
0.0294278
0.0294922
0.0295565
0.0296208
0.0296851
0.0297493
0.0298136
0.0298779
0.0299421
0.0300063
0.0300706
0.0301348
0.030199
0.0302632
0.0303273
0.0303915
0.0304557
0.0305198
0.0305839
0.0306481
0.0307122
0.0307763
0.0308403
0.0309044
0.0309685
0.0310325
0.0310966
0.0311606
0.0312246
0.0312886
0.0313526
0.0314166
0.0314805
0.0315445
0.0316084
0.0316724
0.0317363
0.0318002
0.0318641
0.031928
0.0319919
0.0320557
0.0321196
0.0321834
0.0322472
0.032311
0.0323748
0.0324386
0.0325024
0.0325662
0.0326299
0.0326936
0.0327574
0.0328211
0.0328848
0.0329485
0.0330122
0.0330758
0.0331395
0.0332031
0.0332667
0.0333303
0.033394
0.0334575
0.0335211
0.0335847
0.0336482
0.0337118
0.0337753
0.0338388
0.0339023
0.0339658
0.0340293
0.0340927
0.0341562
0.0342196
0.034283
0.0343465
0.0344099
0.0344732
0.0345366
0.0346
0.0346633
0.0347267
0.03479
0.0348533
0.0349166
0.0349799
0.0350431
0.0351064
0.0351696
0.0352328
0.0352961
0.0353593
0.0354225
0.0354856
0.0355488
0.0356119
0.0356751
0.0357382
0.0358013
0.0358644
0.0359275
0.0359905
0.0360536
0.0361166
0.0361797
0.0362427
0.0363057
0.0363687
0.0364316
0.0364946
0.0365575
0.0366205
0.0366834
0.0367463
0.0368092
0.0368721
0.0369349
0.0369978
0.0370606
0.0371234
0.0371862
0.037249
0.0373118
0.0373746
0.0374373
0.0375001
0.0375628
0.0376255
0.0376882
0.0377509
0.0378135
0.0378762
0.0379388
0.0380014
0.038064
0.0381266
0.0381892
0.0382518
0.0383143
0.0383769
0.0384394
0.0385019
0.0385644
0.0386269
0.0386893
0.0387518
0.0388142
0.0388766
0.038939
0.0390014
0.0390638
0.0391262
0.0391885
0.0392509
0.0393132
0.0393755
0.0394378
0.0395
0.0395623
0.0396245
0.0396868
0.039749
0.0398112
0.0398734
0.0399355
0.0399977
0.0400598
0.040122
0.0401841
0.0402462
0.0403082
0.0403703
0.0404324
0.0404944
0.0405564
0.0406184
0.0406804
0.0407424
0.0408043
0.0408663
0.0409282
0.0409901
0.041052
0.0411139
0.0411757
0.0412376
0.0412994
0.0413612
0.041423
0.0414848
0.0415466
0.0416084
0.0416701
0.0417318
0.0417935
0.0418552
0.0419169
0.0419786
0.0420402
0.0421018
0.0421635
0.0422251
0.0422866
0.0423482
0.0424098
0.0424713
0.0425328
0.0425943
0.0426558
0.0427173
0.0427787
0.0428402
0.0429016
0.042963
0.0430244
0.0430858
0.0431471
0.0432085
0.0432698
0.0433311
0.0433924
0.0434537
0.0435149
0.0435762
0.0436374
0.0436986
0.0437598
0.043821
0.0438821
0.0439433
0.0440044
0.0440655
0.0441266
0.0441877
0.0442488
0.0443098
0.0443708
0.0444319
0.0444928
0.0445538
0.0446148
0.0446757
0.0447367
0.0447976
0.0448585
0.0449194
0.0449802
0.0450411
0.0451019
0.0451627
0.0452235
0.0452843
0.045345
0.0454058
0.0454665
0.0455272
0.0455879
0.0456486
0.0457092
0.0457699
0.0458305
0.0458911
0.0459517
0.0460123
0.0460728
0.0461333
0.0461939
0.0462544
0.0463149
0.0463753
0.0464358
0.0464962
0.0465566
0.046617
0.0466774
0.0467378
0.0467981
0.0468584
0.0469187
0.046979
0.0470393
0.0470996
0.0471598
0.04722
0.0472802
0.0473404
0.0474006
0.0474607
0.0475209
0.047581
0.0476411
0.0477012
0.0477612
0.0478213
0.0478813
0.0479413
0.0480013
0.0480612
0.0481212
0.0481811
0.0482411
0.048301
0.0483608
0.0484207
0.0484805
0.0485404
0.0486002
0.04866
0.0487197
0.0487795
0.0488392
0.0488989
0.0489586
0.0490183
0.049078
0.0491376
0.0491972
0.0492568
0.0493164
0.049376
0.0494356
0.0494951
0.0495546
0.0496141
0.0496736
0.049733
0.0497925
0.0498519
0.0499113
0.0499707
0.05003
0.0500894
0.0501487
0.050208
0.0502673
0.0503266
0.0503858
0.050445
0.0505043
0.0505635
0.0506226
0.0506818
0.0507409
0.0508
0.0508591
0.0509182
0.0509773
0.0510363
0.0510953
0.0511543
0.0512133
0.0512723
0.0513312
0.0513902
0.0514491
0.0515079
0.0515668
0.0516257
0.0516845
0.0517433
0.0518021
0.0518609
0.0519196
0.0519783
0.0520371
0.0520958
0.0521544
0.0522131
0.0522717
0.0523303
0.0523889
0.0524475
0.0525061
0.0525646
0.0526231
0.0526816
0.0527401
0.0527985
0.052857
0.0529154
0.0529738
0.0530322
0.0530905
0.0531489
0.0532072
0.0532655
0.0533237
0.053382
0.0534402
0.0534985
0.0535567
0.0536148
0.053673
0.0537311
0.0537892
0.0538473
0.0539054
0.0539635
0.0540215
0.0540795
0.0541375
0.0541955
0.0542534
0.0543114
0.0543693
0.0544272
0.0544851
0.0545429
0.0546007
0.0546586
0.0547163
0.0547741
0.0548319
0.0548896
0.0549473
0.055005
0.0550627
0.0551203
0.0551779
0.0552355
0.0552931
0.0553507
0.0554082
0.0554657
0.0555232
0.0555807
0.0556382
0.0556956
0.055753
0.0558104
0.0558678
0.0559252
0.0559825
0.0560398
0.0560971
0.0561544
0.0562116
0.0562689
0.0563261
0.0563833
0.0564404
0.0564976
0.0565547
0.0566118
0.0566689
0.0567259
0.056783
0.05684
0.056897
0.056954
0.0570109
0.0570678
0.0571247
0.0571816
0.0572385
0.0572953
0.0573522
0.057409
0.0574658
0.0575225
0.0575792
0.057636
0.0576927
0.0577493
0.057806
0.0578626
0.0579192
0.0579758
0.0580324
0.0580889
0.0581454
0.0582019
0.0582584
0.0583149
0.0583713
0.0584277
0.0584841
0.0585405
0.0585968
0.0586531
0.0587094
0.0587657
0.058822
0.0588782
0.0589344
0.0589906
0.0590468
0.0591029
0.059159
0.0592152
0.0592712
0.0593273
0.0593833
0.0594393
0.0594953
0.0595513
0.0596072
0.0596632
0.0597191
0.0597749
0.0598308
0.0598866
0.0599425
0.0599982
0.060054
0.0601098
0.0601655
0.0602212
0.0602769
0.0603325
0.0603881
0.0604437
0.0604993
0.0605549
0.0606104
0.060666
0.0607214
0.0607769
0.0608324
0.0608878
0.0609432
0.0609986
0.0610539
0.0611093
0.0611646
0.0612199
0.0612751
0.0613304
0.0613856
0.0614408
0.061496
0.0615511
0.0616063
0.0616614
0.0617164
0.0617715
0.0618265
0.0618816
0.0619365
0.0619915
0.0620465
0.0621014
0.0621563
0.0622111
0.062266
0.0623208
0.0623756
0.0624304
0.0624852
0.0625399
0.0625946
0.0626493
0.0627039
0.0627586
0.0628132
0.0628678
0.0629224
0.0629769
0.0630314
0.0630859
0.0631404
0.0631948
0.0632493
0.0633037
0.063358
0.0634124
0.0634667
0.063521
0.0635753
0.0636296
0.0636838
0.063738
0.0637922
0.0638464
0.0639005
0.0639546
0.0640087
0.0640628
0.0641168
0.0641709
0.0642249
0.0642788
0.0643328
0.0643867
0.0644406
0.0644945
0.0645483
0.0646022
0.064656
0.0647097
0.0647635
0.0648172
0.0648709
0.0649246
0.0649783
0.0650319
0.0650855
0.0651391
0.0651927
0.0652462
0.0652997
0.0653532
0.0654066
0.0654601
0.0655135
0.0655669
0.0656202
0.0656736
0.0657269
0.0657802
0.0658335
0.0658867
0.0659399
0.0659931
0.0660463
0.0660994
0.0661525
0.0662056
0.0662587
0.0663117
0.0663647
0.0664177
0.0664707
0.0665236
0.0665766
0.0666295
0.0666823
0.0667352
0.066788
0.0668408
0.0668935
0.0669463
0.066999
0.0670517
0.0671044
0.067157
0.0672096
0.0672622
0.0673148
0.0673673
0.0674198
0.0674723
0.0675248
0.0675772
0.0676296
0.067682
0.0677344
0.0677867
0.067839
0.0678913
0.0679436
0.0679958
0.068048
0.0681002
0.0681524
0.0682045
0.0682566
0.0683087
0.0683608
0.0684128
0.0684648
0.0685168
0.0685688
0.0686207
0.0686726
0.0687245
0.0687763
0.0688281
0.0688799
0.0689317
0.0689835
0.0690352
0.0690869
0.0691386
0.0691902
0.0692418
0.0692934
0.069345
0.0693965
0.069448
0.0694995
0.069551
0.0696024
0.0696538
0.0697052
0.0697566
0.0698079
0.0698592
0.0699105
0.0699618
0.070013
0.0700642
0.0701154
0.0701665
0.0702177
0.0702687
0.0703198
0.0703709
0.0704219
0.0704729
0.0705238
0.0705748
0.0706257
0.0706766
0.0707274
0.0707783
0.0708291
0.0708799
0.0709306
0.0709813
0.071032
0.0710827
0.0711334
0.071184
0.0712346
0.0712851
0.0713357
0.0713862
0.0714367
0.0714871
0.0715376
0.071588
0.0716384
0.0716887
0.071739
0.0717893
0.0718396
0.0718899
0.0719401
0.0719903
0.0720404
0.0720906
0.0721407
0.0721908
0.0722408
0.0722909
0.0723409
0.0723908
0.0724408
0.0724907
0.0725406
0.0725905
0.0726403
0.0726901
0.0727399
0.0727897
0.0728394
0.0728891
0.0729388
0.0729884
0.073038
0.0730876
0.0731372
0.0731867
0.0732362
0.0732857
0.0733352
0.0733846
0.073434
0.0734834
0.0735327
0.0735821
0.0736314
0.0736806
0.0737299
0.0737791
0.0738282
0.0738774
0.0739265
0.0739756
0.0740247
0.0740737
0.0741228
0.0741717
0.0742207
0.0742696
0.0743185
0.0743674
0.0744163
0.0744651
0.0745139
0.0745626
0.0746114
0.0746601
0.0747088
0.0747574
0.0748061
0.0748546
0.0749032
0.0749518
0.0750003
0.0750488
0.0750972
0.0751456
0.075194
0.0752424
0.0752908
0.0753391
0.0753874
0.0754356
0.0754839
0.0755321
0.0755802
0.0756284
0.0756765
0.0757246
0.0757727
0.0758207
0.0758687
0.0759167
0.0759646
0.0760125
0.0760604
0.0761083
0.0761561
0.0762039
0.0762517
0.0762995
0.0763472
0.0763949
0.0764425
0.0764902
0.0765378
0.0765854
0.0766329
0.0766804
0.0767279
0.0767754
0.0768228
0.0768702
0.0769176
0.0769649
0.0770123
0.0770595
0.0771068
0.077154
0.0772012
0.0772484
0.0772956
0.0773427
0.0773898
0.0774368
0.0774839
0.0775309
0.0775778
0.0776248
0.0776717
0.0777186
0.0777654
0.0778122
0.077859
0.0779058
0.0779526
0.0779993
0.0780459
0.0780926
0.0781392
0.0781858
0.0782324
0.0782789
0.0783254
0.0783719
0.0784183
0.0784648
0.0785111
0.0785575
0.0786038
0.0786501
0.0786964
0.0787426
0.0787889
0.078835
0.0788812
0.0789273
0.0789734
0.0790195
0.0790655
0.0791115
0.0791575
0.0792034
0.0792493
0.0792952
0.0793411
0.0793869
0.0794327
0.0794785
0.0795242
0.0795699
0.0796156
0.0796612
0.0797069
0.0797525
0.079798
0.0798435
0.079889
0.0799345
0.07998
0.0800254
0.0800707
0.0801161
0.0801614
0.0802067
0.080252
0.0802972
0.0803424
0.0803876
0.0804327
0.0804778
0.0805229
0.0805679
0.080613
0.0806579
0.0807029
0.0807478
0.0807927
0.0808376
0.0808824
0.0809272
0.080972
0.0810168
0.0810615
0.0811062
0.0811508
0.0811955
0.0812401
0.0812846
0.0813292
0.0813737
0.0814181
0.0814626
0.081507
0.0815514
0.0815957
0.08164
0.0816843
0.0817286
0.0817728
0.081817
0.0818612
0.0819053
0.0819494
0.0819935
0.0820376
0.0820816
0.0821256
0.0821695
0.0822134
0.0822573
0.0823012
0.082345
0.0823888
0.0824326
0.0824763
0.0825201
0.0825637
0.0826074
0.082651
0.0826946
0.0827381
0.0827817
0.0828251
0.0828686
0.082912
0.0829554
0.0829988
0.0830421
0.0830854
0.0831287
0.083172
0.0832152
0.0832584
0.0833015
0.0833446
0.0833877
0.0834308
0.0834738
0.0835168
0.0835598
0.0836027
0.0836456
0.0836885
0.0837313
0.0837741
0.0838169
0.0838596
0.0839023
0.083945
0.0839877
0.0840303
0.0840729
0.0841154
0.084158
0.0842005
0.0842429
0.0842854
0.0843278
0.0843701
0.0844125
0.0844548
0.084497
0.0845393
0.0845815
0.0846237
0.0846658
0.0847079
0.08475
0.0847921
0.0848341
0.0848761
0.084918
0.08496
0.0850018
0.0850437
0.0850855
0.0851273
0.0851691
0.0852108
0.0852525
0.0852942
0.0853358
0.0853775
0.085419
0.0854606
0.0855021
0.0855436
0.085585
0.0856264
0.0856678
0.0857092
0.0857505
0.0857918
0.085833
0.0858742
0.0859154
0.0859566
0.0859977
0.0860388
0.0860799
0.0861209
0.0861619
0.0862029
0.0862438
0.0862847
0.0863256
0.0863664
0.0864072
0.086448
0.0864887
0.0865294
0.0865701
0.0866108
0.0866514
0.086692
0.0867325
0.086773
0.0868135
0.086854
0.0868944
0.0869348
0.0869751
0.0870154
0.0870557
0.087096
0.0871362
0.0871764
0.0872165
0.0872567
0.0872968
0.0873368
0.0873768
0.0874168
0.0874568
0.0874967
0.0875366
0.0875765
0.0876163
0.0876561
0.0876959
0.0877356
0.0877753
0.087815
0.0878546
0.0878942
0.0879338
0.0879733
0.0880128
0.0880523
0.0880917
0.0881311
0.0881705
0.0882098
0.0882492
0.0882884
0.0883277
0.0883669
0.088406
0.0884452
0.0884843
0.0885234
0.0885624
0.0886014
0.0886404
0.0886793
0.0887182
0.0887571
0.088796
0.0888348
0.0888736
0.0889123
0.088951
0.0889897
0.0890283
0.0890669
0.0891055
0.0891441
0.0891826
0.0892211
0.0892595
0.0892979
0.0893363
0.0893746
0.0894129
0.0894512
0.0894895
0.0895277
0.0895659
0.089604
0.0896421
0.0896802
0.0897182
0.0897562
0.0897942
0.0898322
0.0898701
0.089908
0.0899458
0.0899836
0.0900214
0.0900591
0.0900968
0.0901345
0.0901722
0.0902098
0.0902473
0.0902849
0.0903224
0.0903599
0.0903973
0.0904347
0.0904721
0.0905094
0.0905467
0.090584
0.0906212
0.0906584
0.0906956
0.0907327
0.0907698
0.0908069
0.0908439
0.0908809
0.0909179
0.0909548
0.0909917
0.0910286
0.0910654
0.0911022
0.091139
0.0911757
0.0912124
0.0912491
0.0912857
0.0913223
0.0913589
0.0913954
0.0914319
0.0914683
0.0915048
0.0915412
0.0915775
0.0916138
0.0916501
0.0916864
0.0917226
0.0917588
0.0917949
0.091831
0.0918671
0.0919032
0.0919392
0.0919751
0.0920111
0.092047
0.0920829
0.0921187
0.0921545
0.0921903
0.092226
0.0922617
0.0922974
0.092333
0.0923686
0.0924042
0.0924397
0.0924752
0.0925107
0.0925461
0.0925815
0.0926169
0.0926522
0.0926875
0.0927227
0.092758
0.0927932
0.0928283
0.0928634
0.0928985
0.0929336
0.0929686
0.0930035
0.0930385
0.0930734
0.0931083
0.0931431
0.0931779
0.0932127
0.0932474
0.0932821
0.0933168
0.0933514
0.093386
0.0934206
0.0934551
0.0934896
0.0935241
0.0935585
0.0935929
0.0936272
0.0936615
0.0936958
0.0937301
0.0937643
0.0937985
0.0938326
0.0938667
0.0939008
0.0939348
0.0939688
0.0940028
0.0940367
0.0940706
0.0941045
0.0941383
0.0941721
0.0942059
0.0942396
0.0942733
0.0943069
0.0943406
0.0943741
0.0944077
0.0944412
0.0944747
0.0945081
0.0945415
0.0945749
0.0946082
0.0946415
0.0946748
0.094708
0.0947412
0.0947744
0.0948075
0.0948406
0.0948737
0.0949067
0.0949397
0.0949726
0.0950055
0.0950384
0.0950713
0.0951041
0.0951368
0.0951696
0.0952023
0.0952349
0.0952676
0.0953002
0.0953327
0.0953652
0.0953977
0.0954302
0.0954626
0.095495
0.0955273
0.0955596
0.0955919
0.0956242
0.0956564
0.0956885
0.0957207
0.0957528
0.0957848
0.0958168
0.0958488
0.0958808
0.0959127
0.0959446
0.0959764
0.0960082
0.09604
0.0960718
0.0961035
0.0961351
0.0961668
0.0961984
0.0962299
0.0962614
0.0962929
0.0963244
0.0963558
0.0963872
0.0964185
0.0964498
0.0964811
0.0965124
0.0965436
0.0965747
0.0966059
0.0966369
0.096668
0.096699
0.09673
0.096761
0.0967919
0.0968228
0.0968536
0.0968844
0.0969152
0.0969459
0.0969766
0.0970073
0.0970379
0.0970685
0.097099
0.0971296
0.09716
0.0971905
0.0972209
0.0972513
0.0972816
0.0973119
0.0973422
0.0973724
0.0974026
0.0974328
0.0974629
0.097493
0.097523
0.097553
0.097583
0.0976129
0.0976428
0.0976727
0.0977025
0.0977323
0.0977621
0.0977918
0.0978215
0.0978511
0.0978807
0.0979103
0.0979399
0.0979694
0.0979988
0.0980283
0.0980577
0.098087
0.0981163
0.0981456
0.0981749
0.0982041
0.0982332
0.0982624
0.0982915
0.0983205
0.0983496
0.0983786
0.0984075
0.0984364
0.0984653
0.0984942
0.098523
0.0985517
0.0985805
0.0986092
0.0986378
0.0986665
0.0986951
0.0987236
0.0987521
0.0987806
0.098809
0.0988375
0.0988658
0.0988942
0.0989224
0.0989507
0.0989789
0.0990071
0.0990353
0.0990634
0.0990914
0.0991195
0.0991475
0.0991755
0.0992034
0.0992313
0.0992591
0.0992869
0.0993147
0.0993425
0.0993702
0.0993978
0.0994255
0.0994531
0.0994806
0.0995081
0.0995356
0.0995631
0.0995905
0.0996179
0.0996452
0.0996725
0.0996998
0.099727
0.0997542
0.0997813
0.0998084
0.0998355
0.0998625
0.0998896
0.0999165
0.0999434
0.0999703
0.0999972
0.100024
0.100051
0.100078
0.100104
0.100131
0.100158
0.100184
0.100211
0.100237
0.100264
0.10029
0.100317
0.100343
0.100369
0.100396
0.100422
0.100448
0.100474
0.1005
0.100526
0.100553
0.100579
0.100605
0.100631
0.100656
0.100682
0.100708
0.100734
0.10076
0.100786
0.100811
0.100837
0.100862
0.100888
0.100914
0.100939
0.100965
0.10099
0.101015
0.101041
0.101066
0.101091
0.101117
0.101142
0.101167
0.101192
0.101217
0.101242
0.101267
0.101292
0.101317
0.101342
0.101367
0.101392
0.101417
0.101441
0.101466
0.101491
0.101516
0.10154
0.101565
0.101589
0.101614
0.101638
0.101663
0.101687
0.101711
0.101736
0.10176
0.101784
0.101808
0.101833
0.101857
0.101881
0.101905
0.101929
0.101953
0.101977
0.102001
0.102024
0.102048
0.102072
0.102096
0.102119
0.102143
0.102167
0.10219
0.102214
0.102237
0.102261
0.102284
0.102308
0.102331
0.102354
0.102378
0.102401
0.102424
0.102447
0.10247
0.102494
0.102517
0.10254
0.102563
0.102586
0.102609
0.102631
0.102654
0.102677
0.1027
0.102722
0.102745
0.102768
0.10279
0.102813
0.102835
0.102858
0.10288
0.102903
0.102925
0.102948
0.10297
0.102992
0.103014
0.103037
0.103059
0.103081
0.103103
0.103125
0.103147
0.103169
0.103191
0.103213
0.103234
0.103256
0.103278
0.1033
0.103321
0.103343
0.103365
0.103386
0.103408
0.103429
0.103451
0.103472
0.103494
0.103515
0.103536
0.103557
0.103579
0.1036
0.103621
0.103642
0.103663
0.103684
0.103705
0.103726
0.103747
0.103768
0.103789
0.10381
0.10383
0.103851
0.103872
0.103892
0.103913
0.103934
0.103954
0.103975
0.103995
0.104016
0.104036
0.104056
0.104077
0.104097
0.104117
0.104137
0.104157
0.104177
0.104198
0.104218
0.104238
0.104258
0.104277
0.104297
0.104317
0.104337
0.104357
0.104376
0.104396
0.104416
0.104435
0.104455
0.104475
0.104494
0.104513
0.104533
0.104552
0.104572
0.104591
0.10461
0.104629
0.104649
0.104668
0.104687
0.104706
0.104725
0.104744
0.104763
0.104782
0.104801
0.104819
0.104838
0.104857
0.104876
0.104894
0.104913
0.104932
0.10495
0.104969
0.104987
0.105006
0.105024
0.105042
0.105061
0.105079
0.105097
0.105116
0.105134
0.105152
0.10517
0.105188
0.105206
0.105224
0.105242
0.10526
0.105278
0.105296
0.105313
0.105331
0.105349
0.105366
0.105384
0.105402
0.105419
0.105437
0.105454
0.105472
0.105489
0.105506
0.105524
0.105541
0.105558
0.105575
0.105593
0.10561
0.105627
0.105644
0.105661
0.105678
0.105695
0.105712
0.105729
0.105745
0.105762
0.105779
0.105796
0.105812
0.105829
0.105845
0.105862
0.105878
0.105895
0.105911
0.105928
0.105944
0.10596
0.105977
0.105993
0.106009
0.106025
0.106041
0.106057
0.106073
0.106089
0.106105
0.106121
0.106137
0.106153
0.106169
0.106184
0.1062
0.106216
0.106231
0.106247
0.106263
0.106278
0.106294
0.106309
0.106324
0.10634
0.106355
0.10637
0.106386
0.106401
0.106416
0.106431
0.106446
0.106461
0.106476
0.106491
0.106506
0.106521
0.106536
0.106551
0.106565
0.10658
0.106595
0.10661
0.106624
0.106639
0.106653
0.106668
0.106682
0.106697
0.106711
0.106725
0.10674
0.106754
0.106768
0.106782
0.106796
0.106811
0.106825
0.106839
0.106853
0.106867
0.106881
0.106894
0.106908
0.106922
0.106936
0.106949
0.106963
0.106977
0.10699
0.107004
0.107017
0.107031
0.107044
0.107058
0.107071
0.107084
0.107098
0.107111
0.107124
0.107137
0.10715
0.107163
0.107176
0.107189
0.107202
0.107215
0.107228
0.107241
0.107254
0.107267
0.107279
0.107292
0.107305
0.107317
0.10733
0.107342
0.107355
0.107367
0.10738
0.107392
0.107404
0.107417
0.107429
0.107441
0.107453
0.107465
0.107477
0.10749
0.107502
0.107513
0.107525
0.107537
0.107549
0.107561
0.107573
0.107584
0.107596
0.107608
0.107619
0.107631
0.107643
0.107654
0.107665
0.107677
0.107688
0.1077
0.107711
0.107722
0.107733
0.107745
0.107756
0.107767
0.107778
0.107789
0.1078
0.107811
0.107822
0.107833
0.107843
0.107854
0.107865
0.107876
0.107886
0.107897
0.107907
0.107918
0.107928
0.107939
0.107949
0.10796
0.10797
0.10798
0.107991
0.108001
0.108011
0.108021
0.108031
0.108041
0.108051
0.108061
0.108071
0.108081
0.108091
0.108101
0.108111
0.10812
0.10813
0.10814
0.108149
0.108159
0.108169
0.108178
0.108187
0.108197
0.108206
0.108216
0.108225
0.108234
0.108243
0.108253
0.108262
0.108271
0.10828
0.108289
0.108298
0.108307
0.108316
0.108325
0.108334
0.108342
0.108351
0.10836
0.108368
0.108377
0.108386
0.108394
0.108403
0.108411
0.10842
0.108428
0.108436
0.108445
0.108453
0.108461
0.108469
0.108478
0.108486
0.108494
0.108502
0.10851
0.108518
0.108526
0.108533
0.108541
0.108549
0.108557
0.108565
0.108572
0.10858
0.108587
0.108595
0.108603
0.10861
0.108617
0.108625
0.108632
0.108639
0.108647
0.108654
0.108661
0.108668
0.108675
0.108683
0.10869
0.108697
0.108703
0.10871
0.108717
0.108724
0.108731
0.108738
0.108744
0.108751
0.108758
0.108764
0.108771
0.108777
0.108784
0.10879
0.108797
0.108803
0.108809
0.108816
0.108822
0.108828
0.108834
0.10884
0.108846
0.108852
0.108858
0.108864
0.10887
0.108876
0.108882
0.108888
0.108894
0.108899
0.108905
0.108911
0.108916
0.108922
0.108927
0.108933
0.108938
0.108944
0.108949
0.108954
0.108959
0.108965
0.10897
0.108975
0.10898
0.108985
0.10899
0.108995
0.109
0.109005
0.10901
0.109015
0.10902
0.109024
0.109029
0.109034
0.109038
0.109043
0.109048
0.109052
0.109057
0.109061
0.109065
0.10907
0.109074
0.109078
0.109083
0.109087
0.109091
0.109095
0.109099
0.109103
0.109107
0.109111
0.109115
0.109119
0.109123
0.109127
0.10913
0.109134
0.109138
0.109141
0.109145
0.109148
0.109152
0.109155
0.109159
0.109162
0.109166
0.109169
0.109172
0.109175
0.109179
0.109182
Process [1]
0.109185
0.109188
0.109191
0.109194
0.109197
0.1092
0.109203
0.109206
0.109208
0.109211
0.109214
0.109217
0.109219
0.109222
0.109224
0.109227
0.109229
0.109232
0.109234
0.109237
0.109239
0.109241
0.109243
0.109246
0.109248
0.10925
0.109252
0.109254
0.109256
0.109258
0.10926
0.109262
0.109263
0.109265
0.109267
0.109269
0.10927
0.109272
0.109274
0.109275
0.109277
0.109278
0.10928
0.109281
0.109282
0.109284
0.109285
0.109286
0.109287
0.109289
0.10929
0.109291
0.109292
0.109293
0.109294
0.109295
0.109296
0.109296
0.109297
0.109298
0.109299
0.109299
0.1093
0.109301
0.109301
0.109302
0.109302
0.109303
0.109303
0.109303
0.109304
0.109304
0.109304
0.109304
0.109304
0.109305
0.109305
0.109305
0.109305
0.109305
0.109305
0.109304
0.109304
0.109304
0.109304
0.109304
0.109303
0.109303
0.109302
0.109302
0.109302
0.109301
0.1093
0.1093
0.109299
0.109298
0.109298
0.109297
0.109296
0.109295
0.109294
0.109294
0.109293
0.109292
0.109291
0.109289
0.109288
0.109287
0.109286
0.109285
0.109283
0.109282
0.109281
0.109279
0.109278
0.109276
0.109275
0.109273
0.109272
0.10927
0.109268
0.109267
0.109265
0.109263
0.109261
0.109259
0.109258
0.109256
0.109254
0.109252
0.109249
0.109247
0.109245
0.109243
0.109241
0.109238
0.109236
0.109234
0.109231
0.109229
0.109226
0.109224
0.109221
0.109219
0.109216
0.109213
0.109211
0.109208
0.109205
0.109202
0.109199
0.109197
0.109194
0.109191
0.109188
0.109184
0.109181
0.109178
0.109175
0.109172
0.109169
0.109165
0.109162
0.109158
0.109155
0.109152
0.109148
0.109144
0.109141
0.109137
0.109134
0.10913
0.109126
0.109122
0.109118
0.109115
0.109111
0.109107
0.109103
0.109099
0.109095
0.109091
0.109086
0.109082
0.109078
0.109074
0.109069
0.109065
0.109061
0.109056
0.109052
0.109047
0.109043
0.109038
0.109033
0.109029
0.109024
0.109019
0.109015
0.10901
0.109005
0.109
0.108995
0.10899
0.108985
0.10898
0.108975
0.10897
0.108965
0.108959
0.108954
0.108949
0.108943
0.108938
0.108933
0.108927
0.108922
0.108916
0.108911
0.108905
0.108899
0.108894
0.108888
0.108882
0.108876
0.10887
0.108864
0.108859
0.108853
0.108847
0.108841
0.108834
0.108828
0.108822
0.108816
0.10881
0.108803
0.108797
0.108791
0.108784
0.108778
0.108771
0.108765
0.108758
0.108752
0.108745
0.108738
0.108732
0.108725
0.108718
0.108711
0.108704
0.108697
0.10869
0.108683
0.108676
0.108669
0.108662
0.108655
0.108648
0.10864
0.108633
0.108626
0.108619
0.108611
0.108604
0.108596
0.108589
0.108581
0.108574
0.108566
0.108558
0.108551
0.108543
0.108535
0.108527
0.108519
0.108511
0.108503
0.108495
0.108487
0.108479
0.108471
0.108463
0.108455
0.108447
0.108438
0.10843
0.108422
0.108413
0.108405
0.108396
0.108388
0.108379
0.108371
0.108362
0.108354
0.108345
0.108336
0.108327
0.108319
0.10831
0.108301
0.108292
0.108283
0.108274
0.108265
0.108256
0.108247
0.108237
0.108228
0.108219
0.10821
0.1082
0.108191
0.108182
0.108172
0.108163
0.108153
0.108144
0.108134
0.108124
0.108115
0.108105
0.108095
0.108085
0.108076
0.108066
0.108056
0.108046
0.108036
0.108026
0.108016
0.108006
0.107995
0.107985
0.107975
0.107965
0.107955
0.107944
0.107934
0.107923
0.107913
0.107902
0.107892
0.107881
0.107871
0.10786
0.107849
0.107839
0.107828
0.107817
0.107806
0.107795
0.107784
0.107773
0.107762
0.107751
0.10774
0.107729
0.107718
0.107707
0.107695
0.107684
0.107673
0.107662
0.10765
0.107639
0.107627
0.107616
0.107604
0.107593
0.107581
0.107569
0.107558
0.107546
0.107534
0.107522
0.10751
0.107498
0.107486
0.107474
0.107462
0.10745
0.107438
0.107426
0.107414
0.107402
0.10739
0.107377
0.107365
0.107353
0.10734
0.107328
0.107315
0.107303
0.10729
0.107277
0.107265
0.107252
0.107239
0.107227
0.107214
0.107201
0.107188
0.107175
0.107162
0.107149
0.107136
0.107123
0.10711
0.107097
0.107084
0.107071
0.107057
0.107044
0.107031
0.107017
0.107004
0.10699
0.106977
0.106963
0.10695
0.106936
0.106923
0.106909
0.106895
0.106881
0.106868
0.106854
0.10684
0.106826
0.106812
0.106798
0.106784
0.10677
0.106756
0.106742
0.106727
0.106713
0.106699
0.106685
0.10667
0.106656
0.106642
0.106627
0.106613
0.106598
0.106583
0.106569
0.106554
0.10654
0.106525
0.10651
0.106495
0.10648
0.106466
0.106451
0.106436
0.106421
0.106406
0.106391
0.106375
0.10636
0.106345
0.10633
0.106315
0.106299
0.106284
0.106269
0.106253
0.106238
0.106222
0.106207
0.106191
0.106176
0.10616
0.106144
0.106129
0.106113
0.106097
0.106081
0.106065
0.106049
0.106033
0.106017
0.106001
0.105985
0.105969
0.105953
0.105937
0.105921
0.105904
0.105888
0.105872
0.105855
0.105839
0.105823
0.105806
0.10579
0.105773
0.105756
0.10574
0.105723
0.105706
0.10569
0.105673
0.105656
0.105639
0.105622
0.105605
0.105588
0.105571
0.105554
0.105537
0.10552
0.105503
0.105486
0.105468
0.105451
0.105434
0.105416
0.105399
0.105382
0.105364
0.105347
0.105329
0.105312
0.105294
0.105276
0.105259
0.105241
0.105223
0.105205
0.105187
0.10517
0.105152
0.105134
0.105116
0.105098
0.10508
0.105061
0.105043
0.105025
0.105007
0.104989
0.10497
0.104952
0.104934
0.104915
0.104897
0.104878
0.10486
0.104841
0.104823
0.104804
0.104785
0.104766
0.104748
0.104729
0.10471
0.104691
0.104672
0.104653
0.104634
0.104615
0.104596
0.104577
0.104558
0.104539
0.10452
0.104501
0.104481
0.104462
0.104443
0.104423
0.104404
0.104384
0.104365
0.104345
0.104326
0.104306
0.104286
0.104267
0.104247
0.104227
0.104207
0.104188
0.104168
0.104148
0.104128
0.104108
0.104088
0.104068
0.104048
0.104028
0.104007
0.103987
0.103967
0.103947
0.103926
0.103906
0.103886
0.103865
0.103845
0.103824
0.103804
0.103783
0.103762
0.103742
0.103721
0.1037
0.10368
0.103659
0.103638
0.103617
0.103596
0.103575
0.103554
0.103533
0.103512
0.103491
0.10347
0.103449
0.103427
0.103406
0.103385
0.103364
0.103342
0.103321
0.103299
0.103278
0.103256
0.103235
0.103213
0.103192
0.10317
0.103148
0.103127
0.103105
0.103083
0.103061
0.103039
0.103017
0.102995
0.102973
0.102951
0.102929
0.102907
0.102885
0.102863
0.102841
0.102819
0.102796
0.102774
0.102752
0.102729
0.102707
0.102684
0.102662
0.102639
0.102617
0.102594
0.102571
0.102549
0.102526
0.102503
0.10248
0.102458
0.102435
0.102412
0.102389
0.102366
0.102343
0.10232
0.102297
0.102274
0.102251
0.102227
0.102204
0.102181
0.102158
0.102134
0.102111
0.102087
0.102064
0.10204
0.102017
0.101993
0.10197
0.101946
0.101923
0.101899
0.101875
0.101851
0.101827
0.101804
0.10178
0.101756
0.101732
0.101708
0.101684
0.10166
0.101636
0.101612
0.101587
0.101563
0.101539
0.101515
0.10149
0.101466
0.101442
0.101417
0.101393
0.101368
0.101344
0.101319
0.101294
0.10127
0.101245
0.10122
0.101196
0.101171
0.101146
0.101121
0.101096
0.101071
0.101046
0.101021
0.100996
0.100971
0.100946
0.100921
0.100896
0.100871
0.100845
0.10082
0.100795
0.100769
0.100744
0.100719
0.100693
0.100668
0.100642
0.100617
0.100591
0.100565
0.10054
0.100514
0.100488
0.100462
0.100437
0.100411
0.100385
0.100359
0.100333
0.100307
0.100281
0.100255
0.100229
0.100202
0.100176
0.10015
0.100124
0.100098
0.100071
0.100045
0.100018
0.0999921
0.0999656
0.0999391
0.0999126
0.099886
0.0998594
0.0998328
0.0998061
0.0997794
0.0997526
0.0997258
0.099699
0.0996722
0.0996453
0.0996184
0.0995914
0.0995644
0.0995374
0.0995103
0.0994832
0.0994561
0.0994289
0.0994017
0.0993745
0.0993472
0.0993199
0.0992925
0.0992652
0.0992377
0.0992103
0.0991828
0.0991553
0.0991277
0.0991001
0.0990725
0.0990448
0.0990171
0.0989894
0.0989616
0.0989338
0.098906
0.0988781
0.0988502
0.0988223
0.0987943
0.0987663
0.0987383
0.0987102
0.0986821
0.0986539
0.0986257
0.0985975
0.0985693
0.098541
0.0985126
0.0984843
0.0984559
0.0984275
0.098399
0.0983705
0.098342
0.0983134
0.0982848
0.0982562
0.0982275
0.0981988
0.09817
0.0981413
0.0981125
0.0980836
0.0980547
0.0980258
0.0979969
0.0979679
0.0979389
0.0979098
0.0978807
0.0978516
0.0978225
0.0977933
0.0977641
0.0977348
0.0977055
0.0976762
0.0976468
0.0976174
0.097588
0.0975585
0.097529
0.0974995
0.0974699
0.0974403
0.0974107
0.097381
0.0973513
0.0973216
0.0972918
0.097262
0.0972321
0.0972023
0.0971724
0.0971424
0.0971124
0.0970824
0.0970524
0.0970223
0.0969922
0.096962
0.0969318
0.0969016
0.0968714
0.0968411
0.0968108
0.0967804
0.09675
0.0967196
0.0966891
0.0966587
0.0966281
0.0965976
0.096567
0.0965364
0.0965057
0.096475
0.0964443
0.0964135
0.0963827
0.0963519
0.096321
0.0962901
0.0962592
0.0962282
0.0961972
0.0961662
0.0961351
0.096104
0.0960729
0.0960417
0.0960105
0.0959793
0.095948
0.0959167
0.0958854
0.095854
0.0958226
0.0957912
0.0957597
0.0957282
0.0956967
0.0956651
0.0956335
0.0956019
0.0955702
0.0955385
0.0955068
0.095475
0.0954432
0.0954114
0.0953795
0.0953476
0.0953156
0.0952837
0.0952517
0.0952196
0.0951876
0.0951554
0.0951233
0.0950911
0.0950589
0.0950267
0.0949944
0.0949621
0.0949298
0.0948974
0.094865
0.0948326
0.0948001
0.0947676
0.0947351
0.0947025
0.0946699
0.0946372
0.0946046
0.0945719
0.0945391
0.0945064
0.0944736
0.0944407
0.0944079
0.094375
0.094342
0.0943091
0.0942761
0.094243
0.09421
0.0941769
0.0941437
0.0941106
0.0940774
0.0940442
0.0940109
0.0939776
0.0939443
0.0939109
0.0938775
0.0938441
0.0938106
0.0937771
0.0937436
0.0937101
0.0936765
0.0936428
0.0936092
0.0935755
0.0935418
0.093508
0.0934742
0.0934404
0.0934066
0.0933727
0.0933388
0.0933048
0.0932708
0.0932368
0.0932028
0.0931687
0.0931346
0.0931005
0.0930663
0.0930321
0.0929978
0.0929636
0.0929293
0.0928949
0.0928605
0.0928261
0.0927917
0.0927572
0.0927227
0.0926882
0.0926536
0.092619
0.0925844
0.0925498
0.0925151
0.0924803
0.0924456
0.0924108
0.092376
0.0923411
0.0923062
0.0922713
0.0922364
0.0922014
0.0921664
0.0921313
0.0920963
0.0920611
0.092026
0.0919908
0.0919556
0.0919204
0.0918851
0.0918498
0.0918145
0.0917791
0.0917437
0.0917083
0.0916728
0.0916373
0.0916018
0.0915663
0.0915307
0.0914951
0.0914594
0.0914237
0.091388
0.0913523
0.0913165
0.0912807
0.0912448
0.091209
0.0911731
0.0911371
0.0911012
0.0910652
0.0910291
0.0909931
0.090957
0.0909208
0.0908847
0.0908485
0.0908123
0.090776
0.0907398
0.0907034
0.0906671
0.0906307
0.0905943
0.0905579
0.0905214
0.0904849
0.0904484
0.0904118
0.0903752
0.0903386
0.0903019
0.0902652
0.0902285
0.0901918
0.090155
0.0901182
0.0900813
0.0900444
0.0900075
0.0899706
0.0899336
0.0898966
0.0898596
0.0898225
0.0897854
0.0897483
0.0897112
0.089674
0.0896368
0.0895995
0.0895622
0.0895249
0.0894876
0.0894502
0.0894128
0.0893754
0.0893379
0.0893004
0.0892629
0.0892253
0.0891877
0.0891501
0.0891125
0.0890748
0.0890371
0.0889993
0.0889616
0.0889238
0.0888859
0.0888481
0.0888102
0.0887722
0.0887343
0.0886963
0.0886583
0.0886202
0.0885822
0.0885441
0.0885059
0.0884677
0.0884295
0.0883913
0.0883531
0.0883148
0.0882764
0.0882381
0.0881997
0.0881613
0.0881229
0.0880844
0.0880459
0.0880074
0.0879688
0.0879302
0.0878916
0.0878529
0.0878142
0.0877755
0.0877368
0.087698
0.0876592
0.0876204
0.0875815
0.0875426
0.0875037
0.0874647
0.0874257
0.0873867
0.0873477
0.0873086
0.0872695
0.0872304
0.0871912
0.087152
0.0871128
0.0870735
0.0870342
0.0869949
0.0869556
0.0869162
0.0868768
0.0868374
0.0867979
0.0867584
0.0867189
0.0866793
0.0866398
0.0866002
0.0865605
0.0865208
0.0864811
0.0864414
0.0864017
0.0863619
0.086322
0.0862822
0.0862423
0.0862024
0.0861625
0.0861225
0.0860825
0.0860425
0.0860024
0.0859624
0.0859222
0.0858821
0.0858419
0.0858017
0.0857615
0.0857212
0.085681
0.0856406
0.0856003
0.0855599
0.0855195
0.0854791
0.0854386
0.0853981
0.0853576
0.085317
0.0852765
0.0852359
0.0851952
0.0851546
0.0851139
0.0850731
0.0850324
0.0849916
0.0849508
0.0849099
0.0848691
0.0848282
0.0847872
0.0847463
0.0847053
0.0846643
0.0846232
0.0845822
0.0845411
0.0844999
0.0844588
0.0844176
0.0843764
0.0843351
0.0842939
0.0842526
0.0842112
0.0841699
0.0841285
0.0840871
0.0840456
0.0840042
0.0839626
0.0839211
0.0838796
0.083838
0.0837964
0.0837547
0.083713
0.0836713
0.0836296
0.0835879
0.0835461
0.0835043
0.0834624
0.0834205
0.0833786
0.0833367
0.0832948
0.0832528
0.0832108
0.0831687
0.0831267
0.0830846
0.0830424
0.0830003
0.0829581
0.0829159
0.0828736
0.0828314
0.0827891
0.0827468
0.0827044
0.082662
0.0826196
0.0825772
0.0825347
0.0824923
0.0824497
0.0824072
0.0823646
0.082322
0.0822794
0.0822367
0.082194
0.0821513
0.0821086
0.0820658
0.082023
0.0819802
0.0819374
0.0818945
0.0818516
0.0818086
0.0817657
0.0817227
0.0816797
0.0816366
0.0815936
0.0815505
0.0815073
0.0814642
0.081421
0.0813778
0.0813346
0.0812913
0.081248
0.0812047
0.0811613
0.081118
0.0810746
0.0810311
0.0809877
0.0809442
0.0809007
0.0808572
0.0808136
0.08077
0.0807264
0.0806828
0.0806391
0.0805954
0.0805517
0.0805079
0.0804641
0.0804203
0.0803765
0.0803326
0.0802887
0.0802448
0.0802009
0.0801569
0.0801129
0.0800689
0.0800248
0.0799808
0.0799367
0.0798925
0.0798484
0.0798042
0.07976
0.0797157
0.0796715
0.0796272
0.0795829
0.0795385
0.0794942
0.0794498
0.0794053
0.0793609
0.0793164
0.0792719
0.0792274
0.0791828
0.0791382
0.0790936
0.079049
0.0790043
0.0789596
0.0789149
0.0788702
0.0788254
0.0787806
0.0787358
0.0786909
0.0786461
0.0786012
0.0785563
0.0785113
0.0784663
0.0784213
0.0783763
0.0783312
0.0782861
0.078241
0.0781959
0.0781507
0.0781056
0.0780603
0.0780151
0.0779698
0.0779245
0.0778792
0.0778339
0.0777885
0.0777431
0.0776977
0.0776523
0.0776068
0.0775613
0.0775158
0.0774702
0.0774246
0.077379
0.0773334
0.0772878
0.0772421
0.0771964
0.0771506
0.0771049
0.0770591
0.0770133
0.0769675
0.0769216
0.0768757
0.0768298
0.0767839
0.0767379
0.0766919
0.0766459
0.0765999
0.0765538
0.0765077
0.0764616
0.0764155
0.0763693
0.0763231
0.0762769
0.0762307
0.0761844
0.0761381
0.0760918
0.0760455
0.0759991
0.0759527
0.0759063
0.0758599
0.0758134
0.0757669
0.0757204
0.0756739
0.0756273
0.0755807
0.0755341
0.0754875
0.0754408
0.0753941
0.0753474
0.0753007
0.0752539
0.0752071
0.0751603
0.0751134
0.0750666
0.0750197
0.0749728
0.0749258
0.0748789
0.0748319
0.0747849
0.0747378
0.0746908
0.0746437
0.0745966
0.0745495
0.0745023
0.0744551
0.0744079
0.0743607
0.0743134
0.0742661
0.0742188
0.0741715
0.0741241
0.0740768
0.0740294
0.0739819
0.0739345
0.073887
0.0738395
0.073792
0.0737444
0.0736969
0.0736493
0.0736016
0.073554
0.0735063
0.0734586
0.0734109
0.0733632
0.0733154
0.0732676
0.0732198
0.073172
0.0731241
0.0730762
0.0730283
0.0729804
0.0729324
0.0728844
0.0728364
0.0727884
0.0727403
0.0726923
0.0726442
0.072596
0.0725479
0.0724997
0.0724515
0.0724033
0.0723551
0.0723068
0.0722585
0.0722102
0.0721618
0.0721135
0.0720651
0.0720167
0.0719683
0.0719198
0.0718713
0.0718228
0.0717743
0.0717258
0.0716772
0.0716286
0.07158
0.0715313
0.0714827
0.071434
0.0713853
0.0713365
0.0712878
0.071239
0.0711902
0.0711414
0.0710925
0.0710436
0.0709948
0.0709458
0.0708969
0.0708479
0.0707989
0.0707499
0.0707009
0.0706518
0.0706028
0.0705537
0.0705045
0.0704554
0.0704062
0.070357
0.0703078
0.0702586
0.0702093
0.07016
0.0701107
0.0700614
0.070012
0.0699626
0.0699132
0.0698638
0.0698144
0.0697649
0.0697154
0.0696659
0.0696164
0.0695668
0.0695173
0.0694677
0.069418
0.0693684
0.0693187
0.069269
0.0692193
0.0691696
0.0691198
0.06907
0.0690202
0.0689704
0.0689206
0.0688707
0.0688208
0.0687709
0.068721
0.068671
0.068621
0.068571
0.068521
0.068471
0.0684209
0.0683708
0.0683207
0.0682706
0.0682204
0.0681702
0.06812
0.0680698
0.0680196
0.0679693
0.067919
0.0678687
0.0678184
0.067768
0.0677177
0.0676673
0.0676169
0.0675664
0.067516
0.0674655
0.067415
0.0673645
0.0673139
0.0672634
0.0672128
0.0671622
0.0671115
0.0670609
0.0670102
0.0669595
0.0669088
0.0668581
0.0668073
0.0667565
0.0667057
0.0666549
0.0666041
0.0665532
0.0665023
0.0664514
0.0664005
0.0663495
0.0662985
0.0662476
0.0661965
0.0661455
0.0660945
0.0660434
0.0659923
0.0659412
0.06589
0.0658389
0.0657877
0.0657365
0.0656853
0.065634
0.0655828
0.0655315
0.0654802
0.0654288
0.0653775
0.0653261
0.0652747
0.0652233
0.0651719
0.0651205
0.065069
0.0650175
0.064966
0.0649145
0.0648629
0.0648113
0.0647597
0.0647081
0.0646565
0.0646048
0.0645532
0.0645015
0.0644498
0.064398
0.0643463
0.0642945
0.0642427
0.0641909
0.064139
0.0640872
0.0640353
0.0639834
0.0639315
0.0638796
0.0638276
0.0637756
0.0637236
0.0636716
0.0636196
0.0635675
0.0635154
0.0634633
0.0634112
0.0633591
0.0633069
0.0632548
0.0632026
0.0631503
0.0630981
0.0630458
0.0629936
0.0629413
0.062889
0.0628366
0.0627843
0.0627319
0.0626795
0.0626271
0.0625747
0.0625222
0.0624697
0.0624173
0.0623647
0.0623122
0.0622597
0.0622071
0.0621545
0.0621019
0.0620493
0.0619966
0.061944
0.0618913
0.0618386
0.0617859
0.0617331
0.0616804
0.0616276
0.0615748
0.061522
0.0614691
0.0614163
0.0613634
0.0613105
0.0612576
0.0612047
0.0611517
0.0610987
0.0610457
0.0609927
0.0609397
0.0608867
0.0608336
0.0607805
0.0607274
0.0606743
0.0606212
0.060568
0.0605148
0.0604616
0.0604084
0.0603552
0.0603019
0.0602487
0.0601954
0.0601421
0.0600887
0.0600354
0.059982
0.0599287
0.0598753
0.0598218
0.0597684
0.059715
0.0596615
0.059608
0.0595545
0.059501
0.0594474
0.0593939
0.0593403
0.0592867
0.0592331
0.0591794
0.0591258
0.0590721
0.0590184
0.0589647
0.058911
0.0588572
0.0588035
0.0587497
0.0586959
0.0586421
0.0585882
0.0585344
0.0584805
0.0584266
0.0583727
0.0583188
0.0582649
0.0582109
0.0581569
0.0581029
0.0580489
0.0579949
0.0579409
0.0578868
0.0578327
0.0577786
0.0577245
0.0576704
0.0576162
0.057562
0.0575079
0.0574537
0.0573994
0.0573452
0.0572909
0.0572367
0.0571824
0.0571281
0.0570737
0.0570194
0.056965
0.0569107
0.0568563
0.0568019
0.0567474
0.056693
0.0566385
0.0565841
0.0565296
0.056475
0.0564205
0.056366
0.0563114
0.0562568
0.0562022
0.0561476
0.056093
0.0560383
0.0559837
0.055929
0.0558743
0.0558196
0.0557649
0.0557101
0.0556553
0.0556006
0.0555458
0.0554909
0.0554361
0.0553813
0.0553264
0.0552715
0.0552166
0.0551617
0.0551068
0.0550518
0.0549969
0.0549419
0.0548869
0.0548319
0.0547769
0.0547218
0.0546668
0.0546117
0.0545566
0.0545015
0.0544464
0.0543912
0.0543361
0.0542809
0.0542257
0.0541705
0.0541153
0.05406
0.0540048
0.0539495
0.0538942
0.0538389
0.0537836
0.0537283
0.0536729
0.0536176
0.0535622
0.0535068
0.0534514
0.053396
0.0533405
0.0532851
0.0532296
0.0531741
0.0531186
0.0530631
0.0530075
0.052952
0.0528964
0.0528408
0.0527852
0.0527296
0.052674
0.0526184
0.0525627
0.052507
0.0524513
0.0523956
0.0523399
0.0522842
0.0522284
0.0521727
0.0521169
0.0520611
0.0520053
0.0519494
0.0518936
0.0518377
0.0517819
0.051726
0.0516701
0.0516142
0.0515582
0.0515023
0.0514463
0.0513904
0.0513344
0.0512784
0.0512223
0.0511663
0.0511103
0.0510542
0.0509981
0.050942
0.0508859
0.0508298
0.0507736
0.0507175
0.0506613
0.0506051
0.050549
0.0504927
0.0504365
0.0503803
0.050324
0.0502678
0.0502115
0.0501552
0.0500989
0.0500425
0.0499862
0.0499298
0.0498735
0.0498171
0.0497607
0.0497043
0.0496479
0.0495914
0.049535
0.0494785
0.049422
0.0493655
0.049309
0.0492525
0.049196
0.0491394
0.0490828
0.0490263
0.0489697
0.0489131
0.0488564
0.0487998
0.0487432
0.0486865
0.0486298
0.0485731
0.0485164
0.0484597
0.048403
0.0483462
0.0482895
0.0482327
0.0481759
0.0481191
0.0480623
0.0480055
0.0479487
0.0478918
0.0478349
0.0477781
0.0477212
0.0476643
0.0476074
0.0475504
0.0474935
0.0474365
0.0473795
0.0473226
0.0472656
0.0472086
0.0471515
0.0470945
0.0470374
0.0469804
0.0469233
0.0468662
0.0468091
0.046752
0.0466949
0.0466377
0.0465806
0.0465234
0.0464662
0.0464091
0.0463518
0.0462946
0.0462374
0.0461802
0.0461229
0.0460656
0.0460084
0.0459511
0.0458938
0.0458364
0.0457791
0.0457218
0.0456644
0.045607
0.0455497
0.0454923
0.0454349
0.0453775
0.04532
0.0452626
0.0452051
0.0451477
0.0450902
0.0450327
0.0449752
0.0449177
0.0448601
0.0448026
0.0447451
0.0446875
0.0446299
0.0445723
0.0445147
0.0444571
0.0443995
0.0443419
0.0442842
0.0442266
0.0441689
0.0441112
0.0440535
0.0439958
0.0439381
0.0438803
0.0438226
0.0437649
0.0437071
0.0436493
0.0435915
0.0435337
0.0434759
0.0434181
0.0433603
0.0433024
0.0432446
0.0431867
0.0431288
0.0430709
0.043013
0.0429551
0.0428972
0.0428392
0.0427813
0.0427233
0.0426654
0.0426074
0.0425494
0.0424914
0.0424334
0.0423753
0.0423173
0.0422593
0.0422012
0.0421431
0.042085
0.0420269
0.0419688
0.0419107
0.0418526
0.0417945
0.0417363
0.0416782
0.04162
0.0415618
0.0415036
0.0414454
0.0413872
0.041329
0.0412708
0.0412125
0.0411543
0.041096
0.0410377
0.0409794
0.0409211
0.0408628
0.0408045
0.0407462
0.0406879
0.0406295
0.0405711
0.0405128
0.0404544
0.040396
0.0403376
0.0402792
0.0402208
0.0401623
0.0401039
0.0400455
0.039987
0.0399285
0.03987
0.0398116
0.0397531
0.0396945
0.039636
0.0395775
0.039519
0.0394604
0.0394018
0.0393433
0.0392847
0.0392261
0.0391675
0.0391089
0.0390503
0.0389916
0.038933
0.0388744
0.0388157
0.038757
0.0386984
0.0386397
0.038581
0.0385223
0.0384636
0.0384048
0.0383461
0.0382874
0.0382286
0.0381698
0.0381111
0.0380523
0.0379935
0.0379347
0.0378759
0.0378171
0.0377582
0.0376994
0.0376406
0.0375817
0.0375229
0.037464
0.0374051
0.0373462
0.0372873
0.0372284
0.0371695
0.0371106
0.0370516
0.0369927
0.0369337
0.0368748
0.0368158
0.0367568
0.0366978
0.0366388
0.0365798
0.0365208
0.0364618
0.0364028
0.0363437
0.0362847
0.0362256
0.0361666
0.0361075
0.0360484
0.0359893
0.0359302
0.0358711
0.035812
0.0357529
0.0356937
0.0356346
0.0355754
0.0355163
0.0354571
0.0353979
0.0353388
0.0352796
0.0352204
0.0351612
0.035102
0.0350427
0.0349835
0.0349243
0.034865
0.0348058
0.0347465
0.0346872
0.034628
0.0345687
0.0345094
0.0344501
0.0343908
0.0343314
0.0342721
0.0342128
0.0341534
0.0340941
0.0340347
0.0339754
0.033916
0.0338566
0.0337972
0.0337379
0.0336785
0.033619
0.0335596
0.0335002
0.0334408
0.0333813
0.0333219
0.0332624
0.033203
0.0331435
0.033084
0.0330246
0.0329651
0.0329056
0.0328461
0.0327866
0.032727
0.0326675
0.032608
0.0325485
0.0324889
0.0324294
0.0323698
0.0323102
0.0322507
0.0321911
0.0321315
0.0320719
0.0320123
0.0319527
0.0318931
0.0318335
0.0317738
0.0317142
0.0316546
0.0315949
0.0315353
0.0314756
0.0314159
0.0313563
0.0312966
0.0312369
0.0311772
0.0311175
0.0310578
0.0309981
0.0309384
0.0308786
0.0308189
0.0307592
0.0306994
0.0306397
0.0305799
0.0305202
0.0304604
0.0304006
0.0303408
0.0302811
0.0302213
0.0301615
0.0301017
0.0300419
0.029982
0.0299222
0.0298624
0.0298026
0.0297427
0.0296829
0.029623
0.0295632
0.0295033
0.0294434
0.0293836
0.0293237
0.0292638
0.0292039
0.029144
0.0290841
0.0290242
0.0289643
0.0289044
0.0288444
0.0287845
0.0287246
0.0286646
0.0286047
0.0285447
0.0284848
0.0284248
0.0283648
0.0283049
0.0282449
0.0281849
0.0281249
0.0280649
0.0280049
0.0279449
0.0278849
0.0278249
0.0277649
0.0277049
0.0276448
0.0275848
0.0275248
0.0274647
0.0274047
0.0273446
0.0272846
0.0272245
0.0271644
0.0271044
0.0270443
0.0269842
0.0269241
0.026864
0.0268039
0.0267438
0.0266837
0.0266236
0.0265635
0.0265034
0.0264433
0.0263831
0.026323
0.0262629
0.0262027
0.0261426
0.0260824
0.0260223
0.0259621
0.025902
0.0258418
0.0257816
0.0257214
0.0256613
0.0256011
0.0255409
0.0254807
0.0254205
0.0253603
0.0253001
0.0252399
0.0251797
0.0251195
0.0250593
0.024999
0.0249388
0.0248786
0.0248183
0.0247581
0.0246979
0.0246376
0.0245774
0.0245171
0.0244569
0.0243966
0.0243363
0.0242761
0.0242158
0.0241555
0.0240952
0.024035
0.0239747
0.0239144
0.0238541
0.0237938
0.0237335
0.0236732
0.0236129
0.0235526
0.0234923
0.023432
0.0233717
0.0233113
0.023251
0.0231907
0.0231303
0.02307
0.0230097
0.0229493
0.022889
0.0228287
0.0227683
0.022708
0.0226476
0.0225872
0.0225269
0.0224665
0.0224062
0.0223458
0.0222854
0.022225
0.0221647
0.0221043
0.0220439
0.0219835
0.0219231
0.0218627
0.0218023
0.021742
0.0216816
0.0216212
0.0215608
0.0215003
0.0214399
0.0213795
0.0213191
0.0212587
0.0211983
0.0211379
0.0210775
0.021017
0.0209566
0.0208962
0.0208357
0.0207753
0.0207149
0.0206544
0.020594
0.0205336
0.0204731
0.0204127
0.0203522
0.0202918
0.0202313
0.0201709
0.0201104
0.02005
0.0199895
0.0199291
0.0198686
0.0198081
0.0197477
0.0196872
0.0196267
0.0195663
0.0195058
0.0194453
0.0193849
0.0193244
0.0192639
0.0192034
0.019143
0.0190825
0.019022
0.0189615
0.018901
0.0188405
0.01878
0.0187196
0.0186591
0.0185986
0.0185381
0.0184776
0.0184171
0.0183566
0.0182961
0.0182356
0.0181751
0.0181146
0.0180541
0.0179936
0.0179331
0.0178726
0.0178121
0.0177516
0.0176911
0.0176306
0.0175701
0.0175096
0.017449
0.0173885
0.017328
0.0172675
0.017207
0.0171465
0.017086
0.0170255
0.0169649
0.0169044
0.0168439
0.0167834
0.0167229
0.0166624
0.0166019
0.0165413
0.0164808
0.0164203
0.0163598
0.0162993
0.0162387
0.0161783
0.0161175
0.0160566
0.0159957
0.0159347
0.0158737
0.0158127
0.0157517
0.0156906
************************************************************************************************************************
***             WIDEN YOUR WINDOW TO 120 CHARACTERS.  Use 'enscript -r -fCourier9' to print this document            ***
************************************************************************************************************************

---------------------------------------------- PETSc Performance Summary: ----------------------------------------------

./implicit_no.out on a  named r01n08 with 2 processors, by mae-wenlw Thu Jun  9 06:52:08 2022
Using Petsc Release Version 3.16.6, Mar 30, 2022 

                         Max       Max/Min     Avg       Total
Time (sec):           3.855e+04     1.000   3.855e+04
Objects:              3.800e+01     1.000   3.800e+01
Flop:                 3.916e+13     1.000   3.915e+13  7.830e+13
Flop/sec:             1.016e+09     1.000   1.016e+09  2.031e+09
MPI Messages:         6.963e+08     1.000   6.963e+08  1.393e+09
MPI Message Lengths:  1.880e+12     1.000   2.700e+03  3.760e+12
MPI Reductions:       1.143e+09     1.000

Flop counting convention: 1 flop = 1 real number operation of type (multiply/divide/add/subtract)
                            e.g., VecAXPY() for real vectors of length N --> 2N flop
                            and VecAXPY() for complex vectors of length N --> 8N flop

Summary of Stages:   ----- Time ------  ----- Flop ------  --- Messages ---  -- Message Lengths --  -- Reductions --
                        Avg     %Total     Avg     %Total    Count   %Total     Avg         %Total    Count   %Total
 0:      Main Stage: 3.8550e+04 100.0%  7.8300e+13 100.0%  1.393e+09 100.0%  2.700e+03      100.0%  1.143e+09 100.0%

------------------------------------------------------------------------------------------------------------------------
See the 'Profiling' chapter of the users' manual for details on interpreting output.
Phase summary info:
   Count: number of times phase was executed
   Time and Flop: Max - maximum over all processors
                  Ratio - ratio of maximum to minimum over all processors
   Mess: number of messages sent
   AvgLen: average message length (bytes)
   Reduct: number of global reductions
   Global: entire computation
   Stage: stages of a computation. Set stages with PetscLogStagePush() and PetscLogStagePop().
      %T - percent time in this phase         %F - percent flop in this phase
      %M - percent messages in this phase     %L - percent message lengths in this phase
      %R - percent reductions in this phase
   Total Mflop/s: 10e-6 * (sum of flop over all processors)/(max time over all processors)
------------------------------------------------------------------------------------------------------------------------
Event                Count      Time (sec)     Flop                              --- Global ---  --- Stage ----  Total
                   Max Ratio  Max     Ratio   Max  Ratio  Mess   AvgLen  Reduct  %T %F %M %L %R  %T %F %M %L %R Mflop/s
------------------------------------------------------------------------------------------------------------------------

--- Event Stage 0: Main Stage

BuildTwoSided    62500005 1.0 5.7183e+02 2.5 0.00e+00 0.0 1.3e+08 1.2e+01 6.3e+07  1  0  9  0  5   1  0  9  0  5     0
BuildTwoSidedF   62500004 1.0 1.0603e+03 1.5 0.00e+00 0.0 3.8e+08 1.0e+04 6.3e+07  2  0 27100  5   2  0 27100  5     0
VecView                1 1.0 6.8240e-0329.5 0.00e+00 0.0 1.0e+00 2.0e+04 0.0e+00  0  0  0  0  0   0  0  0  0  0     0
VecMDot          508826158 1.0 2.8316e+03 1.0 1.20e+13 1.0 0.0e+00 0.0e+00 5.1e+08  7 31  0  0 45   7 31  0  0 45  8442
VecNorm          571326159 1.0 1.2296e+03 1.2 2.86e+12 1.0 0.0e+00 0.0e+00 5.7e+08  3  7  0  0 50   3  7  0  0 50  4647
VecScale         571326159 1.0 2.1906e+02 1.0 1.43e+12 1.0 0.0e+00 0.0e+00 0.0e+00  1  4  0  0  0   1  4  0  0  0 13043
VecCopy          187500004 1.0 1.9568e+02 1.0 0.00e+00 0.0 0.0e+00 0.0e+00 0.0e+00  1  0  0  0  0   1  0  0  0  0     0
VecSet           125000003 1.0 8.6225e+01 1.0 0.00e+00 0.0 0.0e+00 0.0e+00 0.0e+00  0  0  0  0  0   0  0  0  0  0     0
VecAXPY          125000003 1.0 1.1150e+02 1.1 6.25e+11 1.0 0.0e+00 0.0e+00 0.0e+00  0  2  0  0  0   0  2  0  0  0 11213
VecMAXPY         571326159 1.0 2.6994e+03 1.0 1.45e+13 1.0 0.0e+00 0.0e+00 0.0e+00  7 37  0  0  0   7 37  0  0  0 10743
VecAssemblyBegin 62500003 1.0 3.5767e+03 1.1 0.00e+00 0.0 3.8e+08 1.0e+04 6.3e+07  9  0 27100  5   9  0 27100  5     0
VecAssemblyEnd   62500003 1.0 7.8270e+02 1.0 0.00e+00 0.0 0.0e+00 0.0e+00 0.0e+00  2  0  0  0  0   2  0  0  0  0     0
VecPointwiseMult 571326159 1.0 6.5316e+02 1.0 1.43e+12 1.0 0.0e+00 0.0e+00 0.0e+00  2  4  0  0  0   2  4  0  0  0  4374
VecScatterBegin  508826158 1.0 2.2951e+03 1.1 0.00e+00 0.0 1.0e+09 8.0e+00 1.0e+00  6  0 73  0  0   6  0 73  0  0     0
VecScatterEnd    508826158 1.0 5.2671e+02 1.1 0.00e+00 0.0 0.0e+00 0.0e+00 0.0e+00  1  0  0  0  0   1  0  0  0  0     0
VecNormalize     571326159 1.0 1.5960e+03 1.1 4.29e+12 1.0 0.0e+00 0.0e+00 5.7e+08  4 11  0  0 50   4 11  0  0 50  5371
MatMult          508826158 1.0 1.1664e+04 1.0 6.36e+12 1.0 1.0e+09 8.0e+00 1.0e+00 30 16 73  0  0  30 16 73  0  0  1090
MatAssemblyBegin       1 1.0 8.7440e-0326.6 0.00e+00 0.0 0.0e+00 0.0e+00 1.0e+00  0  0  0  0  0   0  0  0  0  0     0
MatAssemblyEnd         1 1.0 1.3196e-02 1.4 0.00e+00 0.0 0.0e+00 0.0e+00 5.0e+00  0  0  0  0  0   0  0  0  0  0     0
SFSetGraph             1 1.0 2.1458e-06 2.2 0.00e+00 0.0 0.0e+00 0.0e+00 0.0e+00  0  0  0  0  0   0  0  0  0  0     0
SFSetUp                1 1.0 8.0121e-0328.4 0.00e+00 0.0 4.0e+00 4.0e+00 1.0e+00  0  0  0  0  0   0  0  0  0  0     0
SFPack           508826158 1.0 7.7150e+01 1.0 0.00e+00 0.0 0.0e+00 0.0e+00 0.0e+00  0  0  0  0  0   0  0  0  0  0     0
SFUnpack         508826158 1.0 4.9783e+01 1.3 0.00e+00 0.0 0.0e+00 0.0e+00 0.0e+00  0  0  0  0  0   0  0  0  0  0     0
KSPSetUp               1 1.0 8.2016e-05 1.1 0.00e+00 0.0 0.0e+00 0.0e+00 0.0e+00  0  0  0  0  0   0  0  0  0  0     0
KSPSolve         62500001 1.0 2.0268e+04 1.0 3.88e+13 1.0 1.0e+09 8.0e+00 1.1e+09 53 99 73  0 95  53 99 73  0 95  3832
KSPGMRESOrthog   508826158 1.0 5.2226e+03 1.0 2.39e+13 1.0 0.0e+00 0.0e+00 5.1e+08 13 61  0  0 45  13 61  0  0 45  9155
PCSetUp                1 1.0 1.0967e-05 1.1 0.00e+00 0.0 0.0e+00 0.0e+00 0.0e+00  0  0  0  0  0   0  0  0  0  0     0
PCApply          571326159 1.0 7.5602e+02 1.0 1.43e+12 1.0 0.0e+00 0.0e+00 2.0e+00  2  4  0  0  0   2  4  0  0  0  3779
------------------------------------------------------------------------------------------------------------------------

Memory usage is given in bytes:

Object Type          Creations   Destructions     Memory  Descendants' Mem.
Reports information only for process 0.

--- Event Stage 0: Main Stage

              Vector    23             23       460344     0.
              Matrix     3              3       409804     0.
           Index Set     2              2         1788     0.
   Star Forest Graph     3              3         3312     0.
       Krylov Solver     1              1        18848     0.
      Preconditioner     1              1          872     0.
    Distributed Mesh     1              1         5048     0.
     Discrete System     1              1          896     0.
           Weak Form     1              1          616     0.
              Viewer     2              1          840     0.
========================================================================================================================
Average time to get PetscTime(): 9.53674e-08
Average time for MPI_Barrier(): 3.8147e-07
Average time for zero size MPI_Send(): 4.05312e-06
#PETSc Option Table entries:
-log_view
-n 5000
#End of PETSc Option Table entries
Compiled without FORTRAN kernels
Compiled with full precision matrices (default)
sizeof(short) 2 sizeof(int) 4 sizeof(long) 8 sizeof(void*) 8 sizeof(PetscScalar) 8 sizeof(PetscInt) 4
Configure options: --with-mpi-dir=/share/intel/2018u4/compilers_and_libraries_2018.5.274/linux/mpi/intel64 --with-blaslapack-dir=/share/intel/2018u4/compilers_and_libraries_2018.5.274/linux/mkl --with-scalapack-include=/share/intel/2018u4/compilers_and_libraries_2018.5.274/linux/mkl/include --with-scalapack-lib="-L/share/intel/2018u4/compilers_and_libraries_2018.5.274/linux/mkl/lib/intel64 -lmkl_blacs_intelmpi_lp64 -lmkl_scalapack_lp64" --with-debugging=no --prefix=/work/mae-wenlw/lib/petsc-3.16.6 --download-hdf5 =/work/mae-wenlw/HPC/petsc-3.16.6-package/hdf5-1.12.1.tar.gz --download-hypre=/work/mae-wenlw/HPC/petsc-3.16.6-package/hypre-2.23.0.tar.gz --download-mumps=/work/mae-wenlw/HPC/petsc-3.16.6-package/petsc-pkg-mumps-6d1470374d32.tar.gz --download-metis=/work/mae-wenlw/HPC/petsc-3.16.6-package/petsc-pkg-metis-c8d2dc1e751e.tar.gz COPTFLAGS="-O3 -march=native -mtune=native" CXXOPTFLAGS="-O3 -march=native -mtune=native" FOPTFLAGS="-O3 -march=native -mtune=native"
-----------------------------------------
Libraries compiled on 2022-06-02 13:42:17 on login03 
Machine characteristics: Linux-3.10.0-862.el7.x86_64-x86_64-with-redhat-7.5-Maipo
Using PETSc directory: /work/mae-wenlw/lib/petsc-3.16.6
Using PETSc arch: 
-----------------------------------------

Using C compiler: /share/intel/2018u4/compilers_and_libraries_2018.5.274/linux/mpi/intel64/bin/mpiicc  -fPIC -wd1572 -Wno-unknown-pragmas -O3 -march=native -mtune=native  -std=c99 
Using Fortran compiler: /share/intel/2018u4/compilers_and_libraries_2018.5.274/linux/mpi/intel64/bin/mpiifort  -fPIC -O3 -march=native -mtune=native     -std=c99
-----------------------------------------

Using include paths: -I/work/mae-wenlw/lib/petsc-3.16.6/include -I/share/intel/2018u4/compilers_and_libraries_2018.5.274/linux/mpi/intel64/include
-----------------------------------------

Using C linker: /share/intel/2018u4/compilers_and_libraries_2018.5.274/linux/mpi/intel64/bin/mpiicc
Using Fortran linker: /share/intel/2018u4/compilers_and_libraries_2018.5.274/linux/mpi/intel64/bin/mpiifort
Using libraries: -Wl,-rpath,/work/mae-wenlw/lib/petsc-3.16.6/lib -L/work/mae-wenlw/lib/petsc-3.16.6/lib -lpetsc -Wl,-rpath,/work/mae-wenlw/lib/petsc-3.16.6/lib -L/work/mae-wenlw/lib/petsc-3.16.6/lib -L/share/intel/2018u4/compilers_and_libraries_2018.5.274/linux/mkl/lib/intel64 -Wl,-rpath,/share/intel/2018u4/compilers_and_libraries_2018.5.274/linux/mkl/lib/intel64 -Wl,-rpath,/share/intel/2018u4/compilers_and_libraries_2018.5.274/linux/mpi/intel64/lib/release_mt -L/share/intel/2018u4/compilers_and_libraries_2018.5.274/linux/mpi/intel64/lib/release_mt -Wl,-rpath,/share/intel/2018u4/compilers_and_libraries_2018.5.274/linux/mpi/intel64/lib -L/share/intel/2018u4/compilers_and_libraries_2018.5.274/linux/mpi/intel64/lib -Wl,-rpath,/work/mae-wenlw/lib/hdf5-1.12.1/lib -L/work/mae-wenlw/lib/hdf5-1.12.1/lib -Wl,-rpath,/share/intel/2018u4/compilers_and_libraries_2018.5.274/linux/tbb/lib/intel64_lin/gcc4.4 -L/share/intel/2018u4/compilers_and_libraries_2018.5.274/linux/tbb/lib/intel64_lin/gcc4.4 -Wl,-rpath,/share/intel/2018u4/compilers_and_libraries_2018.5.274/linux/daal/lib/intel64_lin -L/share/intel/2018u4/compilers_and_libraries_2018.5.274/linux/daal/lib/intel64_lin -Wl,-rpath,/share/intel/2018u4/compilers_and_libraries_2018.5.274/linux/tbb/lib/intel64/gcc4.4 -L/share/intel/2018u4/compilers_and_libraries_2018.5.274/linux/tbb/lib/intel64/gcc4.4 -Wl,-rpath,/share/intel/2018u4/compilers_and_libraries_2018.5.274/linux/compiler/lib/intel64 -L/share/intel/2018u4/compilers_and_libraries_2018.5.274/linux/compiler/lib/intel64 -Wl,-rpath,/share/intel/2018u4/compilers_and_libraries_2018.5.274/linux/ipp/lib/intel64 -L/share/intel/2018u4/compilers_and_libraries_2018.5.274/linux/ipp/lib/intel64 -Wl,-rpath,/share/intel/2018u4/compilers_and_libraries_2018.5.274/linux/compiler/lib/intel64_lin -L/share/intel/2018u4/compilers_and_libraries_2018.5.274/linux/compiler/lib/intel64_lin -Wl,-rpath,/usr/lib/gcc/x86_64-redhat-linux/4.8.5 -L/usr/lib/gcc/x86_64-redhat-linux/4.8.5 -Wl,-rpath,/opt/intel/mpi-rt/2017.0.0/intel64/lib/release_mt -Wl,-rpath,/opt/intel/mpi-rt/2017.0.0/intel64/lib -lHYPRE -lcmumps -ldmumps -lsmumps -lzmumps -lmumps_common -lpord -lmkl_blacs_intelmpi_lp64 -lmkl_scalapack_lp64 -lmkl_intel_lp64 -lmkl_core -lmkl_sequential -lpthread -lhdf5_hl -lhdf5 -lmetis -lX11 -lstdc++ -ldl -lmpifort -lmpi -lmpigi -lrt -lpthread -lifport -lifcoremt_pic -limf -lsvml -lm -lipgo -lirc -lgcc_s -lirc_s -lquadmath -lstdc++ -ldl
-----------------------------------------

