dx= 0.0002 dt = 1.6e-08 its 62500001
Vec Object: u_numeracal 4 MPI processes
  type: mpi
Process [0]
0.
6.68115e-05
0.000133623
0.000200434
0.000267246
0.000334057
0.000400868
0.000467679
0.00053449
0.0006013
0.000668111
0.000734921
0.000801731
0.00086854
0.000935349
0.00100216
0.00106897
0.00113577
0.00120258
0.00126939
0.0013362
0.001403
0.00146981
0.00153661
0.00160342
0.00167022
0.00173703
0.00180383
0.00187063
0.00193743
0.00200423
0.00207103
0.00213783
0.00220463
0.00227143
0.00233822
0.00240502
0.00247181
0.00253861
0.0026054
0.00267219
0.00273898
0.00280577
0.00287256
0.00293935
0.00300614
0.00307292
0.00313971
0.00320649
0.00327327
0.00334005
0.00340683
0.00347361
0.00354039
0.00360716
0.00367394
0.00374071
0.00380748
0.00387425
0.00394102
0.00400778
0.00407455
0.00414131
0.00420808
0.00427484
0.0043416
0.00440835
0.00447511
0.00454186
0.00460862
0.00467537
0.00474212
0.00480886
0.00487561
0.00494235
0.00500909
0.00507583
0.00514257
0.00520931
0.00527604
0.00534277
0.0054095
0.00547623
0.00554296
0.00560968
0.0056764
0.00574312
0.00580984
0.00587656
0.00594327
0.00600998
0.00607669
0.0061434
0.0062101
0.0062768
0.0063435
0.0064102
0.00647689
0.00654358
0.00661027
0.00667696
0.00674365
0.00681033
0.00687701
0.00694368
0.00701036
0.00707703
0.0071437
0.00721036
0.00727703
0.00734369
0.00741035
0.007477
0.00754365
0.0076103
0.00767695
0.0077436
0.00781024
0.00787687
0.00794351
0.00801014
0.00807677
0.0081434
0.00821002
0.00827664
0.00834326
0.00840987
0.00847648
0.00854309
0.00860969
0.00867629
0.00874289
0.00880948
0.00887608
0.00894266
0.00900925
0.00907583
0.00914241
0.00920898
0.00927555
0.00934212
0.00940868
0.00947524
0.0095418
0.00960835
0.0096749
0.00974144
0.00980799
0.00987452
0.00994106
0.0100076
0.0100741
0.0101406
0.0102072
0.0102737
0.0103402
0.0104067
0.0104732
0.0105397
0.0106062
0.0106727
0.0107392
0.0108057
0.0108721
0.0109386
0.0110051
0.0110716
0.011138
0.0112045
0.0112709
0.0113374
0.0114038
0.0114703
0.0115367
0.0116031
0.0116696
0.011736
0.0118024
0.0118688
0.0119352
0.0120016
0.0120681
0.0121344
0.0122008
0.0122672
0.0123336
0.0124
0.0124664
0.0125327
0.0125991
0.0126655
0.0127318
0.0127982
0.0128645
0.0129309
0.0129972
0.0130635
0.0131299
0.0131962
0.0132625
0.0133288
0.0133951
0.0134614
0.0135277
0.013594
0.0136603
0.0137266
0.0137928
0.0138591
0.0139254
0.0139916
0.0140579
0.0141242
0.0141904
0.0142566
0.0143229
0.0143891
0.0144553
0.0145215
0.0145878
0.014654
0.0147202
0.0147864
0.0148525
0.0149187
0.0149849
0.0150511
0.0151172
0.0151834
0.0152496
0.0153157
0.0153819
0.015448
0.0155141
0.0155803
0.0156464
0.0157125
0.0157786
0.0158447
0.0159108
0.0159769
0.016043
0.0161091
0.0161751
0.0162412
0.0163073
0.0163733
0.0164394
0.0165054
0.0165715
0.0166375
0.0167035
0.0167695
0.0168355
0.0169015
0.0169675
0.0170335
0.0170995
0.0171655
0.0172315
0.0172974
0.0173634
0.0174294
0.0174953
0.0175612
0.0176272
0.0176931
0.017759
0.0178249
0.0178909
0.0179568
0.0180226
0.0180885
0.0181544
0.0182203
0.0182862
0.018352
0.0184179
0.0184837
0.0185496
0.0186154
0.0186812
0.018747
0.0188128
0.0188786
0.0189444
0.0190102
0.019076
0.0191418
0.0192076
0.0192733
0.0193391
0.0194048
0.0194706
0.0195363
0.019602
0.0196677
0.0197334
0.0197991
0.0198648
0.0199305
0.0199962
0.0200619
0.0201275
0.0201932
0.0202588
0.0203245
0.0203901
0.0204557
0.0205214
0.020587
0.0206526
0.0207182
0.0207838
0.0208493
0.0209149
0.0209805
0.021046
0.0211116
0.0211771
0.0212427
0.0213082
0.0213737
0.0214392
0.0215047
0.0215702
0.0216357
0.0217012
0.0217666
0.0218321
0.0218975
0.021963
0.0220284
0.0220939
0.0221593
0.0222247
0.0222901
0.0223555
0.0224209
0.0224862
0.0225516
0.022617
0.0226823
0.0227477
0.022813
0.0228783
0.0229436
0.0230089
0.0230742
0.0231395
0.0232048
0.0232701
0.0233354
0.0234006
0.0234659
0.0235311
0.0235963
0.0236615
0.0237268
0.023792
0.0238572
0.0239223
0.0239875
0.0240527
0.0241178
0.024183
0.0242481
0.0243133
0.0243784
0.0244435
0.0245086
0.0245737
0.0246388
0.0247038
0.0247689
0.024834
0.024899
0.0249641
0.0250291
0.0250941
0.0251591
0.0252241
0.0252891
0.0253541
0.0254191
0.025484
0.025549
0.0256139
0.0256789
0.0257438
0.0258087
0.0258736
0.0259385
0.0260034
0.0260682
0.0261331
0.026198
0.0262628
0.0263276
0.0263925
0.0264573
0.0265221
0.0265869
0.0266517
0.0267165
0.0267812
0.026846
0.0269107
0.0269755
0.0270402
0.0271049
0.0271696
0.0272343
0.027299
0.0273637
0.0274283
0.027493
0.0275576
0.0276223
0.0276869
0.0277515
0.0278161
0.0278807
0.0279453
0.0280098
0.0280744
0.0281389
0.0282035
0.028268
0.0283325
0.028397
0.0284615
0.028526
0.0285905
0.028655
0.0287194
0.0287838
0.0288483
0.0289127
0.0289771
0.0290415
0.0291059
0.0291703
0.0292346
0.029299
0.0293633
0.0294277
0.029492
0.0295563
0.0296206
0.0296849
0.0297492
0.0298134
0.0298777
0.0299419
0.0300062
0.0300704
0.0301346
0.0301988
0.030263
0.0303272
0.0303913
0.0304555
0.0305196
0.0305838
0.0306479
0.030712
0.0307761
0.0308402
0.0309042
0.0309683
0.0310323
0.0310964
0.0311604
0.0312244
0.0312884
0.0313524
0.0314164
0.0314804
0.0315443
0.0316083
0.0316722
0.0317361
0.0318
0.0318639
0.0319278
0.0319917
0.0320555
0.0321194
0.0321832
0.032247
0.0323108
0.0323746
0.0324384
0.0325022
0.032566
0.0326297
0.0326935
0.0327572
0.0328209
0.0328846
0.0329483
0.033012
0.0330756
0.0331393
0.0332029
0.0332665
0.0333301
0.0333938
0.0334573
0.0335209
0.0335845
0.033648
0.0337116
0.0337751
0.0338386
0.0339021
0.0339656
0.0340291
0.0340925
0.034156
0.0342194
0.0342828
0.0343463
0.0344097
0.034473
0.0345364
0.0345998
0.0346631
0.0347264
0.0347898
0.0348531
0.0349164
0.0349796
0.0350429
0.0351062
0.0351694
0.0352326
0.0352958
0.0353591
0.0354222
0.0354854
0.0355486
0.0356117
0.0356749
0.035738
0.0358011
0.0358642
0.0359273
0.0359903
0.0360534
0.0361164
0.0361794
0.0362425
0.0363055
0.0363684
0.0364314
0.0364944
0.0365573
0.0366203
0.0366832
0.0367461
0.036809
0.0368718
0.0369347
0.0369975
0.0370604
0.0371232
0.037186
0.0372488
0.0373116
0.0373743
0.0374371
0.0374998
0.0375625
0.0376253
0.0376879
0.0377506
0.0378133
0.0378759
0.0379386
0.0380012
0.0380638
0.0381264
0.038189
0.0382516
0.0383141
0.0383766
0.0384392
0.0385017
0.0385642
0.0386266
0.0386891
0.0387516
0.038814
0.0388764
0.0389388
0.0390012
0.0390636
0.0391259
0.0391883
0.0392506
0.0393129
0.0393752
0.0394375
0.0394998
0.0395621
0.0396243
0.0396865
0.0397487
0.0398109
0.0398731
0.0399353
0.0399975
0.0400596
0.0401217
0.0401838
0.0402459
0.040308
0.0403701
0.0404321
0.0404941
0.0405562
0.0406182
0.0406801
0.0407421
0.0408041
0.040866
0.0409279
0.0409899
0.0410518
0.0411136
0.0411755
0.0412373
0.0412992
0.041361
0.0414228
0.0414846
0.0415464
0.0416081
0.0416698
0.0417316
0.0417933
0.041855
0.0419167
0.0419783
0.04204
0.0421016
0.0421632
0.0422248
0.0422864
0.0423479
0.0424095
0.042471
0.0425326
0.0425941
0.0426555
0.042717
0.0427785
0.0428399
0.0429013
0.0429627
0.0430241
0.0430855
0.0431469
0.0432082
0.0432695
0.0433308
0.0433921
0.0434534
0.0435147
0.0435759
0.0436371
0.0436983
0.0437595
0.0438207
0.0438819
0.043943
0.0440041
0.0440653
0.0441264
0.0441874
0.0442485
0.0443095
0.0443706
0.0444316
0.0444926
0.0445536
0.0446145
0.0446755
0.0447364
0.0447973
0.0448582
0.0449191
0.0449799
0.0450408
0.0451016
0.0451624
0.0452232
0.045284
0.0453448
0.0454055
0.0454662
0.0455269
0.0455876
0.0456483
0.045709
0.0457696
0.0458302
0.0458908
0.0459514
0.046012
0.0460725
0.0461331
0.0461936
0.0462541
0.0463146
0.046375
0.0464355
0.0464959
0.0465563
0.0466167
0.0466771
0.0467375
0.0467978
0.0468581
0.0469185
0.0469787
0.047039
0.0470993
0.0471595
0.0472197
0.0472799
0.0473401
0.0474003
0.0474604
0.0475206
0.0475807
0.0476408
0.0477009
0.0477609
0.047821
0.047881
0.047941
0.048001
0.048061
0.0481209
0.0481808
0.0482408
0.0483007
0.0483605
0.0484204
0.0484802
0.0485401
0.0485999
0.0486597
0.0487194
0.0487792
0.0488389
0.0488986
0.0489583
0.049018
0.0490777
0.0491373
0.0491969
0.0492565
0.0493161
0.0493757
0.0494352
0.0494948
0.0495543
0.0496138
0.0496733
0.0497327
0.0497922
0.0498516
0.049911
0.0499704
0.0500297
0.0500891
0.0501484
0.0502077
0.050267
0.0503263
0.0503855
0.0504447
0.0505039
0.0505631
0.0506223
0.0506815
0.0507406
0.0507997
0.0508588
0.0509179
0.050977
0.051036
0.051095
0.051154
0.051213
0.051272
0.0513309
0.0513898
0.0514487
0.0515076
0.0515665
0.0516253
0.0516842
0.051743
0.0518018
0.0518605
0.0519193
0.051978
0.0520367
0.0520954
0.0521541
0.0522128
0.0522714
0.05233
0.0523886
0.0524472
0.0525057
0.0525643
0.0526228
0.0526813
0.0527397
0.0527982
0.0528566
0.0529151
0.0529735
0.0530318
0.0530902
0.0531485
0.0532068
0.0532651
0.0533234
0.0533817
0.0534399
0.0534981
0.0535563
0.0536145
0.0536727
0.0537308
0.0537889
0.053847
0.0539051
0.0539631
0.0540212
0.0540792
0.0541372
0.0541952
0.0542531
0.054311
0.054369
0.0544268
0.0544847
0.0545426
0.0546004
0.0546582
0.054716
0.0547738
0.0548315
0.0548893
0.054947
0.0550046
0.0550623
0.05512
0.0551776
0.0552352
0.0552928
0.0553503
0.0554079
0.0554654
0.0555229
0.0555804
0.0556378
0.0556953
0.0557527
0.0558101
0.0558675
0.0559248
0.0559822
0.0560395
0.0560968
0.056154
0.0562113
0.0562685
0.0563257
0.0563829
0.0564401
0.0564972
0.0565543
0.0566114
0.0566685
0.0567256
0.0567826
0.0568396
0.0568966
0.0569536
0.0570105
0.0570675
0.0571244
0.0571813
0.0572381
0.057295
0.0573518
0.0574086
0.0574654
0.0575222
0.0575789
0.0576356
0.0576923
0.057749
0.0578056
0.0578622
0.0579189
0.0579754
0.058032
0.0580885
0.0581451
0.0582016
0.058258
0.0583145
0.0583709
0.0584273
0.0584837
0.0585401
0.0585964
0.0586528
0.0587091
0.0587653
0.0588216
0.0588778
0.058934
0.0589902
0.0590464
0.0591026
0.0591587
0.0592148
0.0592709
0.0593269
0.059383
0.059439
0.059495
0.0595509
0.0596069
0.0596628
0.0597187
0.0597746
0.0598304
0.0598863
0.0599421
0.0599979
0.0600536
0.0601094
0.0601651
0.0602208
0.0602765
0.0603321
0.0603878
0.0604434
0.060499
0.0605545
0.0606101
0.0606656
0.0607211
0.0607765
0.060832
0.0608874
0.0609428
0.0609982
0.0610536
0.0611089
0.0611642
0.0612195
0.0612748
0.06133
0.0613852
0.0614404
0.0614956
0.0615507
0.0616059
0.061661
0.0617161
0.0617711
0.0618262
0.0618812
0.0619362
0.0619911
0.0620461
0.062101
0.0621559
0.0622107
0.0622656
0.0623204
0.0623752
0.06243
0.0624848
0.0625395
0.0625942
0.0626489
0.0627035
0.0627582
0.0628128
0.0628674
0.062922
0.0629765
0.063031
0.0630855
0.06314
0.0631944
0.0632489
0.0633033
0.0633576
0.063412
0.0634663
0.0635206
0.0635749
0.0636292
0.0636834
0.0637376
0.0637918
0.063846
0.0639001
0.0639542
0.0640083
0.0640624
0.0641164
0.0641705
0.0642245
0.0642784
0.0643324
0.0643863
0.0644402
0.0644941
0.0645479
0.0646017
0.0646556
0.0647093
0.0647631
0.0648168
0.0648705
0.0649242
0.0649779
0.0650315
0.0650851
0.0651387
0.0651922
0.0652458
0.0652993
0.0653528
0.0654062
0.0654597
0.0655131
0.0655665
0.0656198
0.0656732
0.0657265
0.0657798
0.065833
0.0658863
0.0659395
0.0659927
0.0660458
0.066099
0.0661521
0.0662052
0.0662583
0.0663113
0.0663643
0.0664173
0.0664703
0.0665232
0.0665761
0.066629
0.0666819
0.0667347
0.0667876
0.0668403
0.0668931
0.0669459
0.0669986
0.0670513
0.0671039
0.0671566
0.0672092
0.0672618
0.0673143
0.0673669
0.0674194
0.0674719
0.0675244
0.0675768
0.0676292
0.0676816
0.067734
0.0677863
0.0678386
0.0678909
0.0679432
0.0679954
0.0680476
0.0680998
0.068152
0.0682041
0.0682562
0.0683083
0.0683603
0.0684124
0.0684644
0.0685164
0.0685683
0.0686202
0.0686721
0.068724
0.0687759
0.0688277
0.0688795
0.0689313
0.068983
0.0690347
0.0690864
0.0691381
0.0691898
0.0692414
0.069293
0.0693445
0.0693961
0.0694476
0.0694991
0.0695506
0.069602
0.0696534
0.0697048
0.0697561
0.0698075
0.0698588
0.0699101
0.0699613
0.0700126
0.0700638
0.0701149
0.0701661
0.0702172
0.0702683
0.0703194
0.0703704
0.0704214
0.0704724
0.0705234
0.0705743
0.0706252
0.0706761
0.070727
0.0707778
0.0708286
0.0708794
0.0709302
0.0709809
0.0710316
0.0710823
0.0711329
0.0711835
0.0712341
0.0712847
0.0713352
0.0713857
0.0714362
0.0714867
0.0715371
0.0715875
0.0716379
0.0716883
0.0717386
0.0717889
0.0718391
0.0718894
0.0719396
0.0719898
0.07204
0.0720901
0.0721402
0.0721903
0.0722404
0.0722904
0.0723404
0.0723904
0.0724403
0.0724902
0.0725401
0.07259
0.0726398
0.0726896
0.0727394
0.0727892
0.0728389
0.0728886
0.0729383
0.0729879
0.0730376
0.0730872
0.0731367
0.0731863
0.0732358
0.0732853
0.0733347
0.0733841
0.0734335
0.0734829
0.0735323
0.0735816
0.0736309
0.0736801
0.0737294
0.0737786
0.0738278
0.0738769
0.073926
0.0739751
0.0740242
0.0740733
0.0741223
0.0741713
0.0742202
0.0742692
0.0743181
0.0743669
0.0744158
0.0744646
0.0745134
0.0745622
0.0746109
0.0746596
0.0747083
0.0747569
0.0748056
0.0748542
0.0749027
0.0749513
0.0749998
0.0750483
0.0750967
0.0751452
0.0751936
0.0752419
0.0752903
0.0753386
0.0753869
0.0754351
0.0754834
0.0755316
0.0755797
Process [1]
0.0756279
0.075676
0.0757241
0.0757722
0.0758202
0.0758682
0.0759162
0.0759641
0.076012
0.0760599
0.0761078
0.0761556
0.0762034
0.0762512
0.076299
0.0763467
0.0763944
0.076442
0.0764897
0.0765373
0.0765848
0.0766324
0.0766799
0.0767274
0.0767749
0.0768223
0.0768697
0.0769171
0.0769644
0.0770117
0.077059
0.0771063
0.0771535
0.0772007
0.0772479
0.0772951
0.0773422
0.0773893
0.0774363
0.0774833
0.0775303
0.0775773
0.0776243
0.0776712
0.0777181
0.0777649
0.0778117
0.0778585
0.0779053
0.077952
0.0779987
0.0780454
0.0780921
0.0781387
0.0781853
0.0782319
0.0782784
0.0783249
0.0783714
0.0784178
0.0784642
0.0785106
0.078557
0.0786033
0.0786496
0.0786959
0.0787421
0.0787883
0.0788345
0.0788807
0.0789268
0.0789729
0.0790189
0.079065
0.079111
0.079157
0.0792029
0.0792488
0.0792947
0.0793406
0.0793864
0.0794322
0.0794779
0.0795237
0.0795694
0.0796151
0.0796607
0.0797063
0.0797519
0.0797975
0.079843
0.0798885
0.079934
0.0799794
0.0800248
0.0800702
0.0801156
0.0801609
0.0802062
0.0802514
0.0802967
0.0803419
0.080387
0.0804322
0.0804773
0.0805224
0.0805674
0.0806124
0.0806574
0.0807024
0.0807473
0.0807922
0.0808371
0.0808819
0.0809267
0.0809715
0.0810162
0.0810609
0.0811056
0.0811503
0.0811949
0.0812395
0.0812841
0.0813286
0.0813731
0.0814176
0.081462
0.0815064
0.0815508
0.0815952
0.0816395
0.0816838
0.0817281
0.0817723
0.0818165
0.0818607
0.0819048
0.0819489
0.081993
0.082037
0.082081
0.082125
0.082169
0.0822129
0.0822568
0.0823007
0.0823445
0.0823883
0.0824321
0.0824758
0.0825195
0.0825632
0.0826068
0.0826504
0.082694
0.0827376
0.0827811
0.0828246
0.0828681
0.0829115
0.0829549
0.0829982
0.0830416
0.0830849
0.0831282
0.0831714
0.0832146
0.0832578
0.083301
0.0833441
0.0833872
0.0834302
0.0834732
0.0835162
0.0835592
0.0836021
0.083645
0.0836879
0.0837307
0.0837735
0.0838163
0.0838591
0.0839018
0.0839445
0.0839871
0.0840297
0.0840723
0.0841149
0.0841574
0.0841999
0.0842424
0.0842848
0.0843272
0.0843696
0.0844119
0.0844542
0.0844965
0.0845387
0.0845809
0.0846231
0.0846652
0.0847074
0.0847494
0.0847915
0.0848335
0.0848755
0.0849175
0.0849594
0.0850013
0.0850431
0.085085
0.0851268
0.0851685
0.0852103
0.085252
0.0852936
0.0853353
0.0853769
0.0854185
0.08546
0.0855015
0.085543
0.0855844
0.0856258
0.0856672
0.0857086
0.0857499
0.0857912
0.0858324
0.0858737
0.0859149
0.085956
0.0859971
0.0860382
0.0860793
0.0861203
0.0861613
0.0862023
0.0862432
0.0862841
0.086325
0.0863658
0.0864066
0.0864474
0.0864881
0.0865289
0.0865695
0.0866102
0.0866508
0.0866914
0.0867319
0.0867724
0.0868129
0.0868534
0.0868938
0.0869342
0.0869745
0.0870148
0.0870551
0.0870954
0.0871356
0.0871758
0.0872159
0.0872561
0.0872962
0.0873362
0.0873762
0.0874162
0.0874562
0.0874961
0.087536
0.0875759
0.0876157
0.0876555
0.0876953
0.087735
0.0877747
0.0878144
0.087854
0.0878936
0.0879332
0.0879727
0.0880122
0.0880517
0.0880911
0.0881305
0.0881699
0.0882092
0.0882485
0.0882878
0.0883271
0.0883663
0.0884054
0.0884446
0.0884837
0.0885228
0.0885618
0.0886008
0.0886398
0.0886787
0.0887176
0.0887565
0.0887954
0.0888342
0.0888729
0.0889117
0.0889504
0.0889891
0.0890277
0.0890663
0.0891049
0.0891434
0.089182
0.0892204
0.0892589
0.0892973
0.0893357
0.089374
0.0894123
0.0894506
0.0894888
0.0895271
0.0895652
0.0896034
0.0896415
0.0896796
0.0897176
0.0897556
0.0897936
0.0898315
0.0898695
0.0899073
0.0899452
0.089983
0.0900208
0.0900585
0.0900962
0.0901339
0.0901715
0.0902091
0.0902467
0.0902843
0.0903218
0.0903592
0.0903967
0.0904341
0.0904714
0.0905088
0.0905461
0.0905834
0.0906206
0.0906578
0.090695
0.0907321
0.0907692
0.0908063
0.0908433
0.0908803
0.0909173
0.0909542
0.0909911
0.091028
0.0910648
0.0911016
0.0911384
0.0911751
0.0912118
0.0912484
0.0912851
0.0913217
0.0913582
0.0913947
0.0914312
0.0914677
0.0915041
0.0915405
0.0915769
0.0916132
0.0916495
0.0916857
0.0917219
0.0917581
0.0917943
0.0918304
0.0918665
0.0919025
0.0919385
0.0919745
0.0920104
0.0920464
0.0920822
0.0921181
0.0921539
0.0921896
0.0922254
0.0922611
0.0922968
0.0923324
0.092368
0.0924036
0.0924391
0.0924746
0.09251
0.0925455
0.0925809
0.0926162
0.0926515
0.0926868
0.0927221
0.0927573
0.0927925
0.0928276
0.0928628
0.0928978
0.0929329
0.0929679
0.0930029
0.0930378
0.0930727
0.0931076
0.0931425
0.0931773
0.093212
0.0932468
0.0932815
0.0933161
0.0933508
0.0933854
0.0934199
0.0934544
0.0934889
0.0935234
0.0935578
0.0935922
0.0936266
0.0936609
0.0936952
0.0937294
0.0937636
0.0937978
0.0938319
0.0938661
0.0939001
0.0939342
0.0939682
0.0940021
0.0940361
0.09407
0.0941038
0.0941377
0.0941715
0.0942052
0.0942389
0.0942726
0.0943063
0.0943399
0.0943735
0.094407
0.0944405
0.094474
0.0945075
0.0945409
0.0945742
0.0946076
0.0946409
0.0946741
0.0947074
0.0947406
0.0947737
0.0948068
0.0948399
0.094873
0.094906
0.094939
0.0949719
0.0950048
0.0950377
0.0950706
0.0951034
0.0951361
0.0951689
0.0952016
0.0952342
0.0952669
0.0952995
0.095332
0.0953646
0.095397
0.0954295
0.0954619
0.0954943
0.0955266
0.0955589
0.0955912
0.0956235
0.0956557
0.0956878
0.09572
0.0957521
0.0957841
0.0958161
0.0958481
0.0958801
0.095912
0.0959439
0.0959757
0.0960075
0.0960393
0.0960711
0.0961028
0.0961344
0.0961661
0.0961977
0.0962292
0.0962607
0.0962922
0.0963237
0.0963551
0.0963865
0.0964178
0.0964491
0.0964804
0.0965117
0.0965429
0.096574
0.0966051
0.0966362
0.0966673
0.0966983
0.0967293
0.0967603
0.0967912
0.0968221
0.0968529
0.0968837
0.0969145
0.0969452
0.0969759
0.0970066
0.0970372
0.0970678
0.0970983
0.0971289
0.0971593
0.0971898
0.0972202
0.0972506
0.0972809
0.0973112
0.0973415
0.0973717
0.0974019
0.097432
0.0974622
0.0974922
0.0975223
0.0975523
0.0975823
0.0976122
0.0976421
0.097672
0.0977018
0.0977316
0.0977614
0.0977911
0.0978208
0.0978504
0.09788
0.0979096
0.0979391
0.0979686
0.0979981
0.0980275
0.0980569
0.0980863
0.0981156
0.0981449
0.0981741
0.0982033
0.0982325
0.0982617
0.0982908
0.0983198
0.0983488
0.0983778
0.0984068
0.0984357
0.0984646
0.0984934
0.0985222
0.098551
0.0985798
0.0986085
0.0986371
0.0986657
0.0986943
0.0987229
0.0987514
0.0987799
0.0988083
0.0988367
0.0988651
0.0988934
0.0989217
0.09895
0.0989782
0.0990064
0.0990345
0.0990626
0.0990907
0.0991187
0.0991467
0.0991747
0.0992026
0.0992305
0.0992584
0.0992862
0.099314
0.0993417
0.0993694
0.0993971
0.0994247
0.0994523
0.0994799
0.0995074
0.0995349
0.0995623
0.0995897
0.0996171
0.0996444
0.0996717
0.099699
0.0997262
0.0997534
0.0997806
0.0998077
0.0998348
0.0998618
0.0998888
0.0999158
0.0999427
0.0999696
0.0999964
0.100023
0.10005
0.100077
0.100103
0.10013
0.100157
0.100183
0.10021
0.100236
0.100263
0.100289
0.100316
0.100342
0.100368
0.100395
0.100421
0.100447
0.100473
0.1005
0.100526
0.100552
0.100578
0.100604
0.10063
0.100656
0.100682
0.100707
0.100733
0.100759
0.100785
0.10081
0.100836
0.100862
0.100887
0.100913
0.100938
0.100964
0.100989
0.101015
0.10104
0.101065
0.101091
0.101116
0.101141
0.101166
0.101191
0.101217
0.101242
0.101267
0.101292
0.101317
0.101341
0.101366
0.101391
0.101416
0.101441
0.101465
0.10149
0.101515
0.101539
0.101564
0.101588
0.101613
0.101637
0.101662
0.101686
0.101711
0.101735
0.101759
0.101783
0.101808
0.101832
0.101856
0.10188
0.101904
0.101928
0.101952
0.101976
0.102
0.102024
0.102047
0.102071
0.102095
0.102119
0.102142
0.102166
0.10219
0.102213
0.102237
0.10226
0.102284
0.102307
0.10233
0.102354
0.102377
0.1024
0.102423
0.102447
0.10247
0.102493
0.102516
0.102539
0.102562
0.102585
0.102608
0.102631
0.102653
0.102676
0.102699
0.102722
0.102744
0.102767
0.10279
0.102812
0.102835
0.102857
0.10288
0.102902
0.102924
0.102947
0.102969
0.102991
0.103014
0.103036
0.103058
0.10308
0.103102
0.103124
0.103146
0.103168
0.10319
0.103212
0.103234
0.103255
0.103277
0.103299
0.103321
0.103342
0.103364
0.103385
0.103407
0.103428
0.10345
0.103471
0.103493
0.103514
0.103535
0.103557
0.103578
0.103599
0.10362
0.103641
0.103662
0.103683
0.103704
0.103725
0.103746
0.103767
0.103788
0.103809
0.10383
0.10385
0.103871
0.103892
0.103912
0.103933
0.103953
0.103974
0.103994
0.104015
0.104035
0.104055
0.104076
0.104096
0.104116
0.104136
0.104157
0.104177
0.104197
0.104217
0.104237
0.104257
0.104277
0.104297
0.104316
0.104336
0.104356
0.104376
0.104395
0.104415
0.104435
0.104454
0.104474
0.104493
0.104513
0.104532
0.104551
0.104571
0.10459
0.104609
0.104629
0.104648
0.104667
0.104686
0.104705
0.104724
0.104743
0.104762
0.104781
0.1048
0.104819
0.104837
0.104856
0.104875
0.104894
0.104912
0.104931
0.104949
0.104968
0.104986
0.105005
0.105023
0.105042
0.10506
0.105078
0.105097
0.105115
0.105133
0.105151
0.105169
0.105187
0.105205
0.105223
0.105241
0.105259
0.105277
0.105295
0.105312
0.10533
0.105348
0.105366
0.105383
0.105401
0.105418
0.105436
0.105453
0.105471
0.105488
0.105506
0.105523
0.10554
0.105557
0.105575
0.105592
0.105609
0.105626
0.105643
0.10566
0.105677
0.105694
0.105711
0.105728
0.105744
0.105761
0.105778
0.105795
0.105811
0.105828
0.105845
0.105861
0.105878
0.105894
0.10591
0.105927
0.105943
0.105959
0.105976
0.105992
0.106008
0.106024
0.10604
0.106056
0.106072
0.106088
0.106104
0.10612
0.106136
0.106152
0.106168
0.106184
0.106199
0.106215
0.106231
0.106246
0.106262
0.106277
0.106293
0.106308
0.106324
0.106339
0.106354
0.10637
0.106385
0.1064
0.106415
0.10643
0.106445
0.10646
0.106475
0.10649
0.106505
0.10652
0.106535
0.10655
0.106565
0.106579
0.106594
0.106609
0.106623
0.106638
0.106652
0.106667
0.106681
0.106696
0.10671
0.106725
0.106739
0.106753
0.106767
0.106781
0.106796
0.10681
0.106824
0.106838
0.106852
0.106866
0.10688
0.106893
0.106907
0.106921
0.106935
0.106949
0.106962
0.106976
0.106989
0.107003
0.107017
0.10703
0.107043
0.107057
0.10707
0.107083
0.107097
0.10711
0.107123
0.107136
0.107149
0.107163
0.107176
0.107189
0.107202
0.107214
0.107227
0.10724
0.107253
0.107266
0.107278
0.107291
0.107304
0.107316
0.107329
0.107341
0.107354
0.107366
0.107379
0.107391
0.107403
0.107416
0.107428
0.10744
0.107452
0.107464
0.107477
0.107489
0.107501
0.107513
0.107525
0.107536
0.107548
0.10756
0.107572
0.107584
0.107595
0.107607
0.107619
0.10763
0.107642
0.107653
0.107665
0.107676
0.107687
0.107699
0.10771
0.107721
0.107732
0.107744
0.107755
0.107766
0.107777
0.107788
0.107799
0.10781
0.107821
0.107832
0.107842
0.107853
0.107864
0.107875
0.107885
0.107896
0.107906
0.107917
0.107928
0.107938
0.107948
0.107959
0.107969
0.107979
0.10799
0.108
0.10801
0.10802
0.10803
0.10804
0.10805
0.10806
0.10807
0.10808
0.10809
0.1081
0.10811
0.108119
0.108129
0.108139
0.108148
0.108158
0.108168
0.108177
0.108187
0.108196
0.108205
0.108215
0.108224
0.108233
0.108243
0.108252
0.108261
0.10827
0.108279
0.108288
0.108297
0.108306
0.108315
0.108324
0.108333
0.108341
0.10835
0.108359
0.108367
0.108376
0.108385
0.108393
0.108402
0.10841
0.108419
0.108427
0.108435
0.108444
0.108452
0.10846
0.108468
0.108477
0.108485
0.108493
0.108501
0.108509
0.108517
0.108525
0.108533
0.10854
0.108548
0.108556
0.108564
0.108571
0.108579
0.108586
0.108594
0.108602
0.108609
0.108616
0.108624
0.108631
0.108639
0.108646
0.108653
0.10866
0.108667
0.108674
0.108682
0.108689
0.108696
0.108703
0.108709
0.108716
0.108723
0.10873
0.108737
0.108743
0.10875
0.108757
0.108763
0.10877
0.108776
0.108783
0.108789
0.108796
0.108802
0.108808
0.108815
0.108821
0.108827
0.108833
0.108839
0.108845
0.108851
0.108857
0.108863
0.108869
0.108875
0.108881
0.108887
0.108893
0.108898
0.108904
0.10891
0.108915
0.108921
0.108926
0.108932
0.108937
0.108943
0.108948
0.108953
0.108958
0.108964
0.108969
0.108974
0.108979
0.108984
0.108989
0.108994
0.108999
0.109004
0.109009
0.109014
0.109019
0.109023
0.109028
0.109033
0.109037
0.109042
0.109047
0.109051
0.109056
0.10906
0.109064
0.109069
0.109073
0.109077
0.109082
0.109086
0.10909
0.109094
0.109098
0.109102
0.109106
0.10911
0.109114
0.109118
0.109122
0.109126
0.109129
0.109133
0.109137
0.10914
0.109144
0.109147
0.109151
0.109154
0.109158
0.109161
0.109165
0.109168
0.109171
0.109174
0.109178
0.109181
Process [2]
0.109184
0.109187
0.10919
0.109193
0.109196
0.109199
0.109202
0.109205
0.109207
0.10921
0.109213
0.109216
0.109218
0.109221
0.109223
0.109226
0.109228
0.109231
0.109233
0.109236
0.109238
0.10924
0.109242
0.109245
0.109247
0.109249
0.109251
0.109253
0.109255
0.109257
0.109259
0.109261
0.109262
0.109264
0.109266
0.109268
0.109269
0.109271
0.109273
0.109274
0.109276
0.109277
0.109279
0.10928
0.109281
0.109283
0.109284
0.109285
0.109286
0.109288
0.109289
0.10929
0.109291
0.109292
0.109293
0.109294
0.109295
0.109295
0.109296
0.109297
0.109298
0.109298
0.109299
0.1093
0.1093
0.109301
0.109301
0.109302
0.109302
0.109302
0.109303
0.109303
0.109303
0.109303
0.109303
0.109304
0.109304
0.109304
0.109304
0.109304
0.109304
0.109303
0.109303
0.109303
0.109303
0.109303
0.109302
0.109302
0.109301
0.109301
0.1093
0.1093
0.109299
0.109299
0.109298
0.109297
0.109297
0.109296
0.109295
0.109294
0.109293
0.109293
0.109292
0.109291
0.10929
0.109288
0.109287
0.109286
0.109285
0.109284
0.109282
0.109281
0.10928
0.109278
0.109277
0.109275
0.109274
0.109272
0.109271
0.109269
0.109267
0.109266
0.109264
0.109262
0.10926
0.109258
0.109256
0.109255
0.109253
0.10925
0.109248
0.109246
0.109244
0.109242
0.10924
0.109237
0.109235
0.109233
0.10923
0.109228
0.109225
0.109223
0.10922
0.109218
0.109215
0.109212
0.10921
0.109207
0.109204
0.109201
0.109198
0.109195
0.109193
0.10919
0.109187
0.109183
0.10918
0.109177
0.109174
0.109171
0.109167
0.109164
0.109161
0.109157
0.109154
0.10915
0.109147
0.109143
0.10914
0.109136
0.109133
0.109129
0.109125
0.109121
0.109117
0.109114
0.10911
0.109106
0.109102
0.109098
0.109094
0.109089
0.109085
0.109081
0.109077
0.109073
0.109068
0.109064
0.10906
0.109055
0.109051
0.109046
0.109042
0.109037
0.109032
0.109028
0.109023
0.109018
0.109014
0.109009
0.109004
0.108999
0.108994
0.108989
0.108984
0.108979
0.108974
0.108969
0.108963
0.108958
0.108953
0.108948
0.108942
0.108937
0.108932
0.108926
0.108921
0.108915
0.108909
0.108904
0.108898
0.108892
0.108887
0.108881
0.108875
0.108869
0.108863
0.108857
0.108851
0.108845
0.108839
0.108833
0.108827
0.108821
0.108815
0.108809
0.108802
0.108796
0.10879
0.108783
0.108777
0.10877
0.108764
0.108757
0.108751
0.108744
0.108737
0.10873
0.108724
0.108717
0.10871
0.108703
0.108696
0.108689
0.108682
0.108675
0.108668
0.108661
0.108654
0.108647
0.108639
0.108632
0.108625
0.108617
0.10861
0.108603
0.108595
0.108588
0.10858
0.108572
0.108565
0.108557
0.108549
0.108542
0.108534
0.108526
0.108518
0.10851
0.108502
0.108494
0.108486
0.108478
0.10847
0.108462
0.108454
0.108446
0.108437
0.108429
0.108421
0.108412
0.108404
0.108395
0.108387
0.108378
0.10837
0.108361
0.108352
0.108344
0.108335
0.108326
0.108317
0.108309
0.1083
0.108291
0.108282
0.108273
0.108264
0.108255
0.108246
0.108236
0.108227
0.108218
0.108209
0.108199
0.10819
0.108181
0.108171
0.108162
0.108152
0.108142
0.108133
0.108123
0.108114
0.108104
0.108094
0.108084
0.108074
0.108065
0.108055
0.108045
0.108035
0.108025
0.108015
0.108005
0.107994
0.107984
0.107974
0.107964
0.107953
0.107943
0.107933
0.107922
0.107912
0.107901
0.107891
0.10788
0.10787
0.107859
0.107848
0.107837
0.107827
0.107816
0.107805
0.107794
0.107783
0.107772
0.107761
0.10775
0.107739
0.107728
0.107717
0.107706
0.107694
0.107683
0.107672
0.10766
0.107649
0.107638
0.107626
0.107615
0.107603
0.107591
0.10758
0.107568
0.107556
0.107545
0.107533
0.107521
0.107509
0.107497
0.107485
0.107473
0.107461
0.107449
0.107437
0.107425
0.107413
0.107401
0.107388
0.107376
0.107364
0.107351
0.107339
0.107327
0.107314
0.107301
0.107289
0.107276
0.107264
0.107251
0.107238
0.107226
0.107213
0.1072
0.107187
0.107174
0.107161
0.107148
0.107135
0.107122
0.107109
0.107096
0.107083
0.107069
0.107056
0.107043
0.10703
0.107016
0.107003
0.106989
0.106976
0.106962
0.106949
0.106935
0.106921
0.106908
0.106894
0.10688
0.106866
0.106853
0.106839
0.106825
0.106811
0.106797
0.106783
0.106769
0.106755
0.10674
0.106726
0.106712
0.106698
0.106684
0.106669
0.106655
0.10664
0.106626
0.106611
0.106597
0.106582
0.106568
0.106553
0.106538
0.106524
0.106509
0.106494
0.106479
0.106464
0.106449
0.106434
0.106419
0.106404
0.106389
0.106374
0.106359
0.106344
0.106329
0.106313
0.106298
0.106283
0.106267
0.106252
0.106237
0.106221
0.106206
0.10619
0.106174
0.106159
0.106143
0.106127
0.106112
0.106096
0.10608
0.106064
0.106048
0.106032
0.106016
0.106
0.105984
0.105968
0.105952
0.105936
0.105919
0.105903
0.105887
0.105871
0.105854
0.105838
0.105821
0.105805
0.105788
0.105772
0.105755
0.105739
0.105722
0.105705
0.105688
0.105672
0.105655
0.105638
0.105621
0.105604
0.105587
0.10557
0.105553
0.105536
0.105519
0.105502
0.105484
0.105467
0.10545
0.105433
0.105415
0.105398
0.10538
0.105363
0.105345
0.105328
0.10531
0.105293
0.105275
0.105257
0.10524
0.105222
0.105204
0.105186
0.105168
0.10515
0.105132
0.105114
0.105096
0.105078
0.10506
0.105042
0.105024
0.105006
0.104987
0.104969
0.104951
0.104932
0.104914
0.104895
0.104877
0.104858
0.10484
0.104821
0.104803
0.104784
0.104765
0.104747
0.104728
0.104709
0.10469
0.104671
0.104652
0.104633
0.104614
0.104595
0.104576
0.104557
0.104538
0.104519
0.104499
0.10448
0.104461
0.104441
0.104422
0.104403
0.104383
0.104364
0.104344
0.104324
0.104305
0.104285
0.104266
0.104246
0.104226
0.104206
0.104186
0.104167
0.104147
0.104127
0.104107
0.104087
0.104067
0.104046
0.104026
0.104006
0.103986
0.103966
0.103945
0.103925
0.103905
0.103884
0.103864
0.103843
0.103823
0.103802
0.103782
0.103761
0.103741
0.10372
0.103699
0.103678
0.103658
0.103637
0.103616
0.103595
0.103574
0.103553
0.103532
0.103511
0.10349
0.103469
0.103447
0.103426
0.103405
0.103384
0.103362
0.103341
0.10332
0.103298
0.103277
0.103255
0.103234
0.103212
0.10319
0.103169
0.103147
0.103125
0.103104
0.103082
0.10306
0.103038
0.103016
0.102994
0.102972
0.10295
0.102928
0.102906
0.102884
0.102862
0.10284
0.102817
0.102795
0.102773
0.10275
0.102728
0.102706
0.102683
0.102661
0.102638
0.102615
0.102593
0.10257
0.102547
0.102525
0.102502
0.102479
0.102456
0.102434
0.102411
0.102388
0.102365
0.102342
0.102319
0.102296
0.102272
0.102249
0.102226
0.102203
0.10218
0.102156
0.102133
0.10211
0.102086
0.102063
0.102039
0.102016
0.101992
0.101969
0.101945
0.101921
0.101898
0.101874
0.10185
0.101826
0.101802
0.101778
0.101755
0.101731
0.101707
0.101683
0.101659
0.101634
0.10161
0.101586
0.101562
0.101538
0.101513
0.101489
0.101465
0.10144
0.101416
0.101391
0.101367
0.101342
0.101318
0.101293
0.101269
0.101244
0.101219
0.101194
0.10117
0.101145
0.10112
0.101095
0.10107
0.101045
0.10102
0.100995
0.10097
0.100945
0.10092
0.100895
0.100869
0.100844
0.100819
0.100794
0.100768
0.100743
0.100717
0.100692
0.100666
0.100641
0.100615
0.10059
0.100564
0.100538
0.100513
0.100487
0.100461
0.100435
0.100409
0.100383
0.100358
0.100332
0.100306
0.10028
0.100253
0.100227
0.100201
0.100175
0.100149
0.100123
0.100096
0.10007
0.100044
0.100017
0.0999908
0.0999643
0.0999378
0.0999113
0.0998847
0.0998581
0.0998314
0.0998048
0.0997781
0.0997513
0.0997245
0.0996977
0.0996709
0.099644
0.099617
0.0995901
0.0995631
0.0995361
0.099509
0.0994819
0.0994548
0.0994276
0.0994004
0.0993731
0.0993459
0.0993186
0.0992912
0.0992638
0.0992364
0.099209
0.0991815
0.099154
0.0991264
0.0990988
0.0990712
0.0990435
0.0990158
0.0989881
0.0989603
0.0989325
0.0989047
0.0988768
0.0988489
0.098821
0.098793
0.098765
0.0987369
0.0987089
0.0986807
0.0986526
0.0986244
0.0985962
0.0985679
0.0985396
0.0985113
0.098483
0.0984546
0.0984261
0.0983977
0.0983692
0.0983406
0.0983121
0.0982835
0.0982548
0.0982262
0.0981975
0.0981687
0.0981399
0.0981111
0.0980823
0.0980534
0.0980245
0.0979955
0.0979666
0.0979375
0.0979085
0.0978794
0.0978503
0.0978211
0.0977919
0.0977627
0.0977335
0.0977042
0.0976748
0.0976455
0.0976161
0.0975866
0.0975572
0.0975277
0.0974981
0.0974686
0.097439
0.0974093
0.0973797
0.09735
0.0973202
0.0972904
0.0972606
0.0972308
0.0972009
0.097171
0.0971411
0.0971111
0.0970811
0.097051
0.0970209
0.0969908
0.0969607
0.0969305
0.0969003
0.09687
0.0968397
0.0968094
0.0967791
0.0967487
0.0967182
0.0966878
0.0966573
0.0966268
0.0965962
0.0965656
0.096535
0.0965043
0.0964736
0.0964429
0.0964122
0.0963814
0.0963505
0.0963197
0.0962888
0.0962578
0.0962269
0.0961959
0.0961648
0.0961338
0.0961027
0.0960715
0.0960404
0.0960092
0.0959779
0.0959467
0.0959154
0.095884
0.0958527
0.0958213
0.0957898
0.0957584
0.0957269
0.0956953
0.0956637
0.0956321
0.0956005
0.0955688
0.0955371
0.0955054
0.0954736
0.0954418
0.09541
0.0953781
0.0953462
0.0953143
0.0952823
0.0952503
0.0952182
0.0951862
0.0951541
0.0951219
0.0950898
0.0950576
0.0950253
0.094993
0.0949607
0.0949284
0.094896
0.0948636
0.0948312
0.0947987
0.0947662
0.0947337
0.0947011
0.0946685
0.0946359
0.0946032
0.0945705
0.0945378
0.094505
0.0944722
0.0944394
0.0944065
0.0943736
0.0943406
0.0943077
0.0942747
0.0942417
0.0942086
0.0941755
0.0941424
0.0941092
0.094076
0.0940428
0.0940095
0.0939762
0.0939429
0.0939095
0.0938761
0.0938427
0.0938092
0.0937757
0.0937422
0.0937087
0.0936751
0.0936414
0.0936078
0.0935741
0.0935404
0.0935066
0.0934728
0.093439
0.0934052
0.0933713
0.0933374
0.0933034
0.0932694
0.0932354
0.0932014
0.0931673
0.0931332
0.0930991
0.0930649
0.0930307
0.0929964
0.0929622
0.0929278
0.0928935
0.0928591
0.0928247
0.0927903
0.0927558
0.0927213
0.0926868
0.0926522
0.0926176
0.092583
0.0925484
0.0925137
0.0924789
0.0924442
0.0924094
0.0923746
0.0923397
0.0923048
0.0922699
0.092235
0.0922
0.092165
0.0921299
0.0920948
0.0920597
0.0920246
0.0919894
0.0919542
0.091919
0.0918837
0.0918484
0.0918131
0.0917777
0.0917423
0.0917069
0.0916714
0.0916359
0.0916004
0.0915648
0.0915293
0.0914936
0.091458
0.0914223
0.0913866
0.0913508
0.0913151
0.0912793
0.0912434
0.0912075
0.0911716
0.0911357
0.0910997
0.0910637
0.0910277
0.0909916
0.0909555
0.0909194
0.0908833
0.0908471
0.0908109
0.0907746
0.0907383
0.090702
0.0906657
0.0906293
0.0905929
0.0905564
0.09052
0.0904835
0.0904469
0.0904104
0.0903738
0.0903371
0.0903005
0.0902638
0.0902271
0.0901903
0.0901535
0.0901167
0.0900799
0.090043
0.0900061
0.0899692
0.0899322
0.0898952
0.0898582
0.0898211
0.089784
0.0897469
0.0897097
0.0896725
0.0896353
0.0895981
0.0895608
0.0895235
0.0894861
0.0894488
0.0894114
0.0893739
0.0893365
0.089299
0.0892614
0.0892239
0.0891863
0.0891487
0.089111
0.0890733
0.0890356
0.0889979
0.0889601
0.0889223
0.0888845
0.0888466
0.0888087
0.0887708
0.0887328
0.0886949
0.0886568
0.0886188
0.0885807
0.0885426
0.0885045
0.0884663
0.0884281
0.0883899
0.0883516
0.0883133
0.088275
0.0882366
0.0881983
0.0881598
0.0881214
0.0880829
0.0880444
0.0880059
0.0879673
0.0879287
0.0878901
0.0878515
0.0878128
0.0877741
0.0877353
0.0876965
0.0876577
0.0876189
0.08758
0.0875411
0.0875022
0.0874633
0.0874243
0.0873853
0.0873462
0.0873071
0.087268
0.0872289
0.0871897
0.0871505
0.0871113
0.0870721
0.0870328
0.0869935
0.0869541
0.0869147
0.0868753
0.0868359
0.0867964
0.0867569
0.0867174
0.0866779
0.0866383
0.0865987
0.086559
0.0865194
0.0864797
0.0864399
0.0864002
0.0863604
0.0863206
0.0862807
0.0862408
0.0862009
0.086161
0.086121
0.086081
0.086041
0.086001
0.0859609
0.0859208
0.0858806
0.0858405
0.0858003
0.08576
0.0857198
0.0856795
0.0856392
0.0855988
0.0855584
0.085518
0.0854776
0.0854371
0.0853966
0.0853561
0.0853156
0.085275
0.0852344
0.0851937
0.0851531
0.0851124
0.0850716
0.0850309
0.0849901
0.0849493
0.0849084
0.0848676
0.0848267
0.0847858
0.0847448
0.0847038
0.0846628
0.0846217
0.0845807
0.0845396
0.0844984
0.0844573
0.0844161
0.0843749
0.0843336
0.0842924
0.0842511
0.0842097
0.0841684
0.084127
0.0840856
0.0840441
0.0840027
0.0839611
0.0839196
0.0838781
0.0838365
0.0837949
0.0837532
0.0837115
0.0836698
0.0836281
0.0835863
0.0835446
0.0835027
0.0834609
0.083419
Process [3]
0.0833771
0.0833352
0.0832932
0.0832513
0.0832093
0.0831672
0.0831251
0.083083
0.0830409
0.0829988
0.0829566
0.0829144
0.0828721
0.0828299
0.0827876
0.0827453
0.0827029
0.0826605
0.0826181
0.0825757
0.0825332
0.0824907
0.0824482
0.0824057
0.0823631
0.0823205
0.0822779
0.0822352
0.0821925
0.0821498
0.0821071
0.0820643
0.0820215
0.0819787
0.0819358
0.081893
0.0818501
0.0818071
0.0817642
0.0817212
0.0816782
0.0816351
0.081592
0.0815489
0.0815058
0.0814627
0.0814195
0.0813763
0.081333
0.0812898
0.0812465
0.0812032
0.0811598
0.0811164
0.081073
0.0810296
0.0809862
0.0809427
0.0808992
0.0808556
0.0808121
0.0807685
0.0807249
0.0806812
0.0806375
0.0805938
0.0805501
0.0805064
0.0804626
0.0804188
0.0803749
0.0803311
0.0802872
0.0802433
0.0801993
0.0801554
0.0801114
0.0800673
0.0800233
0.0799792
0.0799351
0.079891
0.0798468
0.0798026
0.0797584
0.0797142
0.0796699
0.0796256
0.0795813
0.079537
0.0794926
0.0794482
0.0794038
0.0793593
0.0793149
0.0792704
0.0792258
0.0791813
0.0791367
0.0790921
0.0790474
0.0790028
0.0789581
0.0789134
0.0788686
0.0788239
0.0787791
0.0787342
0.0786894
0.0786445
0.0785996
0.0785547
0.0785097
0.0784648
0.0784198
0.0783747
0.0783297
0.0782846
0.0782395
0.0781943
0.0781492
0.078104
0.0780588
0.0780135
0.0779683
0.077923
0.0778777
0.0778323
0.077787
0.0777416
0.0776961
0.0776507
0.0776052
0.0775597
0.0775142
0.0774687
0.0774231
0.0773775
0.0773318
0.0772862
0.0772405
0.0771948
0.0771491
0.0771033
0.0770575
0.0770117
0.0769659
0.07692
0.0768742
0.0768283
0.0767823
0.0767364
0.0766904
0.0766444
0.0765983
0.0765523
0.0765062
0.0764601
0.0764139
0.0763678
0.0763216
0.0762754
0.0762291
0.0761829
0.0761366
0.0760903
0.0760439
0.0759976
0.0759512
0.0759047
0.0758583
0.0758118
0.0757654
0.0757188
0.0756723
0.0756257
0.0755791
0.0755325
0.0754859
0.0754392
0.0753925
0.0753458
0.0752991
0.0752523
0.0752055
0.0751587
0.0751119
0.075065
0.0750181
0.0749712
0.0749243
0.0748773
0.0748303
0.0747833
0.0747363
0.0746892
0.0746421
0.074595
0.0745479
0.0745007
0.0744535
0.0744063
0.0743591
0.0743118
0.0742645
0.0742172
0.0741699
0.0741225
0.0740752
0.0740278
0.0739803
0.0739329
0.0738854
0.0738379
0.0737904
0.0737428
0.0736953
0.0736477
0.0736
0.0735524
0.0735047
0.073457
0.0734093
0.0733616
0.0733138
0.073266
0.0732182
0.0731704
0.0731225
0.0730746
0.0730267
0.0729788
0.0729308
0.0728828
0.0728348
0.0727868
0.0727387
0.0726907
0.0726426
0.0725944
0.0725463
0.0724981
0.0724499
0.0724017
0.0723534
0.0723052
0.0722569
0.0722086
0.0721602
0.0721119
0.0720635
0.0720151
0.0719667
0.0719182
0.0718697
0.0718212
0.0717727
0.0717241
0.0716756
0.071627
0.0715784
0.0715297
0.0714811
0.0714324
0.0713837
0.0713349
0.0712862
0.0712374
0.0711886
0.0711398
0.0710909
0.071042
0.0709931
0.0709442
0.0708953
0.0708463
0.0707973
0.0707483
0.0706993
0.0706502
0.0706011
0.070552
0.0705029
0.0704538
0.0704046
0.0703554
0.0703062
0.0702569
0.0702077
0.0701584
0.0701091
0.0700598
0.0700104
0.069961
0.0699116
0.0698622
0.0698128
0.0697633
0.0697138
0.0696643
0.0696148
0.0695652
0.0695156
0.069466
0.0694164
0.0693668
0.0693171
0.0692674
0.0692177
0.0691679
0.0691182
0.0690684
0.0690186
0.0689688
0.0689189
0.0688691
0.0688192
0.0687693
0.0687193
0.0686694
0.0686194
0.0685694
0.0685194
0.0684693
0.0684193
0.0683692
0.0683191
0.0682689
0.0682188
0.0681686
0.0681184
0.0680682
0.0680179
0.0679677
0.0679174
0.0678671
0.0678168
0.0677664
0.067716
0.0676656
0.0676152
0.0675648
0.0675143
0.0674638
0.0674133
0.0673628
0.0673123
0.0672617
0.0672111
0.0671605
0.0671099
0.0670592
0.0670086
0.0669579
0.0669071
0.0668564
0.0668056
0.0667549
0.0667041
0.0666532
0.0666024
0.0665515
0.0665006
0.0664497
0.0663988
0.0663479
0.0662969
0.0662459
0.0661949
0.0661439
0.0660928
0.0660417
0.0659906
0.0659395
0.0658884
0.0658372
0.065786
0.0657348
0.0656836
0.0656324
0.0655811
0.0655298
0.0654785
0.0654272
0.0653758
0.0653245
0.0652731
0.0652217
0.0651702
0.0651188
0.0650673
0.0650158
0.0649643
0.0649128
0.0648612
0.0648097
0.0647581
0.0647065
0.0646548
0.0646032
0.0645515
0.0644998
0.0644481
0.0643963
0.0643446
0.0642928
0.064241
0.0641892
0.0641374
0.0640855
0.0640336
0.0639817
0.0639298
0.0638779
0.0638259
0.0637739
0.0637219
0.0636699
0.0636179
0.0635658
0.0635138
0.0634617
0.0634095
0.0633574
0.0633052
0.0632531
0.0632009
0.0631487
0.0630964
0.0630442
0.0629919
0.0629396
0.0628873
0.0628349
0.0627826
0.0627302
0.0626778
0.0626254
0.062573
0.0625205
0.0624681
0.0624156
0.0623631
0.0623105
0.062258
0.0622054
0.0621528
0.0621002
0.0620476
0.0619949
0.0619423
0.0618896
0.0618369
0.0617842
0.0617314
0.0616787
0.0616259
0.0615731
0.0615203
0.0614674
0.0614146
0.0613617
0.0613088
0.0612559
0.061203
0.06115
0.061097
0.061044
0.060991
0.060938
0.060885
0.0608319
0.0607788
0.0607257
0.0606726
0.0606195
0.0605663
0.0605131
0.0604599
0.0604067
0.0603535
0.0603002
0.060247
0.0601937
0.0601404
0.060087
0.0600337
0.0599803
0.059927
0.0598736
0.0598201
0.0597667
0.0597132
0.0596598
0.0596063
0.0595528
0.0594992
0.0594457
0.0593921
0.0593386
0.059285
0.0592313
0.0591777
0.0591241
0.0590704
0.0590167
0.058963
0.0589093
0.0588555
0.0588017
0.058748
0.0586942
0.0586404
0.0585865
0.0585327
0.0584788
0.0584249
0.058371
0.0583171
0.0582631
0.0582092
0.0581552
0.0581012
0.0580472
0.0579932
0.0579391
0.0578851
0.057831
0.0577769
0.0577228
0.0576686
0.0576145
0.0575603
0.0575061
0.0574519
0.0573977
0.0573435
0.0572892
0.0572349
0.0571806
0.0571263
0.057072
0.0570177
0.0569633
0.0569089
0.0568545
0.0568001
0.0567457
0.0566913
0.0566368
0.0565823
0.0565278
0.0564733
0.0564188
0.0563642
0.0563097
0.0562551
0.0562005
0.0561459
0.0560912
0.0560366
0.0559819
0.0559273
0.0558726
0.0558178
0.0557631
0.0557084
0.0556536
0.0555988
0.055544
0.0554892
0.0554344
0.0553795
0.0553247
0.0552698
0.0552149
0.05516
0.055105
0.0550501
0.0549951
0.0549402
0.0548852
0.0548301
0.0547751
0.0547201
0.054665
0.0546099
0.0545548
0.0544997
0.0544446
0.0543895
0.0543343
0.0542791
0.054224
0.0541687
0.0541135
0.0540583
0.054003
0.0539478
0.0538925
0.0538372
0.0537819
0.0537265
0.0536712
0.0536158
0.0535604
0.053505
0.0534496
0.0533942
0.0533388
0.0532833
0.0532278
0.0531723
0.0531168
0.0530613
0.0530058
0.0529502
0.0528947
0.0528391
0.0527835
0.0527279
0.0526722
0.0526166
0.0525609
0.0525053
0.0524496
0.0523939
0.0523381
0.0522824
0.0522267
0.0521709
0.0521151
0.0520593
0.0520035
0.0519477
0.0518918
0.051836
0.0517801
0.0517242
0.0516683
0.0516124
0.0515565
0.0515005
0.0514446
0.0513886
0.0513326
0.0512766
0.0512206
0.0511645
0.0511085
0.0510524
0.0509963
0.0509402
0.0508841
0.050828
0.0507719
0.0507157
0.0506596
0.0506034
0.0505472
0.050491
0.0504347
0.0503785
0.0503222
0.050266
0.0502097
0.0501534
0.0500971
0.0500408
0.0499844
0.0499281
0.0498717
0.0498153
0.0497589
0.0497025
0.0496461
0.0495896
0.0495332
0.0494767
0.0494202
0.0493637
0.0493072
0.0492507
0.0491942
0.0491376
0.0490811
0.0490245
0.0489679
0.0489113
0.0488547
0.048798
0.0487414
0.0486847
0.048628
0.0485713
0.0485146
0.0484579
0.0484012
0.0483444
0.0482877
0.0482309
0.0481741
0.0481173
0.0480605
0.0480037
0.0479469
0.04789
0.0478331
0.0477763
0.0477194
0.0476625
0.0476056
0.0475486
0.0474917
0.0474347
0.0473777
0.0473208
0.0472638
0.0472068
0.0471497
0.0470927
0.0470356
0.0469786
0.0469215
0.0468644
0.0468073
0.0467502
0.0466931
0.0466359
0.0465788
0.0465216
0.0464644
0.0464072
0.04635
0.0462928
0.0462356
0.0461784
0.0461211
0.0460638
0.0460065
0.0459493
0.0458919
0.0458346
0.0457773
0.04572
0.0456626
0.0456052
0.0455479
0.0454905
0.0454331
0.0453756
0.0453182
0.0452608
0.0452033
0.0451458
0.0450884
0.0450309
0.0449734
0.0449159
0.0448583
0.0448008
0.0447432
0.0446857
0.0446281
0.0445705
0.0445129
0.0444553
0.0443977
0.04434
0.0442824
0.0442247
0.0441671
0.0441094
0.0440517
0.043994
0.0439363
0.0438785
0.0438208
0.043763
0.0437053
0.0436475
0.0435897
0.0435319
0.0434741
0.0434163
0.0433584
0.0433006
0.0432427
0.0431849
0.043127
0.0430691
0.0430112
0.0429533
0.0428953
0.0428374
0.0427795
0.0427215
0.0426635
0.0426055
0.0425475
0.0424895
0.0424315
0.0423735
0.0423155
0.0422574
0.0421994
0.0421413
0.0420832
0.0420251
0.041967
0.0419089
0.0418508
0.0417926
0.0417345
0.0416763
0.0416182
0.04156
0.0415018
0.0414436
0.0413854
0.0413271
0.0412689
0.0412107
0.0411524
0.0410942
0.0410359
0.0409776
0.0409193
0.040861
0.0408027
0.0407443
0.040686
0.0406277
0.0405693
0.0405109
0.0404525
0.0403942
0.0403358
0.0402773
0.0402189
0.0401605
0.0401021
0.0400436
0.0399851
0.0399267
0.0398682
0.0398097
0.0397512
0.0396927
0.0396342
0.0395756
0.0395171
0.0394585
0.0394
0.0393414
0.0392828
0.0392242
0.0391656
0.039107
0.0390484
0.0389898
0.0389311
0.0388725
0.0388138
0.0387552
0.0386965
0.0386378
0.0385791
0.0385204
0.0384617
0.038403
0.0383442
0.0382855
0.0382267
0.038168
0.0381092
0.0380504
0.0379916
0.0379328
0.037874
0.0378152
0.0377564
0.0376975
0.0376387
0.0375798
0.037521
0.0374621
0.0374032
0.0373443
0.0372854
0.0372265
0.0371676
0.0371087
0.0370497
0.0369908
0.0369319
0.0368729
0.0368139
0.0367549
0.036696
0.036637
0.036578
0.0365189
0.0364599
0.0364009
0.0363418
0.0362828
0.0362237
0.0361647
0.0361056
0.0360465
0.0359874
0.0359283
0.0358692
0.0358101
0.035751
0.0356918
0.0356327
0.0355736
0.0355144
0.0354552
0.0353961
0.0353369
0.0352777
0.0352185
0.0351593
0.0351001
0.0350408
0.0349816
0.0349224
0.0348631
0.0348039
0.0347446
0.0346853
0.0346261
0.0345668
0.0345075
0.0344482
0.0343889
0.0343296
0.0342702
0.0342109
0.0341516
0.0340922
0.0340328
0.0339735
0.0339141
0.0338547
0.0337953
0.033736
0.0336766
0.0336171
0.0335577
0.0334983
0.0334389
0.0333794
0.03332
0.0332605
0.0332011
0.0331416
0.0330821
0.0330227
0.0329632
0.0329037
0.0328442
0.0327847
0.0327251
0.0326656
0.0326061
0.0325465
0.032487
0.0324274
0.0323679
0.0323083
0.0322488
0.0321892
0.0321296
0.03207
0.0320104
0.0319508
0.0318912
0.0318315
0.0317719
0.0317123
0.0316526
0.031593
0.0315333
0.0314737
0.031414
0.0313543
0.0312947
0.031235
0.0311753
0.0311156
0.0310559
0.0309962
0.0309364
0.0308767
0.030817
0.0307573
0.0306975
0.0306378
0.030578
0.0305182
0.0304585
0.0303987
0.0303389
0.0302791
0.0302193
0.0301595
0.0300997
0.0300399
0.0299801
0.0299203
0.0298605
0.0298006
0.0297408
0.0296809
0.0296211
0.0295612
0.0295014
0.0294415
0.0293816
0.0293217
0.0292619
0.029202
0.0291421
0.0290822
0.0290223
0.0289623
0.0289024
0.0288425
0.0287826
0.0287226
0.0286627
0.0286027
0.0285428
0.0284828
0.0284229
0.0283629
0.0283029
0.028243
0.028183
0.028123
0.028063
0.028003
0.027943
0.027883
0.027823
0.0277629
0.0277029
0.0276429
0.0275829
0.0275228
0.0274628
0.0274027
0.0273427
0.0272826
0.0272226
0.0271625
0.0271024
0.0270423
0.0269823
0.0269222
0.0268621
0.026802
0.0267419
0.0266818
0.0266217
0.0265616
0.0265014
0.0264413
0.0263812
0.0263211
0.0262609
0.0262008
0.0261406
0.0260805
0.0260203
0.0259602
0.0259
0.0258398
0.0257797
0.0257195
0.0256593
0.0255991
0.0255389
0.0254788
0.0254186
0.0253584
0.0252982
0.0252379
0.0251777
0.0251175
0.0250573
0.0249971
0.0249368
0.0248766
0.0248164
0.0247561
0.0246959
0.0246357
0.0245754
0.0245152
0.0244549
0.0243946
0.0243344
0.0242741
0.0242138
0.0241536
0.0240933
0.024033
0.0239727
0.0239124
0.0238521
0.0237918
0.0237315
0.0236712
0.0236109
0.0235506
0.0234903
0.02343
0.0233697
0.0233094
0.023249
0.0231887
0.0231284
0.023068
0.0230077
0.0229474
0.022887
0.0228267
0.0227663
0.022706
0.0226456
0.0225853
0.0225249
0.0224645
0.0224042
0.0223438
0.0222834
0.0222231
0.0221627
0.0221023
0.0220419
0.0219815
0.0219211
0.0218608
0.0218004
0.02174
0.0216796
0.0216192
0.0215588
0.0214984
0.021438
0.0213775
0.0213171
0.0212567
0.0211963
0.0211359
0.0210755
0.021015
0.0209546
0.0208942
0.0208338
0.0207733
0.0207129
0.0206525
0.020592
0.0205316
0.0204711
0.0204107
0.0203502
0.0202898
0.0202293
0.0201689
0.0201084
0.020048
0.0199875
0.0199271
0.0198666
0.0198061
0.0197457
0.0196852
0.0196247
0.0195643
0.0195038
0.0194433
0.0193829
0.0193224
0.0192619
0.0192014
0.019141
0.0190805
0.01902
0.0189595
0.018899
0.0188385
0.018778
0.0187176
0.0186571
0.0185966
0.0185361
0.0184756
0.0184151
0.0183546
0.0182941
0.0182336
0.0181731
0.0181126
0.0180521
0.0179916
0.0179311
0.0178706
0.0178101
0.0177496
0.0176891
0.0176286
0.0175681
0.0175075
0.017447
0.0173865
0.017326
0.0172655
0.017205
0.0171445
0.017084
0.0170234
0.0169629
0.0169024
0.0168419
0.0167814
0.0167209
0.0166604
0.0165998
0.0165393
0.0164788
0.0164183
0.0163578
0.0162972
0.0162367
0.0161763
0.0161155
0.0160546
0.0159936
0.0159326
0.0158716
0.0158106
0.0157496
0.0156886
************************************************************************************************************************
***             WIDEN YOUR WINDOW TO 120 CHARACTERS.  Use 'enscript -r -fCourier9' to print this document            ***
************************************************************************************************************************

---------------------------------------------- PETSc Performance Summary: ----------------------------------------------

./implicit_no.out on a  named r01n08 with 4 processors, by mae-wenlw Thu Jun  9 05:49:10 2022
Using Petsc Release Version 3.16.6, Mar 30, 2022 

                         Max       Max/Min     Avg       Total
Time (sec):           3.476e+04     1.000   3.476e+04
Objects:              3.800e+01     1.000   3.800e+01
Flop:                 1.958e+13     1.001   1.957e+13  7.829e+13
Flop/sec:             5.634e+08     1.001   5.631e+08  2.252e+09
MPI Messages:         1.580e+09     1.475   1.326e+09  5.303e+09
MPI Message Lengths:  2.823e+12     1.001   2.128e+03  1.129e+13
MPI Reductions:       1.143e+09     1.000

Flop counting convention: 1 flop = 1 real number operation of type (multiply/divide/add/subtract)
                            e.g., VecAXPY() for real vectors of length N --> 2N flop
                            and VecAXPY() for complex vectors of length N --> 8N flop

Summary of Stages:   ----- Time ------  ----- Flop ------  --- Messages ---  -- Message Lengths --  -- Reductions --
                        Avg     %Total     Avg     %Total    Count   %Total     Avg         %Total    Count   %Total
 0:      Main Stage: 3.4761e+04 100.0%  7.8293e+13 100.0%  5.303e+09 100.0%  2.128e+03      100.0%  1.143e+09 100.0%

------------------------------------------------------------------------------------------------------------------------
See the 'Profiling' chapter of the users' manual for details on interpreting output.
Phase summary info:
   Count: number of times phase was executed
   Time and Flop: Max - maximum over all processors
                  Ratio - ratio of maximum to minimum over all processors
   Mess: number of messages sent
   AvgLen: average message length (bytes)
   Reduct: number of global reductions
   Global: entire computation
   Stage: stages of a computation. Set stages with PetscLogStagePush() and PetscLogStagePop().
      %T - percent time in this phase         %F - percent flop in this phase
      %M - percent messages in this phase     %L - percent message lengths in this phase
      %R - percent reductions in this phase
   Total Mflop/s: 10e-6 * (sum of flop over all processors)/(max time over all processors)
------------------------------------------------------------------------------------------------------------------------
Event                Count      Time (sec)     Flop                              --- Global ---  --- Stage ----  Total
                   Max Ratio  Max     Ratio   Max  Ratio  Mess   AvgLen  Reduct  %T %F %M %L %R  %T %F %M %L %R Mflop/s
------------------------------------------------------------------------------------------------------------------------

--- Event Stage 0: Main Stage

BuildTwoSided    62500005 1.0 1.0290e+03 2.0 0.00e+00 0.0 7.5e+08 1.2e+01 6.3e+07  2  0 14  0  5   2  0 14  0  5     0
BuildTwoSidedF   62500004 1.0 1.8082e+03 1.4 0.00e+00 0.0 2.3e+09 5.0e+03 6.3e+07  4  0 42100  5   4  0 42100  5     0
VecView                1 1.0 7.7941e-0322.2 0.00e+00 0.0 3.0e+00 1.0e+04 0.0e+00  0  0  0  0  0   0  0  0  0  0     0
VecMDot          508813434 1.0 3.3903e+03 1.6 5.98e+12 1.0 0.0e+00 0.0e+00 5.1e+08  8 31  0  0 45   8 31  0  0 45  7049
VecNorm          571313435 1.0 1.2495e+03 1.1 1.43e+12 1.0 0.0e+00 0.0e+00 5.7e+08  3  7  0  0 50   3  7  0  0 50  4573
VecScale         571313435 1.0 1.5725e+02 1.1 7.15e+11 1.0 0.0e+00 0.0e+00 0.0e+00  0  4  0  0  0   0  4  0  0  0 18169
VecCopy          187500004 1.0 8.5156e+01 1.1 0.00e+00 0.0 0.0e+00 0.0e+00 0.0e+00  0  0  0  0  0   0  0  0  0  0     0
VecSet           125000003 1.0 5.2779e+01 1.1 0.00e+00 0.0 0.0e+00 0.0e+00 0.0e+00  0  0  0  0  0   0  0  0  0  0     0
VecAXPY          125000003 1.0 5.7301e+01 1.2 3.13e+11 1.0 0.0e+00 0.0e+00 0.0e+00  0  2  0  0  0   0  2  0  0  0 21819
VecMAXPY         571313435 1.0 1.4314e+03 1.0 7.25e+12 1.0 0.0e+00 0.0e+00 0.0e+00  4 37  0  0  0   4 37  0  0  0 20258
VecAssemblyBegin 62500003 1.0 5.5981e+03 1.1 0.00e+00 0.0 2.3e+09 5.0e+03 6.3e+07 15  0 42100  5  15  0 42100  5     0
VecAssemblyEnd   62500003 1.0 1.3726e+03 1.0 0.00e+00 0.0 0.0e+00 0.0e+00 0.0e+00  4  0  0  0  0   4  0  0  0  0     0
VecPointwiseMult 571313435 1.0 3.3679e+02 1.0 7.15e+11 1.0 0.0e+00 0.0e+00 0.0e+00  1  4  0  0  0   1  4  0  0  0  8483
VecScatterBegin  508813434 1.0 2.4205e+03 2.8 0.00e+00 0.0 3.1e+09 8.0e+00 1.0e+00  5  0 58  0  0   5  0 58  0  0     0
VecScatterEnd    508813434 1.0 9.4870e+02 2.6 0.00e+00 0.0 0.0e+00 0.0e+00 0.0e+00  2  0  0  0  0   2  0  0  0  0     0
VecNormalize     571313435 1.0 1.5302e+03 1.1 2.14e+12 1.0 0.0e+00 0.0e+00 5.7e+08  4 11  0  0 50   4 11  0  0 50  5601
MatMult          508813434 1.0 7.4301e+03 1.2 3.18e+12 1.0 3.1e+09 8.0e+00 1.0e+00 19 16 58  0  0  19 16 58  0  0  1712
MatAssemblyBegin       1 1.0 2.3179e-0310.5 0.00e+00 0.0 0.0e+00 0.0e+00 1.0e+00  0  0  0  0  0   0  0  0  0  0     0
MatAssemblyEnd         1 1.0 1.2425e-02 1.0 0.00e+00 0.0 0.0e+00 0.0e+00 5.0e+00  0  0  0  0  0   0  0  0  0  0     0
SFSetGraph             1 1.0 2.8610e-06 3.0 0.00e+00 0.0 0.0e+00 0.0e+00 0.0e+00  0  0  0  0  0   0  0  0  0  0     0
SFSetUp                1 1.0 1.1229e-02 3.3 0.00e+00 0.0 1.2e+01 4.0e+00 1.0e+00  0  0  0  0  0   0  0  0  0  0     0
SFPack           508813434 1.0 1.1066e+02 1.7 0.00e+00 0.0 0.0e+00 0.0e+00 0.0e+00  0  0  0  0  0   0  0  0  0  0     0
SFUnpack         508813434 1.0 3.8184e+01 1.0 0.00e+00 0.0 0.0e+00 0.0e+00 0.0e+00  0  0  0  0  0   0  0  0  0  0     0
KSPSetUp               1 1.0 6.5088e-05 1.7 0.00e+00 0.0 0.0e+00 0.0e+00 0.0e+00  0  0  0  0  0   0  0  0  0  0     0
KSPSolve         62500001 1.0 1.3686e+04 1.0 1.94e+13 1.0 3.1e+09 8.0e+00 1.1e+09 39 99 58  0 95  39 99 58  0 95  5675
KSPGMRESOrthog   508813434 1.0 4.7847e+03 1.4 1.20e+13 1.0 0.0e+00 0.0e+00 5.1e+08 12 61  0  0 45  12 61  0  0 45  9992
PCSetUp                1 1.0 1.4067e-05 2.0 0.00e+00 0.0 0.0e+00 0.0e+00 0.0e+00  0  0  0  0  0   0  0  0  0  0     0
PCApply          571313435 1.0 4.4474e+02 1.0 7.15e+11 1.0 0.0e+00 0.0e+00 2.0e+00  1  4  0  0  0   1  4  0  0  0  6424
------------------------------------------------------------------------------------------------------------------------

Memory usage is given in bytes:

Object Type          Creations   Destructions     Memory  Descendants' Mem.
Reports information only for process 0.

--- Event Stage 0: Main Stage

              Vector    23             23       250344     0.
              Matrix     3              3       209804     0.
           Index Set     2              2         1788     0.
   Star Forest Graph     3              3         3312     0.
       Krylov Solver     1              1        18848     0.
      Preconditioner     1              1          872     0.
    Distributed Mesh     1              1         5048     0.
     Discrete System     1              1          896     0.
           Weak Form     1              1          616     0.
              Viewer     2              1          840     0.
========================================================================================================================
Average time to get PetscTime(): 0.
Average time for MPI_Barrier(): 7.58171e-06
Average time for zero size MPI_Send(): 2.22325e-05
#PETSc Option Table entries:
-log_view
-n 5000
#End of PETSc Option Table entries
Compiled without FORTRAN kernels
Compiled with full precision matrices (default)
sizeof(short) 2 sizeof(int) 4 sizeof(long) 8 sizeof(void*) 8 sizeof(PetscScalar) 8 sizeof(PetscInt) 4
Configure options: --with-mpi-dir=/share/intel/2018u4/compilers_and_libraries_2018.5.274/linux/mpi/intel64 --with-blaslapack-dir=/share/intel/2018u4/compilers_and_libraries_2018.5.274/linux/mkl --with-scalapack-include=/share/intel/2018u4/compilers_and_libraries_2018.5.274/linux/mkl/include --with-scalapack-lib="-L/share/intel/2018u4/compilers_and_libraries_2018.5.274/linux/mkl/lib/intel64 -lmkl_blacs_intelmpi_lp64 -lmkl_scalapack_lp64" --with-debugging=no --prefix=/work/mae-wenlw/lib/petsc-3.16.6 --download-hdf5 =/work/mae-wenlw/HPC/petsc-3.16.6-package/hdf5-1.12.1.tar.gz --download-hypre=/work/mae-wenlw/HPC/petsc-3.16.6-package/hypre-2.23.0.tar.gz --download-mumps=/work/mae-wenlw/HPC/petsc-3.16.6-package/petsc-pkg-mumps-6d1470374d32.tar.gz --download-metis=/work/mae-wenlw/HPC/petsc-3.16.6-package/petsc-pkg-metis-c8d2dc1e751e.tar.gz COPTFLAGS="-O3 -march=native -mtune=native" CXXOPTFLAGS="-O3 -march=native -mtune=native" FOPTFLAGS="-O3 -march=native -mtune=native"
-----------------------------------------
Libraries compiled on 2022-06-02 13:42:17 on login03 
Machine characteristics: Linux-3.10.0-862.el7.x86_64-x86_64-with-redhat-7.5-Maipo
Using PETSc directory: /work/mae-wenlw/lib/petsc-3.16.6
Using PETSc arch: 
-----------------------------------------

Using C compiler: /share/intel/2018u4/compilers_and_libraries_2018.5.274/linux/mpi/intel64/bin/mpiicc  -fPIC -wd1572 -Wno-unknown-pragmas -O3 -march=native -mtune=native  -std=c99 
Using Fortran compiler: /share/intel/2018u4/compilers_and_libraries_2018.5.274/linux/mpi/intel64/bin/mpiifort  -fPIC -O3 -march=native -mtune=native     -std=c99
-----------------------------------------

Using include paths: -I/work/mae-wenlw/lib/petsc-3.16.6/include -I/share/intel/2018u4/compilers_and_libraries_2018.5.274/linux/mpi/intel64/include
-----------------------------------------

Using C linker: /share/intel/2018u4/compilers_and_libraries_2018.5.274/linux/mpi/intel64/bin/mpiicc
Using Fortran linker: /share/intel/2018u4/compilers_and_libraries_2018.5.274/linux/mpi/intel64/bin/mpiifort
Using libraries: -Wl,-rpath,/work/mae-wenlw/lib/petsc-3.16.6/lib -L/work/mae-wenlw/lib/petsc-3.16.6/lib -lpetsc -Wl,-rpath,/work/mae-wenlw/lib/petsc-3.16.6/lib -L/work/mae-wenlw/lib/petsc-3.16.6/lib -L/share/intel/2018u4/compilers_and_libraries_2018.5.274/linux/mkl/lib/intel64 -Wl,-rpath,/share/intel/2018u4/compilers_and_libraries_2018.5.274/linux/mkl/lib/intel64 -Wl,-rpath,/share/intel/2018u4/compilers_and_libraries_2018.5.274/linux/mpi/intel64/lib/release_mt -L/share/intel/2018u4/compilers_and_libraries_2018.5.274/linux/mpi/intel64/lib/release_mt -Wl,-rpath,/share/intel/2018u4/compilers_and_libraries_2018.5.274/linux/mpi/intel64/lib -L/share/intel/2018u4/compilers_and_libraries_2018.5.274/linux/mpi/intel64/lib -Wl,-rpath,/work/mae-wenlw/lib/hdf5-1.12.1/lib -L/work/mae-wenlw/lib/hdf5-1.12.1/lib -Wl,-rpath,/share/intel/2018u4/compilers_and_libraries_2018.5.274/linux/tbb/lib/intel64_lin/gcc4.4 -L/share/intel/2018u4/compilers_and_libraries_2018.5.274/linux/tbb/lib/intel64_lin/gcc4.4 -Wl,-rpath,/share/intel/2018u4/compilers_and_libraries_2018.5.274/linux/daal/lib/intel64_lin -L/share/intel/2018u4/compilers_and_libraries_2018.5.274/linux/daal/lib/intel64_lin -Wl,-rpath,/share/intel/2018u4/compilers_and_libraries_2018.5.274/linux/tbb/lib/intel64/gcc4.4 -L/share/intel/2018u4/compilers_and_libraries_2018.5.274/linux/tbb/lib/intel64/gcc4.4 -Wl,-rpath,/share/intel/2018u4/compilers_and_libraries_2018.5.274/linux/compiler/lib/intel64 -L/share/intel/2018u4/compilers_and_libraries_2018.5.274/linux/compiler/lib/intel64 -Wl,-rpath,/share/intel/2018u4/compilers_and_libraries_2018.5.274/linux/ipp/lib/intel64 -L/share/intel/2018u4/compilers_and_libraries_2018.5.274/linux/ipp/lib/intel64 -Wl,-rpath,/share/intel/2018u4/compilers_and_libraries_2018.5.274/linux/compiler/lib/intel64_lin -L/share/intel/2018u4/compilers_and_libraries_2018.5.274/linux/compiler/lib/intel64_lin -Wl,-rpath,/usr/lib/gcc/x86_64-redhat-linux/4.8.5 -L/usr/lib/gcc/x86_64-redhat-linux/4.8.5 -Wl,-rpath,/opt/intel/mpi-rt/2017.0.0/intel64/lib/release_mt -Wl,-rpath,/opt/intel/mpi-rt/2017.0.0/intel64/lib -lHYPRE -lcmumps -ldmumps -lsmumps -lzmumps -lmumps_common -lpord -lmkl_blacs_intelmpi_lp64 -lmkl_scalapack_lp64 -lmkl_intel_lp64 -lmkl_core -lmkl_sequential -lpthread -lhdf5_hl -lhdf5 -lmetis -lX11 -lstdc++ -ldl -lmpifort -lmpi -lmpigi -lrt -lpthread -lifport -lifcoremt_pic -limf -lsvml -lm -lipgo -lirc -lgcc_s -lirc_s -lquadmath -lstdc++ -ldl
-----------------------------------------

