dx= 0.01 dt = 5e-05 its 20002 CFL 0.5
Mat time cost = 0.053967 s
iteration time cost = 2.313204 s
Vec Object: u_numeracal 4 MPI processes
  type: mpi
Process [0]
0.
0.00318617
0.0063692
0.00954594
0.0127133
0.015868
0.0190072
0.0221275
0.025226
0.0282997
0.0313453
0.0343601
0.037341
0.040285
0.0431892
0.0460508
0.048867
0.051635
0.054352
0.0570153
0.0596224
0.0621706
0.0646575
0.0670806
0.0694375
0.0717259
Process [1]
0.0739434
0.076088
0.0781575
0.0801499
0.0820632
0.0838955
0.085645
0.08731
0.0888888
0.0903799
0.0917817
0.0930931
0.0943125
0.0954389
0.0964711
0.097408
0.0982489
0.0989928
0.099639
0.100187
0.100636
0.100986
0.101236
0.101386
0.101436
Process [2]
0.101386
0.101236
0.100986
0.100636
0.100187
0.099639
0.0989928
0.0982489
0.097408
0.0964711
0.0954389
0.0943125
0.0930931
0.0917817
0.0903799
0.0888888
0.08731
0.085645
0.0838955
0.0820632
0.0801499
0.0781575
0.076088
0.0739434
0.0717259
Process [3]
0.0694375
0.0670806
0.0646575
0.0621706
0.0596224
0.0570153
0.054352
0.051635
0.048867
0.0460508
0.0431892
0.040285
0.037341
0.0343601
0.0313453
0.0282997
0.025226
0.0221275
0.0190072
0.015868
0.0127133
0.00954594
0.0063692
0.00318617
-3.21657e-16
************************************************************************************************************************
***             WIDEN YOUR WINDOW TO 120 CHARACTERS.  Use 'enscript -r -fCourier9' to print this document            ***
************************************************************************************************************************

---------------------------------------------- PETSc Performance Summary: ----------------------------------------------

./implicit_no.out on a  named r01n15 with 4 processors, by mae-wenlw Thu Jun  9 21:34:38 2022
Using Petsc Release Version 3.16.6, Mar 30, 2022 

                         Max       Max/Min     Avg       Total
Time (sec):           2.470e+00     1.000   2.470e+00
Objects:              6.100e+01     1.000   6.100e+01
Flop:                 4.168e+07     1.040   4.087e+07  1.635e+08
Flop/sec:             1.688e+07     1.040   1.655e+07  6.620e+07
MPI Messages:         2.801e+05     2.000   2.101e+05  8.402e+05
MPI Message Lengths:  2.242e+06     1.998   8.009e+00  6.729e+06
MPI Reductions:       1.401e+05     1.000

Flop counting convention: 1 flop = 1 real number operation of type (multiply/divide/add/subtract)
                            e.g., VecAXPY() for real vectors of length N --> 2N flop
                            and VecAXPY() for complex vectors of length N --> 8N flop

Summary of Stages:   ----- Time ------  ----- Flop ------  --- Messages ---  -- Message Lengths --  -- Reductions --
                        Avg     %Total     Avg     %Total    Count   %Total     Avg         %Total    Count   %Total
 0:      Main Stage: 2.4683e+00  99.9%  1.6348e+08 100.0%  8.402e+05 100.0%  8.009e+00      100.0%  1.400e+05 100.0%

------------------------------------------------------------------------------------------------------------------------
See the 'Profiling' chapter of the users' manual for details on interpreting output.
Phase summary info:
   Count: number of times phase was executed
   Time and Flop: Max - maximum over all processors
                  Ratio - ratio of maximum to minimum over all processors
   Mess: number of messages sent
   AvgLen: average message length (bytes)
   Reduct: number of global reductions
   Global: entire computation
   Stage: stages of a computation. Set stages with PetscLogStagePush() and PetscLogStagePop().
      %T - percent time in this phase         %F - percent flop in this phase
      %M - percent messages in this phase     %L - percent message lengths in this phase
      %R - percent reductions in this phase
   Total Mflop/s: 10e-6 * (sum of flop over all processors)/(max time over all processors)
------------------------------------------------------------------------------------------------------------------------
Event                Count      Time (sec)     Flop                              --- Global ---  --- Stage ----  Total
                   Max Ratio  Max     Ratio   Max  Ratio  Mess   AvgLen  Reduct  %T %F %M %L %R  %T %F %M %L %R Mflop/s
------------------------------------------------------------------------------------------------------------------------

--- Event Stage 0: Main Stage

BuildTwoSided          7 1.0 5.7112e-02 1.5 0.00e+00 0.0 3.6e+01 9.3e+00 5.0e+00  2  0  0  0  0   2  0  0  0  0     0
BuildTwoSidedF         3 1.0 4.6847e-02 1.3 0.00e+00 0.0 7.2e+01 1.0e+02 3.0e+00  2  0  0  0  0   2  0  0  0  0     0
VecView                1 1.0 6.2912e-03100.0 0.00e+00 0.0 3.0e+00 2.0e+02 0.0e+00  0  0  0  0  0   0  0  0  0  0     0
VecMDot            60006 1.0 7.6065e-01 2.7 6.12e+06 1.0 0.0e+00 0.0e+00 6.0e+04 19 15  0  0 43  19 15  0  0 43    31
VecNorm            80008 1.0 4.4802e-01 1.6 4.16e+06 1.0 0.0e+00 0.0e+00 8.0e+04 16 10  0  0 57  16 10  0  0 57    36
VecScale           80008 1.0 1.9960e-02 1.3 2.08e+06 1.0 0.0e+00 0.0e+00 0.0e+00  1  5  0  0  0   1  5  0  0  0   405
VecCopy            40005 1.0 4.8983e-03 1.2 0.00e+00 0.0 0.0e+00 0.0e+00 0.0e+00  0  0  0  0  0   0  0  0  0  0     0
VecSet            280033 1.0 3.0492e-02 1.0 0.00e+00 0.0 0.0e+00 0.0e+00 0.0e+00  1  0  0  0  0   1  0  0  0  0     0
VecAXPY            40005 1.0 2.4962e-02 1.3 2.08e+06 1.0 0.0e+00 0.0e+00 0.0e+00  1  5  0  0  0   1  5  0  0  0   324
VecMAXPY           80008 1.0 1.2294e-02 1.2 9.36e+06 1.0 0.0e+00 0.0e+00 0.0e+00  0 22  0  0  0   0 22  0  0  0  2958
VecAssemblyBegin       2 1.0 3.2923e-02 1.5 0.00e+00 0.0 7.2e+01 1.0e+02 2.0e+00  1  0  0  0  0   1  0  0  0  0     0
VecAssemblyEnd         2 1.0 3.9229e-0346.6 0.00e+00 0.0 0.0e+00 0.0e+00 0.0e+00  0  0  0  0  0   0  0  0  0  0     0
VecScatterBegin   380038 1.0 7.5720e-01 2.5 0.00e+00 0.0 8.4e+05 8.0e+00 2.0e+00 19  0100100  0  19  0100100  0     0
VecScatterEnd     380038 1.0 9.4618e-01 5.1 0.00e+00 0.0 0.0e+00 0.0e+00 0.0e+00 20  0  0  0  0  21  0  0  0  0     0
VecNormalize       80008 1.0 4.8127e-01 1.5 6.24e+06 1.0 0.0e+00 0.0e+00 8.0e+04 17 15  0  0 57  17 15  0  0 57    50
MatMult            60006 1.0 5.6724e-01 2.0 7.56e+06 1.0 3.6e+05 8.0e+00 1.0e+00 17 18 43 43  0  17 18 43 43  0    53
MatSolve           80008 1.0 2.5993e-02 1.1 1.05e+07 1.1 0.0e+00 0.0e+00 0.0e+00  1 25  0  0  0   1 25  0  0  0  1585
MatLUFactorNum         1 1.0 2.8133e-05 4.7 1.05e+02 1.1 0.0e+00 0.0e+00 0.0e+00  0  0  0  0  0   0  0  0  0  0    15
MatILUFactorSym        1 1.0 6.7949e-05 2.9 0.00e+00 0.0 0.0e+00 0.0e+00 0.0e+00  0  0  0  0  0   0  0  0  0  0     0
MatAssemblyBegin       2 1.0 1.7150e-02 1.7 0.00e+00 0.0 0.0e+00 0.0e+00 1.0e+00  1  0  0  0  0   1  0  0  0  0     0
MatAssemblyEnd         2 1.0 3.8981e-02 1.1 0.00e+00 0.0 0.0e+00 0.0e+00 5.0e+00  1  0  0  0  0   1  0  0  0  0     0
MatGetRowIJ            1 1.0 7.1526e-06 3.8 0.00e+00 0.0 0.0e+00 0.0e+00 0.0e+00  0  0  0  0  0   0  0  0  0  0     0
MatCreateSubMats       1 1.0 2.3721e-02 1.5 0.00e+00 0.0 3.0e+01 1.4e+01 1.0e+00  1  0  0  0  0   1  0  0  0  0     0
MatGetOrdering         1 1.0 4.1008e-05 2.4 0.00e+00 0.0 0.0e+00 0.0e+00 0.0e+00  0  0  0  0  0   0  0  0  0  0     0
MatIncreaseOvrlp       1 1.0 2.9024e-02 1.2 0.00e+00 0.0 0.0e+00 0.0e+00 1.0e+00  1  0  0  0  0   1  0  0  0  0     0
SFSetGraph             4 1.0 2.8610e-06 3.0 0.00e+00 0.0 0.0e+00 0.0e+00 0.0e+00  0  0  0  0  0   0  0  0  0  0     0
SFSetUp                4 1.0 1.5101e-02 1.7 0.00e+00 0.0 2.4e+01 4.0e+00 2.0e+00  1  0  0  0  0   1  0  0  0  0     0
SFReduceBegin      80008 1.0 2.2696e-02 1.0 0.00e+00 0.0 0.0e+00 0.0e+00 0.0e+00  1  0  0  0  0   1  0  0  0  0     0
SFReduceEnd        80008 1.0 2.0261e-02 1.0 0.00e+00 0.0 0.0e+00 0.0e+00 0.0e+00  1  0  0  0  0   1  0  0  0  0     0
SFPack            380038 1.0 3.7486e-02 1.2 0.00e+00 0.0 0.0e+00 0.0e+00 0.0e+00  1  0  0  0  0   1  0  0  0  0     0
SFUnpack          380038 1.0 3.0117e-02 1.3 0.00e+00 0.0 0.0e+00 0.0e+00 0.0e+00  1  0  0  0  0   1  0  0  0  0     0
KSPSetUp               2 1.0 1.0610e-04 3.6 0.00e+00 0.0 0.0e+00 0.0e+00 0.0e+00  0  0  0  0  0   0  0  0  0  0     0
KSPSolve           20002 1.0 2.2287e+00 1.0 4.06e+07 1.0 8.4e+05 8.0e+00 1.4e+05 90 98100100100  90 98100100100    72
KSPGMRESOrthog     60006 1.0 7.8782e-01 2.5 1.24e+07 1.0 0.0e+00 0.0e+00 6.0e+04 20 29  0  0 43  20 29  0  0 43    61
PCSetUp                2 1.0 7.3941e-02 1.1 1.05e+02 1.1 3.0e+01 1.4e+01 7.0e+00  3  0  0  0  0   3  0  0  0  0     0
PCSetUpOnBlocks    20002 1.0 2.8462e-03 1.2 1.05e+02 1.1 0.0e+00 0.0e+00 0.0e+00  0  0  0  0  0   0  0  0  0  0     0
PCApply            80008 1.0 1.2189e+00 2.0 1.05e+07 1.1 4.8e+05 8.0e+00 1.0e+00 32 25 57 57  0  32 25 57 57  0    34
PCApplyOnBlocks    80008 1.0 1.1715e-01 1.1 1.05e+07 1.1 0.0e+00 0.0e+00 0.0e+00  5 25  0  0  0   5 25  0  0  0   352
------------------------------------------------------------------------------------------------------------------------

Memory usage is given in bytes:

Object Type          Creations   Destructions     Memory  Descendants' Mem.
Reports information only for process 0.

--- Event Stage 0: Main Stage

              Vector    28             28        53656     0.
              Matrix     6              6        26476     0.
           Index Set    11             11        10476     0.
   IS L to G Mapping     1              1          888     0.
   Star Forest Graph     6              6         6912     0.
       Krylov Solver     2              2        20440     0.
      Preconditioner     2              2         2056     0.
    Distributed Mesh     1              1         5048     0.
     Discrete System     1              1          896     0.
           Weak Form     1              1          616     0.
              Viewer     2              1          840     0.
========================================================================================================================
Average time to get PetscTime(): 0.
Average time for MPI_Barrier(): 1.19209e-06
Average time for zero size MPI_Send(): 0.00156921
#PETSc Option Table entries:
-log_view
-n 100
-pc_type asm
#End of PETSc Option Table entries
Compiled without FORTRAN kernels
Compiled with full precision matrices (default)
sizeof(short) 2 sizeof(int) 4 sizeof(long) 8 sizeof(void*) 8 sizeof(PetscScalar) 8 sizeof(PetscInt) 4
Configure options: --with-mpi-dir=/share/intel/2018u4/compilers_and_libraries_2018.5.274/linux/mpi/intel64 --with-blaslapack-dir=/share/intel/2018u4/compilers_and_libraries_2018.5.274/linux/mkl --with-scalapack-include=/share/intel/2018u4/compilers_and_libraries_2018.5.274/linux/mkl/include --with-scalapack-lib="-L/share/intel/2018u4/compilers_and_libraries_2018.5.274/linux/mkl/lib/intel64 -lmkl_blacs_intelmpi_lp64 -lmkl_scalapack_lp64" --with-debugging=no --prefix=/work/mae-wenlw/lib/petsc-3.16.6 --download-hdf5 =/work/mae-wenlw/HPC/petsc-3.16.6-package/hdf5-1.12.1.tar.gz --download-hypre=/work/mae-wenlw/HPC/petsc-3.16.6-package/hypre-2.23.0.tar.gz --download-mumps=/work/mae-wenlw/HPC/petsc-3.16.6-package/petsc-pkg-mumps-6d1470374d32.tar.gz --download-metis=/work/mae-wenlw/HPC/petsc-3.16.6-package/petsc-pkg-metis-c8d2dc1e751e.tar.gz COPTFLAGS="-O3 -march=native -mtune=native" CXXOPTFLAGS="-O3 -march=native -mtune=native" FOPTFLAGS="-O3 -march=native -mtune=native"
-----------------------------------------
Libraries compiled on 2022-06-02 13:42:17 on login03 
Machine characteristics: Linux-3.10.0-862.el7.x86_64-x86_64-with-redhat-7.5-Maipo
Using PETSc directory: /work/mae-wenlw/lib/petsc-3.16.6
Using PETSc arch: 
-----------------------------------------

Using C compiler: /share/intel/2018u4/compilers_and_libraries_2018.5.274/linux/mpi/intel64/bin/mpiicc  -fPIC -wd1572 -Wno-unknown-pragmas -O3 -march=native -mtune=native  -std=c99 
Using Fortran compiler: /share/intel/2018u4/compilers_and_libraries_2018.5.274/linux/mpi/intel64/bin/mpiifort  -fPIC -O3 -march=native -mtune=native     -std=c99
-----------------------------------------

Using include paths: -I/work/mae-wenlw/lib/petsc-3.16.6/include -I/share/intel/2018u4/compilers_and_libraries_2018.5.274/linux/mpi/intel64/include
-----------------------------------------

Using C linker: /share/intel/2018u4/compilers_and_libraries_2018.5.274/linux/mpi/intel64/bin/mpiicc
Using Fortran linker: /share/intel/2018u4/compilers_and_libraries_2018.5.274/linux/mpi/intel64/bin/mpiifort
Using libraries: -Wl,-rpath,/work/mae-wenlw/lib/petsc-3.16.6/lib -L/work/mae-wenlw/lib/petsc-3.16.6/lib -lpetsc -Wl,-rpath,/work/mae-wenlw/lib/petsc-3.16.6/lib -L/work/mae-wenlw/lib/petsc-3.16.6/lib -L/share/intel/2018u4/compilers_and_libraries_2018.5.274/linux/mkl/lib/intel64 -Wl,-rpath,/share/intel/2018u4/compilers_and_libraries_2018.5.274/linux/mkl/lib/intel64 -Wl,-rpath,/share/intel/2018u4/compilers_and_libraries_2018.5.274/linux/mpi/intel64/lib/release_mt -L/share/intel/2018u4/compilers_and_libraries_2018.5.274/linux/mpi/intel64/lib/release_mt -Wl,-rpath,/share/intel/2018u4/compilers_and_libraries_2018.5.274/linux/mpi/intel64/lib -L/share/intel/2018u4/compilers_and_libraries_2018.5.274/linux/mpi/intel64/lib -Wl,-rpath,/work/mae-wenlw/lib/hdf5-1.12.1/lib -L/work/mae-wenlw/lib/hdf5-1.12.1/lib -Wl,-rpath,/share/intel/2018u4/compilers_and_libraries_2018.5.274/linux/tbb/lib/intel64_lin/gcc4.4 -L/share/intel/2018u4/compilers_and_libraries_2018.5.274/linux/tbb/lib/intel64_lin/gcc4.4 -Wl,-rpath,/share/intel/2018u4/compilers_and_libraries_2018.5.274/linux/daal/lib/intel64_lin -L/share/intel/2018u4/compilers_and_libraries_2018.5.274/linux/daal/lib/intel64_lin -Wl,-rpath,/share/intel/2018u4/compilers_and_libraries_2018.5.274/linux/tbb/lib/intel64/gcc4.4 -L/share/intel/2018u4/compilers_and_libraries_2018.5.274/linux/tbb/lib/intel64/gcc4.4 -Wl,-rpath,/share/intel/2018u4/compilers_and_libraries_2018.5.274/linux/compiler/lib/intel64 -L/share/intel/2018u4/compilers_and_libraries_2018.5.274/linux/compiler/lib/intel64 -Wl,-rpath,/share/intel/2018u4/compilers_and_libraries_2018.5.274/linux/ipp/lib/intel64 -L/share/intel/2018u4/compilers_and_libraries_2018.5.274/linux/ipp/lib/intel64 -Wl,-rpath,/share/intel/2018u4/compilers_and_libraries_2018.5.274/linux/compiler/lib/intel64_lin -L/share/intel/2018u4/compilers_and_libraries_2018.5.274/linux/compiler/lib/intel64_lin -Wl,-rpath,/usr/lib/gcc/x86_64-redhat-linux/4.8.5 -L/usr/lib/gcc/x86_64-redhat-linux/4.8.5 -Wl,-rpath,/opt/intel/mpi-rt/2017.0.0/intel64/lib/release_mt -Wl,-rpath,/opt/intel/mpi-rt/2017.0.0/intel64/lib -lHYPRE -lcmumps -ldmumps -lsmumps -lzmumps -lmumps_common -lpord -lmkl_blacs_intelmpi_lp64 -lmkl_scalapack_lp64 -lmkl_intel_lp64 -lmkl_core -lmkl_sequential -lpthread -lhdf5_hl -lhdf5 -lmetis -lX11 -lstdc++ -ldl -lmpifort -lmpi -lmpigi -lrt -lpthread -lifport -lifcoremt_pic -limf -lsvml -lm -lipgo -lirc -lgcc_s -lirc_s -lquadmath -lstdc++ -ldl
-----------------------------------------

