dx= 0.01 dt = 5e-05 its 20002 CFL 0.5
Mat time cost = 0.051098 s
iteration time cost = 1.530299 s
Vec Object: u_numeracal 4 MPI processes
  type: mpi
Process [0]
0.
0.00318612
0.00636909
0.00954577
0.012713
0.0158678
0.0190068
0.0221271
0.0252256
0.0282991
0.0313448
0.0343595
0.0373403
0.0402842
0.0431884
0.04605
0.0488661
0.051634
0.0543509
0.0570142
0.0596213
0.0621694
0.0646563
0.0670793
0.0694361
0.0717244
Process [1]
0.0739419
0.0760865
0.0781559
0.0801482
0.0820615
0.0838937
0.0856431
0.087308
0.0888868
0.0903778
0.0917796
0.0930909
0.0943103
0.0954366
0.0964687
0.0974056
0.0982464
0.0989902
0.0996364
0.100184
0.100633
0.100983
0.101233
0.101383
0.101433
Process [2]
0.101383
0.101232
0.100982
0.100633
0.100183
0.0996355
0.0989893
0.0982453
0.0974044
0.0964673
0.0954351
0.0943086
0.0930891
0.0917777
0.0903757
0.0888846
0.0873057
0.0856406
0.0838911
0.0820587
0.0801453
0.0781529
0.0760833
0.0739386
0.0717209
Process [3]
0.0694325
0.0670755
0.0646524
0.0621654
0.059617
0.0570099
0.0543464
0.0516293
0.0488613
0.046045
0.0431833
0.040279
0.0373349
0.0343539
0.0313391
0.0282933
0.0252195
0.0221209
0.0190005
0.0158613
0.0127064
0.00953898
0.00636224
0.00317922
-6.93041e-06
************************************************************************************************************************
***             WIDEN YOUR WINDOW TO 120 CHARACTERS.  Use 'enscript -r -fCourier9' to print this document            ***
************************************************************************************************************************

---------------------------------------------- PETSc Performance Summary: ----------------------------------------------

./implicit_no.out on a  named r01n15 with 4 processors, by mae-wenlw Thu Jun  9 21:34:01 2022
Using Petsc Release Version 3.16.6, Mar 30, 2022 

                         Max       Max/Min     Avg       Total
Time (sec):           1.658e+00     1.000   1.658e+00
Objects:              3.800e+01     1.000   3.800e+01
Flop:                 5.221e+07     1.040   5.086e+07  2.034e+08
Flop/sec:             3.150e+07     1.040   3.068e+07  1.227e+08
MPI Messages:         1.687e+05     2.000   1.266e+05  5.062e+05
MPI Message Lengths:  1.352e+06     1.997   8.015e+00  4.057e+06
MPI Reductions:       1.887e+05     1.000

Flop counting convention: 1 flop = 1 real number operation of type (multiply/divide/add/subtract)
                            e.g., VecAXPY() for real vectors of length N --> 2N flop
                            and VecAXPY() for complex vectors of length N --> 8N flop

Summary of Stages:   ----- Time ------  ----- Flop ------  --- Messages ---  -- Message Lengths --  -- Reductions --
                        Avg     %Total     Avg     %Total    Count   %Total     Avg         %Total    Count   %Total
 0:      Main Stage: 1.6550e+00  99.8%  2.0343e+08 100.0%  5.062e+05 100.0%  8.015e+00      100.0%  1.887e+05 100.0%

------------------------------------------------------------------------------------------------------------------------
See the 'Profiling' chapter of the users' manual for details on interpreting output.
Phase summary info:
   Count: number of times phase was executed
   Time and Flop: Max - maximum over all processors
                  Ratio - ratio of maximum to minimum over all processors
   Mess: number of messages sent
   AvgLen: average message length (bytes)
   Reduct: number of global reductions
   Global: entire computation
   Stage: stages of a computation. Set stages with PetscLogStagePush() and PetscLogStagePop().
      %T - percent time in this phase         %F - percent flop in this phase
      %M - percent messages in this phase     %L - percent message lengths in this phase
      %R - percent reductions in this phase
   Total Mflop/s: 10e-6 * (sum of flop over all processors)/(max time over all processors)
------------------------------------------------------------------------------------------------------------------------
Event                Count      Time (sec)     Flop                              --- Global ---  --- Stage ----  Total
                   Max Ratio  Max     Ratio   Max  Ratio  Mess   AvgLen  Reduct  %T %F %M %L %R  %T %F %M %L %R Mflop/s
------------------------------------------------------------------------------------------------------------------------

--- Event Stage 0: Main Stage

BuildTwoSided          4 1.0 3.3759e-02 1.1 0.00e+00 0.0 3.0e+01 1.0e+01 4.0e+00  2  0  0  0  0   2  0  0  0  0     0
BuildTwoSidedF         3 1.0 3.7786e-02 1.5 0.00e+00 0.0 7.2e+01 1.0e+02 3.0e+00  2  0  0  0  0   2  0  0  0  0     0
VecView                1 1.0 5.0051e-0330.3 0.00e+00 0.0 3.0e+00 2.0e+02 0.0e+00  0  0  0  0  0   0  0  0  0  0     0
VecMDot            84355 1.0 6.4124e-01 2.3 1.20e+07 1.0 0.0e+00 0.0e+00 8.4e+04 27 23  0  0 45  27 23  0  0 45    73
VecNorm           104357 1.0 3.6650e-01 1.6 5.43e+06 1.0 0.0e+00 0.0e+00 1.0e+05 18 10  0  0 55  18 10  0  0 55    58
VecScale          104357 1.0 3.2118e-02 1.3 2.71e+06 1.0 0.0e+00 0.0e+00 0.0e+00  2  5  0  0  0   2  5  0  0  0   328
VecCopy            40005 1.0 4.8046e-03 1.2 0.00e+00 0.0 0.0e+00 0.0e+00 0.0e+00  0  0  0  0  0   0  0  0  0  0     0
VecSet             40005 1.0 6.0410e-03 1.2 0.00e+00 0.0 0.0e+00 0.0e+00 0.0e+00  0  0  0  0  0   0  0  0  0  0     0
VecAXPY            40005 1.0 2.9430e-02 3.0 2.08e+06 1.0 0.0e+00 0.0e+00 0.0e+00  1  4  0  0  0   1  4  0  0  0   275
VecMAXPY          104357 1.0 1.6180e-02 1.1 1.66e+07 1.0 0.0e+00 0.0e+00 0.0e+00  1 32  0  0  0   1 32  0  0  0  3994
VecAssemblyBegin       2 1.0 2.0696e-02 1.2 0.00e+00 0.0 7.2e+01 1.0e+02 2.0e+00  1  0  0  0  0   1  0  0  0  0     0
VecAssemblyEnd         2 1.0 4.9808e-0398.1 0.00e+00 0.0 0.0e+00 0.0e+00 0.0e+00  0  0  0  0  0   0  0  0  0  0     0
VecPointwiseMult  104357 1.0 1.7223e-02 1.5 2.71e+06 1.0 0.0e+00 0.0e+00 0.0e+00  1  5  0  0  0   1  5  0  0  0   612
VecScatterBegin    84355 1.0 5.8652e-01 4.0 0.00e+00 0.0 5.1e+05 8.0e+00 1.0e+00 18  0100100  0  18  0100100  0     0
VecScatterEnd      84355 1.0 4.7074e-01 9.3 0.00e+00 0.0 0.0e+00 0.0e+00 0.0e+00 12  0  0  0  0  12  0  0  0  0     0
VecNormalize      104357 1.0 4.1248e-01 1.5 8.14e+06 1.0 0.0e+00 0.0e+00 1.0e+05 21 16  0  0 55  21 16  0  0 55    77
MatMult            84355 1.0 6.7763e-01 1.7 1.06e+07 1.0 5.1e+05 8.0e+00 1.0e+00 32 21100100  0  32 21100100  0    62
MatAssemblyBegin       1 1.0 1.7895e-02 3.8 0.00e+00 0.0 0.0e+00 0.0e+00 1.0e+00  1  0  0  0  0   1  0  0  0  0     0
MatAssemblyEnd         1 1.0 4.2025e-02 1.7 0.00e+00 0.0 0.0e+00 0.0e+00 5.0e+00  2  0  0  0  0   2  0  0  0  0     0
SFSetGraph             1 1.0 2.1458e-06 2.2 0.00e+00 0.0 0.0e+00 0.0e+00 0.0e+00  0  0  0  0  0   0  0  0  0  0     0
SFSetUp                1 1.0 2.7634e-02 1.3 0.00e+00 0.0 1.2e+01 4.0e+00 1.0e+00  1  0  0  0  0   1  0  0  0  0     0
SFPack             84355 1.0 1.6329e-02 1.7 0.00e+00 0.0 0.0e+00 0.0e+00 0.0e+00  1  0  0  0  0   1  0  0  0  0     0
SFUnpack           84355 1.0 6.7441e-03 1.3 0.00e+00 0.0 0.0e+00 0.0e+00 0.0e+00  0  0  0  0  0   0  0  0  0  0     0
KSPSetUp               1 1.0 1.4687e-04 4.9 0.00e+00 0.0 0.0e+00 0.0e+00 0.0e+00  0  0  0  0  0   0  0  0  0  0     0
KSPSolve           20002 1.0 1.5286e+00 1.0 5.12e+07 1.0 5.1e+05 8.0e+00 1.9e+05 92 98100100100  92 98100100100   130
KSPGMRESOrthog     84355 1.0 6.7779e-01 2.1 2.43e+07 1.0 0.0e+00 0.0e+00 8.4e+04 30 46  0  0 45  30 46  0  0 45   139
PCSetUp                1 1.0 1.5974e-05 2.2 0.00e+00 0.0 0.0e+00 0.0e+00 0.0e+00  0  0  0  0  0   0  0  0  0  0     0
PCApply           104357 1.0 4.5505e-02 1.1 2.71e+06 1.0 0.0e+00 0.0e+00 2.0e+00  3  5  0  0  0   3  5  0  0  0   232
------------------------------------------------------------------------------------------------------------------------

Memory usage is given in bytes:

Object Type          Creations   Destructions     Memory  Descendants' Mem.
Reports information only for process 0.

--- Event Stage 0: Main Stage

              Vector    23             23        44544     0.
              Matrix     3              3        13804     0.
           Index Set     2              2         1788     0.
   Star Forest Graph     3              3         3312     0.
       Krylov Solver     1              1        18848     0.
      Preconditioner     1              1          872     0.
    Distributed Mesh     1              1         5048     0.
     Discrete System     1              1          896     0.
           Weak Form     1              1          616     0.
              Viewer     2              1          840     0.
========================================================================================================================
Average time to get PetscTime(): 9.53674e-08
Average time for MPI_Barrier(): 1.00136e-06
Average time for zero size MPI_Send(): 6.49691e-06
#PETSc Option Table entries:
-log_view
-n 100
-pc_type jacobi
#End of PETSc Option Table entries
Compiled without FORTRAN kernels
Compiled with full precision matrices (default)
sizeof(short) 2 sizeof(int) 4 sizeof(long) 8 sizeof(void*) 8 sizeof(PetscScalar) 8 sizeof(PetscInt) 4
Configure options: --with-mpi-dir=/share/intel/2018u4/compilers_and_libraries_2018.5.274/linux/mpi/intel64 --with-blaslapack-dir=/share/intel/2018u4/compilers_and_libraries_2018.5.274/linux/mkl --with-scalapack-include=/share/intel/2018u4/compilers_and_libraries_2018.5.274/linux/mkl/include --with-scalapack-lib="-L/share/intel/2018u4/compilers_and_libraries_2018.5.274/linux/mkl/lib/intel64 -lmkl_blacs_intelmpi_lp64 -lmkl_scalapack_lp64" --with-debugging=no --prefix=/work/mae-wenlw/lib/petsc-3.16.6 --download-hdf5 =/work/mae-wenlw/HPC/petsc-3.16.6-package/hdf5-1.12.1.tar.gz --download-hypre=/work/mae-wenlw/HPC/petsc-3.16.6-package/hypre-2.23.0.tar.gz --download-mumps=/work/mae-wenlw/HPC/petsc-3.16.6-package/petsc-pkg-mumps-6d1470374d32.tar.gz --download-metis=/work/mae-wenlw/HPC/petsc-3.16.6-package/petsc-pkg-metis-c8d2dc1e751e.tar.gz COPTFLAGS="-O3 -march=native -mtune=native" CXXOPTFLAGS="-O3 -march=native -mtune=native" FOPTFLAGS="-O3 -march=native -mtune=native"
-----------------------------------------
Libraries compiled on 2022-06-02 13:42:17 on login03 
Machine characteristics: Linux-3.10.0-862.el7.x86_64-x86_64-with-redhat-7.5-Maipo
Using PETSc directory: /work/mae-wenlw/lib/petsc-3.16.6
Using PETSc arch: 
-----------------------------------------

Using C compiler: /share/intel/2018u4/compilers_and_libraries_2018.5.274/linux/mpi/intel64/bin/mpiicc  -fPIC -wd1572 -Wno-unknown-pragmas -O3 -march=native -mtune=native  -std=c99 
Using Fortran compiler: /share/intel/2018u4/compilers_and_libraries_2018.5.274/linux/mpi/intel64/bin/mpiifort  -fPIC -O3 -march=native -mtune=native     -std=c99
-----------------------------------------

Using include paths: -I/work/mae-wenlw/lib/petsc-3.16.6/include -I/share/intel/2018u4/compilers_and_libraries_2018.5.274/linux/mpi/intel64/include
-----------------------------------------

Using C linker: /share/intel/2018u4/compilers_and_libraries_2018.5.274/linux/mpi/intel64/bin/mpiicc
Using Fortran linker: /share/intel/2018u4/compilers_and_libraries_2018.5.274/linux/mpi/intel64/bin/mpiifort
Using libraries: -Wl,-rpath,/work/mae-wenlw/lib/petsc-3.16.6/lib -L/work/mae-wenlw/lib/petsc-3.16.6/lib -lpetsc -Wl,-rpath,/work/mae-wenlw/lib/petsc-3.16.6/lib -L/work/mae-wenlw/lib/petsc-3.16.6/lib -L/share/intel/2018u4/compilers_and_libraries_2018.5.274/linux/mkl/lib/intel64 -Wl,-rpath,/share/intel/2018u4/compilers_and_libraries_2018.5.274/linux/mkl/lib/intel64 -Wl,-rpath,/share/intel/2018u4/compilers_and_libraries_2018.5.274/linux/mpi/intel64/lib/release_mt -L/share/intel/2018u4/compilers_and_libraries_2018.5.274/linux/mpi/intel64/lib/release_mt -Wl,-rpath,/share/intel/2018u4/compilers_and_libraries_2018.5.274/linux/mpi/intel64/lib -L/share/intel/2018u4/compilers_and_libraries_2018.5.274/linux/mpi/intel64/lib -Wl,-rpath,/work/mae-wenlw/lib/hdf5-1.12.1/lib -L/work/mae-wenlw/lib/hdf5-1.12.1/lib -Wl,-rpath,/share/intel/2018u4/compilers_and_libraries_2018.5.274/linux/tbb/lib/intel64_lin/gcc4.4 -L/share/intel/2018u4/compilers_and_libraries_2018.5.274/linux/tbb/lib/intel64_lin/gcc4.4 -Wl,-rpath,/share/intel/2018u4/compilers_and_libraries_2018.5.274/linux/daal/lib/intel64_lin -L/share/intel/2018u4/compilers_and_libraries_2018.5.274/linux/daal/lib/intel64_lin -Wl,-rpath,/share/intel/2018u4/compilers_and_libraries_2018.5.274/linux/tbb/lib/intel64/gcc4.4 -L/share/intel/2018u4/compilers_and_libraries_2018.5.274/linux/tbb/lib/intel64/gcc4.4 -Wl,-rpath,/share/intel/2018u4/compilers_and_libraries_2018.5.274/linux/compiler/lib/intel64 -L/share/intel/2018u4/compilers_and_libraries_2018.5.274/linux/compiler/lib/intel64 -Wl,-rpath,/share/intel/2018u4/compilers_and_libraries_2018.5.274/linux/ipp/lib/intel64 -L/share/intel/2018u4/compilers_and_libraries_2018.5.274/linux/ipp/lib/intel64 -Wl,-rpath,/share/intel/2018u4/compilers_and_libraries_2018.5.274/linux/compiler/lib/intel64_lin -L/share/intel/2018u4/compilers_and_libraries_2018.5.274/linux/compiler/lib/intel64_lin -Wl,-rpath,/usr/lib/gcc/x86_64-redhat-linux/4.8.5 -L/usr/lib/gcc/x86_64-redhat-linux/4.8.5 -Wl,-rpath,/opt/intel/mpi-rt/2017.0.0/intel64/lib/release_mt -Wl,-rpath,/opt/intel/mpi-rt/2017.0.0/intel64/lib -lHYPRE -lcmumps -ldmumps -lsmumps -lzmumps -lmumps_common -lpord -lmkl_blacs_intelmpi_lp64 -lmkl_scalapack_lp64 -lmkl_intel_lp64 -lmkl_core -lmkl_sequential -lpthread -lhdf5_hl -lhdf5 -lmetis -lX11 -lstdc++ -ldl -lmpifort -lmpi -lmpigi -lrt -lpthread -lifport -lifcoremt_pic -limf -lsvml -lm -lipgo -lirc -lgcc_s -lirc_s -lquadmath -lstdc++ -ldl
-----------------------------------------

