dx= 0.0002 dt = 1e-05 its 100001 CFL 250.
Mat time cost = 0.002357 s
iteration time cost = 75.607452 s
Vec Object: u_numeracal 8 MPI processes
  type: mpi
Process [0]
0.
6.37286e-05
0.000127457
0.000191186
0.000254914
0.000318642
0.00038237
0.000446098
0.000509826
0.000573554
0.000637281
0.000701009
0.000764736
0.000828462
0.000892188
0.000955914
0.00101964
0.00108336
0.00114709
0.00121081
0.00127454
0.00133826
0.00140198
0.00146571
0.00152943
0.00159315
0.00165687
0.00172059
0.00178431
0.00184803
0.00191174
0.00197546
0.00203918
0.00210289
0.00216661
0.00223032
0.00229403
0.00235774
0.00242146
0.00248517
0.00254887
0.00261258
0.00267629
0.00273999
0.0028037
0.0028674
0.00293111
0.00299481
0.00305851
0.00312221
0.0031859
0.0032496
0.0033133
0.00337699
0.00344068
0.00350437
0.00356806
0.00363175
0.00369544
0.00375912
0.00382281
0.00388649
0.00395017
0.00401385
0.00407753
0.00414121
0.00420488
0.00426855
0.00433222
0.00439589
0.00445956
0.00452323
0.00458689
0.00465055
0.00471421
0.00477787
0.00484153
0.00490519
0.00496884
0.00503249
0.00509614
0.00515979
0.00522343
0.00528707
0.00535071
0.00541435
0.00547799
0.00554162
0.00560526
0.00566889
0.00573251
0.00579614
0.00585976
0.00592338
0.005987
0.00605062
0.00611423
0.00617784
0.00624145
0.00630506
0.00636866
0.00643227
0.00649586
0.00655946
0.00662305
0.00668665
0.00675023
0.00681382
0.0068774
0.00694098
0.00700456
0.00706814
0.00713171
0.00719528
0.00725885
0.00732241
0.00738597
0.00744953
0.00751308
0.00757663
0.00764018
0.00770373
0.00776727
0.00783081
0.00789435
0.00795788
0.00802141
0.00808494
0.00814847
0.00821199
0.0082755
0.00833902
0.00840253
0.00846604
0.00852954
0.00859304
0.00865654
0.00872003
0.00878353
0.00884701
0.0089105
0.00897398
0.00903745
0.00910093
0.0091644
0.00922786
0.00929133
0.00935478
0.00941824
0.00948169
0.00954514
0.00960858
0.00967202
0.00973546
0.00979889
0.00986232
0.00992574
0.00998917
0.0100526
0.010116
0.0101794
0.0102428
0.0103062
0.0103696
0.010433
0.0104964
0.0105598
0.0106232
0.0106865
0.0107499
0.0108133
0.0108766
0.01094
0.0110033
0.0110667
0.01113
0.0111934
0.0112567
0.0113201
0.0113834
0.0114467
0.01151
0.0115733
0.0116366
0.0117
0.0117633
0.0118265
0.0118898
0.0119531
0.0120164
0.0120797
0.012143
0.0122062
0.0122695
0.0123327
0.012396
0.0124592
0.0125225
0.0125857
0.012649
0.0127122
0.0127754
0.0128386
0.0129018
0.0129651
0.0130283
0.0130915
0.0131547
0.0132178
0.013281
0.0133442
0.0134074
0.0134705
0.0135337
0.0135969
0.01366
0.0137232
0.0137863
0.0138494
0.0139126
0.0139757
0.0140388
0.0141019
0.014165
0.0142281
0.0142912
0.0143543
0.0144174
0.0144805
0.0145435
0.0146066
0.0146697
0.0147327
0.0147958
0.0148588
0.0149219
0.0149849
0.0150479
0.0151109
0.0151739
0.015237
0.0153
0.015363
0.0154259
0.0154889
0.0155519
0.0156149
0.0156778
0.0157408
0.0158038
0.0158667
0.0159296
0.0159926
0.0160555
0.0161184
0.0161813
0.0162443
0.0163072
0.0163701
0.0164329
0.0164958
0.0165587
0.0166216
0.0166844
0.0167473
0.0168101
0.016873
0.0169358
0.0169987
0.0170615
0.0171243
0.0171871
0.0172499
0.0173127
0.0173755
0.0174383
0.0175011
0.0175638
0.0176266
0.0176893
0.0177521
0.0178148
0.0178776
0.0179403
0.018003
0.0180657
0.0181284
0.0181911
0.0182538
0.0183165
0.0183792
0.0184419
0.0185045
0.0185672
0.0186298
0.0186925
0.0187551
0.0188177
0.0188803
0.018943
0.0190056
0.0190682
0.0191307
0.0191933
0.0192559
0.0193185
0.019381
0.0194436
0.0195061
0.0195686
0.0196312
0.0196937
0.0197562
0.0198187
0.0198812
0.0199437
0.0200062
0.0200686
0.0201311
0.0201936
0.020256
0.0203185
0.0203809
0.0204433
0.0205057
0.0205681
0.0206305
0.0206929
0.0207553
0.0208177
0.0208801
0.0209424
0.0210048
0.0210671
0.0211294
0.0211918
0.0212541
0.0213164
0.0213787
0.021441
0.0215033
0.0215656
0.0216278
0.0216901
0.0217523
0.0218146
0.0218768
0.021939
0.0220012
0.0220635
0.0221256
0.0221878
0.02225
0.0223122
0.0223744
0.0224365
0.0224987
0.0225608
0.0226229
0.022685
0.0227471
0.0228092
0.0228713
0.0229334
0.0229955
0.0230576
0.0231196
0.0231817
0.0232437
0.0233057
0.0233677
0.0234298
0.0234918
0.0235537
0.0236157
0.0236777
0.0237397
0.0238016
0.0238636
0.0239255
0.0239874
0.0240493
0.0241112
0.0241731
0.024235
0.0242969
0.0243588
0.0244206
0.0244825
0.0245443
0.0246062
0.024668
0.0247298
0.0247916
0.0248534
0.0249152
0.0249769
0.0250387
0.0251004
0.0251622
0.0252239
0.0252856
0.0253473
0.025409
0.0254707
0.0255324
0.0255941
0.0256557
0.0257174
0.025779
0.0258407
0.0259023
0.0259639
0.0260255
0.0260871
0.0261487
0.0262102
0.0262718
0.0263333
0.0263949
0.0264564
0.0265179
0.0265794
0.0266409
0.0267024
0.0267639
0.0268254
0.0268868
0.0269483
0.0270097
0.0270711
0.0271325
0.0271939
0.0272553
0.0273167
0.0273781
0.0274394
0.0275008
0.0275621
0.0276234
0.0276847
0.027746
0.0278073
0.0278686
0.0279299
0.0279911
0.0280524
0.0281136
0.0281749
0.0282361
0.0282973
0.0283585
0.0284196
0.0284808
0.028542
0.0286031
0.0286643
0.0287254
0.0287865
0.0288476
0.0289087
0.0289698
0.0290308
0.0290919
0.0291529
0.029214
0.029275
0.029336
0.029397
0.029458
0.029519
0.0295799
0.0296409
0.0297018
0.0297628
0.0298237
0.0298846
0.0299455
0.0300064
0.0300672
0.0301281
0.0301889
0.0302498
0.0303106
0.0303714
0.0304322
0.030493
0.0305538
0.0306145
0.0306753
0.030736
0.0307967
0.0308574
0.0309181
0.0309788
0.0310395
0.0311002
0.0311608
0.0312215
0.0312821
0.0313427
0.0314033
0.0314639
0.0315245
0.0315851
0.0316456
0.0317061
0.0317667
0.0318272
0.0318877
0.0319482
0.0320087
0.0320691
0.0321296
0.03219
0.0322505
0.0323109
0.0323713
0.0324317
0.032492
0.0325524
0.0326127
0.0326731
0.0327334
0.0327937
0.032854
0.0329143
0.0329746
0.0330348
0.0330951
0.0331553
0.0332155
0.0332758
0.0333359
0.0333961
0.0334563
0.0335165
0.0335766
0.0336367
0.0336968
0.0337569
0.033817
0.0338771
0.0339372
0.0339972
0.0340573
0.0341173
0.0341773
0.0342373
0.0342973
0.0343572
0.0344172
0.0344771
0.034537
0.034597
0.0346569
0.0347167
0.0347766
0.0348365
0.0348963
0.0349562
0.035016
0.0350758
0.0351356
0.0351953
0.0352551
0.0353148
0.0353746
0.0354343
0.035494
0.0355537
0.0356134
0.035673
0.0357327
0.0357923
0.0358519
0.0359116
0.0359711
0.0360307
0.0360903
0.0361498
0.0362094
0.0362689
0.0363284
0.0363879
0.0364474
0.0365068
0.0365663
0.0366257
0.0366852
0.0367446
0.036804
0.0368633
0.0369227
0.036982
0.0370414
0.0371007
0.03716
0.0372193
0.0372786
0.0373378
0.0373971
0.0374563
0.0375155
0.0375747
0.0376339
0.0376931
0.0377522
0.0378114
0.0378705
0.0379296
0.0379887
0.0380478
0.0381069
0.0381659
0.038225
0.038284
0.038343
0.038402
0.038461
0.0385199
0.0385789
0.0386378
0.0386967
0.0387556
0.0388145
Process [1]
0.0388734
0.0389322
0.0389911
0.0390499
0.0391087
0.0391675
0.0392263
0.039285
0.0393438
0.0394025
0.0394612
0.0395199
0.0395786
0.0396373
0.0396959
0.0397546
0.0398132
0.0398718
0.0399304
0.0399889
0.0400475
0.040106
0.0401646
0.0402231
0.0402816
0.0403401
0.0403985
0.040457
0.0405154
0.0405738
0.0406322
0.0406906
0.040749
0.0408073
0.0408657
0.040924
0.0409823
0.0410406
0.0410988
0.0411571
0.0412153
0.0412735
0.0413318
0.0413899
0.0414481
0.0415063
0.0415644
0.0416225
0.0416806
0.0417387
0.0417968
0.0418549
0.0419129
0.0419709
0.0420289
0.0420869
0.0421449
0.0422029
0.0422608
0.0423187
0.0423766
0.0424345
0.0424924
0.0425503
0.0426081
0.0426659
0.0427237
0.0427815
0.0428393
0.0428971
0.0429548
0.0430125
0.0430702
0.0431279
0.0431856
0.0432432
0.0433009
0.0433585
0.0434161
0.0434737
0.0435313
0.0435888
0.0436463
0.0437039
0.0437614
0.0438188
0.0438763
0.0439338
0.0439912
0.0440486
0.044106
0.0441634
0.0442207
0.0442781
0.0443354
0.0443927
0.04445
0.0445073
0.0445645
0.0446218
0.044679
0.0447362
0.0447934
0.0448506
0.0449077
0.0449648
0.045022
0.0450791
0.0451361
0.0451932
0.0452502
0.0453073
0.0453643
0.0454213
0.0454782
0.0455352
0.0455921
0.045649
0.0457059
0.0457628
0.0458197
0.0458765
0.0459334
0.0459902
0.046047
0.0461037
0.0461605
0.0462172
0.046274
0.0463307
0.0463873
0.046444
0.0465006
0.0465573
0.0466139
0.0466705
0.046727
0.0467836
0.0468401
0.0468966
0.0469531
0.0470096
0.0470661
0.0471225
0.047179
0.0472354
0.0472917
0.0473481
0.0474045
0.0474608
0.0475171
0.0475734
0.0476297
0.0476859
0.0477422
0.0477984
0.0478546
0.0479108
0.0479669
0.0480231
0.0480792
0.0481353
0.0481914
0.0482474
0.0483035
0.0483595
0.0484155
0.0484715
0.0485275
0.0485834
0.0486394
0.0486953
0.0487512
0.0488071
0.0488629
0.0489187
0.0489746
0.0490304
0.0490861
0.0491419
0.0491976
0.0492534
0.0493091
0.0493647
0.0494204
0.049476
0.0495317
0.0495873
0.0496428
0.0496984
0.049754
0.0498095
0.049865
0.0499205
0.0499759
0.0500314
0.0500868
0.0501422
0.0501976
0.050253
0.0503083
0.0503636
0.0504189
0.0504742
0.0505295
0.0505847
0.05064
0.0506952
0.0507504
0.0508055
0.0508607
0.0509158
0.0509709
0.051026
0.0510811
0.0511361
0.0511911
0.0512461
0.0513011
0.0513561
0.051411
0.051466
0.0515209
0.0515758
0.0516306
0.0516855
0.0517403
0.0517951
0.0518499
0.0519046
0.0519594
0.0520141
0.0520688
0.0521235
0.0521781
0.0522328
0.0522874
0.052342
0.0523966
0.0524511
0.0525057
0.0525602
0.0526147
0.0526691
0.0527236
0.052778
0.0528324
0.0528868
0.0529412
0.0529955
0.0530499
0.0531042
0.0531585
0.0532127
0.053267
0.0533212
0.0533754
0.0534296
0.0534837
0.0535379
0.053592
0.0536461
0.0537002
0.0537542
0.0538082
0.0538623
0.0539162
0.0539702
0.0540242
0.0540781
0.054132
0.0541859
0.0542397
0.0542936
0.0543474
0.0544012
0.054455
0.0545087
0.0545624
0.0546162
0.0546698
0.0547235
0.0547772
0.0548308
0.0548844
0.054938
0.0549915
0.0550451
0.0550986
0.0551521
0.0552056
0.055259
0.0553124
0.0553658
0.0554192
0.0554726
0.0555259
0.0555793
0.0556325
0.0556858
0.0557391
0.0557923
0.0558455
0.0558987
0.0559519
0.056005
0.0560581
0.0561112
0.0561643
0.0562174
0.0562704
0.0563234
0.0563764
0.0564294
0.0564823
0.0565352
0.0565881
0.056641
0.0566939
0.0567467
0.0567995
0.0568523
0.0569051
0.0569578
0.0570105
0.0570632
0.0571159
0.0571685
0.0572212
0.0572738
0.0573264
0.0573789
0.0574315
0.057484
0.0575365
0.0575889
0.0576414
0.0576938
0.0577462
0.0577986
0.057851
0.0579033
0.0579556
0.0580079
0.0580602
0.0581124
0.0581646
0.0582168
0.058269
0.0583211
0.0583733
0.0584254
0.0584775
0.0585295
0.0585816
0.0586336
0.0586856
0.0587375
0.0587895
0.0588414
0.0588933
0.0589452
0.058997
0.0590488
0.0591006
0.0591524
0.0592042
0.0592559
0.0593076
0.0593593
0.059411
0.0594626
0.0595142
0.0595658
0.0596174
0.0596689
0.0597205
0.059772
0.0598234
0.0598749
0.0599263
0.0599777
0.0600291
0.0600804
0.0601318
0.0601831
0.0602344
0.0602856
0.0603369
0.0603881
0.0604393
0.0604904
0.0605416
0.0605927
0.0606438
0.0606949
0.0607459
0.0607969
0.0608479
0.0608989
0.0609499
0.0610008
0.0610517
0.0611026
0.0611534
0.0612043
0.0612551
0.0613058
0.0613566
0.0614073
0.061458
0.0615087
0.0615594
0.06161
0.0616606
0.0617112
0.0617618
0.0618123
0.0618628
0.0619133
0.0619638
0.0620142
0.0620647
0.0621151
0.0621654
0.0622158
0.0622661
0.0623164
0.0623666
0.0624169
0.0624671
0.0625173
0.0625675
0.0626176
0.0626677
0.0627178
0.0627679
0.062818
0.062868
0.062918
0.062968
0.0630179
0.0630678
0.0631177
0.0631676
0.0632174
0.0632673
0.0633171
0.0633668
0.0634166
0.0634663
0.063516
0.0635657
0.0636153
0.063665
0.0637145
0.0637641
0.0638137
0.0638632
0.0639127
0.0639622
0.0640116
0.064061
0.0641104
0.0641598
0.0642091
0.0642585
0.0643078
0.064357
0.0644063
0.0644555
0.0645047
0.0645538
0.064603
0.0646521
0.0647012
0.0647503
0.0647993
0.0648483
0.0648973
0.0649463
0.0649952
0.0650441
0.065093
0.0651419
0.0651907
0.0652395
0.0652883
0.065337
0.0653858
0.0654345
0.0654832
0.0655318
0.0655804
0.065629
0.0656776
0.0657262
0.0657747
0.0658232
0.0658717
0.0659201
0.0659685
0.0660169
0.0660653
0.0661136
0.066162
0.0662102
0.0662585
0.0663068
0.066355
0.0664031
0.0664513
0.0664994
0.0665475
0.0665956
0.0666437
0.0666917
0.0667397
0.0667877
0.0668356
0.0668836
0.0669315
0.0669793
0.0670272
0.067075
0.0671228
0.0671705
0.0672183
0.067266
0.0673137
0.0673613
0.067409
0.0674566
0.0675041
0.0675517
0.0675992
0.0676467
0.0676942
0.0677416
0.067789
0.0678364
0.0678838
0.0679311
0.0679784
0.0680257
0.068073
0.0681202
0.0681674
0.0682146
0.0682617
0.0683089
0.068356
0.068403
0.0684501
0.0684971
0.0685441
0.068591
0.068638
0.0686849
0.0687318
0.0687786
0.0688254
0.0688722
0.068919
0.0689657
0.0690125
0.0690591
0.0691058
0.0691524
0.069199
0.0692456
0.0692922
0.0693387
0.0693852
0.0694317
0.0694781
0.0695245
0.0695709
0.0696173
0.0696636
0.0697099
0.0697562
0.0698024
0.0698487
0.0698949
0.069941
0.0699872
0.0700333
0.0700794
0.0701254
0.0701714
0.0702174
0.0702634
0.0703094
0.0703553
0.0704012
0.070447
0.0704929
0.0705387
0.0705845
0.0706302
0.0706759
0.0707216
0.0707673
0.0708129
0.0708585
0.0709041
0.0709497
0.0709952
0.0710407
0.0710862
0.0711316
0.071177
0.0712224
0.0712678
0.0713131
0.0713584
0.0714037
0.0714489
0.0714942
0.0715394
0.0715845
0.0716296
0.0716748
0.0717198
Process [2]
0.0717649
0.0718099
0.0718549
0.0718999
0.0719448
0.0719897
0.0720346
0.0720794
0.0721242
0.072169
0.0722138
0.0722585
0.0723032
0.0723479
0.0723926
0.0724372
0.0724818
0.0725264
0.0725709
0.0726154
0.0726599
0.0727043
0.0727488
0.0727931
0.0728375
0.0728818
0.0729262
0.0729704
0.0730147
0.0730589
0.0731031
0.0731473
0.0731914
0.0732355
0.0732796
0.0733236
0.0733676
0.0734116
0.0734556
0.0734995
0.0735434
0.0735873
0.0736311
0.0736749
0.0737187
0.0737625
0.0738062
0.0738499
0.0738936
0.0739372
0.0739808
0.0740244
0.074068
0.0741115
0.074155
0.0741984
0.0742419
0.0742853
0.0743287
0.074372
0.0744153
0.0744586
0.0745019
0.0745451
0.0745883
0.0746315
0.0746746
0.0747177
0.0747608
0.0748039
0.0748469
0.0748899
0.0749328
0.0749758
0.0750187
0.0750616
0.0751044
0.0751472
0.07519
0.0752328
0.0752755
0.0753182
0.0753609
0.0754035
0.0754461
0.0754887
0.0755312
0.0755737
0.0756162
0.0756587
0.0757011
0.0757435
0.0757859
0.0758282
0.0758705
0.0759128
0.0759551
0.0759973
0.0760395
0.0760816
0.0761238
0.0761659
0.0762079
0.07625
0.076292
0.076334
0.0763759
0.0764178
0.0764597
0.0765016
0.0765434
0.0765852
0.076627
0.0766687
0.0767104
0.0767521
0.0767937
0.0768354
0.0768769
0.0769185
0.07696
0.0770015
0.077043
0.0770844
0.0771258
0.0771672
0.0772085
0.0772498
0.0772911
0.0773324
0.0773736
0.0774148
0.0774559
0.0774971
0.0775382
0.0775792
0.0776203
0.0776613
0.0777023
0.0777432
0.0777841
0.077825
0.0778659
0.0779067
0.0779475
0.0779882
0.078029
0.0780697
0.0781103
0.078151
0.0781916
0.0782322
0.0782727
0.0783132
0.0783537
0.0783941
0.0784346
0.078475
0.0785153
0.0785556
0.0785959
0.0786362
0.0786764
0.0787166
0.0787568
0.078797
0.0788371
0.0788772
0.0789172
0.0789572
0.0789972
0.0790372
0.0790771
0.079117
0.0791568
0.0791967
0.0792365
0.0792762
0.079316
0.0793557
0.0793954
0.079435
0.0794746
0.0795142
0.0795537
0.0795932
0.0796327
0.0796722
0.0797116
0.079751
0.0797904
0.0798297
0.079869
0.0799083
0.0799475
0.0799867
0.0800259
0.080065
0.0801041
0.0801432
0.0801822
0.0802212
0.0802602
0.0802992
0.0803381
0.080377
0.0804158
0.0804546
0.0804934
0.0805322
0.0805709
0.0806096
0.0806483
0.0806869
0.0807255
0.0807641
0.0808026
0.0808411
0.0808796
0.080918
0.0809564
0.0809948
0.0810332
0.0810715
0.0811097
0.081148
0.0811862
0.0812244
0.0812625
0.0813007
0.0813387
0.0813768
0.0814148
0.0814528
0.0814908
0.0815287
0.0815666
0.0816045
0.0816423
0.0816801
0.0817179
0.0817556
0.0817933
0.081831
0.0818686
0.0819062
0.0819438
0.0819813
0.0820188
0.0820563
0.0820937
0.0821311
0.0821685
0.0822059
0.0822432
0.0822805
0.0823177
0.0823549
0.0823921
0.0824293
0.0824664
0.0825035
0.0825405
0.0825775
0.0826145
0.0826515
0.0826884
0.0827253
0.0827621
0.082799
0.0828358
0.0828725
0.0829092
0.0829459
0.0829826
0.0830192
0.0830558
0.0830924
0.0831289
0.0831654
0.0832019
0.0832383
0.0832747
0.0833111
0.0833474
0.0833837
0.08342
0.0834562
0.0834924
0.0835286
0.0835647
0.0836008
0.0836369
0.0836729
0.0837089
0.0837449
0.0837808
0.0838167
0.0838526
0.0838884
0.0839242
0.08396
0.0839957
0.0840315
0.0840671
0.0841028
0.0841384
0.0841739
0.0842095
0.084245
0.0842805
0.0843159
0.0843513
0.0843867
0.084422
0.0844573
0.0844926
0.0845278
0.084563
0.0845982
0.0846333
0.0846684
0.0847035
0.0847386
0.0847736
0.0848085
0.0848435
0.0848784
0.0849133
0.0849481
0.0849829
0.0850177
0.0850524
0.0850871
0.0851218
0.0851564
0.085191
0.0852256
0.0852601
0.0852946
0.0853291
0.0853635
0.0853979
0.0854323
0.0854666
0.0855009
0.0855352
0.0855694
0.0856036
0.0856378
0.0856719
0.085706
0.0857401
0.0857741
0.0858081
0.0858421
0.085876
0.0859099
0.0859437
0.0859776
0.0860114
0.0860451
0.0860788
0.0861125
0.0861462
0.0861798
0.0862134
0.0862469
0.0862805
0.086314
0.0863474
0.0863808
0.0864142
0.0864476
0.0864809
0.0865142
0.0865474
0.0865806
0.0866138
0.0866469
0.08668
0.0867131
0.0867462
0.0867792
0.0868121
0.0868451
0.086878
0.0869109
0.0869437
0.0869765
0.0870093
0.087042
0.0870747
0.0871074
0.08714
0.0871726
0.0872051
0.0872377
0.0872702
0.0873026
0.087335
0.0873674
0.0873998
0.0874321
0.0874644
0.0874966
0.0875289
0.087561
0.0875932
0.0876253
0.0876574
0.0876894
0.0877214
0.0877534
0.0877853
0.0878172
0.0878491
0.087881
0.0879128
0.0879445
0.0879762
0.0880079
0.0880396
0.0880712
0.0881028
0.0881344
0.0881659
0.0881974
0.0882288
0.0882603
0.0882916
0.088323
0.0883543
0.0883856
0.0884168
0.088448
0.0884792
0.0885104
0.0885415
0.0885725
0.0886036
0.0886346
0.0886655
0.0886965
0.0887274
0.0887582
0.088789
0.0888198
0.0888506
0.0888813
0.088912
0.0889426
0.0889732
0.0890038
0.0890344
0.0890649
0.0890953
0.0891258
0.0891562
0.0891866
0.0892169
0.0892472
0.0892774
0.0893077
0.0893379
0.089368
0.0893981
0.0894282
0.0894583
0.0894883
0.0895183
0.0895482
0.0895781
0.089608
0.0896378
0.0896676
0.0896974
0.0897271
0.0897568
0.0897865
0.0898161
0.0898457
0.0898753
0.0899048
0.0899343
0.0899637
0.0899931
0.0900225
0.0900519
0.0900812
0.0901104
0.0901397
0.0901689
0.090198
0.0902272
0.0902562
0.0902853
0.0903143
0.0903433
0.0903723
0.0904012
0.0904301
0.0904589
0.0904877
0.0905165
0.0905452
0.0905739
0.0906026
0.0906312
0.0906598
0.0906884
0.0907169
0.0907454
0.0907738
0.0908022
0.0908306
0.0908589
0.0908872
0.0909155
0.0909438
0.090972
0.0910001
0.0910282
0.0910563
0.0910844
0.0911124
0.0911404
0.0911683
0.0911962
0.0912241
0.091252
0.0912798
0.0913075
0.0913353
0.091363
0.0913906
0.0914182
0.0914458
0.0914734
0.0915009
0.0915284
0.0915558
0.0915832
0.0916106
0.0916379
0.0916652
0.0916925
0.0917197
0.0917469
0.091774
0.0918012
0.0918282
0.0918553
0.0918823
0.0919093
0.0919362
0.0919631
0.09199
0.0920168
0.0920436
0.0920703
0.092097
0.0921237
0.0921504
0.092177
0.0922035
0.0922301
0.0922566
0.092283
0.0923095
0.0923359
0.0923622
0.0923885
0.0924148
0.092441
0.0924673
0.0924934
0.0925196
0.0925457
0.0925717
0.0925977
0.0926237
0.0926497
0.0926756
0.0927015
0.0927273
0.0927531
0.0927789
0.0928046
0.0928303
0.092856
0.0928816
0.0929072
0.0929327
0.0929582
0.0929837
0.0930092
0.0930346
0.0930599
0.0930852
0.0931105
0.0931358
0.093161
0.0931862
0.0932113
0.0932364
0.0932615
0.0932865
0.0933115
0.0933365
0.0933614
0.0933863
0.0934112
0.093436
0.0934608
0.0934855
0.0935102
0.0935349
0.0935595
0.0935841
0.0936086
0.0936331
0.0936576
0.0936821
0.0937065
Process [3]
0.0937308
0.0937552
0.0937795
0.0938037
0.093828
0.0938521
0.0938763
0.0939004
0.0939245
0.0939485
0.0939725
0.0939965
0.0940204
0.0940443
0.0940681
0.0940919
0.0941157
0.0941395
0.0941632
0.0941868
0.0942105
0.094234
0.0942576
0.0942811
0.0943046
0.094328
0.0943514
0.0943748
0.0943981
0.0944214
0.0944447
0.0944679
0.0944911
0.0945142
0.0945373
0.0945604
0.0945834
0.0946064
0.0946294
0.0946523
0.0946752
0.094698
0.0947208
0.0947436
0.0947663
0.094789
0.0948117
0.0948343
0.0948569
0.0948794
0.0949019
0.0949244
0.0949468
0.0949692
0.0949916
0.0950139
0.0950362
0.0950584
0.0950807
0.0951028
0.095125
0.095147
0.0951691
0.0951911
0.0952131
0.0952351
0.095257
0.0952788
0.0953007
0.0953225
0.0953442
0.0953659
0.0953876
0.0954093
0.0954309
0.0954524
0.095474
0.0954955
0.0955169
0.0955383
0.0955597
0.0955811
0.0956024
0.0956236
0.0956449
0.095666
0.0956872
0.0957083
0.0957294
0.0957504
0.0957714
0.0957924
0.0958133
0.0958342
0.0958551
0.0958759
0.0958967
0.0959174
0.0959381
0.0959588
0.0959794
0.096
0.0960205
0.096041
0.0960615
0.0960819
0.0961023
0.0961227
0.096143
0.0961633
0.0961835
0.0962037
0.0962239
0.096244
0.0962641
0.0962842
0.0963042
0.0963242
0.0963441
0.096364
0.0963839
0.0964037
0.0964235
0.0964432
0.096463
0.0964826
0.0965023
0.0965219
0.0965414
0.096561
0.0965804
0.0965999
0.0966193
0.0966387
0.096658
0.0966773
0.0966965
0.0967158
0.0967349
0.0967541
0.0967732
0.0967922
0.0968113
0.0968302
0.0968492
0.0968681
0.096887
0.0969058
0.0969246
0.0969434
0.0969621
0.0969808
0.0969994
0.097018
0.0970366
0.0970551
0.0970736
0.0970921
0.0971105
0.0971288
0.0971472
0.0971655
0.0971837
0.097202
0.0972201
0.0972383
0.0972564
0.0972745
0.0972925
0.0973105
0.0973284
0.0973463
0.0973642
0.0973821
0.0973999
0.0974176
0.0974353
0.097453
0.0974707
0.0974883
0.0975058
0.0975234
0.0975409
0.0975583
0.0975757
0.0975931
0.0976104
0.0976277
0.097645
0.0976622
0.0976794
0.0976966
0.0977137
0.0977307
0.0977478
0.0977647
0.0977817
0.0977986
0.0978155
0.0978323
0.0978491
0.0978659
0.0978826
0.0978993
0.0979159
0.0979325
0.0979491
0.0979656
0.0979821
0.0979986
0.098015
0.0980313
0.0980477
0.098064
0.0980802
0.0980964
0.0981126
0.0981287
0.0981448
0.0981609
0.0981769
0.0981929
0.0982089
0.0982248
0.0982406
0.0982565
0.0982723
0.098288
0.0983037
0.0983194
0.098335
0.0983506
0.0983662
0.0983817
0.0983972
0.0984126
0.098428
0.0984434
0.0984587
0.098474
0.0984892
0.0985045
0.0985196
0.0985348
0.0985498
0.0985649
0.0985799
0.0985949
0.0986098
0.0986247
0.0986396
0.0986544
0.0986692
0.0986839
0.0986986
0.0987133
0.0987279
0.0987425
0.098757
0.0987715
0.098786
0.0988004
0.0988148
0.0988292
0.0988435
0.0988578
0.098872
0.0988862
0.0989004
0.0989145
0.0989285
0.0989426
0.0989566
0.0989705
0.0989845
0.0989983
0.0990122
0.099026
0.0990398
0.0990535
0.0990672
0.0990808
0.0990944
0.099108
0.0991215
0.099135
0.0991485
0.0991619
0.0991753
0.0991886
0.0992019
0.0992151
0.0992284
0.0992415
0.0992547
0.0992678
0.0992808
0.0992939
0.0993068
0.0993198
0.0993327
0.0993456
0.0993584
0.0993712
0.0993839
0.0993966
0.0994093
0.0994219
0.0994345
0.0994471
0.0994596
0.099472
0.0994845
0.0994969
0.0995092
0.0995215
0.0995338
0.0995461
0.0995583
0.0995704
0.0995825
0.0995946
0.0996066
0.0996186
0.0996306
0.0996425
0.0996544
0.0996663
0.0996781
0.0996898
0.0997015
0.0997132
0.0997249
0.0997365
0.0997481
0.0997596
0.0997711
0.0997825
0.0997939
0.0998053
0.0998166
0.0998279
0.0998392
0.0998504
0.0998616
0.0998727
0.0998838
0.0998948
0.0999059
0.0999168
0.0999278
0.0999387
0.0999495
0.0999604
0.0999711
0.0999819
0.0999926
0.100003
0.100014
0.100024
0.100035
0.100045
0.100056
0.100066
0.100077
0.100087
0.100097
0.100108
0.100118
0.100128
0.100138
0.100148
0.100158
0.100168
0.100178
0.100188
0.100198
0.100208
0.100218
0.100228
0.100238
0.100247
0.100257
0.100267
0.100276
0.100286
0.100295
0.100305
0.100314
0.100324
0.100333
0.100342
0.100351
0.100361
0.10037
0.100379
0.100388
0.100397
0.100406
0.100415
0.100424
0.100433
0.100442
0.100451
0.10046
0.100468
0.100477
0.100486
0.100494
0.100503
0.100512
0.10052
0.100529
0.100537
0.100546
0.100554
0.100562
0.10057
0.100579
0.100587
0.100595
0.100603
0.100611
0.100619
0.100627
0.100635
0.100643
0.100651
0.100659
0.100667
0.100675
0.100682
0.10069
0.100698
0.100705
0.100713
0.10072
0.100728
0.100735
0.100743
0.10075
0.100757
0.100765
0.100772
0.100779
0.100786
0.100793
0.100801
0.100808
0.100815
0.100822
0.100829
0.100835
0.100842
0.100849
0.100856
0.100863
0.100869
0.100876
0.100883
0.100889
0.100896
0.100902
0.100909
0.100915
0.100921
0.100928
0.100934
0.10094
0.100947
0.100953
0.100959
0.100965
0.100971
0.100977
0.100983
0.100989
0.100995
0.101001
0.101007
0.101012
0.101018
0.101024
0.101029
0.101035
0.101041
0.101046
0.101052
0.101057
0.101062
0.101068
0.101073
0.101079
0.101084
0.101089
0.101094
0.101099
0.101104
0.101109
0.101114
0.101119
0.101124
0.101129
0.101134
0.101139
0.101144
0.101149
0.101153
0.101158
0.101163
0.101167
0.101172
0.101176
0.101181
0.101185
0.101189
0.101194
0.101198
0.101202
0.101207
0.101211
0.101215
0.101219
0.101223
0.101227
0.101231
0.101235
0.101239
0.101243
0.101247
0.10125
0.101254
0.101258
0.101261
0.101265
0.101269
0.101272
0.101276
0.101279
0.101283
0.101286
0.101289
0.101293
0.101296
0.101299
0.101302
0.101305
0.101308
0.101312
0.101315
0.101318
0.10132
0.101323
0.101326
0.101329
0.101332
0.101335
0.101337
0.10134
0.101343
0.101345
0.101348
0.10135
0.101353
0.101355
0.101357
0.10136
0.101362
0.101364
0.101367
0.101369
0.101371
0.101373
0.101375
0.101377
0.101379
0.101381
0.101383
0.101385
0.101387
0.101388
0.10139
0.101392
0.101394
0.101395
0.101397
0.101398
0.1014
0.101401
0.101403
0.101404
0.101405
0.101407
0.101408
0.101409
0.10141
0.101411
0.101413
0.101414
0.101415
0.101416
0.101417
0.101417
0.101418
0.101419
0.10142
0.101421
0.101421
0.101422
0.101423
0.101423
0.101424
0.101424
0.101425
0.101425
0.101426
0.101426
0.101426
0.101426
0.101427
0.101427
0.101427
0.101427
0.101427
0.101427
Process [4]
0.101427
0.101427
0.101427
0.101427
0.101427
0.101426
0.101426
0.101426
0.101426
0.101425
0.101425
0.101424
0.101424
0.101423
0.101423
0.101422
0.101421
0.101421
0.10142
0.101419
0.101418
0.101417
0.101417
0.101416
0.101415
0.101414
0.101413
0.101411
0.10141
0.101409
0.101408
0.101407
0.101405
0.101404
0.101403
0.101401
0.1014
0.101398
0.101397
0.101395
0.101394
0.101392
0.10139
0.101388
0.101387
0.101385
0.101383
0.101381
0.101379
0.101377
0.101375
0.101373
0.101371
0.101369
0.101367
0.101364
0.101362
0.10136
0.101357
0.101355
0.101353
0.10135
0.101348
0.101345
0.101343
0.10134
0.101337
0.101335
0.101332
0.101329
0.101326
0.101323
0.10132
0.101318
0.101315
0.101312
0.101308
0.101305
0.101302
0.101299
0.101296
0.101293
0.101289
0.101286
0.101283
0.101279
0.101276
0.101272
0.101269
0.101265
0.101261
0.101258
0.101254
0.10125
0.101247
0.101243
0.101239
0.101235
0.101231
0.101227
0.101223
0.101219
0.101215
0.101211
0.101207
0.101202
0.101198
0.101194
0.101189
0.101185
0.101181
0.101176
0.101172
0.101167
0.101163
0.101158
0.101153
0.101149
0.101144
0.101139
0.101134
0.101129
0.101124
0.101119
0.101114
0.101109
0.101104
0.101099
0.101094
0.101089
0.101084
0.101079
0.101073
0.101068
0.101063
0.101057
0.101052
0.101046
0.101041
0.101035
0.101029
0.101024
0.101018
0.101012
0.101007
0.101001
0.100995
0.100989
0.100983
0.100977
0.100971
0.100965
0.100959
0.100953
0.100947
0.10094
0.100934
0.100928
0.100921
0.100915
0.100909
0.100902
0.100896
0.100889
0.100883
0.100876
0.100869
0.100863
0.100856
0.100849
0.100842
0.100835
0.100829
0.100822
0.100815
0.100808
0.100801
0.100793
0.100786
0.100779
0.100772
0.100765
0.100757
0.10075
0.100743
0.100735
0.100728
0.10072
0.100713
0.100705
0.100698
0.10069
0.100682
0.100675
0.100667
0.100659
0.100651
0.100643
0.100635
0.100627
0.100619
0.100611
0.100603
0.100595
0.100587
0.100579
0.10057
0.100562
0.100554
0.100546
0.100537
0.100529
0.10052
0.100512
0.100503
0.100495
0.100486
0.100477
0.100468
0.10046
0.100451
0.100442
0.100433
0.100424
0.100415
0.100406
0.100397
0.100388
0.100379
0.10037
0.100361
0.100351
0.100342
0.100333
0.100324
0.100314
0.100305
0.100295
0.100286
0.100276
0.100267
0.100257
0.100247
0.100238
0.100228
0.100218
0.100208
0.100198
0.100188
0.100178
0.100168
0.100158
0.100148
0.100138
0.100128
0.100118
0.100108
0.100097
0.100087
0.100077
0.100066
0.100056
0.100045
0.100035
0.100024
0.100014
0.100003
0.0999926
0.0999819
0.0999711
0.0999604
0.0999495
0.0999387
0.0999278
0.0999168
0.0999059
0.0998949
0.0998838
0.0998727
0.0998616
0.0998504
0.0998392
0.0998279
0.0998166
0.0998053
0.0997939
0.0997825
0.0997711
0.0997596
0.0997481
0.0997365
0.0997249
0.0997132
0.0997016
0.0996898
0.0996781
0.0996663
0.0996544
0.0996425
0.0996306
0.0996187
0.0996067
0.0995946
0.0995825
0.0995704
0.0995583
0.0995461
0.0995338
0.0995215
0.0995092
0.0994969
0.0994845
0.0994721
0.0994596
0.0994471
0.0994345
0.0994219
0.0994093
0.0993966
0.0993839
0.0993712
0.0993584
0.0993456
0.0993327
0.0993198
0.0993069
0.0992939
0.0992808
0.0992678
0.0992547
0.0992415
0.0992284
0.0992152
0.0992019
0.0991886
0.0991753
0.0991619
0.0991485
0.099135
0.0991215
0.099108
0.0990944
0.0990808
0.0990672
0.0990535
0.0990398
0.099026
0.0990122
0.0989984
0.0989845
0.0989706
0.0989566
0.0989426
0.0989286
0.0989145
0.0989004
0.0988862
0.098872
0.0988578
0.0988435
0.0988292
0.0988148
0.0988004
0.098786
0.0987715
0.098757
0.0987425
0.0987279
0.0987133
0.0986986
0.0986839
0.0986692
0.0986544
0.0986396
0.0986247
0.0986098
0.0985949
0.0985799
0.0985649
0.0985499
0.0985348
0.0985196
0.0985045
0.0984893
0.098474
0.0984587
0.0984434
0.098428
0.0984126
0.0983972
0.0983817
0.0983662
0.0983506
0.098335
0.0983194
0.0983037
0.098288
0.0982723
0.0982565
0.0982406
0.0982248
0.0982089
0.0981929
0.0981769
0.0981609
0.0981449
0.0981288
0.0981126
0.0980964
0.0980802
0.098064
0.0980477
0.0980313
0.098015
0.0979986
0.0979821
0.0979656
0.0979491
0.0979325
0.0979159
0.0978993
0.0978826
0.0978659
0.0978491
0.0978323
0.0978155
0.0977986
0.0977817
0.0977648
0.0977478
0.0977307
0.0977137
0.0976966
0.0976794
0.0976622
0.097645
0.0976278
0.0976105
0.0975931
0.0975757
0.0975583
0.0975409
0.0975234
0.0975059
0.0974883
0.0974707
0.097453
0.0974354
0.0974176
0.0973999
0.0973821
0.0973642
0.0973464
0.0973284
0.0973105
0.0972925
0.0972745
0.0972564
0.0972383
0.0972202
0.097202
0.0971837
0.0971655
0.0971472
0.0971289
0.0971105
0.0970921
0.0970736
0.0970551
0.0970366
0.097018
0.0969994
0.0969808
0.0969621
0.0969434
0.0969246
0.0969058
0.096887
0.0968681
0.0968492
0.0968303
0.0968113
0.0967922
0.0967732
0.0967541
0.0967349
0.0967158
0.0966965
0.0966773
0.096658
0.0966387
0.0966193
0.0965999
0.0965804
0.096561
0.0965414
0.0965219
0.0965023
0.0964826
0.096463
0.0964433
0.0964235
0.0964037
0.0963839
0.096364
0.0963441
0.0963242
0.0963042
0.0962842
0.0962641
0.096244
0.0962239
0.0962037
0.0961835
0.0961633
0.096143
0.0961227
0.0961023
0.0960819
0.0960615
0.096041
0.0960205
0.096
0.0959794
0.0959588
0.0959381
0.0959174
0.0958967
0.0958759
0.0958551
0.0958342
0.0958133
0.0957924
0.0957714
0.0957504
0.0957294
0.0957083
0.0956872
0.0956661
0.0956449
0.0956236
0.0956024
0.0955811
0.0955597
0.0955383
0.0955169
0.0954955
0.095474
0.0954524
0.0954309
0.0954093
0.0953876
0.0953659
0.0953442
0.0953225
0.0953007
0.0952788
0.095257
0.0952351
0.0952131
0.0951911
0.0951691
0.0951471
0.095125
0.0951028
0.0950807
0.0950585
0.0950362
0.0950139
0.0949916
0.0949692
0.0949469
0.0949244
0.0949019
0.0948794
0.0948569
0.0948343
0.0948117
0.094789
0.0947663
0.0947436
0.0947208
0.094698
0.0946752
0.0946523
0.0946294
0.0946064
0.0945834
0.0945604
0.0945373
0.0945142
0.0944911
0.0944679
0.0944447
0.0944214
0.0943981
0.0943748
0.0943514
0.094328
0.0943046
0.0942811
0.0942576
0.0942341
0.0942105
0.0941868
0.0941632
0.0941395
0.0941157
0.094092
0.0940681
0.0940443
0.0940204
0.0939965
0.0939725
0.0939485
0.0939245
0.0939004
0.0938763
0.0938521
0.093828
0.0938037
0.0937795
0.0937552
0.0937309
0.0937065
Process [5]
0.0936821
0.0936576
0.0936332
0.0936086
0.0935841
0.0935595
0.0935349
0.0935102
0.0934855
0.0934608
0.093436
0.0934112
0.0933863
0.0933614
0.0933365
0.0933116
0.0932866
0.0932615
0.0932365
0.0932113
0.0931862
0.093161
0.0931358
0.0931105
0.0930853
0.0930599
0.0930346
0.0930092
0.0929837
0.0929582
0.0929327
0.0929072
0.0928816
0.092856
0.0928303
0.0928046
0.0927789
0.0927531
0.0927273
0.0927015
0.0926756
0.0926497
0.0926237
0.0925978
0.0925717
0.0925457
0.0925196
0.0924934
0.0924673
0.0924411
0.0924148
0.0923885
0.0923622
0.0923359
0.0923095
0.092283
0.0922566
0.0922301
0.0922036
0.092177
0.0921504
0.0921237
0.092097
0.0920703
0.0920436
0.0920168
0.09199
0.0919631
0.0919362
0.0919093
0.0918823
0.0918553
0.0918282
0.0918012
0.091774
0.0917469
0.0917197
0.0916925
0.0916652
0.0916379
0.0916106
0.0915832
0.0915558
0.0915284
0.0915009
0.0914734
0.0914458
0.0914182
0.0913906
0.091363
0.0913353
0.0913075
0.0912798
0.091252
0.0912241
0.0911963
0.0911683
0.0911404
0.0911124
0.0910844
0.0910563
0.0910283
0.0910001
0.090972
0.0909438
0.0909155
0.0908873
0.090859
0.0908306
0.0908022
0.0907738
0.0907454
0.0907169
0.0906884
0.0906598
0.0906312
0.0906026
0.0905739
0.0905452
0.0905165
0.0904877
0.0904589
0.0904301
0.0904012
0.0903723
0.0903433
0.0903143
0.0902853
0.0902563
0.0902272
0.090198
0.0901689
0.0901397
0.0901104
0.0900812
0.0900519
0.0900225
0.0899931
0.0899637
0.0899343
0.0899048
0.0898753
0.0898457
0.0898161
0.0897865
0.0897568
0.0897272
0.0896974
0.0896677
0.0896379
0.089608
0.0895781
0.0895482
0.0895183
0.0894883
0.0894583
0.0894282
0.0893982
0.089368
0.0893379
0.0893077
0.0892775
0.0892472
0.0892169
0.0891866
0.0891562
0.0891258
0.0890954
0.0890649
0.0890344
0.0890038
0.0889733
0.0889426
0.088912
0.0888813
0.0888506
0.0888198
0.088789
0.0887582
0.0887274
0.0886965
0.0886655
0.0886346
0.0886036
0.0885725
0.0885415
0.0885104
0.0884792
0.0884481
0.0884168
0.0883856
0.0883543
0.088323
0.0882917
0.0882603
0.0882289
0.0881974
0.0881659
0.0881344
0.0881028
0.0880712
0.0880396
0.088008
0.0879763
0.0879445
0.0879128
0.087881
0.0878491
0.0878173
0.0877854
0.0877534
0.0877214
0.0876894
0.0876574
0.0876253
0.0875932
0.0875611
0.0875289
0.0874967
0.0874644
0.0874321
0.0873998
0.0873674
0.0873351
0.0873026
0.0872702
0.0872377
0.0872052
0.0871726
0.08714
0.0871074
0.0870747
0.087042
0.0870093
0.0869765
0.0869437
0.0869109
0.086878
0.0868451
0.0868122
0.0867792
0.0867462
0.0867131
0.0866801
0.0866469
0.0866138
0.0865806
0.0865474
0.0865142
0.0864809
0.0864476
0.0864142
0.0863808
0.0863474
0.086314
0.0862805
0.086247
0.0862134
0.0861798
0.0861462
0.0861125
0.0860789
0.0860451
0.0860114
0.0859776
0.0859438
0.0859099
0.085876
0.0858421
0.0858081
0.0857741
0.0857401
0.085706
0.0856719
0.0856378
0.0856036
0.0855694
0.0855352
0.0855009
0.0854666
0.0854323
0.0853979
0.0853635
0.0853291
0.0852946
0.0852601
0.0852256
0.085191
0.0851564
0.0851218
0.0850871
0.0850524
0.0850177
0.0849829
0.0849481
0.0849133
0.0848784
0.0848435
0.0848086
0.0847736
0.0847386
0.0847035
0.0846685
0.0846334
0.0845982
0.0845631
0.0845278
0.0844926
0.0844573
0.084422
0.0843867
0.0843513
0.0843159
0.0842805
0.084245
0.0842095
0.084174
0.0841384
0.0841028
0.0840671
0.0840315
0.0839958
0.08396
0.0839243
0.0838885
0.0838526
0.0838167
0.0837808
0.0837449
0.0837089
0.0836729
0.0836369
0.0836008
0.0835647
0.0835286
0.0834924
0.0834562
0.08342
0.0833837
0.0833474
0.0833111
0.0832747
0.0832383
0.0832019
0.0831654
0.0831289
0.0830924
0.0830558
0.0830192
0.0829826
0.082946
0.0829093
0.0828725
0.0828358
0.082799
0.0827622
0.0827253
0.0826884
0.0826515
0.0826145
0.0825776
0.0825405
0.0825035
0.0824664
0.0824293
0.0823921
0.0823549
0.0823177
0.0822805
0.0822432
0.0822059
0.0821685
0.0821312
0.0820938
0.0820563
0.0820188
0.0819813
0.0819438
0.0819062
0.0818686
0.081831
0.0817933
0.0817556
0.0817179
0.0816801
0.0816423
0.0816045
0.0815666
0.0815287
0.0814908
0.0814528
0.0814148
0.0813768
0.0813388
0.0813007
0.0812626
0.0812244
0.0811862
0.081148
0.0811098
0.0810715
0.0810332
0.0809948
0.0809565
0.080918
0.0808796
0.0808411
0.0808026
0.0807641
0.0807255
0.0806869
0.0806483
0.0806096
0.0805709
0.0805322
0.0804935
0.0804547
0.0804158
0.080377
0.0803381
0.0802992
0.0802602
0.0802213
0.0801822
0.0801432
0.0801041
0.080065
0.0800259
0.0799867
0.0799475
0.0799083
0.079869
0.0798297
0.0797904
0.079751
0.0797116
0.0796722
0.0796328
0.0795933
0.0795538
0.0795142
0.0794746
0.079435
0.0793954
0.0793557
0.079316
0.0792763
0.0792365
0.0791967
0.0791569
0.079117
0.0790771
0.0790372
0.0789972
0.0789572
0.0789172
0.0788772
0.0788371
0.078797
0.0787568
0.0787167
0.0786765
0.0786362
0.078596
0.0785557
0.0785153
0.078475
0.0784346
0.0783942
0.0783537
0.0783132
0.0782727
0.0782322
0.0781916
0.078151
0.0781104
0.0780697
0.078029
0.0779883
0.0779475
0.0779067
0.0778659
0.077825
0.0777841
0.0777432
0.0777023
0.0776613
0.0776203
0.0775793
0.0775382
0.0774971
0.077456
0.0774148
0.0773736
0.0773324
0.0772911
0.0772499
0.0772086
0.0771672
0.0771258
0.0770844
0.077043
0.0770015
0.07696
0.0769185
0.076877
0.0768354
0.0767938
0.0767521
0.0767104
0.0766687
0.076627
0.0765852
0.0765434
0.0765016
0.0764597
0.0764179
0.0763759
0.076334
0.076292
0.07625
0.076208
0.0761659
0.0761238
0.0760817
0.0760395
0.0759973
0.0759551
0.0759128
0.0758706
0.0758283
0.0757859
0.0757435
0.0757011
0.0756587
0.0756163
0.0755738
0.0755312
0.0754887
0.0754461
0.0754035
0.0753609
0.0753182
0.0752755
0.0752328
0.07519
0.0751472
0.0751044
0.0750616
0.0750187
0.0749758
0.0749329
0.0748899
0.0748469
0.0748039
0.0747608
0.0747177
0.0746746
0.0746315
0.0745883
0.0745451
0.0745019
0.0744586
0.0744153
0.074372
0.0743287
0.0742853
0.0742419
0.0741985
0.074155
0.0741115
0.074068
0.0740244
0.0739809
0.0739372
0.0738936
0.0738499
0.0738062
0.0737625
0.0737188
0.073675
0.0736312
0.0735873
0.0735434
0.0734995
0.0734556
0.0734116
0.0733677
0.0733236
0.0732796
0.0732355
0.0731914
0.0731473
0.0731031
0.0730589
0.0730147
0.0729705
0.0729262
0.0728819
0.0728375
0.0727932
0.0727488
0.0727044
0.0726599
0.0726154
0.0725709
0.0725264
0.0724818
0.0724372
0.0723926
0.072348
0.0723033
0.0722586
0.0722138
0.0721691
0.0721243
0.0720795
0.0720346
0.0719897
0.0719448
0.0718999
0.0718549
0.0718099
0.0717649
0.0717199
Process [6]
0.0716748
0.0716297
0.0715845
0.0715394
0.0714942
0.071449
0.0714037
0.0713585
0.0713131
0.0712678
0.0712225
0.0711771
0.0711317
0.0710862
0.0710407
0.0709952
0.0709497
0.0709042
0.0708586
0.070813
0.0707673
0.0707217
0.070676
0.0706302
0.0705845
0.0705387
0.0704929
0.0704471
0.0704012
0.0703553
0.0703094
0.0702634
0.0702175
0.0701715
0.0701254
0.0700794
0.0700333
0.0699872
0.0699411
0.0698949
0.0698487
0.0698025
0.0697562
0.0697099
0.0696636
0.0696173
0.0695709
0.0695246
0.0694781
0.0694317
0.0693852
0.0693387
0.0692922
0.0692457
0.0691991
0.0691525
0.0691058
0.0690592
0.0690125
0.0689658
0.068919
0.0688723
0.0688255
0.0687786
0.0687318
0.0686849
0.068638
0.0685911
0.0685441
0.0684971
0.0684501
0.0684031
0.068356
0.0683089
0.0682618
0.0682146
0.0681675
0.0681202
0.068073
0.0680258
0.0679785
0.0679312
0.0678838
0.0678365
0.0677891
0.0677417
0.0676942
0.0676467
0.0675992
0.0675517
0.0675042
0.0674566
0.067409
0.0673614
0.0673137
0.067266
0.0672183
0.0671706
0.0671228
0.067075
0.0670272
0.0669794
0.0669315
0.0668836
0.0668357
0.0667877
0.0667397
0.0666917
0.0666437
0.0665957
0.0665476
0.0664995
0.0664513
0.0664032
0.066355
0.0663068
0.0662585
0.0662103
0.066162
0.0661137
0.0660653
0.066017
0.0659686
0.0659201
0.0658717
0.0658232
0.0657747
0.0657262
0.0656777
0.0656291
0.0655805
0.0655318
0.0654832
0.0654345
0.0653858
0.0653371
0.0652883
0.0652395
0.0651907
0.0651419
0.065093
0.0650441
0.0649952
0.0649463
0.0648973
0.0648483
0.0647993
0.0647503
0.0647012
0.0646521
0.064603
0.0645539
0.0645047
0.0644555
0.0644063
0.0643571
0.0643078
0.0642585
0.0642092
0.0641598
0.0641105
0.0640611
0.0640116
0.0639622
0.0639127
0.0638632
0.0638137
0.0637642
0.0637146
0.063665
0.0636154
0.0635657
0.063516
0.0634663
0.0634166
0.0633669
0.0633171
0.0632673
0.0632175
0.0631676
0.0631178
0.0630679
0.0630179
0.062968
0.062918
0.062868
0.062818
0.0627679
0.0627179
0.0626678
0.0626177
0.0625675
0.0625173
0.0624671
0.0624169
0.0623667
0.0623164
0.0622661
0.0622158
0.0621655
0.0621151
0.0620647
0.0620143
0.0619638
0.0619134
0.0618629
0.0618124
0.0617618
0.0617113
0.0616607
0.0616101
0.0615594
0.0615088
0.0614581
0.0614074
0.0613566
0.0613059
0.0612551
0.0612043
0.0611535
0.0611026
0.0610517
0.0610008
0.0609499
0.060899
0.060848
0.060797
0.060746
0.0606949
0.0606438
0.0605927
0.0605416
0.0604905
0.0604393
0.0603881
0.0603369
0.0602857
0.0602344
0.0601831
0.0601318
0.0600805
0.0600291
0.0599777
0.0599263
0.0598749
0.0598235
0.059772
0.0597205
0.059669
0.0596174
0.0595659
0.0595143
0.0594626
0.059411
0.0593593
0.0593077
0.0592559
0.0592042
0.0591525
0.0591007
0.0590489
0.058997
0.0589452
0.0588933
0.0588414
0.0587895
0.0587376
0.0586856
0.0586336
0.0585816
0.0585296
0.0584775
0.0584254
0.0583733
0.0583212
0.058269
0.0582169
0.0581647
0.0581124
0.0580602
0.0580079
0.0579556
0.0579033
0.057851
0.0577986
0.0577463
0.0576939
0.0576414
0.057589
0.0575365
0.057484
0.0574315
0.057379
0.0573264
0.0572738
0.0572212
0.0571686
0.0571159
0.0570633
0.0570106
0.0569578
0.0569051
0.0568523
0.0567995
0.0567467
0.0566939
0.056641
0.0565882
0.0565353
0.0564824
0.0564294
0.0563764
0.0563235
0.0562704
0.0562174
0.0561644
0.0561113
0.0560582
0.0560051
0.0559519
0.0558987
0.0558456
0.0557924
0.0557391
0.0556859
0.0556326
0.0555793
0.055526
0.0554726
0.0554193
0.0553659
0.0553125
0.055259
0.0552056
0.0551521
0.0550986
0.0550451
0.0549916
0.054938
0.0548844
0.0548308
0.0547772
0.0547236
0.0546699
0.0546162
0.0545625
0.0545088
0.054455
0.0544012
0.0543474
0.0542936
0.0542398
0.0541859
0.054132
0.0540781
0.0540242
0.0539703
0.0539163
0.0538623
0.0538083
0.0537543
0.0537002
0.0536461
0.053592
0.0535379
0.0534838
0.0534296
0.0533754
0.0533212
0.053267
0.0532128
0.0531585
0.0531042
0.0530499
0.0529956
0.0529412
0.0528869
0.0528325
0.0527781
0.0527236
0.0526692
0.0526147
0.0525602
0.0525057
0.0524512
0.0523966
0.052342
0.0522874
0.0522328
0.0521782
0.0521235
0.0520688
0.0520141
0.0519594
0.0519047
0.0518499
0.0517951
0.0517403
0.0516855
0.0516307
0.0515758
0.0515209
0.051466
0.0514111
0.0513561
0.0513012
0.0512462
0.0511912
0.0511362
0.0510811
0.051026
0.050971
0.0509159
0.0508607
0.0508056
0.0507504
0.0506952
0.05064
0.0505848
0.0505295
0.0504743
0.050419
0.0503637
0.0503084
0.050253
0.0501976
0.0501423
0.0500869
0.0500314
0.049976
0.0499205
0.049865
0.0498095
0.049754
0.0496985
0.0496429
0.0495873
0.0495317
0.0494761
0.0494204
0.0493648
0.0493091
0.0492534
0.0491977
0.0491419
0.0490862
0.0490304
0.0489746
0.0489188
0.048863
0.0488071
0.0487512
0.0486953
0.0486394
0.0485835
0.0485275
0.0484716
0.0484156
0.0483596
0.0483035
0.0482475
0.0481914
0.0481353
0.0480792
0.0480231
0.047967
0.0479108
0.0478546
0.0477984
0.0477422
0.047686
0.0476297
0.0475734
0.0475172
0.0474608
0.0474045
0.0473482
0.0472918
0.0472354
0.047179
0.0471226
0.0470661
0.0470097
0.0469532
0.0468967
0.0468402
0.0467836
0.0467271
0.0466705
0.0466139
0.0465573
0.0465007
0.046444
0.0463874
0.0463307
0.046274
0.0462173
0.0461605
0.0461038
0.046047
0.0459902
0.0459334
0.0458766
0.0458197
0.0457629
0.045706
0.0456491
0.0455922
0.0455352
0.0454783
0.0454213
0.0453643
0.0453073
0.0452503
0.0451932
0.0451362
0.0450791
0.045022
0.0449649
0.0449078
0.0448506
0.0447934
0.0447363
0.0446791
0.0446218
0.0445646
0.0445073
0.0444501
0.0443928
0.0443355
0.0442781
0.0442208
0.0441634
0.0441061
0.0440487
0.0439912
0.0439338
0.0438764
0.0438189
0.0437614
0.0437039
0.0436464
0.0435889
0.0435313
0.0434737
0.0434162
0.0433586
0.0433009
0.0432433
0.0431856
0.043128
0.0430703
0.0430126
0.0429548
0.0428971
0.0428394
0.0427816
0.0427238
0.042666
0.0426082
0.0425503
0.0424925
0.0424346
0.0423767
0.0423188
0.0422609
0.0422029
0.042145
0.042087
0.042029
0.041971
0.041913
0.0418549
0.0417969
0.0417388
0.0416807
0.0416226
0.0415645
0.0415063
0.0414482
0.04139
0.0413318
0.0412736
0.0412154
0.0411571
0.0410989
0.0410406
0.0409823
0.040924
0.0408657
0.0408074
0.040749
0.0406907
0.0406323
0.0405739
0.0405155
0.040457
0.0403986
0.0403401
0.0402816
0.0402231
0.0401646
0.0401061
0.0400476
0.039989
0.0399304
0.0398718
0.0398132
0.0397546
0.039696
0.0396373
0.0395787
0.03952
0.0394613
0.0394026
0.0393438
0.0392851
0.0392263
0.0391675
0.0391087
0.0390499
0.0389911
0.0389323
0.0388734
0.0388146
Process [7]
0.0387557
0.0386968
0.0386379
0.0385789
0.03852
0.038461
0.038402
0.038343
0.038284
0.038225
0.038166
0.0381069
0.0380479
0.0379888
0.0379297
0.0378706
0.0378114
0.0377523
0.0376931
0.037634
0.0375748
0.0375156
0.0374564
0.0373971
0.0373379
0.0372786
0.0372194
0.0371601
0.0371008
0.0370414
0.0369821
0.0369228
0.0368634
0.036804
0.0367446
0.0366852
0.0366258
0.0365664
0.0365069
0.0364474
0.036388
0.0363285
0.036269
0.0362094
0.0361499
0.0360904
0.0360308
0.0359712
0.0359116
0.035852
0.0357924
0.0357328
0.0356731
0.0356134
0.0355538
0.0354941
0.0354344
0.0353746
0.0353149
0.0352552
0.0351954
0.0351356
0.0350758
0.035016
0.0349562
0.0348964
0.0348365
0.0347767
0.0347168
0.0346569
0.034597
0.0345371
0.0344772
0.0344172
0.0343573
0.0342973
0.0342373
0.0341773
0.0341173
0.0340573
0.0339973
0.0339372
0.0338772
0.0338171
0.033757
0.0336969
0.0336368
0.0335767
0.0335165
0.0334564
0.0333962
0.033336
0.0332758
0.0332156
0.0331554
0.0330952
0.0330349
0.0329746
0.0329144
0.0328541
0.0327938
0.0327335
0.0326732
0.0326128
0.0325525
0.0324921
0.0324317
0.0323713
0.0323109
0.0322505
0.0321901
0.0321297
0.0320692
0.0320087
0.0319483
0.0318878
0.0318273
0.0317667
0.0317062
0.0316457
0.0315851
0.0315246
0.031464
0.0314034
0.0313428
0.0312822
0.0312215
0.0311609
0.0311002
0.0310396
0.0309789
0.0309182
0.0308575
0.0307968
0.0307361
0.0306753
0.0306146
0.0305538
0.0304931
0.0304323
0.0303715
0.0303107
0.0302498
0.030189
0.0301282
0.0300673
0.0300064
0.0299455
0.0298847
0.0298237
0.0297628
0.0297019
0.029641
0.02958
0.029519
0.0294581
0.0293971
0.0293361
0.0292751
0.029214
0.029153
0.029092
0.0290309
0.0289698
0.0289088
0.0288477
0.0287866
0.0287255
0.0286643
0.0286032
0.0285421
0.0284809
0.0284197
0.0283585
0.0282973
0.0282361
0.0281749
0.0281137
0.0280525
0.0279912
0.02793
0.0278687
0.0278074
0.0277461
0.0276848
0.0276235
0.0275622
0.0275008
0.0274395
0.0273781
0.0273168
0.0272554
0.027194
0.0271326
0.0270712
0.0270098
0.0269483
0.0268869
0.0268254
0.026764
0.0267025
0.026641
0.0265795
0.026518
0.0264565
0.026395
0.0263334
0.0262719
0.0262103
0.0261487
0.0260872
0.0260256
0.025964
0.0259024
0.0258407
0.0257791
0.0257175
0.0256558
0.0255942
0.0255325
0.0254708
0.0254091
0.0253474
0.0252857
0.025224
0.0251623
0.0251005
0.0250388
0.024977
0.0249152
0.0248535
0.0247917
0.0247299
0.024668
0.0246062
0.0245444
0.0244826
0.0244207
0.0243589
0.024297
0.0242351
0.0241732
0.0241113
0.0240494
0.0239875
0.0239256
0.0238636
0.0238017
0.0237397
0.0236778
0.0236158
0.0235538
0.0234918
0.0234298
0.0233678
0.0233058
0.0232438
0.0231817
0.0231197
0.0230576
0.0229956
0.0229335
0.0228714
0.0228093
0.0227472
0.0226851
0.022623
0.0225609
0.0224987
0.0224366
0.0223744
0.0223123
0.0222501
0.0221879
0.0221257
0.0220635
0.0220013
0.0219391
0.0218769
0.0218147
0.0217524
0.0216902
0.0216279
0.0215656
0.0215034
0.0214411
0.0213788
0.0213165
0.0212542
0.0211919
0.0211295
0.0210672
0.0210049
0.0209425
0.0208801
0.0208178
0.0207554
0.020693
0.0206306
0.0205682
0.0205058
0.0204434
0.020381
0.0203185
0.0202561
0.0201937
0.0201312
0.0200687
0.0200063
0.0199438
0.0198813
0.0198188
0.0197563
0.0196938
0.0196313
0.0195687
0.0195062
0.0194437
0.0193811
0.0193185
0.019256
0.0191934
0.0191308
0.0190682
0.0190056
0.018943
0.0188804
0.0188178
0.0187552
0.0186926
0.0186299
0.0185673
0.0185046
0.0184419
0.0183793
0.0183166
0.0182539
0.0181912
0.0181285
0.0180658
0.0180031
0.0179404
0.0178777
0.0178149
0.0177522
0.0176894
0.0176267
0.0175639
0.0175011
0.0174384
0.0173756
0.0173128
0.01725
0.0171872
0.0171244
0.0170616
0.0169987
0.0169359
0.0168731
0.0168102
0.0167474
0.0166845
0.0166217
0.0165588
0.0164959
0.016433
0.0163701
0.0163072
0.0162443
0.0161814
0.0161185
0.0160556
0.0159927
0.0159297
0.0158668
0.0158039
0.0157409
0.0156779
0.015615
0.015552
0.015489
0.015426
0.015363
0.0153001
0.015237
0.015174
0.015111
0.015048
0.014985
0.0149219
0.0148589
0.0147959
0.0147328
0.0146698
0.0146067
0.0145436
0.0144806
0.0144175
0.0143544
0.0142913
0.0142282
0.0141651
0.014102
0.0140389
0.0139758
0.0139127
0.0138495
0.0137864
0.0137232
0.0136601
0.013597
0.0135338
0.0134706
0.0134075
0.0133443
0.0132811
0.0132179
0.0131548
0.0130916
0.0130284
0.0129652
0.0129019
0.0128387
0.0127755
0.0127123
0.0126491
0.0125858
0.0125226
0.0124594
0.0123961
0.0123328
0.0122696
0.0122063
0.0121431
0.0120798
0.0120165
0.0119532
0.0118899
0.0118267
0.0117634
0.0117001
0.0116367
0.0115734
0.0115101
0.0114468
0.0113835
0.0113202
0.0112568
0.0111935
0.0111301
0.0110668
0.0110034
0.0109401
0.0108767
0.0108134
0.01075
0.0106866
0.0106233
0.0105599
0.0104965
0.0104331
0.0103697
0.0103063
0.0102429
0.0101795
0.0101161
0.0100527
0.00998927
0.00992585
0.00986243
0.009799
0.00973557
0.00967213
0.00960869
0.00954525
0.0094818
0.00941835
0.00935489
0.00929143
0.00922797
0.00916451
0.00910104
0.00903756
0.00897409
0.00891061
0.00884712
0.00878363
0.00872014
0.00865665
0.00859315
0.00852965
0.00846615
0.00840264
0.00833913
0.00827561
0.0082121
0.00814857
0.00808505
0.00802152
0.00795799
0.00789446
0.00783092
0.00776738
0.00770384
0.00764029
0.00757675
0.00751319
0.00744964
0.00738608
0.00732252
0.00725896
0.00719539
0.00713182
0.00706825
0.00700467
0.0069411
0.00687752
0.00681393
0.00675035
0.00668676
0.00662317
0.00655957
0.00649598
0.00643238
0.00636878
0.00630517
0.00624157
0.00617796
0.00611435
0.00605073
0.00598712
0.0059235
0.00585988
0.00579625
0.00573263
0.005669
0.00560537
0.00554174
0.00547811
0.00541447
0.00535083
0.00528719
0.00522355
0.0051599
0.00509626
0.00503261
0.00496896
0.0049053
0.00484165
0.00477799
0.00471433
0.00465067
0.00458701
0.00452335
0.00445968
0.00439601
0.00433234
0.00426867
0.004205
0.00414132
0.00407765
0.00401397
0.00395029
0.00388661
0.00382293
0.00375924
0.00369556
0.00363187
0.00356818
0.00350449
0.0034408
0.00337711
0.00331342
0.00324972
0.00318603
0.00312233
0.00305863
0.00299493
0.00293123
0.00286753
0.00280382
0.00274012
0.00267641
0.0026127
0.002549
0.00248529
0.00242158
0.00235787
0.00229416
0.00223044
0.00216673
0.00210302
0.0020393
0.00197558
0.00191187
0.00184815
0.00178443
0.00172071
0.001657
0.00159328
0.00152956
0.00146584
0.00140211
0.00133839
0.00127467
0.00121094
0.00114722
0.00108349
0.00101976
0.000956033
0.000892303
0.000828573
0.000764841
0.000701109
0.000637377
0.000573643
0.00050991
0.000446175
0.00038244
0.000318705
0.00025497
0.000191234
0.000127498
6.37618e-05
2.56729e-08
************************************************************************************************************************
***             WIDEN YOUR WINDOW TO 120 CHARACTERS.  Use 'enscript -r -fCourier9' to print this document            ***
************************************************************************************************************************

---------------------------------------------- PETSc Performance Summary: ----------------------------------------------

./implicit_no.out on a  named r01n08 with 8 processors, by mae-wenlw Thu Jun  9 17:42:27 2022
Using Petsc Release Version 3.16.6, Mar 30, 2022 

                         Max       Max/Min     Avg       Total
Time (sec):           7.569e+01     1.000   7.569e+01
Objects:              5.700e+01     1.000   5.700e+01
Flop:                 1.348e+11     1.002   1.347e+11  1.077e+12
Flop/sec:             1.781e+09     1.002   1.779e+09  1.423e+10
MPI Messages:         6.264e+06     2.000   5.481e+06  4.385e+07
MPI Message Lengths:  5.022e+07     1.996   8.020e+00  3.516e+08
MPI Reductions:       6.273e+06     1.000

Flop counting convention: 1 flop = 1 real number operation of type (multiply/divide/add/subtract)
                            e.g., VecAXPY() for real vectors of length N --> 2N flop
                            and VecAXPY() for complex vectors of length N --> 8N flop

Summary of Stages:   ----- Time ------  ----- Flop ------  --- Messages ---  -- Message Lengths --  -- Reductions --
                        Avg     %Total     Avg     %Total    Count   %Total     Avg         %Total    Count   %Total
 0:      Main Stage: 7.5686e+01 100.0%  1.0772e+12 100.0%  4.385e+07 100.0%  8.020e+00      100.0%  6.273e+06 100.0%

------------------------------------------------------------------------------------------------------------------------
See the 'Profiling' chapter of the users' manual for details on interpreting output.
Phase summary info:
   Count: number of times phase was executed
   Time and Flop: Max - maximum over all processors
                  Ratio - ratio of maximum to minimum over all processors
   Mess: number of messages sent
   AvgLen: average message length (bytes)
   Reduct: number of global reductions
   Global: entire computation
   Stage: stages of a computation. Set stages with PetscLogStagePush() and PetscLogStagePop().
      %T - percent time in this phase         %F - percent flop in this phase
      %M - percent messages in this phase     %L - percent message lengths in this phase
      %R - percent reductions in this phase
   Total Mflop/s: 10e-6 * (sum of flop over all processors)/(max time over all processors)
------------------------------------------------------------------------------------------------------------------------
Event                Count      Time (sec)     Flop                              --- Global ---  --- Stage ----  Total
                   Max Ratio  Max     Ratio   Max  Ratio  Mess   AvgLen  Reduct  %T %F %M %L %R  %T %F %M %L %R Mflop/s
------------------------------------------------------------------------------------------------------------------------

--- Event Stage 0: Main Stage

BuildTwoSided          4 1.0 2.1381e-03 1.3 0.00e+00 0.0 1.3e+02 1.1e+01 4.0e+00  0  0  0  0  0   0  0  0  0  0     0
BuildTwoSidedF         3 1.0 1.8609e-03 1.3 0.00e+00 0.0 3.4e+02 2.5e+03 3.0e+00  0  0  0  0  0   0  0  0  0  0     0
VecView                1 1.0 7.0450e-0317.7 0.00e+00 0.0 7.0e+00 5.0e+03 0.0e+00  0  0  0  0  0   0  0  0  0  0     0
VecMDot          3041133 1.0 2.5294e+01 1.4 5.63e+10 1.0 0.0e+00 0.0e+00 3.0e+06 30 42  0  0 48  30 42  0  0 48 17784
VecNorm          3231891 1.0 8.9822e+00 1.8 4.05e+09 1.0 0.0e+00 0.0e+00 3.2e+06 11  3  0  0 52  11  3  0  0 52  3599
VecScale         3231891 1.0 6.9569e-01 1.1 2.02e+09 1.0 0.0e+00 0.0e+00 0.0e+00  1  2  0  0  0   1  2  0  0  0 23232
VecCopy           290760 1.0 7.4327e-02 1.1 0.00e+00 0.0 0.0e+00 0.0e+00 0.0e+00  0  0  0  0  0   0  0  0  0  0     0
VecSet            290760 1.0 7.1688e-02 1.1 0.00e+00 0.0 0.0e+00 0.0e+00 0.0e+00  0  0  0  0  0   0  0  0  0  0     0
VecAXPY           381517 1.0 1.0180e-01 1.2 4.78e+08 1.0 0.0e+00 0.0e+00 0.0e+00  0  0  0  0  0   0  0  0  0  0 37484
VecMAXPY         3231891 1.0 1.2856e+01 1.0 6.02e+10 1.0 0.0e+00 0.0e+00 0.0e+00 17 45  0  0  0  17 45  0  0  0 37386
VecAssemblyBegin       2 1.0 1.2379e-03 1.1 0.00e+00 0.0 3.4e+02 2.5e+03 2.0e+00  0  0  0  0  0   0  0  0  0  0     0
VecAssemblyEnd         2 1.0 2.3913e-04 1.2 0.00e+00 0.0 0.0e+00 0.0e+00 0.0e+00  0  0  0  0  0   0  0  0  0  0     0
VecPointwiseMult 3231891 1.0 1.0987e+00 1.1 2.02e+09 1.0 0.0e+00 0.0e+00 0.0e+00  1  2  0  0  0   1  2  0  0  0 14711
VecScatterBegin  3131890 1.0 1.2725e+01 3.1 0.00e+00 0.0 4.4e+07 8.0e+00 1.0e+00  8  0100100  0   8  0100100  0     0
VecScatterEnd    3131890 1.0 4.1938e+00 2.1 0.00e+00 0.0 0.0e+00 0.0e+00 0.0e+00  4  0  0  0  0   4  0  0  0  0     0
VecNormalize     3231891 1.0 1.0444e+01 1.6 6.07e+09 1.0 0.0e+00 0.0e+00 3.2e+06 13  5  0  0 52  13  5  0  0 52  4643
MatMult          3131890 1.0 2.9848e+01 1.4 9.79e+09 1.0 4.4e+07 8.0e+00 1.0e+00 32  7100100  0  32  7100100  0  2623
MatAssemblyBegin       1 1.0 7.8392e-04 2.1 0.00e+00 0.0 0.0e+00 0.0e+00 1.0e+00  0  0  0  0  0   0  0  0  0  0     0
MatAssemblyEnd         1 1.0 6.6090e-04 1.0 0.00e+00 0.0 0.0e+00 0.0e+00 5.0e+00  0  0  0  0  0   0  0  0  0  0     0
SFSetGraph             1 1.0 0.0000e+00 0.0 0.00e+00 0.0 0.0e+00 0.0e+00 0.0e+00  0  0  0  0  0   0  0  0  0  0     0
SFSetUp                1 1.0 6.1798e-04 4.7 0.00e+00 0.0 2.8e+01 4.0e+00 1.0e+00  0  0  0  0  0   0  0  0  0  0     0
SFPack           3131890 1.0 7.6113e-01 1.9 0.00e+00 0.0 0.0e+00 0.0e+00 0.0e+00  1  0  0  0  0   1  0  0  0  0     0
SFUnpack         3131890 1.0 3.0649e-01 1.4 0.00e+00 0.0 0.0e+00 0.0e+00 0.0e+00  0  0  0  0  0   0  0  0  0  0     0
KSPSetUp               1 1.0 3.9816e-05 1.8 0.00e+00 0.0 0.0e+00 0.0e+00 0.0e+00  0  0  0  0  0   0  0  0  0  0     0
KSPSolve          100001 1.0 7.5517e+01 1.0 1.35e+11 1.0 4.4e+07 8.0e+00 6.3e+06100100100100100 100100100100100 14251
KSPGMRESOrthog   3041133 1.0 3.8981e+01 1.3 1.13e+11 1.0 0.0e+00 0.0e+00 3.0e+06 49 84  0  0 48  49 84  0  0 48 23089
PCSetUp                1 1.0 5.0068e-06 1.6 0.00e+00 0.0 0.0e+00 0.0e+00 0.0e+00  0  0  0  0  0   0  0  0  0  0     0
PCApply          3231891 1.0 1.6517e+00 1.1 2.02e+09 1.0 0.0e+00 0.0e+00 2.0e+00  2  2  0  0  0   2  2  0  0  0  9785
------------------------------------------------------------------------------------------------------------------------

Memory usage is given in bytes:

Object Type          Creations   Destructions     Memory  Descendants' Mem.
Reports information only for process 0.

--- Event Stage 0: Main Stage

              Vector    42             42       273784     0.
              Matrix     3              3       109804     0.
           Index Set     2              2         1788     0.
   Star Forest Graph     3              3         3312     0.
       Krylov Solver     1              1        18848     0.
      Preconditioner     1              1          872     0.
    Distributed Mesh     1              1         5048     0.
     Discrete System     1              1          896     0.
           Weak Form     1              1          616     0.
              Viewer     2              1          840     0.
========================================================================================================================
Average time to get PetscTime(): 0.
Average time for MPI_Barrier(): 2.43187e-06
Average time for zero size MPI_Send(): 6.89924e-05
#PETSc Option Table entries:
-dt 0.00001
-log_view
-n 5000
#End of PETSc Option Table entries
Compiled without FORTRAN kernels
Compiled with full precision matrices (default)
sizeof(short) 2 sizeof(int) 4 sizeof(long) 8 sizeof(void*) 8 sizeof(PetscScalar) 8 sizeof(PetscInt) 4
Configure options: --with-mpi-dir=/share/intel/2018u4/compilers_and_libraries_2018.5.274/linux/mpi/intel64 --with-blaslapack-dir=/share/intel/2018u4/compilers_and_libraries_2018.5.274/linux/mkl --with-scalapack-include=/share/intel/2018u4/compilers_and_libraries_2018.5.274/linux/mkl/include --with-scalapack-lib="-L/share/intel/2018u4/compilers_and_libraries_2018.5.274/linux/mkl/lib/intel64 -lmkl_blacs_intelmpi_lp64 -lmkl_scalapack_lp64" --with-debugging=no --prefix=/work/mae-wenlw/lib/petsc-3.16.6 --download-hdf5 =/work/mae-wenlw/HPC/petsc-3.16.6-package/hdf5-1.12.1.tar.gz --download-hypre=/work/mae-wenlw/HPC/petsc-3.16.6-package/hypre-2.23.0.tar.gz --download-mumps=/work/mae-wenlw/HPC/petsc-3.16.6-package/petsc-pkg-mumps-6d1470374d32.tar.gz --download-metis=/work/mae-wenlw/HPC/petsc-3.16.6-package/petsc-pkg-metis-c8d2dc1e751e.tar.gz COPTFLAGS="-O3 -march=native -mtune=native" CXXOPTFLAGS="-O3 -march=native -mtune=native" FOPTFLAGS="-O3 -march=native -mtune=native"
-----------------------------------------
Libraries compiled on 2022-06-02 13:42:17 on login03 
Machine characteristics: Linux-3.10.0-862.el7.x86_64-x86_64-with-redhat-7.5-Maipo
Using PETSc directory: /work/mae-wenlw/lib/petsc-3.16.6
Using PETSc arch: 
-----------------------------------------

Using C compiler: /share/intel/2018u4/compilers_and_libraries_2018.5.274/linux/mpi/intel64/bin/mpiicc  -fPIC -wd1572 -Wno-unknown-pragmas -O3 -march=native -mtune=native  -std=c99 
Using Fortran compiler: /share/intel/2018u4/compilers_and_libraries_2018.5.274/linux/mpi/intel64/bin/mpiifort  -fPIC -O3 -march=native -mtune=native     -std=c99
-----------------------------------------

Using include paths: -I/work/mae-wenlw/lib/petsc-3.16.6/include -I/share/intel/2018u4/compilers_and_libraries_2018.5.274/linux/mpi/intel64/include
-----------------------------------------

Using C linker: /share/intel/2018u4/compilers_and_libraries_2018.5.274/linux/mpi/intel64/bin/mpiicc
Using Fortran linker: /share/intel/2018u4/compilers_and_libraries_2018.5.274/linux/mpi/intel64/bin/mpiifort
Using libraries: -Wl,-rpath,/work/mae-wenlw/lib/petsc-3.16.6/lib -L/work/mae-wenlw/lib/petsc-3.16.6/lib -lpetsc -Wl,-rpath,/work/mae-wenlw/lib/petsc-3.16.6/lib -L/work/mae-wenlw/lib/petsc-3.16.6/lib -L/share/intel/2018u4/compilers_and_libraries_2018.5.274/linux/mkl/lib/intel64 -Wl,-rpath,/share/intel/2018u4/compilers_and_libraries_2018.5.274/linux/mkl/lib/intel64 -Wl,-rpath,/share/intel/2018u4/compilers_and_libraries_2018.5.274/linux/mpi/intel64/lib/release_mt -L/share/intel/2018u4/compilers_and_libraries_2018.5.274/linux/mpi/intel64/lib/release_mt -Wl,-rpath,/share/intel/2018u4/compilers_and_libraries_2018.5.274/linux/mpi/intel64/lib -L/share/intel/2018u4/compilers_and_libraries_2018.5.274/linux/mpi/intel64/lib -Wl,-rpath,/work/mae-wenlw/lib/hdf5-1.12.1/lib -L/work/mae-wenlw/lib/hdf5-1.12.1/lib -Wl,-rpath,/share/intel/2018u4/compilers_and_libraries_2018.5.274/linux/tbb/lib/intel64_lin/gcc4.4 -L/share/intel/2018u4/compilers_and_libraries_2018.5.274/linux/tbb/lib/intel64_lin/gcc4.4 -Wl,-rpath,/share/intel/2018u4/compilers_and_libraries_2018.5.274/linux/daal/lib/intel64_lin -L/share/intel/2018u4/compilers_and_libraries_2018.5.274/linux/daal/lib/intel64_lin -Wl,-rpath,/share/intel/2018u4/compilers_and_libraries_2018.5.274/linux/tbb/lib/intel64/gcc4.4 -L/share/intel/2018u4/compilers_and_libraries_2018.5.274/linux/tbb/lib/intel64/gcc4.4 -Wl,-rpath,/share/intel/2018u4/compilers_and_libraries_2018.5.274/linux/compiler/lib/intel64 -L/share/intel/2018u4/compilers_and_libraries_2018.5.274/linux/compiler/lib/intel64 -Wl,-rpath,/share/intel/2018u4/compilers_and_libraries_2018.5.274/linux/ipp/lib/intel64 -L/share/intel/2018u4/compilers_and_libraries_2018.5.274/linux/ipp/lib/intel64 -Wl,-rpath,/share/intel/2018u4/compilers_and_libraries_2018.5.274/linux/compiler/lib/intel64_lin -L/share/intel/2018u4/compilers_and_libraries_2018.5.274/linux/compiler/lib/intel64_lin -Wl,-rpath,/usr/lib/gcc/x86_64-redhat-linux/4.8.5 -L/usr/lib/gcc/x86_64-redhat-linux/4.8.5 -Wl,-rpath,/opt/intel/mpi-rt/2017.0.0/intel64/lib/release_mt -Wl,-rpath,/opt/intel/mpi-rt/2017.0.0/intel64/lib -lHYPRE -lcmumps -ldmumps -lsmumps -lzmumps -lmumps_common -lpord -lmkl_blacs_intelmpi_lp64 -lmkl_scalapack_lp64 -lmkl_intel_lp64 -lmkl_core -lmkl_sequential -lpthread -lhdf5_hl -lhdf5 -lmetis -lX11 -lstdc++ -ldl -lmpifort -lmpi -lmpigi -lrt -lpthread -lifport -lifcoremt_pic -limf -lsvml -lm -lipgo -lirc -lgcc_s -lirc_s -lquadmath -lstdc++ -ldl
-----------------------------------------

