Sender: LSF System <lsfadmin@r01n21>
Subject: Job 3826698: <petsc-test> in cluster <sustchpc> Done

Job <petsc-test> was submitted from host <login03> by user <mae-wenlw> in cluster <sustchpc> at Wed Jun  8 19:42:50 2022.
Job was executed on host(s) <2*r01n21>, in queue <ser>, as user <mae-wenlw> in cluster <sustchpc> at Wed Jun  8 19:42:50 2022.
                            <3*r01n15>
</work/mae-wenlw> was used as the home directory.
</work/mae-wenlw/HPC/Project/implicit/no_output> was used as the working directory.
Started at Wed Jun  8 19:42:50 2022.
Terminated at Wed Jun  8 19:43:00 2022.
Results reported at Wed Jun  8 19:43:00 2022.

Your job looked like:

------------------------------------------------------------
# LSBATCH: User input
#!/bin/bash
#BSUB -J petsc-test
#BSUB -q ser
#BSUB -n 5
#BSUB -e petsc.err
#BSUB -o petsc.out

module purge
module load intel/2018.4
module load mpi/intel/2018.4

mpirun -np 4 ./implicit_no.out -n 100 \
-log_view > log 2>&1
# mpirun -np 5 ./ex5.out -ksp_type gmres \
#   -ksp_gmres_restart 30 -ksp_rtol 1.0e-10 \
#   -ksp_atol 1.0e-50 -ksp_max_it 1500 \
#   -ksp_gmres_modifiedgramschmidt \
#   -pc_type asm \
#   -sub_ksp_type richardson \
#   -sub_pc_type icc -ksp_monitor_short \
#   -ksp_converged_reason \
#   -ksp_view \
#   -log_view > $LSB_JOBID.log 2>&1


------------------------------------------------------------

Successfully completed.

Resource usage summary:

    CPU time :                                   20.35 sec.
    Max Memory :                                 81 MB
    Average Memory :                             48.00 MB
    Total Requested Memory :                     -
    Delta Memory :                               -
    Max Swap :                                   -
    Max Processes :                              7
    Max Threads :                                9
    Run time :                                   8 sec.
    Turnaround time :                            10 sec.

The output (if any) follows:



PS:

Read file <petsc.err> for stderr output of this job.

Sender: LSF System <lsfadmin@r01n21>
Subject: Job 3826703: <petsc-test> in cluster <sustchpc> Done

Job <petsc-test> was submitted from host <login03> by user <mae-wenlw> in cluster <sustchpc> at Wed Jun  8 19:45:11 2022.
Job was executed on host(s) <2*r01n21>, in queue <ser>, as user <mae-wenlw> in cluster <sustchpc> at Wed Jun  8 19:45:12 2022.
                            <3*r01n15>
</work/mae-wenlw> was used as the home directory.
</work/mae-wenlw/HPC/Project/implicit/no_output> was used as the working directory.
Started at Wed Jun  8 19:45:12 2022.
Terminated at Wed Jun  8 19:45:18 2022.
Results reported at Wed Jun  8 19:45:18 2022.

Your job looked like:

------------------------------------------------------------
# LSBATCH: User input
#!/bin/bash
#BSUB -J petsc-test
#BSUB -q ser
#BSUB -n 5
#BSUB -e petsc.err
#BSUB -o petsc.out

module purge
module load intel/2018.4
module load mpi/intel/2018.4

mpirun -np 4 ./implicit_no.out -n 100 \
-log_view > log 2>&1
# mpirun -np 5 ./ex5.out -ksp_type gmres \
#   -ksp_gmres_restart 30 -ksp_rtol 1.0e-10 \
#   -ksp_atol 1.0e-50 -ksp_max_it 1500 \
#   -ksp_gmres_modifiedgramschmidt \
#   -pc_type asm \
#   -sub_ksp_type richardson \
#   -sub_pc_type icc -ksp_monitor_short \
#   -ksp_converged_reason \
#   -ksp_view \
#   -log_view > $LSB_JOBID.log 2>&1


------------------------------------------------------------

Successfully completed.

Resource usage summary:

    CPU time :                                   12.00 sec.
    Max Memory :                                 15 MB
    Average Memory :                             15.00 MB
    Total Requested Memory :                     -
    Delta Memory :                               -
    Max Swap :                                   -
    Max Processes :                              7
    Max Threads :                                9
    Run time :                                   5 sec.
    Turnaround time :                            7 sec.

The output (if any) follows:



PS:

Read file <petsc.err> for stderr output of this job.

Sender: LSF System <lsfadmin@r01n15>
Subject: Job 3826706: <petsc-test> in cluster <sustchpc> Done

Job <petsc-test> was submitted from host <login03> by user <mae-wenlw> in cluster <sustchpc> at Wed Jun  8 19:47:13 2022.
Job was executed on host(s) <4*r01n15>, in queue <ser>, as user <mae-wenlw> in cluster <sustchpc> at Wed Jun  8 19:47:13 2022.
                            <1*r01n21>
</work/mae-wenlw> was used as the home directory.
</work/mae-wenlw/HPC/Project/implicit/no_output> was used as the working directory.
Started at Wed Jun  8 19:47:13 2022.
Terminated at Wed Jun  8 19:47:20 2022.
Results reported at Wed Jun  8 19:47:20 2022.

Your job looked like:

------------------------------------------------------------
# LSBATCH: User input
#!/bin/bash
#BSUB -J petsc-test
#BSUB -q ser
#BSUB -n 5
#BSUB -e petsc.err
#BSUB -o petsc.out

module purge
module load intel/2018.4
module load mpi/intel/2018.4

mpirun -np 4 ./implicit_no.out -n 100 \
-log_view > log 2>&1
# mpirun -np 5 ./ex5.out -ksp_type gmres \
#   -ksp_gmres_restart 30 -ksp_rtol 1.0e-10 \
#   -ksp_atol 1.0e-50 -ksp_max_it 1500 \
#   -ksp_gmres_modifiedgramschmidt \
#   -pc_type asm \
#   -sub_ksp_type richardson \
#   -sub_pc_type icc -ksp_monitor_short \
#   -ksp_converged_reason \
#   -ksp_view \
#   -log_view > $LSB_JOBID.log 2>&1


------------------------------------------------------------

Successfully completed.

Resource usage summary:

    CPU time :                                   8.26 sec.
    Max Memory :                                 10 MB
    Average Memory :                             4.00 MB
    Total Requested Memory :                     -
    Delta Memory :                               -
    Max Swap :                                   -
    Max Processes :                              8
    Max Threads :                                10
    Run time :                                   6 sec.
    Turnaround time :                            7 sec.

The output (if any) follows:



PS:

Read file <petsc.err> for stderr output of this job.

Sender: LSF System <lsfadmin@r01n15>
Subject: Job 3826712: <petsc-test> in cluster <sustchpc> Done

Job <petsc-test> was submitted from host <login03> by user <mae-wenlw> in cluster <sustchpc> at Wed Jun  8 19:48:38 2022.
Job was executed on host(s) <3*r01n15>, in queue <ser>, as user <mae-wenlw> in cluster <sustchpc> at Wed Jun  8 19:48:40 2022.
                            <2*r01n21>
</work/mae-wenlw> was used as the home directory.
</work/mae-wenlw/HPC/Project/implicit/no_output> was used as the working directory.
Started at Wed Jun  8 19:48:40 2022.
Terminated at Wed Jun  8 19:48:46 2022.
Results reported at Wed Jun  8 19:48:46 2022.

Your job looked like:

------------------------------------------------------------
# LSBATCH: User input
#!/bin/bash
#BSUB -J petsc-test
#BSUB -q ser
#BSUB -n 5
#BSUB -e petsc.err
#BSUB -o petsc.out

module purge
module load intel/2018.4
module load mpi/intel/2018.4

mpirun -np 4 ./implicit_no.out -n 100 \
-log_view > log 2>&1
# mpirun -np 5 ./ex5.out -ksp_type gmres \
#   -ksp_gmres_restart 30 -ksp_rtol 1.0e-10 \
#   -ksp_atol 1.0e-50 -ksp_max_it 1500 \
#   -ksp_gmres_modifiedgramschmidt \
#   -pc_type asm \
#   -sub_ksp_type richardson \
#   -sub_pc_type icc -ksp_monitor_short \
#   -ksp_converged_reason \
#   -ksp_view \
#   -log_view > $LSB_JOBID.log 2>&1


------------------------------------------------------------

Successfully completed.

Resource usage summary:

    CPU time :                                   11.29 sec.
    Max Memory :                                 10 MB
    Average Memory :                             7.00 MB
    Total Requested Memory :                     -
    Delta Memory :                               -
    Max Swap :                                   -
    Max Processes :                              7
    Max Threads :                                9
    Run time :                                   5 sec.
    Turnaround time :                            8 sec.

The output (if any) follows:



PS:

Read file <petsc.err> for stderr output of this job.

Sender: LSF System <lsfadmin@r01n15>
Subject: Job 3826716: <petsc-test> in cluster <sustchpc> Done

Job <petsc-test> was submitted from host <login03> by user <mae-wenlw> in cluster <sustchpc> at Wed Jun  8 19:55:22 2022.
Job was executed on host(s) <4*r01n15>, in queue <ser>, as user <mae-wenlw> in cluster <sustchpc> at Wed Jun  8 19:55:22 2022.
                            <1*r01n21>
</work/mae-wenlw> was used as the home directory.
</work/mae-wenlw/HPC/Project/implicit/no_output> was used as the working directory.
Started at Wed Jun  8 19:55:22 2022.
Terminated at Wed Jun  8 19:55:26 2022.
Results reported at Wed Jun  8 19:55:26 2022.

Your job looked like:

------------------------------------------------------------
# LSBATCH: User input
#!/bin/bash
#BSUB -J petsc-test
#BSUB -q ser
#BSUB -n 5
#BSUB -e petsc.err
#BSUB -o petsc.out

module purge
module load intel/2018.4
module load mpi/intel/2018.4

mpirun -np 4 ./implicit_no.out -n 100 \
-log_view > $LSB_JOBID.log 2>&1
# mpirun -np 5 ./ex5.out -ksp_type gmres \
#   -ksp_gmres_restart 30 -ksp_rtol 1.0e-10 \
#   -ksp_atol 1.0e-50 -ksp_max_it 1500 \
#   -ksp_gmres_modifiedgramschmidt \
#   -pc_type asm \
#   -sub_ksp_type richardson \
#   -sub_pc_type icc -ksp_monitor_short \
#   -ksp_converged_reason \
#   -ksp_view \
#   -log_view > $LSB_JOBID.log 2>&1


------------------------------------------------------------

Successfully completed.

Resource usage summary:

    CPU time :                                   5.45 sec.
    Max Memory :                                 10 MB
    Average Memory :                             7.00 MB
    Total Requested Memory :                     -
    Delta Memory :                               -
    Max Swap :                                   -
    Max Processes :                              8
    Max Threads :                                10
    Run time :                                   4 sec.
    Turnaround time :                            4 sec.

The output (if any) follows:



PS:

Read file <petsc.err> for stderr output of this job.

Sender: LSF System <lsfadmin@r01n15>
Subject: Job 3826717: <petsc-test> in cluster <sustchpc> Done

Job <petsc-test> was submitted from host <login03> by user <mae-wenlw> in cluster <sustchpc> at Wed Jun  8 19:57:29 2022.
Job was executed on host(s) <4*r01n15>, in queue <ser>, as user <mae-wenlw> in cluster <sustchpc> at Wed Jun  8 19:57:30 2022.
                            <1*r01n21>
</work/mae-wenlw> was used as the home directory.
</work/mae-wenlw/HPC/Project/implicit/no_output> was used as the working directory.
Started at Wed Jun  8 19:57:30 2022.
Terminated at Wed Jun  8 19:57:34 2022.
Results reported at Wed Jun  8 19:57:34 2022.

Your job looked like:

------------------------------------------------------------
# LSBATCH: User input
#!/bin/bash
#BSUB -J petsc-test
#BSUB -q ser
#BSUB -n 5
#BSUB -e petsc.err
#BSUB -o petsc.out

module purge
module load intel/2018.4
module load mpi/intel/2018.4

mpirun -np 4 ./implicit_no.out -n 100 \
-log_view > $LSB_JOBID.log 2>&1
# mpirun -np 5 ./ex5.out -ksp_type gmres \
#   -ksp_gmres_restart 30 -ksp_rtol 1.0e-10 \
#   -ksp_atol 1.0e-50 -ksp_max_it 1500 \
#   -ksp_gmres_modifiedgramschmidt \
#   -pc_type asm \
#   -sub_ksp_type richardson \
#   -sub_pc_type icc -ksp_monitor_short \
#   -ksp_converged_reason \
#   -ksp_view \
#   -log_view > $LSB_JOBID.log 2>&1


------------------------------------------------------------

Successfully completed.

Resource usage summary:

    CPU time :                                   5.49 sec.
    Max Memory :                                 43 MB
    Average Memory :                             43.00 MB
    Total Requested Memory :                     -
    Delta Memory :                               -
    Max Swap :                                   -
    Max Processes :                              7
    Max Threads :                                9
    Run time :                                   3 sec.
    Turnaround time :                            5 sec.

The output (if any) follows:



PS:

Read file <petsc.err> for stderr output of this job.

Sender: LSF System <lsfadmin@r01n15>
Subject: Job 3826718: <petsc-test> in cluster <sustchpc> Done

Job <petsc-test> was submitted from host <login03> by user <mae-wenlw> in cluster <sustchpc> at Wed Jun  8 19:58:05 2022.
Job was executed on host(s) <4*r01n15>, in queue <ser>, as user <mae-wenlw> in cluster <sustchpc> at Wed Jun  8 19:58:06 2022.
                            <1*r01n21>
</work/mae-wenlw> was used as the home directory.
</work/mae-wenlw/HPC/Project/implicit/no_output> was used as the working directory.
Started at Wed Jun  8 19:58:06 2022.
Terminated at Wed Jun  8 19:58:12 2022.
Results reported at Wed Jun  8 19:58:12 2022.

Your job looked like:

------------------------------------------------------------
# LSBATCH: User input
#!/bin/bash
#BSUB -J petsc-test
#BSUB -q ser
#BSUB -n 5
#BSUB -e petsc.err
#BSUB -o petsc.out

module purge
module load intel/2018.4
module load mpi/intel/2018.4

mpirun -np 4 ./implicit_no.out -n 100 \
-log_view > $LSB_JOBID.log 2>&1
# mpirun -np 5 ./ex5.out -ksp_type gmres \
#   -ksp_gmres_restart 30 -ksp_rtol 1.0e-10 \
#   -ksp_atol 1.0e-50 -ksp_max_it 1500 \
#   -ksp_gmres_modifiedgramschmidt \
#   -pc_type asm \
#   -sub_ksp_type richardson \
#   -sub_pc_type icc -ksp_monitor_short \
#   -ksp_converged_reason \
#   -ksp_view \
#   -log_view > $LSB_JOBID.log 2>&1


------------------------------------------------------------

Successfully completed.

Resource usage summary:

    CPU time :                                   9.54 sec.
    Max Memory :                                 43 MB
    Average Memory :                             43.00 MB
    Total Requested Memory :                     -
    Delta Memory :                               -
    Max Swap :                                   -
    Max Processes :                              7
    Max Threads :                                9
    Run time :                                   5 sec.
    Turnaround time :                            7 sec.

The output (if any) follows:



PS:

Read file <petsc.err> for stderr output of this job.

Sender: LSF System <lsfadmin@r01n15>
Subject: Job 3826720: <petsc-test> in cluster <sustchpc> Done

Job <petsc-test> was submitted from host <login03> by user <mae-wenlw> in cluster <sustchpc> at Wed Jun  8 20:00:01 2022.
Job was executed on host(s) <4*r01n15>, in queue <ser>, as user <mae-wenlw> in cluster <sustchpc> at Wed Jun  8 20:00:02 2022.
                            <1*r01n21>
</work/mae-wenlw> was used as the home directory.
</work/mae-wenlw/HPC/Project/implicit/no_output> was used as the working directory.
Started at Wed Jun  8 20:00:02 2022.
Terminated at Wed Jun  8 20:00:08 2022.
Results reported at Wed Jun  8 20:00:08 2022.

Your job looked like:

------------------------------------------------------------
# LSBATCH: User input
#!/bin/bash
#BSUB -J petsc-test
#BSUB -q ser
#BSUB -n 5
#BSUB -e petsc.err
#BSUB -o petsc.out

module purge
module load intel/2018.4
module load mpi/intel/2018.4

mpirun -np 4 ./implicit_no.out -n 100 \
-log_view > $LSB_JOBID.log 2>&1
# mpirun -np 5 ./ex5.out -ksp_type gmres \
#   -ksp_gmres_restart 30 -ksp_rtol 1.0e-10 \
#   -ksp_atol 1.0e-50 -ksp_max_it 1500 \
#   -ksp_gmres_modifiedgramschmidt \
#   -pc_type asm \
#   -sub_ksp_type richardson \
#   -sub_pc_type icc -ksp_monitor_short \
#   -ksp_converged_reason \
#   -ksp_view \
#   -log_view > $LSB_JOBID.log 2>&1


------------------------------------------------------------

Successfully completed.

Resource usage summary:

    CPU time :                                   9.02 sec.
    Max Memory :                                 10 MB
    Average Memory :                             9.00 MB
    Total Requested Memory :                     -
    Delta Memory :                               -
    Max Swap :                                   -
    Max Processes :                              8
    Max Threads :                                10
    Run time :                                   5 sec.
    Turnaround time :                            7 sec.

The output (if any) follows:



PS:

Read file <petsc.err> for stderr output of this job.

Sender: LSF System <lsfadmin@r01n15>
Subject: Job 3826722: <petsc-test> in cluster <sustchpc> Done

Job <petsc-test> was submitted from host <login03> by user <mae-wenlw> in cluster <sustchpc> at Wed Jun  8 20:01:39 2022.
Job was executed on host(s) <4*r01n15>, in queue <ser>, as user <mae-wenlw> in cluster <sustchpc> at Wed Jun  8 20:01:39 2022.
                            <1*r01n21>
</work/mae-wenlw> was used as the home directory.
</work/mae-wenlw/HPC/Project/implicit/no_output> was used as the working directory.
Started at Wed Jun  8 20:01:39 2022.
Terminated at Wed Jun  8 20:01:43 2022.
Results reported at Wed Jun  8 20:01:43 2022.

Your job looked like:

------------------------------------------------------------
# LSBATCH: User input
#!/bin/bash
#BSUB -J petsc-test
#BSUB -q ser
#BSUB -n 5
#BSUB -e petsc.err
#BSUB -o petsc.out

module purge
module load intel/2018.4
module load mpi/intel/2018.4

mpirun -np 4 ./implicit_no.out -n 100 \
-log_view > $LSB_JOBID.log 2>&1
# mpirun -np 5 ./ex5.out -ksp_type gmres \
#   -ksp_gmres_restart 30 -ksp_rtol 1.0e-10 \
#   -ksp_atol 1.0e-50 -ksp_max_it 1500 \
#   -ksp_gmres_modifiedgramschmidt \
#   -pc_type asm \
#   -sub_ksp_type richardson \
#   -sub_pc_type icc -ksp_monitor_short \
#   -ksp_converged_reason \
#   -ksp_view \
#   -log_view > $LSB_JOBID.log 2>&1


------------------------------------------------------------

Successfully completed.

Resource usage summary:

    CPU time :                                   6.00 sec.
    Max Memory :                                 11 MB
    Average Memory :                             7.00 MB
    Total Requested Memory :                     -
    Delta Memory :                               -
    Max Swap :                                   -
    Max Processes :                              8
    Max Threads :                                10
    Run time :                                   3 sec.
    Turnaround time :                            4 sec.

The output (if any) follows:



PS:

Read file <petsc.err> for stderr output of this job.

Sender: LSF System <lsfadmin@r01n15>
Subject: Job 3826724: <petsc-test> in cluster <sustchpc> Done

Job <petsc-test> was submitted from host <login03> by user <mae-wenlw> in cluster <sustchpc> at Wed Jun  8 20:04:04 2022.
Job was executed on host(s) <3*r01n15>, in queue <ser>, as user <mae-wenlw> in cluster <sustchpc> at Wed Jun  8 20:04:04 2022.
                            <2*r01n21>
</work/mae-wenlw> was used as the home directory.
</work/mae-wenlw/HPC/Project/implicit/no_output> was used as the working directory.
Started at Wed Jun  8 20:04:04 2022.
Terminated at Wed Jun  8 20:04:11 2022.
Results reported at Wed Jun  8 20:04:11 2022.

Your job looked like:

------------------------------------------------------------
# LSBATCH: User input
#!/bin/bash
#BSUB -J petsc-test
#BSUB -q ser
#BSUB -n 5
#BSUB -e petsc.err
#BSUB -o petsc.out

module purge
module load intel/2018.4
module load mpi/intel/2018.4

mpirun -np 4 ./implicit_no.out -n 100 \
-log_view > $LSB_JOBID.log 2>&1
# mpirun -np 5 ./ex5.out -ksp_type gmres \
#   -ksp_gmres_restart 30 -ksp_rtol 1.0e-10 \
#   -ksp_atol 1.0e-50 -ksp_max_it 1500 \
#   -ksp_gmres_modifiedgramschmidt \
#   -pc_type asm \
#   -sub_ksp_type richardson \
#   -sub_pc_type icc -ksp_monitor_short \
#   -ksp_converged_reason \
#   -ksp_view \
#   -log_view > $LSB_JOBID.log 2>&1


------------------------------------------------------------

Successfully completed.

Resource usage summary:

    CPU time :                                   11.00 sec.
    Max Memory :                                 10 MB
    Average Memory :                             9.00 MB
    Total Requested Memory :                     -
    Delta Memory :                               -
    Max Swap :                                   -
    Max Processes :                              8
    Max Threads :                                10
    Run time :                                   7 sec.
    Turnaround time :                            7 sec.

The output (if any) follows:



PS:

Read file <petsc.err> for stderr output of this job.

Sender: LSF System <lsfadmin@r01n15>
Subject: Job 3826725: <petsc-test> in cluster <sustchpc> Exited

Job <petsc-test> was submitted from host <login03> by user <mae-wenlw> in cluster <sustchpc> at Wed Jun  8 20:05:08 2022.
Job was executed on host(s) <3*r01n15>, in queue <ser>, as user <mae-wenlw> in cluster <sustchpc> at Wed Jun  8 20:05:09 2022.
                            <2*r01n21>
</work/mae-wenlw> was used as the home directory.
</work/mae-wenlw/HPC/Project/implicit/no_output> was used as the working directory.
Started at Wed Jun  8 20:05:09 2022.
Terminated at Wed Jun  8 20:05:26 2022.
Results reported at Wed Jun  8 20:05:26 2022.

Your job looked like:

------------------------------------------------------------
# LSBATCH: User input
#!/bin/bash
#BSUB -J petsc-test
#BSUB -q ser
#BSUB -n 5
#BSUB -e petsc.err
#BSUB -o petsc.out

module purge
module load intel/2018.4
module load mpi/intel/2018.4

mpirun -np 1 ./implicit_no.out -n 5000 \
-log_view > 1$LSB_JOBID.log 2>&1
# mpirun -np 5 ./ex5.out -ksp_type gmres \
#   -ksp_gmres_restart 30 -ksp_rtol 1.0e-10 \
#   -ksp_atol 1.0e-50 -ksp_max_it 1500 \
#   -ksp_gmres_modifiedgramschmidt \
#   -pc_type asm \
#   -sub_ksp_type richardson \
#   -sub_pc_type icc -ksp_monitor_short \
#   -ksp_converged_reason \
#   -ksp_view \
#   -log_view > $LSB_JOBID.log 2>&1


------------------------------------------------------------

TERM_OWNER: job killed by owner.
Exited with signal termination: 9.

Resource usage summary:

    CPU time :                                   15.00 sec.
    Max Memory :                                 25 MB
    Average Memory :                             25.00 MB
    Total Requested Memory :                     -
    Delta Memory :                               -
    Max Swap :                                   -
    Max Processes :                              7
    Max Threads :                                9
    Run time :                                   16 sec.
    Turnaround time :                            18 sec.

The output (if any) follows:



PS:

Read file <petsc.err> for stderr output of this job.

Sender: LSF System <lsfadmin@r13n44>
Subject: Job 3827032: <petsc-test> in cluster <sustchpc> Done

Job <petsc-test> was submitted from host <login03> by user <mae-wenlw> in cluster <sustchpc> at Wed Jun  8 22:00:50 2022.
Job was executed on host(s) <5*r13n44>, in queue <debug>, as user <mae-wenlw> in cluster <sustchpc> at Wed Jun  8 22:00:51 2022.
</work/mae-wenlw> was used as the home directory.
</work/mae-wenlw/HPC/Project/implicit/no_output> was used as the working directory.
Started at Wed Jun  8 22:00:51 2022.
Terminated at Wed Jun  8 22:00:54 2022.
Results reported at Wed Jun  8 22:00:54 2022.

Your job looked like:

------------------------------------------------------------
# LSBATCH: User input
#!/bin/bash
#BSUB -J petsc-test
#BSUB -q debug
#BSUB -n 5
#BSUB -e petsc.err
#BSUB -o petsc.out

module purge
module load intel/2018.4
module load mpi/intel/2018.4

mpirun -np 1 ./implicit_no.out -n 100 -CFL 0.4 \
-log_view > $LSB_JOBID.log 2>&1
# mpirun -np 5 ./ex5.out -ksp_type gmres \
#   -ksp_gmres_restart 30 -ksp_rtol 1.0e-10 \
#   -ksp_atol 1.0e-50 -ksp_max_it 1500 \
#   -ksp_gmres_modifiedgramschmidt \
#   -pc_type asm \
#   -sub_ksp_type richardson \
#   -sub_pc_type icc -ksp_monitor_short \
#   -ksp_converged_reason \
#   -ksp_view \
#   -log_view > $LSB_JOBID.log 2>&1


------------------------------------------------------------

Successfully completed.

Resource usage summary:

    CPU time :                                   0.62 sec.
    Max Memory :                                 26 MB
    Average Memory :                             26.00 MB
    Total Requested Memory :                     -
    Delta Memory :                               -
    Max Swap :                                   -
    Max Processes :                              7
    Max Threads :                                9
    Run time :                                   2 sec.
    Turnaround time :                            4 sec.

The output (if any) follows:



PS:

Read file <petsc.err> for stderr output of this job.

Sender: LSF System <lsfadmin@r13n44>
Subject: Job 3827041: <petsc-test> in cluster <sustchpc> Done

Job <petsc-test> was submitted from host <login03> by user <mae-wenlw> in cluster <sustchpc> at Wed Jun  8 22:03:15 2022.
Job was executed on host(s) <5*r13n44>, in queue <debug>, as user <mae-wenlw> in cluster <sustchpc> at Wed Jun  8 22:03:17 2022.
</work/mae-wenlw> was used as the home directory.
</work/mae-wenlw/HPC/Project/implicit/no_output> was used as the working directory.
Started at Wed Jun  8 22:03:17 2022.
Terminated at Wed Jun  8 22:03:19 2022.
Results reported at Wed Jun  8 22:03:19 2022.

Your job looked like:

------------------------------------------------------------
# LSBATCH: User input
#!/bin/bash
#BSUB -J petsc-test
#BSUB -q debug
#BSUB -n 5
#BSUB -e petsc.err
#BSUB -o petsc.out

module purge
module load intel/2018.4
module load mpi/intel/2018.4

mpirun -np 1 ./implicit_no.out -n 100 -CFL 0.4 \
-log_view > $LSB_JOBID.log 2>&1
# mpirun -np 5 ./ex5.out -ksp_type gmres \
#   -ksp_gmres_restart 30 -ksp_rtol 1.0e-10 \
#   -ksp_atol 1.0e-50 -ksp_max_it 1500 \
#   -ksp_gmres_modifiedgramschmidt \
#   -pc_type asm \
#   -sub_ksp_type richardson \
#   -sub_pc_type icc -ksp_monitor_short \
#   -ksp_converged_reason \
#   -ksp_view \
#   -log_view > $LSB_JOBID.log 2>&1


------------------------------------------------------------

Successfully completed.

Resource usage summary:

    CPU time :                                   0.62 sec.
    Max Memory :                                 -
    Average Memory :                             -
    Total Requested Memory :                     -
    Delta Memory :                               -
    Max Swap :                                   -
    Max Processes :                              -
    Max Threads :                                -
    Run time :                                   1 sec.
    Turnaround time :                            4 sec.

The output (if any) follows:



PS:

Read file <petsc.err> for stderr output of this job.

Sender: LSF System <lsfadmin@r13n44>
Subject: Job 3827053: <petsc-test> in cluster <sustchpc> Done

Job <petsc-test> was submitted from host <login03> by user <mae-wenlw> in cluster <sustchpc> at Wed Jun  8 22:06:49 2022.
Job was executed on host(s) <5*r13n44>, in queue <debug>, as user <mae-wenlw> in cluster <sustchpc> at Wed Jun  8 22:06:49 2022.
</work/mae-wenlw> was used as the home directory.
</work/mae-wenlw/HPC/Project/implicit/no_output> was used as the working directory.
Started at Wed Jun  8 22:06:49 2022.
Terminated at Wed Jun  8 22:06:52 2022.
Results reported at Wed Jun  8 22:06:52 2022.

Your job looked like:

------------------------------------------------------------
# LSBATCH: User input
#!/bin/bash
#BSUB -J petsc-test
#BSUB -q debug
#BSUB -n 5
#BSUB -e petsc.err
#BSUB -o petsc.out

module purge
module load intel/2018.4
module load mpi/intel/2018.4

mpirun -np 1 ./implicit_no.out -n 100 -CFL 0.4 \
-log_view > $LSB_JOBID.log 2>&1
# mpirun -np 5 ./ex5.out -ksp_type gmres \
#   -ksp_gmres_restart 30 -ksp_rtol 1.0e-10 \
#   -ksp_atol 1.0e-50 -ksp_max_it 1500 \
#   -ksp_gmres_modifiedgramschmidt \
#   -pc_type asm \
#   -sub_ksp_type richardson \
#   -sub_pc_type icc -ksp_monitor_short \
#   -ksp_converged_reason \
#   -ksp_view \
#   -log_view > $LSB_JOBID.log 2>&1


------------------------------------------------------------

Successfully completed.

Resource usage summary:

    CPU time :                                   0.61 sec.
    Max Memory :                                 -
    Average Memory :                             -
    Total Requested Memory :                     -
    Delta Memory :                               -
    Max Swap :                                   -
    Max Processes :                              -
    Max Threads :                                -
    Run time :                                   1 sec.
    Turnaround time :                            3 sec.

The output (if any) follows:



PS:

Read file <petsc.err> for stderr output of this job.

Sender: LSF System <lsfadmin@r13n46>
Subject: Job 3827059: <petsc-test> in cluster <sustchpc> Done

Job <petsc-test> was submitted from host <login03> by user <mae-wenlw> in cluster <sustchpc> at Wed Jun  8 22:09:04 2022.
Job was executed on host(s) <5*r13n46>, in queue <debug>, as user <mae-wenlw> in cluster <sustchpc> at Wed Jun  8 22:09:04 2022.
</work/mae-wenlw> was used as the home directory.
</work/mae-wenlw/HPC/Project/implicit/no_output> was used as the working directory.
Started at Wed Jun  8 22:09:04 2022.
Terminated at Wed Jun  8 22:09:07 2022.
Results reported at Wed Jun  8 22:09:07 2022.

Your job looked like:

------------------------------------------------------------
# LSBATCH: User input
#!/bin/bash
#BSUB -J petsc-test
#BSUB -q debug
#BSUB -n 5
#BSUB -e petsc.err
#BSUB -o petsc.out

module purge
module load intel/2018.4
module load mpi/intel/2018.4

mpirun -np 1 ./implicit_no.out -n 100 -CFL 0.5 \
-log_view > $LSB_JOBID.log 2>&1
# mpirun -np 5 ./ex5.out -ksp_type gmres \
#   -ksp_gmres_restart 30 -ksp_rtol 1.0e-10 \
#   -ksp_atol 1.0e-50 -ksp_max_it 1500 \
#   -ksp_gmres_modifiedgramschmidt \
#   -pc_type asm \
#   -sub_ksp_type richardson \
#   -sub_pc_type icc -ksp_monitor_short \
#   -ksp_converged_reason \
#   -ksp_view \
#   -log_view > $LSB_JOBID.log 2>&1


------------------------------------------------------------

Successfully completed.

Resource usage summary:

    CPU time :                                   0.54 sec.
    Max Memory :                                 24 MB
    Average Memory :                             24.00 MB
    Total Requested Memory :                     -
    Delta Memory :                               -
    Max Swap :                                   2 MB
    Max Processes :                              7
    Max Threads :                                9
    Run time :                                   1 sec.
    Turnaround time :                            3 sec.

The output (if any) follows:



PS:

Read file <petsc.err> for stderr output of this job.

Sender: LSF System <lsfadmin@r13n45>
Subject: Job 3827062: <petsc-test> in cluster <sustchpc> Done

Job <petsc-test> was submitted from host <login03> by user <mae-wenlw> in cluster <sustchpc> at Wed Jun  8 22:10:15 2022.
Job was executed on host(s) <5*r13n45>, in queue <debug>, as user <mae-wenlw> in cluster <sustchpc> at Wed Jun  8 22:10:16 2022.
</work/mae-wenlw> was used as the home directory.
</work/mae-wenlw/HPC/Project/implicit/no_output> was used as the working directory.
Started at Wed Jun  8 22:10:16 2022.
Terminated at Wed Jun  8 22:10:19 2022.
Results reported at Wed Jun  8 22:10:19 2022.

Your job looked like:

------------------------------------------------------------
# LSBATCH: User input
#!/bin/bash
#BSUB -J petsc-test
#BSUB -q debug
#BSUB -n 5
#BSUB -e petsc.err
#BSUB -o petsc.out

module purge
module load intel/2018.4
module load mpi/intel/2018.4

mpirun -np 1 ./implicit_no.out -n 100 -CFL 0.3 \
-log_view > $LSB_JOBID.log 2>&1
# mpirun -np 5 ./ex5.out -ksp_type gmres \
#   -ksp_gmres_restart 30 -ksp_rtol 1.0e-10 \
#   -ksp_atol 1.0e-50 -ksp_max_it 1500 \
#   -ksp_gmres_modifiedgramschmidt \
#   -pc_type asm \
#   -sub_ksp_type richardson \
#   -sub_pc_type icc -ksp_monitor_short \
#   -ksp_converged_reason \
#   -ksp_view \
#   -log_view > $LSB_JOBID.log 2>&1


------------------------------------------------------------

Successfully completed.

Resource usage summary:

    CPU time :                                   1.00 sec.
    Max Memory :                                 26 MB
    Average Memory :                             26.00 MB
    Total Requested Memory :                     -
    Delta Memory :                               -
    Max Swap :                                   1345 MB
    Max Processes :                              7
    Max Threads :                                9
    Run time :                                   3 sec.
    Turnaround time :                            4 sec.

The output (if any) follows:



PS:

Read file <petsc.err> for stderr output of this job.

Sender: LSF System <lsfadmin@r13n44>
Subject: Job 3827066: <petsc-test> in cluster <sustchpc> Done

Job <petsc-test> was submitted from host <login03> by user <mae-wenlw> in cluster <sustchpc> at Wed Jun  8 22:11:59 2022.
Job was executed on host(s) <5*r13n44>, in queue <debug>, as user <mae-wenlw> in cluster <sustchpc> at Wed Jun  8 22:12:00 2022.
</work/mae-wenlw> was used as the home directory.
</work/mae-wenlw/HPC/Project/implicit/no_output> was used as the working directory.
Started at Wed Jun  8 22:12:00 2022.
Terminated at Wed Jun  8 22:12:03 2022.
Results reported at Wed Jun  8 22:12:03 2022.

Your job looked like:

------------------------------------------------------------
# LSBATCH: User input
#!/bin/bash
#BSUB -J petsc-test
#BSUB -q debug
#BSUB -n 5
#BSUB -e petsc.err
#BSUB -o petsc.out

module purge
module load intel/2018.4
module load mpi/intel/2018.4

mpirun -np 1 ./implicit_no.out -n 100 -CFL 0.2 \
-log_view > $LSB_JOBID.log 2>&1
# mpirun -np 5 ./ex5.out -ksp_type gmres \
#   -ksp_gmres_restart 30 -ksp_rtol 1.0e-10 \
#   -ksp_atol 1.0e-50 -ksp_max_it 1500 \
#   -ksp_gmres_modifiedgramschmidt \
#   -pc_type asm \
#   -sub_ksp_type richardson \
#   -sub_pc_type icc -ksp_monitor_short \
#   -ksp_converged_reason \
#   -ksp_view \
#   -log_view > $LSB_JOBID.log 2>&1


------------------------------------------------------------

Successfully completed.

Resource usage summary:

    CPU time :                                   1.00 sec.
    Max Memory :                                 24 MB
    Average Memory :                             24.00 MB
    Total Requested Memory :                     -
    Delta Memory :                               -
    Max Swap :                                   -
    Max Processes :                              7
    Max Threads :                                9
    Run time :                                   2 sec.
    Turnaround time :                            4 sec.

The output (if any) follows:



PS:

Read file <petsc.err> for stderr output of this job.

Sender: LSF System <lsfadmin@r13n44>
Subject: Job 3827067: <petsc-test> in cluster <sustchpc> Done

Job <petsc-test> was submitted from host <login03> by user <mae-wenlw> in cluster <sustchpc> at Wed Jun  8 22:12:06 2022.
Job was executed on host(s) <5*r13n44>, in queue <debug>, as user <mae-wenlw> in cluster <sustchpc> at Wed Jun  8 22:12:06 2022.
</work/mae-wenlw> was used as the home directory.
</work/mae-wenlw/HPC/Project/implicit/no_output> was used as the working directory.
Started at Wed Jun  8 22:12:06 2022.
Terminated at Wed Jun  8 22:12:09 2022.
Results reported at Wed Jun  8 22:12:09 2022.

Your job looked like:

------------------------------------------------------------
# LSBATCH: User input
#!/bin/bash
#BSUB -J petsc-test
#BSUB -q debug
#BSUB -n 5
#BSUB -e petsc.err
#BSUB -o petsc.out

module purge
module load intel/2018.4
module load mpi/intel/2018.4

mpirun -np 1 ./implicit_no.out -n 100 -CFL 0.1 \
-log_view > $LSB_JOBID.log 2>&1
# mpirun -np 5 ./ex5.out -ksp_type gmres \
#   -ksp_gmres_restart 30 -ksp_rtol 1.0e-10 \
#   -ksp_atol 1.0e-50 -ksp_max_it 1500 \
#   -ksp_gmres_modifiedgramschmidt \
#   -pc_type asm \
#   -sub_ksp_type richardson \
#   -sub_pc_type icc -ksp_monitor_short \
#   -ksp_converged_reason \
#   -ksp_view \
#   -log_view > $LSB_JOBID.log 2>&1


------------------------------------------------------------

Successfully completed.

Resource usage summary:

    CPU time :                                   1.47 sec.
    Max Memory :                                 24 MB
    Average Memory :                             24.00 MB
    Total Requested Memory :                     -
    Delta Memory :                               -
    Max Swap :                                   -
    Max Processes :                              7
    Max Threads :                                9
    Run time :                                   2 sec.
    Turnaround time :                            3 sec.

The output (if any) follows:



PS:

Read file <petsc.err> for stderr output of this job.

Sender: LSF System <lsfadmin@r01n08>
Subject: Job 3826737: <petsc-test> in cluster <sustchpc> Done

Job <petsc-test> was submitted from host <login03> by user <mae-wenlw> in cluster <sustchpc> at Wed Jun  8 20:09:45 2022.
Job was executed on host(s) <5*r01n08>, in queue <ser>, as user <mae-wenlw> in cluster <sustchpc> at Wed Jun  8 20:09:47 2022.
</work/mae-wenlw> was used as the home directory.
</work/mae-wenlw/HPC/Project/implicit/no_output> was used as the working directory.
Started at Wed Jun  8 20:09:47 2022.
Terminated at Thu Jun  9 05:49:11 2022.
Results reported at Thu Jun  9 05:49:11 2022.

Your job looked like:

------------------------------------------------------------
# LSBATCH: User input
#!/bin/bash
#BSUB -J petsc-test
#BSUB -q ser
#BSUB -n 5
#BSUB -e petsc.err
#BSUB -o petsc.out
#BSUB -m 'r01n08'

module purge
module load intel/2018.4
module load mpi/intel/2018.4

mpirun -np 4 ./implicit_no.out -n 5000 \
-log_view > 4$LSB_JOBID.log 2>&1
# mpirun -np 5 ./ex5.out -ksp_type gmres \
#   -ksp_gmres_restart 30 -ksp_rtol 1.0e-10 \
#   -ksp_atol 1.0e-50 -ksp_max_it 1500 \
#   -ksp_gmres_modifiedgramschmidt \
#   -pc_type asm \
#   -sub_ksp_type richardson \
#   -sub_pc_type icc -ksp_monitor_short \
#   -ksp_converged_reason \
#   -ksp_view \
#   -log_view > $LSB_JOBID.log 2>&1


------------------------------------------------------------

Successfully completed.

Resource usage summary:

    CPU time :                                   140135.00 sec.
    Max Memory :                                 52 MB
    Average Memory :                             51.99 MB
    Total Requested Memory :                     -
    Delta Memory :                               -
    Max Swap :                                   -
    Max Processes :                              12
    Max Threads :                                14
    Run time :                                   34763 sec.
    Turnaround time :                            34766 sec.

The output (if any) follows:



PS:

Read file <petsc.err> for stderr output of this job.

Sender: LSF System <lsfadmin@r01n08>
Subject: Job 3826736: <petsc-test> in cluster <sustchpc> Done

Job <petsc-test> was submitted from host <login03> by user <mae-wenlw> in cluster <sustchpc> at Wed Jun  8 20:09:37 2022.
Job was executed on host(s) <5*r01n08>, in queue <ser>, as user <mae-wenlw> in cluster <sustchpc> at Wed Jun  8 20:09:37 2022.
</work/mae-wenlw> was used as the home directory.
</work/mae-wenlw/HPC/Project/implicit/no_output> was used as the working directory.
Started at Wed Jun  8 20:09:37 2022.
Terminated at Thu Jun  9 06:52:10 2022.
Results reported at Thu Jun  9 06:52:10 2022.

Your job looked like:

------------------------------------------------------------
# LSBATCH: User input
#!/bin/bash
#BSUB -J petsc-test
#BSUB -q ser
#BSUB -n 5
#BSUB -e petsc.err
#BSUB -o petsc.out
#BSUB -m 'r01n08'

module purge
module load intel/2018.4
module load mpi/intel/2018.4

mpirun -np 2 ./implicit_no.out -n 5000 \
-log_view > 2$LSB_JOBID.log 2>&1
# mpirun -np 5 ./ex5.out -ksp_type gmres \
#   -ksp_gmres_restart 30 -ksp_rtol 1.0e-10 \
#   -ksp_atol 1.0e-50 -ksp_max_it 1500 \
#   -ksp_gmres_modifiedgramschmidt \
#   -pc_type asm \
#   -sub_ksp_type richardson \
#   -sub_pc_type icc -ksp_monitor_short \
#   -ksp_converged_reason \
#   -ksp_view \
#   -log_view > $LSB_JOBID.log 2>&1


------------------------------------------------------------

Successfully completed.

Resource usage summary:

    CPU time :                                   78469.64 sec.
    Max Memory :                                 31 MB
    Average Memory :                             31.00 MB
    Total Requested Memory :                     -
    Delta Memory :                               -
    Max Swap :                                   -
    Max Processes :                              10
    Max Threads :                                12
    Run time :                                   38551 sec.
    Turnaround time :                            38553 sec.

The output (if any) follows:



PS:

Read file <petsc.err> for stderr output of this job.

Sender: LSF System <lsfadmin@r01n08>
Subject: Job 3826735: <petsc-test> in cluster <sustchpc> Done

Job <petsc-test> was submitted from host <login03> by user <mae-wenlw> in cluster <sustchpc> at Wed Jun  8 20:09:09 2022.
Job was executed on host(s) <5*r01n08>, in queue <ser>, as user <mae-wenlw> in cluster <sustchpc> at Wed Jun  8 20:09:10 2022.
</work/mae-wenlw> was used as the home directory.
</work/mae-wenlw/HPC/Project/implicit/no_output> was used as the working directory.
Started at Wed Jun  8 20:09:10 2022.
Terminated at Thu Jun  9 07:59:03 2022.
Results reported at Thu Jun  9 07:59:03 2022.

Your job looked like:

------------------------------------------------------------
# LSBATCH: User input
#!/bin/bash
#BSUB -J petsc-test
#BSUB -q ser
#BSUB -n 5
#BSUB -e petsc.err
#BSUB -o petsc.out
#BSUB -m 'r01n08'

module purge
module load intel/2018.4
module load mpi/intel/2018.4

mpirun -np 1 ./implicit_no.out -n 5000 \
-log_view > 1$LSB_JOBID.log 2>&1
# mpirun -np 5 ./ex5.out -ksp_type gmres \
#   -ksp_gmres_restart 30 -ksp_rtol 1.0e-10 \
#   -ksp_atol 1.0e-50 -ksp_max_it 1500 \
#   -ksp_gmres_modifiedgramschmidt \
#   -pc_type asm \
#   -sub_ksp_type richardson \
#   -sub_pc_type icc -ksp_monitor_short \
#   -ksp_converged_reason \
#   -ksp_view \
#   -log_view > $LSB_JOBID.log 2>&1


------------------------------------------------------------

Successfully completed.

Resource usage summary:

    CPU time :                                   42430.28 sec.
    Max Memory :                                 29 MB
    Average Memory :                             29.00 MB
    Total Requested Memory :                     -
    Delta Memory :                               -
    Max Swap :                                   -
    Max Processes :                              9
    Max Threads :                                11
    Run time :                                   42592 sec.
    Turnaround time :                            42594 sec.

The output (if any) follows:



PS:

Read file <petsc.err> for stderr output of this job.

