dx= 0.000625 dt = 1e-05 its 100001 CFL 25.6
Mat time cost = 0.002156 s
iteration time cost = 356.303390 s
Vec Object: u_numeracal 8 MPI processes
  type: mpi
Process [0]
0.
0.000199153
0.000398305
0.000597456
0.000796604
0.00099575
0.00119489
0.00139403
0.00159316
0.00179229
0.0019914
0.00219051
0.00238962
0.00258871
0.00278779
0.00298687
0.00318593
0.00338498
0.00358401
0.00378303
0.00398204
0.00418103
0.00438001
0.00457897
0.00477791
0.00497683
0.00517573
0.00537462
0.00557348
0.00577232
0.00597114
0.00616994
0.00636871
0.00656746
0.00676618
0.00696488
0.00716355
0.00736219
0.0075608
0.00775939
0.00795794
0.00815646
0.00835496
0.00855342
0.00875184
0.00895024
0.0091486
0.00934692
0.00954521
0.00974346
0.00994167
0.0101398
0.010338
0.0105361
0.0107341
0.0109321
0.0111301
0.011328
0.0115259
0.0117238
0.0119216
0.0121193
0.012317
0.0125147
0.0127123
0.0129098
0.0131074
0.0133048
0.0135022
0.0136996
0.0138969
0.0140941
0.0142913
0.0144885
0.0146855
0.0148826
0.0150795
0.0152764
0.0154733
0.0156701
0.0158668
0.0160635
0.0162601
0.0164566
0.0166531
0.0168495
0.0170459
0.0172422
0.0174384
0.0176346
0.0178306
0.0180267
0.0182226
0.0184185
0.0186143
0.01881
0.0190057
0.0192013
0.0193968
0.0195922
0.0197876
0.0199829
0.0201781
0.0203732
0.0205683
0.0207633
0.0209582
0.021153
0.0213477
0.0215424
0.0217369
0.0219314
0.0221258
0.0223201
0.0225143
0.0227085
0.0229025
0.0230965
0.0232904
0.0234842
0.0236779
0.0238715
0.024065
0.0242584
0.0244517
0.024645
0.0248381
0.0250311
0.0252241
0.0254169
0.0256097
0.0258023
0.0259949
0.0261873
0.0263797
0.0265719
0.0267641
0.0269561
0.0271481
0.0273399
0.0275316
0.0277233
0.0279148
0.0281062
0.0282975
0.0284887
0.0286798
0.0288707
0.0290616
0.0292523
0.029443
0.0296335
0.0298239
0.0300142
0.0302044
0.0303944
0.0305844
0.0307742
0.0309639
0.0311535
0.0313429
0.0315323
0.0317215
0.0319106
0.0320996
0.0322884
0.0324772
0.0326658
0.0328543
0.0330426
0.0332308
0.0334189
0.0336069
0.0337947
0.0339825
0.03417
0.0343575
0.0345448
0.034732
0.034919
0.0351059
0.0352927
0.0354793
0.0356658
0.0358522
0.0360384
0.0362245
0.0364105
0.0365963
0.036782
0.0369675
0.0371529
0.0373381
0.0375232
0.0377081
0.037893
0.0380776
0.0382621
0.0384465
0.0386307
0.0388148
Process [1]
0.0389987
0.0391825
0.0393661
0.0395495
0.0397329
0.039916
0.040099
0.0402819
0.0404646
0.0406471
0.0408295
0.0410117
0.0411938
0.0413757
0.0415574
0.041739
0.0419205
0.0421017
0.0422828
0.0424638
0.0426446
0.0428252
0.0430056
0.0431859
0.043366
0.043546
0.0437257
0.0439054
0.0440848
0.0442641
0.0444432
0.0446221
0.0448009
0.0449795
0.0451579
0.0453361
0.0455142
0.0456921
0.0458698
0.0460473
0.0462247
0.0464018
0.0465788
0.0467557
0.0469323
0.0471088
0.047285
0.0474611
0.0476371
0.0478128
0.0479883
0.0481637
0.0483389
0.0485139
0.0486887
0.0488633
0.0490377
0.0492119
0.049386
0.0495598
0.0497335
0.049907
0.0500803
0.0502533
0.0504262
0.0505989
0.0507714
0.0509437
0.0511159
0.0512878
0.0514595
0.051631
0.0518023
0.0519735
0.0521444
0.0523151
0.0524856
0.0526559
0.052826
0.0529959
0.0531656
0.0533351
0.0535044
0.0536735
0.0538424
0.0540111
0.0541795
0.0543478
0.0545158
0.0546837
0.0548513
0.0550187
0.0551859
0.0553529
0.0555197
0.0556862
0.0558526
0.0560187
0.0561846
0.0563503
0.0565158
0.0566811
0.0568461
0.057011
0.0571756
0.0573399
0.0575041
0.0576681
0.0578318
0.0579953
0.0581585
0.0583216
0.0584844
0.058647
0.0588094
0.0589715
0.0591335
0.0592951
0.0594566
0.0596178
0.0597788
0.0599396
0.0601002
0.0602605
0.0604206
0.0605804
0.06074
0.0608994
0.0610585
0.0612174
0.0613761
0.0615345
0.0616927
0.0618507
0.0620084
0.0621659
0.0623231
0.0624801
0.0626369
0.0627934
0.0629497
0.0631057
0.0632615
0.0634171
0.0635724
0.0637274
0.0638823
0.0640368
0.0641911
0.0643452
0.064499
0.0646526
0.0648059
0.064959
0.0651118
0.0652644
0.0654167
0.0655688
0.0657206
0.0658722
0.0660235
0.0661746
0.0663254
0.0664759
0.0666262
0.0667762
0.066926
0.0670755
0.0672248
0.0673738
0.0675225
0.067671
0.0678192
0.0679672
0.0681149
0.0682623
0.0684095
0.0685564
0.068703
0.0688494
0.0689955
0.0691413
0.0692869
0.0694322
0.0695773
0.069722
0.0698665
0.0700108
0.0701547
0.0702984
0.0704419
0.070585
0.0707279
0.0708705
0.0710128
0.0711549
0.0712967
0.0714382
0.0715794
0.0717204
Process [2]
0.0718611
0.0720015
0.0721416
0.0722815
0.0724211
0.0725603
0.0726994
0.0728381
0.0729766
0.0731147
0.0732526
0.0733902
0.0735275
0.0736646
0.0738013
0.0739378
0.074074
0.0742099
0.0743455
0.0744809
0.0746159
0.0747506
0.0748851
0.0750193
0.0751532
0.0752868
0.0754201
0.0755531
0.0756858
0.0758183
0.0759504
0.0760823
0.0762138
0.0763451
0.076476
0.0766067
0.0767371
0.0768672
0.076997
0.0771265
0.0772556
0.0773845
0.0775131
0.0776414
0.0777694
0.0778971
0.0780245
0.0781516
0.0782784
0.0784049
0.0785311
0.078657
0.0787826
0.0789079
0.0790328
0.0791575
0.0792819
0.0794059
0.0795297
0.0796531
0.0797763
0.0798991
0.0800216
0.0801439
0.0802658
0.0803874
0.0805086
0.0806296
0.0807503
0.0808707
0.0809907
0.0811104
0.0812298
0.081349
0.0814677
0.0815862
0.0817044
0.0818222
0.0819398
0.082057
0.0821739
0.0822905
0.0824067
0.0825227
0.0826383
0.0827536
0.0828686
0.0829833
0.0830977
0.0832117
0.0833254
0.0834388
0.0835519
0.0836646
0.0837771
0.0838892
0.0840009
0.0841124
0.0842235
0.0843343
0.0844448
0.084555
0.0846648
0.0847743
0.0848835
0.0849923
0.0851008
0.085209
0.0853169
0.0854244
0.0855317
0.0856385
0.0857451
0.0858513
0.0859572
0.0860627
0.086168
0.0862728
0.0863774
0.0864816
0.0865855
0.0866891
0.0867923
0.0868952
0.0869977
0.0871
0.0872018
0.0873034
0.0874046
0.0875055
0.087606
0.0877062
0.0878061
0.0879056
0.0880048
0.0881036
0.0882021
0.0883003
0.0883981
0.0884956
0.0885927
0.0886895
0.088786
0.0888821
0.0889779
0.0890733
0.0891684
0.0892631
0.0893575
0.0894516
0.0895453
0.0896386
0.0897317
0.0898243
0.0899167
0.0900086
0.0901003
0.0901916
0.0902825
0.0903731
0.0904633
0.0905532
0.0906428
0.090732
0.0908208
0.0909093
0.0909974
0.0910852
0.0911727
0.0912598
0.0913465
0.0914329
0.0915189
0.0916046
0.0916899
0.0917749
0.0918595
0.0919438
0.0920277
0.0921112
0.0921944
0.0922773
0.0923598
0.0924419
0.0925237
0.0926051
0.0926862
0.0927669
0.0928472
0.0929272
0.0930068
0.0930861
0.093165
0.0932436
0.0933218
0.0933996
0.0934771
0.0935542
0.093631
0.0937074
Process [3]
0.0937834
0.0938591
0.0939344
0.0940093
0.0940839
0.0941581
0.094232
0.0943055
0.0943786
0.0944514
0.0945238
0.0945958
0.0946675
0.0947388
0.0948098
0.0948803
0.0949506
0.0950204
0.0950899
0.095159
0.0952277
0.0952961
0.0953641
0.0954318
0.0954991
0.095566
0.0956325
0.0956987
0.0957645
0.0958299
0.095895
0.0959597
0.096024
0.096088
0.0961516
0.0962148
0.0962776
0.0963401
0.0964022
0.0964639
0.0965253
0.0965863
0.0966469
0.0967071
0.096767
0.0968265
0.0968856
0.0969443
0.0970027
0.0970607
0.0971183
0.0971756
0.0972325
0.097289
0.0973451
0.0974008
0.0974562
0.0975112
0.0975658
0.0976201
0.097674
0.0977275
0.0977806
0.0978333
0.0978857
0.0979377
0.0979893
0.0980405
0.0980914
0.0981418
0.0981919
0.0982416
0.098291
0.0983399
0.0983885
0.0984367
0.0984845
0.098532
0.0985791
0.0986257
0.098672
0.098718
0.0987635
0.0988087
0.0988534
0.0988978
0.0989419
0.0989855
0.0990288
0.0990716
0.0991141
0.0991562
0.099198
0.0992393
0.0992803
0.0993208
0.099361
0.0994008
0.0994403
0.0994793
0.099518
0.0995563
0.0995942
0.0996317
0.0996688
0.0997055
0.0997419
0.0997779
0.0998135
0.0998487
0.0998835
0.0999179
0.099952
0.0999856
0.100019
0.100052
0.100084
0.100116
0.100148
0.10018
0.10021
0.100241
0.100271
0.100301
0.10033
0.100359
0.100388
0.100416
0.100444
0.100472
0.100499
0.100526
0.100552
0.100578
0.100603
0.100628
0.100653
0.100678
0.100702
0.100725
0.100748
0.100771
0.100794
0.100816
0.100837
0.100859
0.10088
0.1009
0.10092
0.10094
0.100959
0.100978
0.100997
0.101015
0.101033
0.10105
0.101067
0.101084
0.1011
0.101116
0.101131
0.101146
0.101161
0.101175
0.101189
0.101202
0.101215
0.101228
0.10124
0.101252
0.101264
0.101275
0.101286
0.101296
0.101306
0.101316
0.101325
0.101334
0.101342
0.10135
0.101358
0.101365
0.101372
0.101378
0.101384
0.10139
0.101395
0.1014
0.101405
0.101409
0.101413
0.101416
0.101419
0.101421
0.101423
0.101425
0.101427
0.101428
0.101428
0.101428
Process [4]
0.101428
0.101428
0.101427
0.101425
0.101424
0.101421
0.101419
0.101416
0.101413
0.101409
0.101405
0.1014
0.101395
0.10139
0.101384
0.101378
0.101372
0.101365
0.101358
0.10135
0.101342
0.101334
0.101325
0.101316
0.101306
0.101296
0.101286
0.101275
0.101264
0.101253
0.101241
0.101228
0.101216
0.101203
0.101189
0.101175
0.101161
0.101146
0.101131
0.101116
0.1011
0.101084
0.101067
0.10105
0.101033
0.101015
0.100997
0.100978
0.100959
0.10094
0.10092
0.1009
0.10088
0.100859
0.100838
0.100816
0.100794
0.100771
0.100749
0.100725
0.100702
0.100678
0.100653
0.100629
0.100604
0.100578
0.100552
0.100526
0.100499
0.100472
0.100445
0.100417
0.100388
0.10036
0.100331
0.100301
0.100272
0.100241
0.100211
0.10018
0.100148
0.100117
0.100085
0.100052
0.100019
0.0999859
0.0999523
0.0999182
0.0998838
0.099849
0.0998138
0.0997782
0.0997422
0.0997059
0.0996691
0.099632
0.0995945
0.0995566
0.0995183
0.0994797
0.0994406
0.0994012
0.0993614
0.0993212
0.0992806
0.0992397
0.0991983
0.0991566
0.0991145
0.099072
0.0990292
0.0989859
0.0989423
0.0988983
0.0988539
0.0988091
0.0987639
0.0987184
0.0986725
0.0986262
0.0985795
0.0985324
0.098485
0.0984372
0.098389
0.0983404
0.0982914
0.0982421
0.0981924
0.0981423
0.0980918
0.098041
0.0979898
0.0979381
0.0978862
0.0978338
0.0977811
0.097728
0.0976745
0.0976206
0.0975663
0.0975117
0.0974567
0.0974014
0.0973456
0.0972895
0.097233
0.0971761
0.0971189
0.0970613
0.0970033
0.0969449
0.0968861
0.096827
0.0967675
0.0967077
0.0966474
0.0965868
0.0965258
0.0964645
0.0964028
0.0963407
0.0962782
0.0962154
0.0961522
0.0960886
0.0960246
0.0959603
0.0958956
0.0958305
0.0957651
0.0956993
0.0956331
0.0955666
0.0954997
0.0954324
0.0953648
0.0952968
0.0952284
0.0951597
0.0950905
0.0950211
0.0949512
0.094881
0.0948104
0.0947395
0.0946682
0.0945965
0.0945245
0.0944521
0.0943793
0.0943062
0.0942327
0.0941588
0.0940846
0.09401
0.0939351
0.0938598
0.0937841
0.0937081
Process [5]
0.0936317
0.0935549
0.0934778
0.0934004
0.0933225
0.0932443
0.0931658
0.0930869
0.0930076
0.092928
0.092848
0.0927676
0.0926869
0.0926059
0.0925245
0.0924427
0.0923606
0.0922781
0.0921952
0.092112
0.0920285
0.0919446
0.0918603
0.0917757
0.0916907
0.0916054
0.0915197
0.0914337
0.0913473
0.0912606
0.0911735
0.0910861
0.0909983
0.0909101
0.0908216
0.0907328
0.0906436
0.0905541
0.0904642
0.090374
0.0902834
0.0901924
0.0901012
0.0900095
0.0899176
0.0898252
0.0897326
0.0896395
0.0895462
0.0894525
0.0893584
0.089264
0.0891693
0.0890742
0.0889788
0.088883
0.0887869
0.0886905
0.0885937
0.0884965
0.0883991
0.0883012
0.0882031
0.0881046
0.0880057
0.0879066
0.087807
0.0877072
0.087607
0.0875065
0.0874056
0.0873044
0.0872028
0.087101
0.0869987
0.0868962
0.0867933
0.0866901
0.0865865
0.0864827
0.0863784
0.0862739
0.086169
0.0860638
0.0859582
0.0858523
0.0857461
0.0856396
0.0855327
0.0854255
0.085318
0.0852101
0.0851019
0.0849934
0.0848846
0.0847754
0.0846659
0.0845561
0.0844459
0.0843354
0.0842246
0.0841135
0.084002
0.0838903
0.0837782
0.0836657
0.083553
0.0834399
0.0833265
0.0832128
0.0830988
0.0829845
0.0828698
0.0827548
0.0826395
0.0825239
0.0824079
0.0822916
0.0821751
0.0820582
0.081941
0.0818234
0.0817056
0.0815874
0.0814689
0.0813501
0.081231
0.0811116
0.0809919
0.0808719
0.0807515
0.0806308
0.0805099
0.0803886
0.080267
0.0801451
0.0800229
0.0799003
0.0797775
0.0796544
0.0795309
0.0794072
0.0792831
0.0791588
0.0790341
0.0789091
0.0787838
0.0786583
0.0785324
0.0784062
0.0782797
0.0781529
0.0780258
0.0778984
0.0777707
0.0776427
0.0775144
0.0773859
0.077257
0.0771278
0.0769983
0.0768685
0.0767384
0.0766081
0.0764774
0.0763464
0.0762152
0.0760836
0.0759518
0.0758196
0.0756872
0.0755545
0.0754215
0.0752882
0.0751546
0.0750207
0.0748865
0.074752
0.0746173
0.0744823
0.0743469
0.0742113
0.0740754
0.0739392
0.0738028
0.073666
0.073529
0.0733917
0.073254
0.0731162
0.072978
0.0728395
0.0727008
0.0725618
0.0724225
0.0722829
0.0721431
0.072003
0.0718626
0.0717219
Process [6]
0.0715809
0.0714397
0.0712982
0.0711564
0.0710143
0.070872
0.0707294
0.0705865
0.0704434
0.0703
0.0701563
0.0700123
0.0698681
0.0697236
0.0695788
0.0694338
0.0692885
0.0691429
0.068997
0.0688509
0.0687046
0.0685579
0.068411
0.0682639
0.0681164
0.0679687
0.0678208
0.0676726
0.0675241
0.0673754
0.0672264
0.0670771
0.0669276
0.0667778
0.0666278
0.0664775
0.066327
0.0661762
0.0660251
0.0658738
0.0657223
0.0655704
0.0654184
0.0652661
0.0651135
0.0649607
0.0648076
0.0646543
0.0645007
0.0643469
0.0641928
0.0640385
0.0638839
0.0637291
0.0635741
0.0634188
0.0632632
0.0631074
0.0629514
0.0627951
0.0626386
0.0624819
0.0623249
0.0621676
0.0620102
0.0618524
0.0616945
0.0615363
0.0613779
0.0612192
0.0610603
0.0609011
0.0607418
0.0605822
0.0604223
0.0602623
0.0601019
0.0599414
0.0597806
0.0596196
0.0594584
0.059297
0.0591353
0.0589733
0.0588112
0.0586488
0.0584862
0.0583234
0.0581604
0.0579971
0.0578336
0.0576699
0.057506
0.0573418
0.0571774
0.0570128
0.056848
0.0566829
0.0565177
0.0563522
0.0561865
0.0560206
0.0558545
0.0556881
0.0555216
0.0553548
0.0551878
0.0550206
0.0548532
0.0546856
0.0545178
0.0543497
0.0541815
0.054013
0.0538443
0.0536755
0.0535064
0.0533371
0.0531676
0.0529979
0.052828
0.0526579
0.0524876
0.0523171
0.0521463
0.0519754
0.0518043
0.051633
0.0514615
0.0512898
0.0511179
0.0509458
0.0507734
0.0506009
0.0504283
0.0502554
0.0500823
0.049909
0.0497355
0.0495619
0.049388
0.049214
0.0490397
0.0488653
0.0486907
0.0485159
0.0483409
0.0481658
0.0479904
0.0478149
0.0476391
0.0474632
0.0472871
0.0471109
0.0469344
0.0467578
0.046581
0.046404
0.0462268
0.0460494
0.0458719
0.0456942
0.0455163
0.0453382
0.04516
0.0449816
0.044803
0.0446243
0.0444453
0.0442662
0.044087
0.0439075
0.0437279
0.0435481
0.0433682
0.0431881
0.0430078
0.0428274
0.0426468
0.042466
0.042285
0.0421039
0.0419227
0.0417413
0.0415597
0.0413779
0.041196
0.041014
0.0408317
0.0406494
0.0404668
0.0402841
0.0401013
0.0399183
0.0397351
0.0395518
0.0393684
0.0391847
0.039001
0.0388171
Process [7]
0.038633
0.0384488
0.0382644
0.0380799
0.0378953
0.0377105
0.0375255
0.0373404
0.0371552
0.0369698
0.0367843
0.0365986
0.0364128
0.0362269
0.0360408
0.0358546
0.0356682
0.0354817
0.0352951
0.0351083
0.0349214
0.0347343
0.0345472
0.0343599
0.0341724
0.0339848
0.0337971
0.0336093
0.0334213
0.0332333
0.033045
0.0328567
0.0326682
0.0324796
0.0322909
0.032102
0.0319131
0.031724
0.0315347
0.0313454
0.0311559
0.0309664
0.0307767
0.0305868
0.0303969
0.0302068
0.0300167
0.0298264
0.029636
0.0294455
0.0292548
0.0290641
0.0288732
0.0286823
0.0284912
0.0283
0.0281087
0.0279173
0.0277258
0.0275342
0.0273425
0.0271506
0.0269587
0.0267666
0.0265745
0.0263823
0.0261899
0.0259975
0.0258049
0.0256123
0.0254195
0.0252267
0.0250337
0.0248407
0.0246476
0.0244543
0.024261
0.0240676
0.0238741
0.0236805
0.0234868
0.023293
0.0230992
0.0229052
0.0227111
0.022517
0.0223228
0.0221285
0.0219341
0.0217396
0.021545
0.0213504
0.0211557
0.0209609
0.020766
0.020571
0.0203759
0.0201808
0.0199856
0.0197903
0.019595
0.0193995
0.019204
0.0190084
0.0188128
0.018617
0.0184212
0.0182254
0.0180294
0.0178334
0.0176373
0.0174412
0.017245
0.0170487
0.0168523
0.0166559
0.0164594
0.0162629
0.0160663
0.0158696
0.0156729
0.0154761
0.0152793
0.0150824
0.0148854
0.0146884
0.0144913
0.0142942
0.014097
0.0138997
0.0137024
0.0135051
0.0133077
0.0131102
0.0129127
0.0127152
0.0125176
0.0123199
0.0121222
0.0119245
0.0117267
0.0115288
0.011331
0.011133
0.0109351
0.0107371
0.010539
0.0103409
0.0101428
0.00994462
0.00974641
0.00954816
0.00934988
0.00915156
0.00895321
0.00875482
0.0085564
0.00835794
0.00815945
0.00796093
0.00776238
0.00756381
0.0073652
0.00716656
0.00696789
0.0067692
0.00657048
0.00637174
0.00617297
0.00597418
0.00577536
0.00557653
0.00537767
0.0051788
0.00497991
0.00478099
0.00458206
0.0043831
0.00418413
0.00398514
0.00378612
0.0035871
0.00338805
0.00318899
0.00298991
0.00279082
0.00259172
0.00239261
0.00219349
0.00199435
0.00179521
0.00159606
0.00139691
0.00119775
0.00099858
0.000799409
0.000600235
0.000401058
0.00020188
2.7002e-06
************************************************************************************************************************
***             WIDEN YOUR WINDOW TO 120 CHARACTERS.  Use 'enscript -r -fCourier9' to print this document            ***
************************************************************************************************************************

---------------------------------------------- PETSc Performance Summary: ----------------------------------------------

./implicit_no.out on a  named r01n08 with 8 processors, by mae-wenlw Thu Jun  9 17:56:23 2022
Using Petsc Release Version 3.16.6, Mar 30, 2022 

                         Max       Max/Min     Avg       Total
Time (sec):           3.563e+02     1.000   3.563e+02
Objects:              5.700e+01     1.000   5.700e+01
Flop:                 2.662e+10     1.005   2.651e+10  2.121e+11
Flop/sec:             7.472e+07     1.005   7.441e+07  5.953e+08
MPI Messages:         4.313e+06     2.000   3.774e+06  3.019e+07
MPI Message Lengths:  3.454e+07     1.998   8.009e+00  2.418e+08
MPI Reductions:       4.413e+06     1.000

Flop counting convention: 1 flop = 1 real number operation of type (multiply/divide/add/subtract)
                            e.g., VecAXPY() for real vectors of length N --> 2N flop
                            and VecAXPY() for complex vectors of length N --> 8N flop

Summary of Stages:   ----- Time ------  ----- Flop ------  --- Messages ---  -- Message Lengths --  -- Reductions --
                        Avg     %Total     Avg     %Total    Count   %Total     Avg         %Total    Count   %Total
 0:      Main Stage: 3.5632e+02 100.0%  2.1210e+11 100.0%  3.019e+07 100.0%  8.009e+00      100.0%  4.413e+06 100.0%

------------------------------------------------------------------------------------------------------------------------
See the 'Profiling' chapter of the users' manual for details on interpreting output.
Phase summary info:
   Count: number of times phase was executed
   Time and Flop: Max - maximum over all processors
                  Ratio - ratio of maximum to minimum over all processors
   Mess: number of messages sent
   AvgLen: average message length (bytes)
   Reduct: number of global reductions
   Global: entire computation
   Stage: stages of a computation. Set stages with PetscLogStagePush() and PetscLogStagePop().
      %T - percent time in this phase         %F - percent flop in this phase
      %M - percent messages in this phase     %L - percent message lengths in this phase
      %R - percent reductions in this phase
   Total Mflop/s: 10e-6 * (sum of flop over all processors)/(max time over all processors)
------------------------------------------------------------------------------------------------------------------------
Event                Count      Time (sec)     Flop                              --- Global ---  --- Stage ----  Total
                   Max Ratio  Max     Ratio   Max  Ratio  Mess   AvgLen  Reduct  %T %F %M %L %R  %T %F %M %L %R Mflop/s
------------------------------------------------------------------------------------------------------------------------

--- Event Stage 0: Main Stage

BuildTwoSided          4 1.0 6.1202e-04 1.3 0.00e+00 0.0 1.3e+02 1.1e+01 4.0e+00  0  0  0  0  0   0  0  0  0  0     0
BuildTwoSidedF         3 1.0 6.7306e-04 1.2 0.00e+00 0.0 3.4e+02 8.0e+02 3.0e+00  0  0  0  0  0   0  0  0  0  0     0
VecView                1 1.0 4.5900e-03 2.0 0.00e+00 0.0 7.0e+00 1.6e+03 0.0e+00  0  0  0  0  0   0  0  0  0  0     0
VecMDot          2156653 1.0 2.3390e+02 1.8 1.08e+10 1.0 0.0e+00 0.0e+00 2.2e+06 46 41  0  0 49  46 41  0  0 49   369
VecNorm          2256669 1.0 1.4767e+02 3.7 9.07e+08 1.0 0.0e+00 0.0e+00 2.3e+06 35  3  0  0 51  35  3  0  0 51    49
VecScale         2256669 1.0 1.5962e+00 1.2 4.54e+08 1.0 0.0e+00 0.0e+00 0.0e+00  0  2  0  0  0   0  2  0  0  0  2263
VecCopy           200018 1.0 6.7159e-02 1.2 0.00e+00 0.0 0.0e+00 0.0e+00 0.0e+00  0  0  0  0  0   0  0  0  0  0     0
VecSet            200018 1.0 7.4920e-02 1.2 0.00e+00 0.0 0.0e+00 0.0e+00 0.0e+00  0  0  0  0  0   0  0  0  0  0     0
VecAXPY           200033 1.0 8.0962e-02 1.2 8.04e+07 1.0 0.0e+00 0.0e+00 0.0e+00  0  0  0  0  0   0  0  0  0  0  7911
VecMAXPY         2256669 1.0 3.5297e+00 1.1 1.17e+10 1.0 0.0e+00 0.0e+00 0.0e+00  1 44  0  0  0   1 44  0  0  0 26473
VecAssemblyBegin       2 1.0 5.3096e-04 1.1 0.00e+00 0.0 3.4e+02 8.0e+02 2.0e+00  0  0  0  0  0   0  0  0  0  0     0
VecAssemblyEnd         2 1.0 1.4114e-04 1.1 0.00e+00 0.0 0.0e+00 0.0e+00 0.0e+00  0  0  0  0  0   0  0  0  0  0     0
VecPointwiseMult 2256669 1.0 6.4002e-01 1.1 4.54e+08 1.0 0.0e+00 0.0e+00 0.0e+00  0  2  0  0  0   0  2  0  0  0  5645
VecScatterBegin  2156668 1.0 5.4789e+0110.2 0.00e+00 0.0 3.0e+07 8.0e+00 1.0e+00  4  0100100  0   4  0100100  0     0
VecScatterEnd    2156668 1.0 5.7783e+01 7.7 0.00e+00 0.0 0.0e+00 0.0e+00 0.0e+00 10  0  0  0  0  10  0  0  0  0     0
VecNormalize     2256669 1.0 1.5049e+02 3.5 1.36e+09 1.0 0.0e+00 0.0e+00 2.3e+06 36  5  0  0 51  36  5  0  0 51    72
MatMult          2156668 1.0 6.8050e+01 2.1 2.16e+09 1.0 3.0e+07 8.0e+00 1.0e+00 15  8100100  0  15  8100100  0   253
MatAssemblyBegin       1 1.0 2.7204e-04 1.6 0.00e+00 0.0 0.0e+00 0.0e+00 1.0e+00  0  0  0  0  0   0  0  0  0  0     0
MatAssemblyEnd         1 1.0 7.8893e-04 1.0 0.00e+00 0.0 0.0e+00 0.0e+00 5.0e+00  0  0  0  0  0   0  0  0  0  0     0
SFSetGraph             1 1.0 1.1921e-06 0.0 0.00e+00 0.0 0.0e+00 0.0e+00 0.0e+00  0  0  0  0  0   0  0  0  0  0     0
SFSetUp                1 1.0 2.0504e-04 1.9 0.00e+00 0.0 2.8e+01 4.0e+00 1.0e+00  0  0  0  0  0   0  0  0  0  0     0
SFPack           2156668 1.0 1.0822e+00 2.0 0.00e+00 0.0 0.0e+00 0.0e+00 0.0e+00  0  0  0  0  0   0  0  0  0  0     0
SFUnpack         2156668 1.0 4.3588e-01 1.6 0.00e+00 0.0 0.0e+00 0.0e+00 0.0e+00  0  0  0  0  0   0  0  0  0  0     0
KSPSetUp               1 1.0 5.1975e-05 2.1 0.00e+00 0.0 0.0e+00 0.0e+00 0.0e+00  0  0  0  0  0   0  0  0  0  0     0
KSPSolve          100001 1.0 3.5613e+02 1.0 2.66e+10 1.0 3.0e+07 8.0e+00 4.4e+06100100100100100 100100100100100   595
KSPGMRESOrthog   2156653 1.0 2.3941e+02 1.8 2.17e+10 1.0 0.0e+00 0.0e+00 2.2e+06 47 81  0  0 49  47 81  0  0 49   722
PCSetUp                1 1.0 6.1989e-06 1.5 0.00e+00 0.0 0.0e+00 0.0e+00 0.0e+00  0  0  0  0  0   0  0  0  0  0     0
PCApply          2256669 1.0 1.2450e+00 1.1 4.54e+08 1.0 0.0e+00 0.0e+00 2.0e+00  0  2  0  0  0   0  2  0  0  0  2902
------------------------------------------------------------------------------------------------------------------------

Memory usage is given in bytes:

Object Type          Creations   Destructions     Memory  Descendants' Mem.
Reports information only for process 0.

--- Event Stage 0: Main Stage

              Vector    42             42       137784     0.
              Matrix     3              3        41804     0.
           Index Set     2              2         1788     0.
   Star Forest Graph     3              3         3312     0.
       Krylov Solver     1              1        18848     0.
      Preconditioner     1              1          872     0.
    Distributed Mesh     1              1         5048     0.
     Discrete System     1              1          896     0.
           Weak Form     1              1          616     0.
              Viewer     2              1          840     0.
========================================================================================================================
Average time to get PetscTime(): 0.
Average time for MPI_Barrier(): 6.68049e-05
Average time for zero size MPI_Send(): 1.00136e-05
#PETSc Option Table entries:
-dt 0.00001
-log_view
-n 1600
#End of PETSc Option Table entries
Compiled without FORTRAN kernels
Compiled with full precision matrices (default)
sizeof(short) 2 sizeof(int) 4 sizeof(long) 8 sizeof(void*) 8 sizeof(PetscScalar) 8 sizeof(PetscInt) 4
Configure options: --with-mpi-dir=/share/intel/2018u4/compilers_and_libraries_2018.5.274/linux/mpi/intel64 --with-blaslapack-dir=/share/intel/2018u4/compilers_and_libraries_2018.5.274/linux/mkl --with-scalapack-include=/share/intel/2018u4/compilers_and_libraries_2018.5.274/linux/mkl/include --with-scalapack-lib="-L/share/intel/2018u4/compilers_and_libraries_2018.5.274/linux/mkl/lib/intel64 -lmkl_blacs_intelmpi_lp64 -lmkl_scalapack_lp64" --with-debugging=no --prefix=/work/mae-wenlw/lib/petsc-3.16.6 --download-hdf5 =/work/mae-wenlw/HPC/petsc-3.16.6-package/hdf5-1.12.1.tar.gz --download-hypre=/work/mae-wenlw/HPC/petsc-3.16.6-package/hypre-2.23.0.tar.gz --download-mumps=/work/mae-wenlw/HPC/petsc-3.16.6-package/petsc-pkg-mumps-6d1470374d32.tar.gz --download-metis=/work/mae-wenlw/HPC/petsc-3.16.6-package/petsc-pkg-metis-c8d2dc1e751e.tar.gz COPTFLAGS="-O3 -march=native -mtune=native" CXXOPTFLAGS="-O3 -march=native -mtune=native" FOPTFLAGS="-O3 -march=native -mtune=native"
-----------------------------------------
Libraries compiled on 2022-06-02 13:42:17 on login03 
Machine characteristics: Linux-3.10.0-862.el7.x86_64-x86_64-with-redhat-7.5-Maipo
Using PETSc directory: /work/mae-wenlw/lib/petsc-3.16.6
Using PETSc arch: 
-----------------------------------------

Using C compiler: /share/intel/2018u4/compilers_and_libraries_2018.5.274/linux/mpi/intel64/bin/mpiicc  -fPIC -wd1572 -Wno-unknown-pragmas -O3 -march=native -mtune=native  -std=c99 
Using Fortran compiler: /share/intel/2018u4/compilers_and_libraries_2018.5.274/linux/mpi/intel64/bin/mpiifort  -fPIC -O3 -march=native -mtune=native     -std=c99
-----------------------------------------

Using include paths: -I/work/mae-wenlw/lib/petsc-3.16.6/include -I/share/intel/2018u4/compilers_and_libraries_2018.5.274/linux/mpi/intel64/include
-----------------------------------------

Using C linker: /share/intel/2018u4/compilers_and_libraries_2018.5.274/linux/mpi/intel64/bin/mpiicc
Using Fortran linker: /share/intel/2018u4/compilers_and_libraries_2018.5.274/linux/mpi/intel64/bin/mpiifort
Using libraries: -Wl,-rpath,/work/mae-wenlw/lib/petsc-3.16.6/lib -L/work/mae-wenlw/lib/petsc-3.16.6/lib -lpetsc -Wl,-rpath,/work/mae-wenlw/lib/petsc-3.16.6/lib -L/work/mae-wenlw/lib/petsc-3.16.6/lib -L/share/intel/2018u4/compilers_and_libraries_2018.5.274/linux/mkl/lib/intel64 -Wl,-rpath,/share/intel/2018u4/compilers_and_libraries_2018.5.274/linux/mkl/lib/intel64 -Wl,-rpath,/share/intel/2018u4/compilers_and_libraries_2018.5.274/linux/mpi/intel64/lib/release_mt -L/share/intel/2018u4/compilers_and_libraries_2018.5.274/linux/mpi/intel64/lib/release_mt -Wl,-rpath,/share/intel/2018u4/compilers_and_libraries_2018.5.274/linux/mpi/intel64/lib -L/share/intel/2018u4/compilers_and_libraries_2018.5.274/linux/mpi/intel64/lib -Wl,-rpath,/work/mae-wenlw/lib/hdf5-1.12.1/lib -L/work/mae-wenlw/lib/hdf5-1.12.1/lib -Wl,-rpath,/share/intel/2018u4/compilers_and_libraries_2018.5.274/linux/tbb/lib/intel64_lin/gcc4.4 -L/share/intel/2018u4/compilers_and_libraries_2018.5.274/linux/tbb/lib/intel64_lin/gcc4.4 -Wl,-rpath,/share/intel/2018u4/compilers_and_libraries_2018.5.274/linux/daal/lib/intel64_lin -L/share/intel/2018u4/compilers_and_libraries_2018.5.274/linux/daal/lib/intel64_lin -Wl,-rpath,/share/intel/2018u4/compilers_and_libraries_2018.5.274/linux/tbb/lib/intel64/gcc4.4 -L/share/intel/2018u4/compilers_and_libraries_2018.5.274/linux/tbb/lib/intel64/gcc4.4 -Wl,-rpath,/share/intel/2018u4/compilers_and_libraries_2018.5.274/linux/compiler/lib/intel64 -L/share/intel/2018u4/compilers_and_libraries_2018.5.274/linux/compiler/lib/intel64 -Wl,-rpath,/share/intel/2018u4/compilers_and_libraries_2018.5.274/linux/ipp/lib/intel64 -L/share/intel/2018u4/compilers_and_libraries_2018.5.274/linux/ipp/lib/intel64 -Wl,-rpath,/share/intel/2018u4/compilers_and_libraries_2018.5.274/linux/compiler/lib/intel64_lin -L/share/intel/2018u4/compilers_and_libraries_2018.5.274/linux/compiler/lib/intel64_lin -Wl,-rpath,/usr/lib/gcc/x86_64-redhat-linux/4.8.5 -L/usr/lib/gcc/x86_64-redhat-linux/4.8.5 -Wl,-rpath,/opt/intel/mpi-rt/2017.0.0/intel64/lib/release_mt -Wl,-rpath,/opt/intel/mpi-rt/2017.0.0/intel64/lib -lHYPRE -lcmumps -ldmumps -lsmumps -lzmumps -lmumps_common -lpord -lmkl_blacs_intelmpi_lp64 -lmkl_scalapack_lp64 -lmkl_intel_lp64 -lmkl_core -lmkl_sequential -lpthread -lhdf5_hl -lhdf5 -lmetis -lX11 -lstdc++ -ldl -lmpifort -lmpi -lmpigi -lrt -lpthread -lifport -lifcoremt_pic -limf -lsvml -lm -lipgo -lirc -lgcc_s -lirc_s -lquadmath -lstdc++ -ldl
-----------------------------------------

