dx= 0.0005 dt = 1e-05 its 100001 CFL 40.
Mat time cost = 0.001154 s
iteration time cost = 98.300579 s
Vec Object: u_numeracal 2 MPI processes
  type: mpi
Process [0]
0.
0.000159322
0.000318643
0.000477964
0.000637284
0.000796602
0.000955918
0.00111523
0.00127454
0.00143385
0.00159315
0.00175245
0.00191175
0.00207104
0.00223033
0.00238961
0.00254888
0.00270815
0.00286741
0.00302667
0.00318592
0.00334515
0.00350439
0.00366361
0.00382282
0.00398203
0.00414122
0.0043004
0.00445958
0.00461874
0.00477789
0.00493703
0.00509616
0.00525527
0.00541437
0.00557346
0.00573253
0.00589159
0.00605064
0.00620967
0.00636869
0.00652769
0.00668667
0.00684564
0.00700459
0.00716352
0.00732244
0.00748133
0.00764021
0.00779907
0.00795791
0.00811673
0.00827553
0.00843431
0.00859307
0.00875181
0.00891053
0.00906922
0.0092279
0.00938655
0.00954517
0.00970378
0.00986236
0.0100209
0.0101794
0.0103379
0.0104964
0.0106549
0.0108133
0.0109717
0.0111301
0.0112884
0.0114467
0.011605
0.0117633
0.0119215
0.0120797
0.0122379
0.012396
0.0125542
0.0127122
0.0128703
0.0130283
0.0131863
0.0133442
0.0135022
0.0136601
0.0138179
0.0139757
0.0141335
0.0142913
0.014449
0.0146067
0.0147643
0.0149219
0.0150795
0.015237
0.0153945
0.015552
0.0157094
0.0158668
0.0160241
0.0161814
0.0163387
0.0164959
0.0166531
0.0168102
0.0169673
0.0171244
0.0172814
0.0174383
0.0175953
0.0177522
0.017909
0.0180658
0.0182225
0.0183793
0.0185359
0.0186925
0.0188491
0.0190056
0.0191621
0.0193185
0.0194749
0.0196312
0.0197875
0.0199438
0.0201
0.0202561
0.0204122
0.0205682
0.0207242
0.0208801
0.021036
0.0211918
0.0213476
0.0215034
0.021659
0.0218147
0.0219702
0.0221257
0.0222812
0.0224366
0.0225919
0.0227472
0.0229025
0.0230576
0.0232128
0.0233678
0.0235228
0.0236778
0.0238327
0.0239875
0.0241423
0.024297
0.0244516
0.0246062
0.0247608
0.0249152
0.0250697
0.025224
0.0253783
0.0255325
0.0256867
0.0258408
0.0259948
0.0261488
0.0263027
0.0264565
0.0266103
0.026764
0.0269176
0.0270712
0.0272247
0.0273782
0.0275315
0.0276848
0.0278381
0.0279912
0.0281443
0.0282974
0.0284503
0.0286032
0.028756
0.0289088
0.0290615
0.0292141
0.0293666
0.0295191
0.0296715
0.0298238
0.029976
0.0301282
0.0302803
0.0304323
0.0305842
0.0307361
0.0308879
0.0310396
0.0311913
0.0313428
0.0314943
0.0316457
0.0317971
0.0319483
0.0320995
0.0322506
0.0324016
0.0325525
0.0327034
0.0328541
0.0330048
0.0331554
0.033306
0.0334564
0.0336068
0.0337571
0.0339073
0.0340574
0.0342074
0.0343574
0.0345072
0.034657
0.0348067
0.0349563
0.0351058
0.0352552
0.0354046
0.0355538
0.035703
0.0358521
0.0360011
0.03615
0.0362988
0.0364475
0.0365962
0.0367447
0.0368931
0.0370415
0.0371898
0.037338
0.0374861
0.037634
0.0377819
0.0379298
0.0380775
0.0382251
0.0383726
0.0385201
0.0386674
0.0388146
0.0389618
0.0391088
0.0392558
0.0394026
0.0395494
0.0396961
0.0398426
0.0399891
0.0401355
0.0402817
0.0404279
0.040574
0.0407199
0.0408658
0.0410116
0.0411572
0.0413028
0.0414483
0.0415936
0.0417389
0.041884
0.0420291
0.042174
0.0423189
0.0424636
0.0426083
0.0427528
0.0428972
0.0430415
0.0431857
0.0433298
0.0434738
0.0436177
0.0437615
0.0439052
0.0440488
0.0441922
0.0443356
0.0444788
0.0446219
0.044765
0.0449079
0.0450507
0.0451934
0.0453359
0.0454784
0.0456208
0.045763
0.0459051
0.0460471
0.046189
0.0463308
0.0464725
0.0466141
0.0467555
0.0468968
0.047038
0.0471791
0.0473201
0.047461
0.0476017
0.0477423
0.0478829
0.0480232
0.0481635
0.0483037
0.0484437
0.0485836
0.0487234
0.0488631
0.0490026
0.0491421
0.0492814
0.0494206
0.0495597
0.0496986
0.0498374
0.0499761
0.0501147
0.0502532
0.0503915
0.0505297
0.0506678
0.0508057
0.0509436
0.0510813
0.0512188
0.0513563
0.0514936
0.0516308
0.0517679
0.0519048
0.0520417
0.0521783
0.0523149
0.0524513
0.0525876
0.0527238
0.0528598
0.0529957
0.0531315
0.0532672
0.0534027
0.0535381
0.0536733
0.0538084
0.0539434
0.0540783
0.054213
0.0543476
0.054482
0.0546164
0.0547506
0.0548846
0.0550185
0.0551523
0.0552859
0.0554194
0.0555528
0.055686
0.0558191
0.0559521
0.0560849
0.0562176
0.0563501
0.0564825
0.0566148
0.0567469
0.0568789
0.0570107
0.0571424
0.057274
0.0574054
0.0575367
0.0576678
0.0577988
0.0579297
0.0580604
0.058191
0.0583214
0.0584517
0.0585818
0.0587118
0.0588416
0.0589713
0.0591009
0.0592303
0.0593595
0.0594887
0.0596176
0.0597464
0.0598751
0.0600036
0.060132
0.0602602
0.0603883
0.0605163
0.060644
0.0607717
0.0608992
0.0610265
0.0611537
0.0612807
0.0614076
0.0615343
0.0616609
0.0617873
0.0619136
0.0620397
0.0621657
0.0622915
0.0624171
0.0625426
0.062668
0.0627932
0.0629182
0.0630431
0.0631678
0.0632924
0.0634168
0.0635411
0.0636652
0.0637891
0.0639129
0.0640366
0.06416
0.0642834
0.0644065
0.0645295
0.0646524
0.064775
0.0648976
0.0650199
0.0651421
0.0652642
0.065386
0.0655078
0.0656293
0.0657507
0.0658719
0.065993
0.0661139
0.0662346
0.0663552
0.0664756
0.0665959
0.066716
0.0668359
0.0669557
0.0670753
0.0671947
0.0673139
0.067433
0.067552
0.0676707
0.0677893
0.0679077
0.068026
0.0681441
0.068262
0.0683798
0.0684974
0.0686148
0.068732
0.0688491
0.068966
0.0690828
0.0691993
0.0693157
0.0694319
0.069548
0.0696639
0.0697796
0.0698951
0.0700105
0.0701257
0.0702407
0.0703556
0.0704702
0.0705847
0.0706991
0.0708132
0.0709272
0.071041
0.0711546
0.0712681
0.0713814
0.0714945
0.0716074
0.0717201
0.0718327
0.0719451
0.0720573
0.0721693
0.0722812
0.0723929
0.0725044
0.0726157
0.0727268
0.0728378
0.0729486
0.0730592
0.0731696
0.0732799
0.0733899
0.0734998
0.0736095
0.073719
0.0738284
0.0739375
0.0740465
0.0741553
0.0742639
0.0743723
0.0744806
0.0745886
0.0746965
0.0748042
0.0749117
0.075019
0.0751261
0.0752331
0.0753398
0.0754464
0.0755528
0.075659
0.075765
0.0758709
0.0759765
0.076082
0.0761872
0.0762923
0.0763972
0.0765019
0.0766064
0.0767107
0.0768149
0.0769188
0.0770226
0.0771261
0.0772295
0.0773327
0.0774357
0.0775385
0.0776411
0.0777435
0.0778458
0.0779478
0.0780496
0.0781513
0.0782528
0.078354
0.0784551
0.078556
0.0786567
0.0787572
0.0788575
0.0789576
0.0790575
0.0791572
0.0792567
0.079356
0.0794551
0.0795541
0.0796528
0.0797513
0.0798497
0.0799478
0.0800458
0.0801435
0.0802411
0.0803384
0.0804356
0.0805325
0.0806293
0.0807259
0.0808222
0.0809184
0.0810143
0.0811101
0.0812057
0.081301
0.0813962
0.0814911
0.0815859
0.0816804
0.0817748
0.081869
0.0819629
0.0820566
0.0821502
0.0822435
0.0823367
0.0824296
0.0825224
0.0826149
0.0827072
0.0827993
0.0828912
0.082983
0.0830745
0.0831658
0.0832569
0.0833478
0.0834385
0.0835289
0.0836192
0.0837093
0.0837991
0.0838888
0.0839782
0.0840675
0.0841565
0.0842454
0.084334
0.0844224
0.0845106
0.0845986
0.0846864
0.0847739
0.0848613
0.0849485
0.0850354
0.0851222
0.0852087
0.085295
0.0853811
0.085467
0.0855527
0.0856382
0.0857234
0.0858085
0.0858933
0.0859779
0.0860624
0.0861466
0.0862306
0.0863143
0.0863979
0.0864813
0.0865644
0.0866473
0.08673
0.0868125
0.0868948
0.0869769
0.0870587
0.0871404
0.0872218
0.087303
0.087384
0.0874648
0.0875453
0.0876257
0.0877058
0.0877857
0.0878654
0.0879449
0.0880242
0.0881032
0.0881821
0.0882607
0.0883391
0.0884172
0.0884952
0.0885729
0.0886505
0.0887278
0.0888048
0.0888817
0.0889583
0.0890348
0.089111
0.089187
0.0892627
0.0893383
0.0894136
0.0894887
0.0895636
0.0896382
0.0897127
0.0897869
0.0898609
0.0899347
0.0900082
0.0900816
0.0901547
0.0902276
0.0903002
0.0903727
0.0904449
0.0905169
0.0905887
0.0906602
0.0907315
0.0908026
0.0908735
0.0909442
0.0910146
0.0910848
0.0911548
0.0912245
0.0912941
0.0913634
0.0914325
0.0915013
0.0915699
0.0916383
0.0917065
0.0917745
0.0918422
0.0919097
0.091977
0.092044
0.0921108
0.0921774
0.0922438
0.0923099
0.0923758
0.0924415
0.0925069
0.0925722
0.0926371
0.0927019
0.0927664
0.0928308
0.0928948
0.0929587
0.0930223
0.0930857
0.0931489
0.0932118
0.0932745
0.093337
0.0933992
0.0934612
0.093523
0.0935845
0.0936458
0.0937069
0.0937678
0.0938284
0.0938888
0.093949
0.0940089
0.0940686
0.094128
0.0941873
0.0942463
0.094305
0.0943636
0.0944219
0.09448
0.0945378
0.0945954
0.0946528
0.0947099
0.0947668
0.0948235
0.0948799
0.0949361
0.0949921
0.0950478
0.0951033
0.0951586
0.0952136
0.0952684
0.0953229
0.0953773
0.0954313
0.0954852
0.0955388
0.0955922
0.0956453
0.0956982
0.0957509
0.0958033
0.0958555
0.0959075
0.0959592
0.0960107
0.096062
0.096113
0.0961638
0.0962143
0.0962646
0.0963147
0.0963645
0.0964141
0.0964634
0.0965126
0.0965614
0.0966101
0.0966585
0.0967066
0.0967546
0.0968022
0.0968497
0.0968969
0.0969439
0.0969906
0.0970371
0.0970833
0.0971293
0.0971751
0.0972206
0.0972659
0.097311
0.0973558
0.0974004
0.0974447
0.0974888
0.0975326
0.0975762
0.0976196
0.0976627
0.0977056
0.0977483
0.0977907
0.0978328
0.0978747
0.0979164
0.0979579
0.0979991
0.09804
0.0980807
0.0981212
0.0981614
0.0982014
0.0982412
0.0982807
0.0983199
0.0983589
0.0983977
0.0984362
0.0984745
0.0985126
0.0985504
0.0985879
0.0986252
0.0986623
0.0986991
0.0987357
0.0987721
0.0988082
0.098844
0.0988796
0.098915
0.0989501
0.098985
0.0990196
0.099054
0.0990882
0.0991221
0.0991557
0.0991891
0.0992223
0.0992552
0.0992879
0.0993203
0.0993525
0.0993845
0.0994161
0.0994476
0.0994788
0.0995098
0.0995405
0.0995709
0.0996012
0.0996311
0.0996609
0.0996904
0.0997196
0.0997486
0.0997773
0.0998058
0.0998341
0.0998621
0.0998899
0.0999174
0.0999447
0.0999717
0.0999985
0.100025
0.100051
0.100077
0.100103
0.100129
0.100154
0.100179
0.100204
0.100228
0.100253
0.100277
0.100301
0.100324
0.100347
0.10037
0.100393
0.100416
0.100438
0.10046
0.100482
0.100504
0.100525
0.100546
0.100567
0.100588
0.100608
0.100628
0.100648
0.100667
0.100687
0.100706
0.100725
0.100743
0.100762
0.10078
0.100798
0.100815
0.100833
0.10085
0.100867
0.100883
0.1009
0.100916
0.100932
0.100947
0.100962
0.100978
0.100992
0.101007
0.101021
0.101036
0.101049
0.101063
0.101076
0.10109
0.101102
0.101115
0.101127
0.10114
0.101151
0.101163
0.101174
0.101186
0.101196
0.101207
0.101217
0.101228
0.101237
0.101247
0.101257
0.101266
0.101275
0.101283
0.101292
0.1013
0.101308
0.101315
0.101323
0.10133
0.101337
0.101343
0.10135
0.101356
0.101362
0.101367
0.101373
0.101378
0.101383
0.101387
0.101392
0.101396
0.1014
0.101403
0.101407
0.10141
0.101413
0.101415
0.101418
0.10142
0.101422
0.101423
0.101425
0.101426
0.101427
0.101427
0.101428
0.101428
Process [1]
0.101428
0.101427
0.101427
0.101426
0.101425
0.101423
0.101422
0.10142
0.101418
0.101415
0.101413
0.10141
0.101407
0.101403
0.1014
0.101396
0.101392
0.101387
0.101383
0.101378
0.101373
0.101367
0.101362
0.101356
0.10135
0.101343
0.101337
0.10133
0.101323
0.101315
0.101308
0.1013
0.101292
0.101283
0.101275
0.101266
0.101257
0.101247
0.101238
0.101228
0.101218
0.101207
0.101197
0.101186
0.101175
0.101163
0.101152
0.10114
0.101128
0.101115
0.101103
0.10109
0.101077
0.101063
0.10105
0.101036
0.101022
0.101007
0.100993
0.100978
0.100963
0.100947
0.100932
0.100916
0.1009
0.100883
0.100867
0.10085
0.100833
0.100815
0.100798
0.10078
0.100762
0.100743
0.100725
0.100706
0.100687
0.100668
0.100648
0.100628
0.100608
0.100588
0.100567
0.100546
0.100525
0.100504
0.100482
0.10046
0.100438
0.100416
0.100393
0.100371
0.100348
0.100324
0.100301
0.100277
0.100253
0.100228
0.100204
0.100179
0.100154
0.100129
0.100103
0.100077
0.100051
0.100025
0.0999986
0.0999719
0.0999448
0.0999176
0.09989
0.0998623
0.0998343
0.099806
0.0997775
0.0997488
0.0997198
0.0996906
0.0996611
0.0996313
0.0996014
0.0995711
0.0995407
0.09951
0.099479
0.0994478
0.0994163
0.0993847
0.0993527
0.0993205
0.0992881
0.0992554
0.0992225
0.0991893
0.0991559
0.0991223
0.0990884
0.0990542
0.0990198
0.0989852
0.0989503
0.0989152
0.0988799
0.0988442
0.0988084
0.0987723
0.098736
0.0986994
0.0986625
0.0986255
0.0985882
0.0985506
0.0985128
0.0984748
0.0984365
0.0983979
0.0983592
0.0983202
0.0982809
0.0982414
0.0982017
0.0981617
0.0981215
0.098081
0.0980403
0.0979993
0.0979581
0.0979167
0.097875
0.0978331
0.0977909
0.0977485
0.0977059
0.097663
0.0976199
0.0975765
0.0975329
0.0974891
0.097445
0.0974006
0.0973561
0.0973113
0.0972662
0.0972209
0.0971754
0.0971296
0.0970836
0.0970374
0.0969909
0.0969442
0.0968972
0.09685
0.0968025
0.0967549
0.0967069
0.0966588
0.0966104
0.0965617
0.0965129
0.0964638
0.0964144
0.0963648
0.096315
0.0962649
0.0962146
0.0961641
0.0961133
0.0960623
0.096011
0.0959596
0.0959078
0.0958559
0.0958037
0.0957512
0.0956986
0.0956457
0.0955925
0.0955391
0.0954855
0.0954317
0.0953776
0.0953233
0.0952687
0.0952139
0.0951589
0.0951036
0.0950481
0.0949924
0.0949365
0.0948803
0.0948238
0.0947672
0.0947103
0.0946531
0.0945958
0.0945382
0.0944803
0.0944223
0.094364
0.0943054
0.0942467
0.0941877
0.0941284
0.094069
0.0940093
0.0939493
0.0938892
0.0938288
0.0937682
0.0937073
0.0936462
0.0935849
0.0935234
0.0934616
0.0933996
0.0933374
0.0932749
0.0932122
0.0931493
0.0930861
0.0930227
0.0929591
0.0928952
0.0928312
0.0927669
0.0927023
0.0926376
0.0925726
0.0925074
0.0924419
0.0923762
0.0923103
0.0922442
0.0921778
0.0921113
0.0920444
0.0919774
0.0919101
0.0918426
0.0917749
0.091707
0.0916388
0.0915704
0.0915018
0.0914329
0.0913638
0.0912945
0.091225
0.0911552
0.0910853
0.0910151
0.0909446
0.090874
0.0908031
0.090732
0.0906607
0.0905891
0.0905174
0.0904454
0.0903732
0.0903007
0.090228
0.0901552
0.0900821
0.0900087
0.0899352
0.0898614
0.0897874
0.0897132
0.0896387
0.0895641
0.0894892
0.0894141
0.0893388
0.0892632
0.0891875
0.0891115
0.0890353
0.0889589
0.0888822
0.0888053
0.0887283
0.088651
0.0885734
0.0884957
0.0884178
0.0883396
0.0882612
0.0881826
0.0881037
0.0880247
0.0879454
0.087866
0.0877863
0.0877064
0.0876262
0.0875459
0.0874653
0.0873845
0.0873035
0.0872223
0.0871409
0.0870593
0.0869774
0.0868954
0.0868131
0.0867306
0.0866479
0.0865649
0.0864818
0.0863985
0.0863149
0.0862311
0.0861471
0.0860629
0.0859785
0.0858939
0.085809
0.085724
0.0856387
0.0855533
0.0854676
0.0853817
0.0852956
0.0852093
0.0851227
0.085036
0.084949
0.0848619
0.0847745
0.084687
0.0845992
0.0845112
0.084423
0.0843346
0.0842459
0.0841571
0.0840681
0.0839789
0.0838894
0.0837997
0.0837099
0.0836198
0.0835295
0.0834391
0.0833484
0.0832575
0.0831664
0.0830751
0.0829836
0.0828919
0.0828
0.0827078
0.0826155
0.082523
0.0824302
0.0823373
0.0822442
0.0821508
0.0820573
0.0819635
0.0818696
0.0817754
0.0816811
0.0815865
0.0814918
0.0813968
0.0813017
0.0812063
0.0811107
0.081015
0.080919
0.0808229
0.0807265
0.08063
0.0805332
0.0804362
0.0803391
0.0802417
0.0801442
0.0800464
0.0799485
0.0798504
0.079752
0.0796535
0.0795547
0.0794558
0.0793567
0.0792574
0.0791579
0.0790581
0.0789582
0.0788581
0.0787578
0.0786574
0.0785567
0.0784558
0.0783547
0.0782535
0.078152
0.0780504
0.0779485
0.0778465
0.0777442
0.0776418
0.0775392
0.0774364
0.0773334
0.0772302
0.0771269
0.0770233
0.0769195
0.0768156
0.0767115
0.0766071
0.0765026
0.0763979
0.076293
0.076188
0.0760827
0.0759772
0.0758716
0.0757658
0.0756597
0.0755535
0.0754472
0.0753406
0.0752338
0.0751269
0.0750197
0.0749124
0.0748049
0.0746972
0.0745894
0.0744813
0.0743731
0.0742647
0.0741561
0.0740473
0.0739383
0.0738291
0.0737198
0.0736103
0.0735006
0.0733907
0.0732806
0.0731704
0.07306
0.0729494
0.0728386
0.0727276
0.0726165
0.0725052
0.0723937
0.072282
0.0721701
0.0720581
0.0719459
0.0718335
0.0717209
0.0716082
0.0714953
0.0713822
0.0712689
0.0711554
0.0710418
0.070928
0.070814
0.0706999
0.0705856
0.0704711
0.0703564
0.0702415
0.0701265
0.0700113
0.069896
0.0697804
0.0696647
0.0695488
0.0694328
0.0693166
0.0692002
0.0690836
0.0689669
0.06885
0.0687329
0.0686156
0.0684982
0.0683806
0.0682629
0.068145
0.0680269
0.0679086
0.0677902
0.0676716
0.0675528
0.0674339
0.0673148
0.0671955
0.0670761
0.0669565
0.0668368
0.0667169
0.0665968
0.0664765
0.0663561
0.0662355
0.0661148
0.0659939
0.0658728
0.0657516
0.0656302
0.0655086
0.0653869
0.0652651
0.065143
0.0650208
0.0648985
0.0647759
0.0646533
0.0645304
0.0644074
0.0642843
0.064161
0.0640375
0.0639139
0.0637901
0.0636661
0.063542
0.0634178
0.0632933
0.0631688
0.063044
0.0629192
0.0627941
0.0626689
0.0625436
0.0624181
0.0622924
0.0621666
0.0620406
0.0619145
0.0617883
0.0616618
0.0615353
0.0614085
0.0612817
0.0611546
0.0610274
0.0609001
0.0607726
0.060645
0.0605172
0.0603893
0.0602612
0.060133
0.0600046
0.0598761
0.0597474
0.0596186
0.0594896
0.0593605
0.0592313
0.0591019
0.0589723
0.0588426
0.0587128
0.0585828
0.0584526
0.0583224
0.058192
0.0580614
0.0579307
0.0577998
0.0576688
0.0575377
0.0574064
0.057275
0.0571435
0.0570118
0.0568799
0.0567479
0.0566158
0.0564836
0.0563512
0.0562186
0.0560859
0.0559531
0.0558202
0.0556871
0.0555538
0.0554205
0.055287
0.0551533
0.0550196
0.0548856
0.0547516
0.0546174
0.0544831
0.0543486
0.0542141
0.0540793
0.0539445
0.0538095
0.0536744
0.0535391
0.0534038
0.0532682
0.0531326
0.0529968
0.0528609
0.0527249
0.0525887
0.0524524
0.052316
0.0521794
0.0520427
0.0519059
0.051769
0.0516319
0.0514947
0.0513574
0.0512199
0.0510824
0.0509447
0.0508068
0.0506689
0.0505308
0.0503926
0.0502543
0.0501158
0.0499772
0.0498385
0.0496997
0.0495608
0.0494217
0.0492825
0.0491432
0.0490038
0.0488642
0.0487245
0.0485847
0.0484448
0.0483048
0.0481647
0.0480244
0.047884
0.0477435
0.0476029
0.0474621
0.0473213
0.0471803
0.0470392
0.046898
0.0467566
0.0466152
0.0464737
0.046332
0.0461902
0.0460483
0.0459063
0.0457642
0.0456219
0.0454796
0.0453371
0.0451945
0.0450519
0.0449091
0.0447661
0.0446231
0.04448
0.0443368
0.0441934
0.04405
0.0439064
0.0437627
0.0436189
0.043475
0.043331
0.0431869
0.0430427
0.0428984
0.042754
0.0426095
0.0424648
0.0423201
0.0421753
0.0420303
0.0418853
0.0417401
0.0415949
0.0414495
0.041304
0.0411585
0.0410128
0.040867
0.0407212
0.0405752
0.0404291
0.040283
0.0401367
0.0399903
0.0398439
0.0396973
0.0395507
0.0394039
0.039257
0.0391101
0.038963
0.0388159
0.0386687
0.0385213
0.0383739
0.0382264
0.0380787
0.037931
0.0377832
0.0376353
0.0374873
0.0373392
0.0371911
0.0370428
0.0368944
0.036746
0.0365974
0.0364488
0.0363001
0.0361513
0.0360024
0.0358534
0.0357043
0.0355551
0.0354059
0.0352565
0.0351071
0.0349576
0.034808
0.0346583
0.0345085
0.0343587
0.0342087
0.0340587
0.0339086
0.0337584
0.0336081
0.0334577
0.0333073
0.0331568
0.0330062
0.0328555
0.0327047
0.0325539
0.0324029
0.0322519
0.0321008
0.0319497
0.0317984
0.0316471
0.0314957
0.0313442
0.0311926
0.031041
0.0308893
0.0307375
0.0305856
0.0304337
0.0302817
0.0301296
0.0299774
0.0298252
0.0296728
0.0295205
0.029368
0.0292155
0.0290629
0.0289102
0.0287574
0.0286046
0.0284517
0.0282988
0.0281457
0.0279926
0.0278395
0.0276862
0.0275329
0.0273796
0.0272261
0.0270726
0.026919
0.0267654
0.0266117
0.0264579
0.0263041
0.0261502
0.0259962
0.0258422
0.0256881
0.0255339
0.0253797
0.0252254
0.0250711
0.0249167
0.0247622
0.0246077
0.0244531
0.0242984
0.0241437
0.023989
0.0238341
0.0236792
0.0235243
0.0233693
0.0232142
0.0230591
0.0229039
0.0227487
0.0225934
0.0224381
0.0222827
0.0221272
0.0219717
0.0218161
0.0216605
0.0215048
0.0213491
0.0211933
0.0210375
0.0208816
0.0207257
0.0205697
0.0204137
0.0202576
0.0201015
0.0199453
0.019789
0.0196328
0.0194764
0.01932
0.0191636
0.0190071
0.0188506
0.0186941
0.0185374
0.0183808
0.0182241
0.0180673
0.0179105
0.0177537
0.0175968
0.0174399
0.0172829
0.0171259
0.0169688
0.0168118
0.0166546
0.0164974
0.0163402
0.016183
0.0160257
0.0158683
0.0157109
0.0155535
0.0153961
0.0152386
0.015081
0.0149235
0.0147659
0.0146082
0.0144506
0.0142928
0.0141351
0.0139773
0.0138195
0.0136616
0.0135038
0.0133458
0.0131879
0.0130299
0.0128719
0.0127138
0.0125558
0.0123977
0.0122395
0.0120813
0.0119231
0.0117649
0.0116066
0.0114484
0.01129
0.0111317
0.0109733
0.0108149
0.0106565
0.0104981
0.0103396
0.0101811
0.0100225
0.00986399
0.00970542
0.00954682
0.00938819
0.00922954
0.00907087
0.00891218
0.00875347
0.00859473
0.00843597
0.00827719
0.0081184
0.00795958
0.00780074
0.00764188
0.007483
0.00732411
0.0071652
0.00700626
0.00684732
0.00668835
0.00652937
0.00637037
0.00621136
0.00605233
0.00589329
0.00573423
0.00557516
0.00541607
0.00525697
0.00509786
0.00493873
0.0047796
0.00462045
0.00446129
0.00430213
0.00414295
0.00398376
0.00382456
0.00366535
0.00350612
0.00334689
0.00318765
0.00302839
0.00286913
0.00270986
0.00255057
0.00239128
0.00223199
0.00207268
0.00191337
0.00175406
0.00159474
0.00143541
0.00127608
0.00111674
0.000957407
0.000798067
0.000638724
0.000479379
0.000320033
0.000160686
1.33888e-06
************************************************************************************************************************
***             WIDEN YOUR WINDOW TO 120 CHARACTERS.  Use 'enscript -r -fCourier9' to print this document            ***
************************************************************************************************************************

---------------------------------------------- PETSc Performance Summary: ----------------------------------------------

./implicit_no.out on a  named r01n08 with 2 processors, by mae-wenlw Thu Jun  9 20:09:50 2022
Using Petsc Release Version 3.16.6, Mar 30, 2022 

                         Max       Max/Min     Avg       Total
Time (sec):           9.831e+01     1.000   9.831e+01
Objects:              5.700e+01     1.000   5.700e+01
Flop:                 1.644e+11     1.001   1.643e+11  3.286e+11
Flop/sec:             1.672e+09     1.001   1.671e+09  3.342e+09
MPI Messages:         2.523e+06     1.000   2.523e+06  5.046e+06
MPI Message Lengths:  2.021e+07     1.000   8.011e+00  4.042e+07
MPI Reductions:       5.104e+06     1.000

Flop counting convention: 1 flop = 1 real number operation of type (multiply/divide/add/subtract)
                            e.g., VecAXPY() for real vectors of length N --> 2N flop
                            and VecAXPY() for complex vectors of length N --> 8N flop

Summary of Stages:   ----- Time ------  ----- Flop ------  --- Messages ---  -- Message Lengths --  -- Reductions --
                        Avg     %Total     Avg     %Total    Count   %Total     Avg         %Total    Count   %Total
 0:      Main Stage: 9.8309e+01 100.0%  3.2855e+11 100.0%  5.046e+06 100.0%  8.011e+00      100.0%  5.104e+06 100.0%

------------------------------------------------------------------------------------------------------------------------
See the 'Profiling' chapter of the users' manual for details on interpreting output.
Phase summary info:
   Count: number of times phase was executed
   Time and Flop: Max - maximum over all processors
                  Ratio - ratio of maximum to minimum over all processors
   Mess: number of messages sent
   AvgLen: average message length (bytes)
   Reduct: number of global reductions
   Global: entire computation
   Stage: stages of a computation. Set stages with PetscLogStagePush() and PetscLogStagePop().
      %T - percent time in this phase         %F - percent flop in this phase
      %M - percent messages in this phase     %L - percent message lengths in this phase
      %R - percent reductions in this phase
   Total Mflop/s: 10e-6 * (sum of flop over all processors)/(max time over all processors)
------------------------------------------------------------------------------------------------------------------------
Event                Count      Time (sec)     Flop                              --- Global ---  --- Stage ----  Total
                   Max Ratio  Max     Ratio   Max  Ratio  Mess   AvgLen  Reduct  %T %F %M %L %R  %T %F %M %L %R Mflop/s
------------------------------------------------------------------------------------------------------------------------

--- Event Stage 0: Main Stage

BuildTwoSided          4 1.0 2.2030e-04 1.5 0.00e+00 0.0 6.0e+00 9.3e+00 4.0e+00  0  0  0  0  0   0  0  0  0  0     0
BuildTwoSidedF         3 1.0 2.5225e-04 1.5 0.00e+00 0.0 1.2e+01 4.0e+03 3.0e+00  0  0  0  0  0   0  0  0  0  0     0
VecView                1 1.0 3.0689e-0311.8 0.00e+00 0.0 1.0e+00 8.0e+03 0.0e+00  0  0  0  0  0   0  0  0  0  0     0
VecMDot          2481073 1.0 2.2919e+01 1.1 6.78e+10 1.0 0.0e+00 0.0e+00 2.5e+06 22 41  0  0 49  22 41  0  0 49  5917
VecNorm          2622776 1.0 5.0059e+00 1.3 5.25e+09 1.0 0.0e+00 0.0e+00 2.6e+06  4  3  0  0 51   4  3  0  0 51  2097
VecScale         2622776 1.0 9.4068e-01 1.1 2.63e+09 1.0 0.0e+00 0.0e+00 0.0e+00  1  2  0  0  0   1  2  0  0  0  5579
VecCopy           241705 1.0 1.1602e-01 1.0 0.00e+00 0.0 0.0e+00 0.0e+00 0.0e+00  0  0  0  0  0   0  0  0  0  0     0
VecSet            241705 1.0 1.3681e-01 1.1 0.00e+00 0.0 0.0e+00 0.0e+00 0.0e+00  0  0  0  0  0   0  0  0  0  0     0
VecAXPY           283407 1.0 1.5569e-01 1.0 5.67e+08 1.0 0.0e+00 0.0e+00 0.0e+00  0  0  0  0  0   0  0  0  0  0  7285
VecMAXPY         2622776 1.0 1.5225e+01 1.0 7.28e+10 1.0 0.0e+00 0.0e+00 0.0e+00 15 44  0  0  0  15 44  0  0  0  9563
VecAssemblyBegin       2 1.0 1.4901e-04 1.2 0.00e+00 0.0 1.2e+01 4.0e+03 2.0e+00  0  0  0  0  0   0  0  0  0  0     0
VecAssemblyEnd         2 1.0 4.5061e-05 1.0 0.00e+00 0.0 0.0e+00 0.0e+00 0.0e+00  0  0  0  0  0   0  0  0  0  0     0
VecPointwiseMult 2622776 1.0 1.5071e+00 1.0 2.63e+09 1.0 0.0e+00 0.0e+00 0.0e+00  2  2  0  0  0   2  2  0  0  0  3482
VecScatterBegin  2522775 1.0 2.2286e+01 1.1 0.00e+00 0.0 5.0e+06 8.0e+00 1.0e+00 22  0100100  0  22  0100100  0     0
VecScatterEnd    2522775 1.0 7.9746e+00 1.0 0.00e+00 0.0 0.0e+00 0.0e+00 0.0e+00  8  0  0  0  0   8  0  0  0  0     0
VecNormalize     2622776 1.0 6.5368e+00 1.2 7.88e+09 1.0 0.0e+00 0.0e+00 2.6e+06  6  5  0  0 51   6  5  0  0 51  2409
MatMult          2522775 1.0 4.9081e+01 1.1 1.26e+10 1.0 5.0e+06 8.0e+00 1.0e+00 49  8100100  0  49  8100100  0   514
MatAssemblyBegin       1 1.0 1.6284e-04 1.4 0.00e+00 0.0 0.0e+00 0.0e+00 1.0e+00  0  0  0  0  0   0  0  0  0  0     0
MatAssemblyEnd         1 1.0 4.1413e-04 1.0 0.00e+00 0.0 0.0e+00 0.0e+00 5.0e+00  0  0  0  0  0   0  0  0  0  0     0
SFSetGraph             1 1.0 9.5367e-07 0.0 0.00e+00 0.0 0.0e+00 0.0e+00 0.0e+00  0  0  0  0  0   0  0  0  0  0     0
SFSetUp                1 1.0 5.3883e-05 1.1 0.00e+00 0.0 4.0e+00 4.0e+00 1.0e+00  0  0  0  0  0   0  0  0  0  0     0
SFPack           2522775 1.0 6.6009e-01 1.1 0.00e+00 0.0 0.0e+00 0.0e+00 0.0e+00  1  0  0  0  0   1  0  0  0  0     0
SFUnpack         2522775 1.0 2.8041e-01 1.2 0.00e+00 0.0 0.0e+00 0.0e+00 0.0e+00  0  0  0  0  0   0  0  0  0  0     0
KSPSetUp               1 1.0 4.1008e-05 1.1 0.00e+00 0.0 0.0e+00 0.0e+00 0.0e+00  0  0  0  0  0   0  0  0  0  0     0
KSPSolve          100001 1.0 9.8080e+01 1.0 1.64e+11 1.0 5.0e+06 8.0e+00 5.1e+06100100100100100 100100100100100  3346
KSPGMRESOrthog   2481073 1.0 3.8571e+01 1.0 1.36e+11 1.0 0.0e+00 0.0e+00 2.5e+06 38 83  0  0 49  38 83  0  0 49  7033
PCSetUp                1 1.0 5.0068e-06 1.0 0.00e+00 0.0 0.0e+00 0.0e+00 0.0e+00  0  0  0  0  0   0  0  0  0  0     0
PCApply          2622776 1.0 2.0383e+00 1.0 2.63e+09 1.0 0.0e+00 0.0e+00 2.0e+00  2  2  0  0  0   2  2  0  0  0  2575
------------------------------------------------------------------------------------------------------------------------

Memory usage is given in bytes:

Object Type          Creations   Destructions     Memory  Descendants' Mem.
Reports information only for process 0.

--- Event Stage 0: Main Stage

              Vector    42             42       393784     0.
              Matrix     3              3       169804     0.
           Index Set     2              2         1788     0.
   Star Forest Graph     3              3         3312     0.
       Krylov Solver     1              1        18848     0.
      Preconditioner     1              1          872     0.
    Distributed Mesh     1              1         5048     0.
     Discrete System     1              1          896     0.
           Weak Form     1              1          616     0.
              Viewer     2              1          840     0.
========================================================================================================================
Average time to get PetscTime(): 0.
Average time for MPI_Barrier(): 8.10623e-07
Average time for zero size MPI_Send(): 2.24113e-05
#PETSc Option Table entries:
-dt 0.00001
-log_view
-n 2000
#End of PETSc Option Table entries
Compiled without FORTRAN kernels
Compiled with full precision matrices (default)
sizeof(short) 2 sizeof(int) 4 sizeof(long) 8 sizeof(void*) 8 sizeof(PetscScalar) 8 sizeof(PetscInt) 4
Configure options: --with-mpi-dir=/share/intel/2018u4/compilers_and_libraries_2018.5.274/linux/mpi/intel64 --with-blaslapack-dir=/share/intel/2018u4/compilers_and_libraries_2018.5.274/linux/mkl --with-scalapack-include=/share/intel/2018u4/compilers_and_libraries_2018.5.274/linux/mkl/include --with-scalapack-lib="-L/share/intel/2018u4/compilers_and_libraries_2018.5.274/linux/mkl/lib/intel64 -lmkl_blacs_intelmpi_lp64 -lmkl_scalapack_lp64" --with-debugging=no --prefix=/work/mae-wenlw/lib/petsc-3.16.6 --download-hdf5 =/work/mae-wenlw/HPC/petsc-3.16.6-package/hdf5-1.12.1.tar.gz --download-hypre=/work/mae-wenlw/HPC/petsc-3.16.6-package/hypre-2.23.0.tar.gz --download-mumps=/work/mae-wenlw/HPC/petsc-3.16.6-package/petsc-pkg-mumps-6d1470374d32.tar.gz --download-metis=/work/mae-wenlw/HPC/petsc-3.16.6-package/petsc-pkg-metis-c8d2dc1e751e.tar.gz COPTFLAGS="-O3 -march=native -mtune=native" CXXOPTFLAGS="-O3 -march=native -mtune=native" FOPTFLAGS="-O3 -march=native -mtune=native"
-----------------------------------------
Libraries compiled on 2022-06-02 13:42:17 on login03 
Machine characteristics: Linux-3.10.0-862.el7.x86_64-x86_64-with-redhat-7.5-Maipo
Using PETSc directory: /work/mae-wenlw/lib/petsc-3.16.6
Using PETSc arch: 
-----------------------------------------

Using C compiler: /share/intel/2018u4/compilers_and_libraries_2018.5.274/linux/mpi/intel64/bin/mpiicc  -fPIC -wd1572 -Wno-unknown-pragmas -O3 -march=native -mtune=native  -std=c99 
Using Fortran compiler: /share/intel/2018u4/compilers_and_libraries_2018.5.274/linux/mpi/intel64/bin/mpiifort  -fPIC -O3 -march=native -mtune=native     -std=c99
-----------------------------------------

Using include paths: -I/work/mae-wenlw/lib/petsc-3.16.6/include -I/share/intel/2018u4/compilers_and_libraries_2018.5.274/linux/mpi/intel64/include
-----------------------------------------

Using C linker: /share/intel/2018u4/compilers_and_libraries_2018.5.274/linux/mpi/intel64/bin/mpiicc
Using Fortran linker: /share/intel/2018u4/compilers_and_libraries_2018.5.274/linux/mpi/intel64/bin/mpiifort
Using libraries: -Wl,-rpath,/work/mae-wenlw/lib/petsc-3.16.6/lib -L/work/mae-wenlw/lib/petsc-3.16.6/lib -lpetsc -Wl,-rpath,/work/mae-wenlw/lib/petsc-3.16.6/lib -L/work/mae-wenlw/lib/petsc-3.16.6/lib -L/share/intel/2018u4/compilers_and_libraries_2018.5.274/linux/mkl/lib/intel64 -Wl,-rpath,/share/intel/2018u4/compilers_and_libraries_2018.5.274/linux/mkl/lib/intel64 -Wl,-rpath,/share/intel/2018u4/compilers_and_libraries_2018.5.274/linux/mpi/intel64/lib/release_mt -L/share/intel/2018u4/compilers_and_libraries_2018.5.274/linux/mpi/intel64/lib/release_mt -Wl,-rpath,/share/intel/2018u4/compilers_and_libraries_2018.5.274/linux/mpi/intel64/lib -L/share/intel/2018u4/compilers_and_libraries_2018.5.274/linux/mpi/intel64/lib -Wl,-rpath,/work/mae-wenlw/lib/hdf5-1.12.1/lib -L/work/mae-wenlw/lib/hdf5-1.12.1/lib -Wl,-rpath,/share/intel/2018u4/compilers_and_libraries_2018.5.274/linux/tbb/lib/intel64_lin/gcc4.4 -L/share/intel/2018u4/compilers_and_libraries_2018.5.274/linux/tbb/lib/intel64_lin/gcc4.4 -Wl,-rpath,/share/intel/2018u4/compilers_and_libraries_2018.5.274/linux/daal/lib/intel64_lin -L/share/intel/2018u4/compilers_and_libraries_2018.5.274/linux/daal/lib/intel64_lin -Wl,-rpath,/share/intel/2018u4/compilers_and_libraries_2018.5.274/linux/tbb/lib/intel64/gcc4.4 -L/share/intel/2018u4/compilers_and_libraries_2018.5.274/linux/tbb/lib/intel64/gcc4.4 -Wl,-rpath,/share/intel/2018u4/compilers_and_libraries_2018.5.274/linux/compiler/lib/intel64 -L/share/intel/2018u4/compilers_and_libraries_2018.5.274/linux/compiler/lib/intel64 -Wl,-rpath,/share/intel/2018u4/compilers_and_libraries_2018.5.274/linux/ipp/lib/intel64 -L/share/intel/2018u4/compilers_and_libraries_2018.5.274/linux/ipp/lib/intel64 -Wl,-rpath,/share/intel/2018u4/compilers_and_libraries_2018.5.274/linux/compiler/lib/intel64_lin -L/share/intel/2018u4/compilers_and_libraries_2018.5.274/linux/compiler/lib/intel64_lin -Wl,-rpath,/usr/lib/gcc/x86_64-redhat-linux/4.8.5 -L/usr/lib/gcc/x86_64-redhat-linux/4.8.5 -Wl,-rpath,/opt/intel/mpi-rt/2017.0.0/intel64/lib/release_mt -Wl,-rpath,/opt/intel/mpi-rt/2017.0.0/intel64/lib -lHYPRE -lcmumps -ldmumps -lsmumps -lzmumps -lmumps_common -lpord -lmkl_blacs_intelmpi_lp64 -lmkl_scalapack_lp64 -lmkl_intel_lp64 -lmkl_core -lmkl_sequential -lpthread -lhdf5_hl -lhdf5 -lmetis -lX11 -lstdc++ -ldl -lmpifort -lmpi -lmpigi -lrt -lpthread -lifport -lifcoremt_pic -limf -lsvml -lm -lipgo -lirc -lgcc_s -lirc_s -lquadmath -lstdc++ -ldl
-----------------------------------------

