dx= 0.00025 dt = 1e-05 its 100001 CFL 160.
Mat time cost = 0.005556 s
iteration time cost = 83.286772 s
Vec Object: u_numeracal 4 MPI processes
  type: mpi
Process [0]
0.
7.96607e-05
0.000159321
0.000238982
0.000318642
0.000398302
0.000477962
0.000557622
0.000637281
0.00071694
0.000796599
0.000876257
0.000955914
0.00103557
0.00111523
0.00119488
0.00127454
0.00135419
0.00143384
0.0015135
0.00159315
0.0016728
0.00175245
0.0018321
0.00191174
0.00199139
0.00207103
0.00215068
0.00223032
0.00230996
0.0023896
0.00246924
0.00254887
0.00262851
0.00270814
0.00278777
0.0028674
0.00294703
0.00302666
0.00310628
0.0031859
0.00326552
0.00334514
0.00342476
0.00350437
0.00358399
0.0036636
0.0037432
0.00382281
0.00390241
0.00398201
0.00406161
0.0041412
0.0042208
0.00430039
0.00437998
0.00445956
0.00453914
0.00461872
0.0046983
0.00477787
0.00485744
0.00493701
0.00501658
0.00509614
0.0051757
0.00525525
0.0053348
0.00541435
0.0054939
0.00557344
0.00565298
0.00573251
0.00581205
0.00589157
0.0059711
0.00605062
0.00613014
0.00620965
0.00628916
0.00636866
0.00644817
0.00652766
0.00660716
0.00668665
0.00676613
0.00684561
0.00692509
0.00700456
0.00708403
0.00716349
0.00724295
0.00732241
0.00740186
0.00748131
0.00756075
0.00764018
0.00771962
0.00779904
0.00787847
0.00795788
0.0080373
0.0081167
0.00819611
0.0082755
0.0083549
0.00843428
0.00851367
0.00859304
0.00867241
0.00875178
0.00883114
0.0089105
0.00898985
0.00906919
0.00914853
0.00922786
0.00930719
0.00938651
0.00946583
0.00954514
0.00962444
0.00970374
0.00978303
0.00986232
0.0099416
0.0100209
0.0101001
0.0101794
0.0102587
0.0103379
0.0104172
0.0104964
0.0105756
0.0106548
0.0107341
0.0108133
0.0108925
0.0109717
0.0110509
0.01113
0.0112092
0.0112884
0.0113675
0.0114467
0.0115259
0.011605
0.0116841
0.0117633
0.0118424
0.0119215
0.0120006
0.0120797
0.0121588
0.0122379
0.0123169
0.012396
0.0124751
0.0125541
0.0126332
0.0127122
0.0127912
0.0128702
0.0129493
0.0130283
0.0131073
0.0131862
0.0132652
0.0133442
0.0134232
0.0135021
0.0135811
0.01366
0.0137389
0.0138179
0.0138968
0.0139757
0.0140546
0.0141335
0.0142123
0.0142912
0.0143701
0.0144489
0.0145278
0.0146066
0.0146854
0.0147642
0.0148431
0.0149219
0.0150006
0.0150794
0.0151582
0.015237
0.0153157
0.0153944
0.0154732
0.0155519
0.0156306
0.0157093
0.015788
0.0158667
0.0159454
0.016024
0.0161027
0.0161813
0.01626
0.0163386
0.0164172
0.0164958
0.0165744
0.016653
0.0167316
0.0168101
0.0168887
0.0169672
0.0170458
0.0171243
0.0172028
0.0172813
0.0173598
0.0174383
0.0175167
0.0175952
0.0176737
0.0177521
0.0178305
0.0179089
0.0179873
0.0180657
0.0181441
0.0182225
0.0183008
0.0183792
0.0184575
0.0185358
0.0186142
0.0186925
0.0187708
0.018849
0.0189273
0.0190056
0.0190838
0.019162
0.0192402
0.0193185
0.0193967
0.0194748
0.019553
0.0196312
0.0197093
0.0197875
0.0198656
0.0199437
0.0200218
0.0200999
0.020178
0.020256
0.0203341
0.0204121
0.0204901
0.0205681
0.0206461
0.0207241
0.0208021
0.0208801
0.020958
0.0210359
0.0211139
0.0211918
0.0212697
0.0213476
0.0214254
0.0215033
0.0215811
0.021659
0.0217368
0.0218146
0.0218924
0.0219701
0.0220479
0.0221256
0.0222034
0.0222811
0.0223588
0.0224365
0.0225142
0.0225919
0.0226695
0.0227471
0.0228248
0.0229024
0.02298
0.0230576
0.0231351
0.0232127
0.0232902
0.0233677
0.0234453
0.0235228
0.0236002
0.0236777
0.0237552
0.0238326
0.02391
0.0239874
0.0240648
0.0241422
0.0242196
0.0242969
0.0243742
0.0244516
0.0245289
0.0246061
0.0246834
0.0247607
0.0248379
0.0249152
0.0249924
0.0250696
0.0251467
0.0252239
0.0253011
0.0253782
0.0254553
0.0255324
0.0256095
0.0256866
0.0257636
0.0258407
0.0259177
0.0259947
0.0260717
0.0261487
0.0262256
0.0263026
0.0263795
0.0264564
0.0265333
0.0266102
0.026687
0.0267639
0.0268407
0.0269175
0.0269943
0.0270711
0.0271479
0.0272246
0.0273013
0.0273781
0.0274548
0.0275314
0.0276081
0.0276847
0.0277614
0.027838
0.0279146
0.0279911
0.0280677
0.0281442
0.0282208
0.0282973
0.0283738
0.0284502
0.0285267
0.0286031
0.0286795
0.0287559
0.0288323
0.0289087
0.028985
0.0290614
0.0291377
0.029214
0.0292903
0.0293665
0.0294427
0.029519
0.0295952
0.0296714
0.0297475
0.0298237
0.0298998
0.0299759
0.030052
0.0301281
0.0302041
0.0302802
0.0303562
0.0304322
0.0305082
0.0305841
0.0306601
0.030736
0.0308119
0.0308878
0.0309637
0.0310395
0.0311153
0.0311912
0.0312669
0.0313427
0.0314185
0.0314942
0.0315699
0.0316456
0.0317213
0.0317969
0.0318726
0.0319482
0.0320238
0.0320994
0.0321749
0.0322505
0.032326
0.0324015
0.0324769
0.0325524
0.0326278
0.0327032
0.0327786
0.032854
0.0329294
0.0330047
0.03308
0.0331553
0.0332306
0.0333059
0.0333811
0.0334563
0.0335315
0.0336067
0.0336818
0.0337569
0.033832
0.0339071
0.0339822
0.0340572
0.0341323
0.0342073
0.0342823
0.0343572
0.0344322
0.0345071
0.034582
0.0346569
0.0347317
0.0348065
0.0348814
0.0349562
0.0350309
0.0351057
0.0351804
0.0352551
0.0353298
0.0354044
0.0354791
0.0355537
0.0356283
0.0357029
0.0357774
0.0358519
0.0359265
0.0360009
0.0360754
0.0361498
0.0362243
0.0362987
0.036373
0.0364474
0.0365217
0.036596
0.0366703
0.0367446
0.0368188
0.036893
0.0369672
0.0370414
0.0371155
0.0371896
0.0372637
0.0373378
0.0374119
0.0374859
0.0375599
0.0376339
0.0377079
0.0377818
0.0378557
0.0379296
0.0380035
0.0380773
0.0381512
0.038225
0.0382987
0.0383725
0.0384462
0.0385199
0.0385936
0.0386672
0.0387409
0.0388145
0.0388881
0.0389616
0.0390352
0.0391087
0.0391822
0.0392556
0.0393291
0.0394025
0.0394759
0.0395493
0.0396226
0.0396959
0.0397692
0.0398425
0.0399157
0.0399889
0.0400621
0.0401353
0.0402085
0.0402816
0.0403547
0.0404277
0.0405008
0.0405738
0.0406468
0.0407198
0.0407927
0.0408657
0.0409385
0.0410114
0.0410843
0.0411571
0.0412299
0.0413027
0.0413754
0.0414481
0.0415208
0.0415935
0.0416661
0.0417387
0.0418113
0.0418839
0.0419564
0.0420289
0.0421014
0.0421739
0.0422463
0.0423187
0.0423911
0.0424635
0.0425358
0.0426081
0.0426804
0.0427526
0.0428249
0.0428971
0.0429692
0.0430414
0.0431135
0.0431856
0.0432576
0.0433297
0.0434017
0.0434737
0.0435456
0.0436176
0.0436895
0.0437614
0.0438332
0.043905
0.0439768
0.0440486
0.0441203
0.0441921
0.0442637
0.0443354
0.044407
0.0444786
0.0445502
0.0446218
0.0446933
0.0447648
0.0448363
0.0449077
0.0449791
0.0450505
0.0451219
0.0451932
0.0452645
0.0453358
0.045407
0.0454782
0.0455494
0.0456206
0.0456917
0.0457628
0.0458339
0.045905
0.045976
0.046047
0.0461179
0.0461889
0.0462598
0.0463306
0.0464015
0.0464723
0.0465431
0.0466139
0.0466846
0.0467553
0.046826
0.0468966
0.0469673
0.0470379
0.0471084
0.0471789
0.0472495
0.0473199
0.0473904
0.0474608
0.0475312
0.0476015
0.0476719
0.0477422
0.0478124
0.0478827
0.0479529
0.0480231
0.0480932
0.0481633
0.0482334
0.0483035
0.0483735
0.0484435
0.0485135
0.0485834
0.0486533
0.0487232
0.0487931
0.0488629
0.0489327
0.0490025
0.0490722
0.0491419
0.0492116
0.0492812
0.0493508
0.0494204
0.0494899
0.0495595
0.0496289
0.0496984
0.0497678
0.0498372
0.0499066
0.0499759
0.0500452
0.0501145
0.0501838
0.050253
0.0503221
0.0503913
0.0504604
0.0505295
0.0505986
0.0506676
0.0507366
0.0508055
0.0508745
0.0509434
0.0510122
0.0510811
0.0511499
0.0512186
0.0512874
0.0513561
0.0514248
0.0514934
0.051562
0.0516306
0.0516992
0.0517677
0.0518362
0.0519046
0.0519731
0.0520415
0.0521098
0.0521781
0.0522464
0.0523147
0.0523829
0.0524511
0.0525193
0.0525874
0.0526555
0.0527236
0.0527916
0.0528596
0.0529276
0.0529955
0.0530634
0.0531313
0.0531992
0.053267
0.0533347
0.0534025
0.0534702
0.0535379
0.0536055
0.0536731
0.0537407
0.0538082
0.0538757
0.0539432
0.0540107
0.0540781
0.0541455
0.0542128
0.0542801
0.0543474
0.0544146
0.0544818
0.054549
0.0546162
0.0546833
0.0547503
0.0548174
0.0548844
0.0549514
0.0550183
0.0550852
0.0551521
0.0552189
0.0552857
0.0553525
0.0554192
0.0554859
0.0555526
0.0556192
0.0556858
0.0557524
0.0558189
0.0558854
0.0559519
0.0560183
0.0560847
0.056151
0.0562174
0.0562837
0.0563499
0.0564161
0.0564823
0.0565485
0.0566146
0.0566806
0.0567467
0.0568127
0.0568787
0.0569446
0.0570105
0.0570764
0.0571422
0.057208
0.0572738
0.0573395
0.0574052
0.0574709
0.0575365
0.0576021
0.0576676
0.0577331
0.0577986
0.057864
0.0579295
0.0579948
0.0580602
0.0581255
0.0581907
0.058256
0.0583211
0.0583863
0.0584514
0.0585165
0.0585816
0.0586466
0.0587115
0.0587765
0.0588414
0.0589063
0.0589711
0.0590359
0.0591006
0.0591654
0.05923
0.0592947
0.0593593
0.0594239
0.0594884
0.0595529
0.0596174
0.0596818
0.0597462
0.0598106
0.0598749
0.0599392
0.0600034
0.0600676
0.0601318
0.0601959
0.06026
0.0603241
0.0603881
0.0604521
0.060516
0.0605799
0.0606438
0.0607076
0.0607714
0.0608352
0.0608989
0.0609626
0.0610262
0.0610899
0.0611534
0.061217
0.0612805
0.0613439
0.0614073
0.0614707
0.0615341
0.0615974
0.0616606
0.0617239
0.0617871
0.0618502
0.0619133
0.0619764
0.0620395
0.0621025
0.0621654
0.0622283
0.0622912
0.0623541
0.0624169
0.0624797
0.0625424
0.0626051
0.0626677
0.0627304
0.0627929
0.0628555
0.062918
0.0629804
0.0630429
0.0631052
0.0631676
0.0632299
0.0632922
0.0633544
0.0634166
0.0634787
0.0635408
0.0636029
0.0636649
0.0637269
0.0637889
0.0638508
0.0639127
0.0639745
0.0640363
0.0640981
0.0641598
0.0642215
0.0642831
0.0643447
0.0644063
0.0644678
0.0645293
0.0645907
0.0646521
0.0647135
0.0647748
0.0648361
0.0648973
0.0649585
0.0650197
0.0650808
0.0651419
0.0652029
0.0652639
0.0653249
0.0653858
0.0654467
0.0655075
0.0655683
0.065629
0.0656898
0.0657504
0.0658111
0.0658717
0.0659322
0.0659927
0.0660532
0.0661136
0.066174
0.0662344
0.0662947
0.066355
0.0664152
0.0664754
0.0665355
0.0665956
0.0666557
0.0667157
0.0667757
0.0668356
0.0668955
0.0669554
0.0670152
0.067075
0.0671347
0.0671944
0.0672541
0.0673137
0.0673732
0.0674328
0.0674922
0.0675517
0.0676111
0.0676704
0.0677298
0.067789
0.0678483
0.0679075
0.0679666
0.0680257
0.0680848
0.0681438
0.0682028
0.0682617
0.0683206
0.0683795
0.0684383
0.0684971
0.0685558
0.0686145
0.0686731
0.0687317
0.0687903
0.0688488
0.0689073
0.0689657
0.0690241
0.0690825
0.0691408
0.069199
0.0692573
0.0693154
0.0693736
0.0694317
0.0694897
0.0695477
0.0696057
0.0696636
0.0697215
0.0697793
0.0698371
0.0698949
0.0699526
0.0700102
0.0700678
0.0701254
0.0701829
0.0702404
0.0702979
0.0703553
0.0704126
0.07047
0.0705272
0.0705845
0.0706416
0.0706988
0.0707559
0.0708129
0.0708699
0.0709269
0.0709838
0.0710407
0.0710975
0.0711543
0.0712111
0.0712678
0.0713244
0.0713811
0.0714376
0.0714942
0.0715506
0.0716071
0.0716635
0.0717198
Process [1]
0.0717761
0.0718324
0.0718886
0.0719448
0.0720009
0.072057
0.072113
0.072169
0.072225
0.0722809
0.0723368
0.0723926
0.0724483
0.0725041
0.0725598
0.0726154
0.072671
0.0727265
0.072782
0.0728375
0.0728929
0.0729483
0.0730036
0.0730589
0.0731141
0.0731693
0.0732245
0.0732796
0.0733346
0.0733896
0.0734446
0.0734995
0.0735544
0.0736092
0.073664
0.0737187
0.0737734
0.0738281
0.0738827
0.0739372
0.0739917
0.0740462
0.0741006
0.074155
0.0742093
0.0742636
0.0743178
0.074372
0.0744261
0.0744802
0.0745343
0.0745883
0.0746423
0.0746962
0.07475
0.0748039
0.0748576
0.0749114
0.074965
0.0750187
0.0750723
0.0751258
0.0751793
0.0752328
0.0752862
0.0753395
0.0753928
0.0754461
0.0754993
0.0755525
0.0756056
0.0756587
0.0757117
0.0757647
0.0758176
0.0758705
0.0759234
0.0759762
0.0760289
0.0760816
0.0761343
0.0761869
0.0762395
0.076292
0.0763444
0.0763969
0.0764492
0.0765016
0.0765538
0.0766061
0.0766583
0.0767104
0.0767625
0.0768145
0.0768665
0.0769185
0.0769704
0.0770222
0.0770741
0.0771258
0.0771775
0.0772292
0.0772808
0.0773324
0.0773839
0.0774354
0.0774868
0.0775382
0.0775895
0.0776408
0.077692
0.0777432
0.0777943
0.0778454
0.0778965
0.0779475
0.0779984
0.0780493
0.0781002
0.078151
0.0782017
0.0782524
0.0783031
0.0783537
0.0784042
0.0784548
0.0785052
0.0785556
0.078606
0.0786563
0.0787066
0.0787568
0.078807
0.0788571
0.0789072
0.0789572
0.0790072
0.0790571
0.079107
0.0791568
0.0792066
0.0792563
0.079306
0.0793557
0.0794053
0.0794548
0.0795043
0.0795537
0.0796031
0.0796525
0.0797018
0.079751
0.0798002
0.0798493
0.0798984
0.0799475
0.0799965
0.0800454
0.0800943
0.0801432
0.080192
0.0802407
0.0802894
0.0803381
0.0803867
0.0804352
0.0804837
0.0805322
0.0805806
0.0806289
0.0806772
0.0807255
0.0807737
0.0808219
0.08087
0.080918
0.080966
0.081014
0.0810619
0.0811097
0.0811575
0.0812053
0.081253
0.0813007
0.0813483
0.0813958
0.0814433
0.0814908
0.0815382
0.0815855
0.0816328
0.0816801
0.0817273
0.0817744
0.0818215
0.0818686
0.0819156
0.0819625
0.0820094
0.0820563
0.0821031
0.0821498
0.0821965
0.0822432
0.0822898
0.0823363
0.0823828
0.0824293
0.0824756
0.082522
0.0825683
0.0826145
0.0826607
0.0827068
0.0827529
0.082799
0.0828449
0.0828909
0.0829368
0.0829826
0.0830284
0.0830741
0.0831198
0.0831654
0.083211
0.0832565
0.083302
0.0833474
0.0833928
0.0834381
0.0834834
0.0835286
0.0835737
0.0836188
0.0836639
0.0837089
0.0837539
0.0837988
0.0838436
0.0838884
0.0839332
0.0839779
0.0840225
0.0840671
0.0841117
0.0841561
0.0842006
0.084245
0.0842893
0.0843336
0.0843778
0.084422
0.0844661
0.0845102
0.0845542
0.0845982
0.0846421
0.084686
0.0847298
0.0847736
0.0848173
0.0848609
0.0849045
0.0849481
0.0849916
0.085035
0.0850784
0.0851218
0.0851651
0.0852083
0.0852515
0.0852946
0.0853377
0.0853807
0.0854237
0.0854666
0.0855095
0.0855523
0.0855951
0.0856378
0.0856804
0.085723
0.0857656
0.0858081
0.0858505
0.0858929
0.0859353
0.0859776
0.0860198
0.086062
0.0861041
0.0861462
0.0861882
0.0862302
0.0862721
0.0863139
0.0863558
0.0863975
0.0864392
0.0864809
0.0865225
0.086564
0.0866055
0.0866469
0.0866883
0.0867296
0.0867709
0.0868121
0.0868533
0.0868944
0.0869355
0.0869765
0.0870174
0.0870583
0.0870992
0.08714
0.0871807
0.0872214
0.087262
0.0873026
0.0873431
0.0873836
0.087424
0.0874644
0.0875047
0.0875449
0.0875851
0.0876253
0.0876654
0.0877054
0.0877454
0.0877853
0.0878252
0.087865
0.0879048
0.0879445
0.0879842
0.0880238
0.0880633
0.0881028
0.0881423
0.0881816
0.088221
0.0882603
0.0882995
0.0883387
0.0883778
0.0884168
0.0884558
0.0884948
0.0885337
0.0885725
0.0886113
0.08865
0.0886887
0.0887273
0.0887659
0.0888044
0.0888429
0.0888813
0.0889196
0.0889579
0.0889962
0.0890344
0.0890725
0.0891106
0.0891486
0.0891865
0.0892245
0.0892623
0.0893001
0.0893379
0.0893755
0.0894132
0.0894508
0.0894883
0.0895258
0.0895632
0.0896005
0.0896378
0.0896751
0.0897123
0.0897494
0.0897865
0.0898235
0.0898605
0.0898974
0.0899343
0.0899711
0.0900078
0.0900445
0.0900811
0.0901177
0.0901543
0.0901907
0.0902271
0.0902635
0.0902998
0.0903361
0.0903723
0.0904084
0.0904445
0.0904805
0.0905165
0.0905524
0.0905882
0.090624
0.0906598
0.0906955
0.0907311
0.0907667
0.0908022
0.0908377
0.0908731
0.0909084
0.0909437
0.090979
0.0910142
0.0910493
0.0910844
0.0911194
0.0911544
0.0911893
0.0912241
0.0912589
0.0912936
0.0913283
0.0913629
0.0913975
0.091432
0.0914665
0.0915009
0.0915352
0.0915695
0.0916037
0.0916379
0.091672
0.0917061
0.0917401
0.091774
0.0918079
0.0918418
0.0918755
0.0919092
0.0919429
0.0919765
0.0920101
0.0920436
0.092077
0.0921104
0.0921437
0.092177
0.0922102
0.0922433
0.0922764
0.0923095
0.0923424
0.0923754
0.0924082
0.092441
0.0924738
0.0925065
0.0925391
0.0925717
0.0926042
0.0926367
0.0926691
0.0927015
0.0927338
0.092766
0.0927982
0.0928303
0.0928624
0.0928944
0.0929263
0.0929582
0.0929901
0.0930218
0.0930536
0.0930852
0.0931168
0.0931484
0.0931799
0.0932113
0.0932427
0.093274
0.0933053
0.0933365
0.0933676
0.0933987
0.0934298
0.0934607
0.0934917
0.0935225
0.0935533
0.0935841
0.0936148
0.0936454
0.093676
0.0937065
0.0937369
0.0937673
0.0937977
0.0938279
0.0938582
0.0938883
0.0939184
0.0939485
0.0939785
0.0940084
0.0940383
0.0940681
0.0940979
0.0941276
0.0941572
0.0941868
0.0942163
0.0942458
0.0942752
0.0943046
0.0943339
0.0943631
0.0943923
0.0944214
0.0944505
0.0944795
0.0945084
0.0945373
0.0945661
0.0945949
0.0946236
0.0946523
0.0946809
0.0947094
0.0947379
0.0947663
0.0947947
0.094823
0.0948512
0.0948794
0.0949075
0.0949356
0.0949636
0.0949916
0.0950195
0.0950473
0.0950751
0.0951028
0.0951305
0.0951581
0.0951856
0.0952131
0.0952405
0.0952679
0.0952952
0.0953224
0.0953496
0.0953768
0.0954038
0.0954309
0.0954578
0.0954847
0.0955115
0.0955383
0.095565
0.0955917
0.0956183
0.0956448
0.0956713
0.0956977
0.0957241
0.0957504
0.0957767
0.0958029
0.095829
0.0958551
0.0958811
0.095907
0.0959329
0.0959587
0.0959845
0.0960102
0.0960359
0.0960615
0.096087
0.0961125
0.0961379
0.0961633
0.0961886
0.0962138
0.096239
0.0962641
0.0962892
0.0963142
0.0963391
0.096364
0.0963888
0.0964136
0.0964383
0.0964629
0.0964875
0.0965121
0.0965365
0.0965609
0.0965853
0.0966096
0.0966338
0.096658
0.0966821
0.0967061
0.0967301
0.0967541
0.0967779
0.0968017
0.0968255
0.0968492
0.0968728
0.0968964
0.0969199
0.0969434
0.0969668
0.0969901
0.0970134
0.0970366
0.0970597
0.0970828
0.0971059
0.0971288
0.0971517
0.0971746
0.0971974
0.0972201
0.0972428
0.0972654
0.097288
0.0973105
0.0973329
0.0973553
0.0973776
0.0973998
0.097422
0.0974442
0.0974663
0.0974883
0.0975102
0.0975321
0.0975539
0.0975757
0.0975974
0.0976191
0.0976407
0.0976622
0.0976837
0.0977051
0.0977265
0.0977477
0.097769
0.0977901
0.0978113
0.0978323
0.0978533
0.0978742
0.0978951
0.0979159
0.0979367
0.0979573
0.097978
0.0979985
0.098019
0.0980395
0.0980599
0.0980802
0.0981005
0.0981207
0.0981408
0.0981609
0.0981809
0.0982009
0.0982208
0.0982406
0.0982604
0.0982801
0.0982998
0.0983194
0.0983389
0.0983584
0.0983778
0.0983972
0.0984165
0.0984357
0.0984549
0.098474
0.098493
0.098512
0.098531
0.0985498
0.0985686
0.0985874
0.0986061
0.0986247
0.0986433
0.0986618
0.0986802
0.0986986
0.0987169
0.0987352
0.0987534
0.0987715
0.0987896
0.0988076
0.0988256
0.0988435
0.0988613
0.0988791
0.0988968
0.0989145
0.098932
0.0989496
0.098967
0.0989845
0.0990018
0.0990191
0.0990363
0.0990535
0.0990706
0.0990876
0.0991046
0.0991215
0.0991384
0.0991552
0.0991719
0.0991886
0.0992052
0.0992217
0.0992382
0.0992547
0.099271
0.0992873
0.0993036
0.0993198
0.0993359
0.099352
0.099368
0.0993839
0.0993998
0.0994156
0.0994314
0.099447
0.0994627
0.0994783
0.0994938
0.0995092
0.0995246
0.0995399
0.0995552
0.0995704
0.0995855
0.0996006
0.0996156
0.0996306
0.0996455
0.0996603
0.0996751
0.0996898
0.0997045
0.099719
0.0997336
0.099748
0.0997624
0.0997768
0.0997911
0.0998053
0.0998194
0.0998335
0.0998476
0.0998615
0.0998755
0.0998893
0.0999031
0.0999168
0.0999305
0.0999441
0.0999576
0.0999711
0.0999845
0.0999979
0.100011
0.100024
0.100038
0.100051
0.100064
0.100077
0.10009
0.100103
0.100115
0.100128
0.100141
0.100153
0.100166
0.100178
0.100191
0.100203
0.100216
0.100228
0.10024
0.100252
0.100264
0.100276
0.100288
0.1003
0.100312
0.100323
0.100335
0.100347
0.100358
0.10037
0.100381
0.100393
0.100404
0.100415
0.100426
0.100438
0.100449
0.10046
0.100471
0.100482
0.100492
0.100503
0.100514
0.100524
0.100535
0.100546
0.100556
0.100566
0.100577
0.100587
0.100597
0.100607
0.100617
0.100627
0.100637
0.100647
0.100657
0.100667
0.100677
0.100686
0.100696
0.100705
0.100715
0.100724
0.100733
0.100743
0.100752
0.100761
0.10077
0.100779
0.100788
0.100797
0.100806
0.100815
0.100823
0.100832
0.100841
0.100849
0.100858
0.100866
0.100874
0.100883
0.100891
0.100899
0.100907
0.100915
0.100923
0.100931
0.100939
0.100947
0.100954
0.100962
0.100969
0.100977
0.100984
0.100992
0.100999
0.101006
0.101014
0.101021
0.101028
0.101035
0.101042
0.101049
0.101056
0.101062
0.101069
0.101076
0.101082
0.101089
0.101095
0.101102
0.101108
0.101114
0.101121
0.101127
0.101133
0.101139
0.101145
0.101151
0.101157
0.101162
0.101168
0.101174
0.101179
0.101185
0.10119
0.101196
0.101201
0.101206
0.101212
0.101217
0.101222
0.101227
0.101232
0.101237
0.101242
0.101247
0.101251
0.101256
0.10126
0.101265
0.101269
0.101274
0.101278
0.101283
0.101287
0.101291
0.101295
0.101299
0.101303
0.101307
0.101311
0.101315
0.101318
0.101322
0.101326
0.101329
0.101333
0.101336
0.101339
0.101343
0.101346
0.101349
0.101352
0.101355
0.101358
0.101361
0.101364
0.101367
0.101369
0.101372
0.101375
0.101377
0.10138
0.101382
0.101384
0.101387
0.101389
0.101391
0.101393
0.101395
0.101397
0.101399
0.101401
0.101403
0.101404
0.101406
0.101408
0.101409
0.101411
0.101412
0.101413
0.101415
0.101416
0.101417
0.101418
0.101419
0.10142
0.101421
0.101422
0.101423
0.101423
0.101424
0.101425
0.101425
0.101426
0.101426
0.101426
0.101427
0.101427
0.101427
0.101427
0.101427
Process [2]
0.101427
0.101427
0.101427
0.101427
0.101426
0.101426
0.101426
0.101425
0.101425
0.101424
0.101423
0.101423
0.101422
0.101421
0.10142
0.101419
0.101418
0.101417
0.101416
0.101415
0.101413
0.101412
0.101411
0.101409
0.101408
0.101406
0.101404
0.101403
0.101401
0.101399
0.101397
0.101395
0.101393
0.101391
0.101389
0.101387
0.101384
0.101382
0.10138
0.101377
0.101375
0.101372
0.101369
0.101367
0.101364
0.101361
0.101358
0.101355
0.101352
0.101349
0.101346
0.101343
0.101339
0.101336
0.101333
0.101329
0.101326
0.101322
0.101318
0.101315
0.101311
0.101307
0.101303
0.101299
0.101295
0.101291
0.101287
0.101283
0.101278
0.101274
0.101269
0.101265
0.10126
0.101256
0.101251
0.101247
0.101242
0.101237
0.101232
0.101227
0.101222
0.101217
0.101212
0.101206
0.101201
0.101196
0.10119
0.101185
0.101179
0.101174
0.101168
0.101162
0.101157
0.101151
0.101145
0.101139
0.101133
0.101127
0.101121
0.101114
0.101108
0.101102
0.101095
0.101089
0.101082
0.101076
0.101069
0.101062
0.101056
0.101049
0.101042
0.101035
0.101028
0.101021
0.101014
0.101006
0.100999
0.100992
0.100984
0.100977
0.100969
0.100962
0.100954
0.100947
0.100939
0.100931
0.100923
0.100915
0.100907
0.100899
0.100891
0.100883
0.100874
0.100866
0.100858
0.100849
0.100841
0.100832
0.100823
0.100815
0.100806
0.100797
0.100788
0.100779
0.10077
0.100761
0.100752
0.100743
0.100733
0.100724
0.100715
0.100705
0.100696
0.100686
0.100676
0.100667
0.100657
0.100647
0.100637
0.100627
0.100617
0.100607
0.100597
0.100587
0.100577
0.100566
0.100556
0.100545
0.100535
0.100524
0.100514
0.100503
0.100492
0.100481
0.100471
0.10046
0.100449
0.100438
0.100426
0.100415
0.100404
0.100393
0.100381
0.10037
0.100358
0.100347
0.100335
0.100323
0.100312
0.1003
0.100288
0.100276
0.100264
0.100252
0.10024
0.100228
0.100216
0.100203
0.100191
0.100178
0.100166
0.100153
0.100141
0.100128
0.100115
0.100103
0.10009
0.100077
0.100064
0.100051
0.100038
0.100024
0.100011
0.0999979
0.0999845
0.0999711
0.0999576
0.0999441
0.0999305
0.0999168
0.0999031
0.0998893
0.0998755
0.0998615
0.0998476
0.0998335
0.0998194
0.0998053
0.0997911
0.0997768
0.0997624
0.099748
0.0997336
0.099719
0.0997044
0.0996898
0.0996751
0.0996603
0.0996455
0.0996306
0.0996156
0.0996006
0.0995855
0.0995704
0.0995552
0.0995399
0.0995246
0.0995092
0.0994938
0.0994782
0.0994627
0.099447
0.0994313
0.0994156
0.0993998
0.0993839
0.0993679
0.0993519
0.0993359
0.0993198
0.0993036
0.0992873
0.099271
0.0992547
0.0992382
0.0992217
0.0992052
0.0991886
0.0991719
0.0991552
0.0991384
0.0991215
0.0991046
0.0990876
0.0990706
0.0990535
0.0990363
0.0990191
0.0990018
0.0989844
0.098967
0.0989496
0.098932
0.0989144
0.0988968
0.0988791
0.0988613
0.0988435
0.0988256
0.0988076
0.0987896
0.0987715
0.0987534
0.0987352
0.0987169
0.0986986
0.0986802
0.0986618
0.0986433
0.0986247
0.0986061
0.0985874
0.0985686
0.0985498
0.0985309
0.098512
0.098493
0.098474
0.0984549
0.0984357
0.0984165
0.0983972
0.0983778
0.0983584
0.0983389
0.0983194
0.0982998
0.0982801
0.0982604
0.0982406
0.0982208
0.0982009
0.0981809
0.0981609
0.0981408
0.0981207
0.0981005
0.0980802
0.0980599
0.0980395
0.098019
0.0979985
0.097978
0.0979573
0.0979366
0.0979159
0.0978951
0.0978742
0.0978533
0.0978323
0.0978112
0.0977901
0.097769
0.0977477
0.0977264
0.0977051
0.0976837
0.0976622
0.0976407
0.0976191
0.0975974
0.0975757
0.0975539
0.0975321
0.0975102
0.0974883
0.0974662
0.0974442
0.097422
0.0973998
0.0973776
0.0973553
0.0973329
0.0973105
0.097288
0.0972654
0.0972428
0.0972201
0.0971974
0.0971746
0.0971517
0.0971288
0.0971058
0.0970828
0.0970597
0.0970366
0.0970133
0.0969901
0.0969667
0.0969433
0.0969199
0.0968964
0.0968728
0.0968492
0.0968255
0.0968017
0.0967779
0.096754
0.0967301
0.0967061
0.0966821
0.096658
0.0966338
0.0966096
0.0965853
0.0965609
0.0965365
0.096512
0.0964875
0.0964629
0.0964383
0.0964136
0.0963888
0.096364
0.0963391
0.0963142
0.0962892
0.0962641
0.096239
0.0962138
0.0961886
0.0961633
0.0961379
0.0961125
0.096087
0.0960615
0.0960359
0.0960102
0.0959845
0.0959587
0.0959329
0.095907
0.095881
0.095855
0.095829
0.0958028
0.0957766
0.0957504
0.0957241
0.0956977
0.0956713
0.0956448
0.0956183
0.0955917
0.095565
0.0955383
0.0955115
0.0954847
0.0954578
0.0954308
0.0954038
0.0953767
0.0953496
0.0953224
0.0952952
0.0952679
0.0952405
0.0952131
0.0951856
0.0951581
0.0951304
0.0951028
0.0950751
0.0950473
0.0950195
0.0949916
0.0949636
0.0949356
0.0949075
0.0948794
0.0948512
0.094823
0.0947947
0.0947663
0.0947379
0.0947094
0.0946809
0.0946523
0.0946236
0.0945949
0.0945661
0.0945373
0.0945084
0.0944795
0.0944505
0.0944214
0.0943923
0.0943631
0.0943339
0.0943046
0.0942752
0.0942458
0.0942163
0.0941868
0.0941572
0.0941276
0.0940979
0.0940681
0.0940383
0.0940084
0.0939785
0.0939485
0.0939184
0.0938883
0.0938581
0.0938279
0.0937976
0.0937673
0.0937369
0.0937064
0.0936759
0.0936454
0.0936147
0.093584
0.0935533
0.0935225
0.0934916
0.0934607
0.0934297
0.0933987
0.0933676
0.0933365
0.0933053
0.093274
0.0932427
0.0932113
0.0931799
0.0931484
0.0931168
0.0930852
0.0930535
0.0930218
0.09299
0.0929582
0.0929263
0.0928944
0.0928623
0.0928303
0.0927982
0.092766
0.0927337
0.0927014
0.0926691
0.0926367
0.0926042
0.0925717
0.0925391
0.0925065
0.0924738
0.092441
0.0924082
0.0923753
0.0923424
0.0923094
0.0922764
0.0922433
0.0922101
0.0921769
0.0921437
0.0921103
0.092077
0.0920435
0.09201
0.0919765
0.0919429
0.0919092
0.0918755
0.0918417
0.0918079
0.091774
0.0917401
0.0917061
0.091672
0.0916379
0.0916037
0.0915695
0.0915352
0.0915008
0.0914664
0.091432
0.0913975
0.0913629
0.0913283
0.0912936
0.0912589
0.0912241
0.0911892
0.0911543
0.0911194
0.0910843
0.0910493
0.0910141
0.090979
0.0909437
0.0909084
0.0908731
0.0908377
0.0908022
0.0907667
0.0907311
0.0906954
0.0906598
0.090624
0.0905882
0.0905524
0.0905164
0.0904805
0.0904444
0.0904084
0.0903722
0.090336
0.0902998
0.0902635
0.0902271
0.0901907
0.0901542
0.0901177
0.0900811
0.0900445
0.0900078
0.089971
0.0899342
0.0898974
0.0898605
0.0898235
0.0897865
0.0897494
0.0897122
0.089675
0.0896378
0.0896005
0.0895631
0.0895257
0.0894883
0.0894507
0.0894132
0.0893755
0.0893378
0.0893001
0.0892623
0.0892244
0.0891865
0.0891486
0.0891105
0.0890725
0.0890343
0.0889961
0.0889579
0.0889196
0.0888813
0.0888429
0.0888044
0.0887659
0.0887273
0.0886887
0.08865
0.0886113
0.0885725
0.0885336
0.0884948
0.0884558
0.0884168
0.0883777
0.0883386
0.0882994
0.0882602
0.0882209
0.0881816
0.0881422
0.0881028
0.0880633
0.0880237
0.0879841
0.0879445
0.0879048
0.087865
0.0878252
0.0877853
0.0877454
0.0877054
0.0876653
0.0876253
0.0875851
0.0875449
0.0875047
0.0874643
0.087424
0.0873836
0.0873431
0.0873026
0.087262
0.0872214
0.0871807
0.0871399
0.0870992
0.0870583
0.0870174
0.0869765
0.0869354
0.0868944
0.0868533
0.0868121
0.0867709
0.0867296
0.0866883
0.0866469
0.0866055
0.086564
0.0865224
0.0864808
0.0864392
0.0863975
0.0863557
0.0863139
0.086272
0.0862301
0.0861882
0.0861461
0.0861041
0.0860619
0.0860198
0.0859775
0.0859352
0.0858929
0.0858505
0.0858081
0.0857656
0.085723
0.0856804
0.0856377
0.085595
0.0855523
0.0855094
0.0854666
0.0854237
0.0853807
0.0853377
0.0852946
0.0852514
0.0852083
0.085165
0.0851217
0.0850784
0.085035
0.0849915
0.084948
0.0849045
0.0848609
0.0848172
0.0847735
0.0847298
0.0846859
0.0846421
0.0845982
0.0845542
0.0845102
0.0844661
0.084422
0.0843778
0.0843336
0.0842893
0.0842449
0.0842005
0.0841561
0.0841116
0.0840671
0.0840225
0.0839778
0.0839331
0.0838884
0.0838436
0.0837987
0.0837538
0.0837089
0.0836639
0.0836188
0.0835737
0.0835285
0.0834833
0.083438
0.0833927
0.0833474
0.0833019
0.0832565
0.0832109
0.0831654
0.0831197
0.0830741
0.0830283
0.0829826
0.0829367
0.0828908
0.0828449
0.0827989
0.0827529
0.0827068
0.0826607
0.0826145
0.0825682
0.0825219
0.0824756
0.0824292
0.0823828
0.0823363
0.0822897
0.0822431
0.0821965
0.0821498
0.082103
0.0820562
0.0820094
0.0819625
0.0819155
0.0818685
0.0818215
0.0817744
0.0817272
0.08168
0.0816328
0.0815855
0.0815381
0.0814907
0.0814433
0.0813958
0.0813482
0.0813006
0.081253
0.0812053
0.0811575
0.0811097
0.0810618
0.0810139
0.080966
0.080918
0.0808699
0.0808218
0.0807737
0.0807255
0.0806772
0.0806289
0.0805805
0.0805321
0.0804837
0.0804352
0.0803866
0.080338
0.0802894
0.0802407
0.0801919
0.0801431
0.0800943
0.0800454
0.0799964
0.0799474
0.0798984
0.0798493
0.0798001
0.079751
0.0797017
0.0796524
0.0796031
0.0795537
0.0795042
0.0794548
0.0794052
0.0793556
0.079306
0.0792563
0.0792066
0.0791568
0.079107
0.0790571
0.0790071
0.0789572
0.0789071
0.0788571
0.0788069
0.0787568
0.0787065
0.0786563
0.078606
0.0785556
0.0785052
0.0784547
0.0784042
0.0783536
0.078303
0.0782524
0.0782017
0.0781509
0.0781001
0.0780493
0.0779984
0.0779474
0.0778964
0.0778454
0.0777943
0.0777432
0.077692
0.0776407
0.0775895
0.0775381
0.0774867
0.0774353
0.0773838
0.0773323
0.0772808
0.0772291
0.0771775
0.0771258
0.077074
0.0770222
0.0769703
0.0769184
0.0768665
0.0768145
0.0767624
0.0767104
0.0766582
0.076606
0.0765538
0.0765015
0.0764492
0.0763968
0.0763444
0.0762919
0.0762394
0.0761868
0.0761342
0.0760816
0.0760289
0.0759761
0.0759233
0.0758705
0.0758176
0.0757647
0.0757117
0.0756586
0.0756056
0.0755524
0.0754993
0.075446
0.0753928
0.0753395
0.0752861
0.0752327
0.0751793
0.0751258
0.0750722
0.0750186
0.074965
0.0749113
0.0748576
0.0748038
0.07475
0.0746961
0.0746422
0.0745882
0.0745342
0.0744802
0.0744261
0.0743719
0.0743178
0.0742635
0.0742092
0.0741549
0.0741005
0.0740461
0.0739917
0.0739372
0.0738826
0.073828
0.0737734
0.0737187
0.0736639
0.0736091
0.0735543
0.0734994
0.0734445
0.0733896
0.0733346
0.0732795
0.0732244
0.0731693
0.0731141
0.0730588
0.0730036
0.0729482
0.0728929
0.0728375
0.072782
0.0727265
0.0726709
0.0726153
0.0725597
0.072504
0.0724483
0.0723925
0.0723367
0.0722808
0.0722249
0.072169
0.072113
0.0720569
0.0720009
0.0719447
0.0718886
0.0718323
0.0717761
0.0717198
Process [3]
0.0716634
0.071607
0.0715506
0.0714941
0.0714376
0.071381
0.0713244
0.0712677
0.071211
0.0711543
0.0710975
0.0710407
0.0709838
0.0709268
0.0708699
0.0708129
0.0707558
0.0706987
0.0706416
0.0705844
0.0705272
0.0704699
0.0704126
0.0703552
0.0702978
0.0702404
0.0701829
0.0701254
0.0700678
0.0700102
0.0699525
0.0698948
0.069837
0.0697793
0.0697214
0.0696635
0.0696056
0.0695477
0.0694897
0.0694316
0.0693735
0.0693154
0.0692572
0.069199
0.0691407
0.0690824
0.0690241
0.0689657
0.0689072
0.0688488
0.0687902
0.0687317
0.0686731
0.0686144
0.0685558
0.068497
0.0684383
0.0683794
0.0683206
0.0682617
0.0682027
0.0681438
0.0680847
0.0680257
0.0679666
0.0679074
0.0678482
0.067789
0.0677297
0.0676704
0.067611
0.0675516
0.0674922
0.0674327
0.0673732
0.0673136
0.067254
0.0671943
0.0671346
0.0670749
0.0670151
0.0669553
0.0668955
0.0668356
0.0667756
0.0667156
0.0666556
0.0665956
0.0665355
0.0664753
0.0664151
0.0663549
0.0662946
0.0662343
0.066174
0.0661136
0.0660531
0.0659927
0.0659322
0.0658716
0.065811
0.0657504
0.0656897
0.065629
0.0655682
0.0655074
0.0654466
0.0653857
0.0653248
0.0652638
0.0652028
0.0651418
0.0650807
0.0650196
0.0649584
0.0648972
0.064836
0.0647747
0.0647134
0.064652
0.0645906
0.0645292
0.0644677
0.0644062
0.0643446
0.064283
0.0642214
0.0641597
0.064098
0.0640362
0.0639745
0.0639126
0.0638507
0.0637888
0.0637269
0.0636649
0.0636028
0.0635408
0.0634787
0.0634165
0.0633543
0.0632921
0.0632298
0.0631675
0.0631052
0.0630428
0.0629804
0.0629179
0.0628554
0.0627929
0.0627303
0.0626677
0.062605
0.0625423
0.0624796
0.0624168
0.062354
0.0622912
0.0622283
0.0621653
0.0621024
0.0620394
0.0619763
0.0619133
0.0618501
0.061787
0.0617238
0.0616606
0.0615973
0.061534
0.0614706
0.0614073
0.0613438
0.0612804
0.0612169
0.0611534
0.0610898
0.0610262
0.0609625
0.0608988
0.0608351
0.0607714
0.0607076
0.0606437
0.0605799
0.0605159
0.060452
0.060388
0.060324
0.0602599
0.0601958
0.0601317
0.0600675
0.0600033
0.0599391
0.0598748
0.0598105
0.0597461
0.0596817
0.0596173
0.0595528
0.0594883
0.0594238
0.0593592
0.0592946
0.05923
0.0591653
0.0591006
0.0590358
0.058971
0.0589062
0.0588413
0.0587764
0.0587115
0.0586465
0.0585815
0.0585164
0.0584513
0.0583862
0.0583211
0.0582559
0.0581906
0.0581254
0.0580601
0.0579947
0.0579294
0.057864
0.0577985
0.057733
0.0576675
0.057602
0.0575364
0.0574708
0.0574051
0.0573394
0.0572737
0.0572079
0.0571421
0.0570763
0.0570104
0.0569445
0.0568786
0.0568126
0.0567466
0.0566806
0.0566145
0.0565484
0.0564822
0.056416
0.0563498
0.0562836
0.0562173
0.056151
0.0560846
0.0560182
0.0559518
0.0558853
0.0558188
0.0557523
0.0556857
0.0556191
0.0555525
0.0554858
0.0554191
0.0553524
0.0552856
0.0552188
0.055152
0.0550851
0.0550182
0.0549513
0.0548843
0.0548173
0.0547503
0.0546832
0.0546161
0.0545489
0.0544818
0.0544145
0.0543473
0.05428
0.0542127
0.0541454
0.054078
0.0540106
0.0539431
0.0538757
0.0538082
0.0537406
0.053673
0.0536054
0.0535378
0.0534701
0.0534024
0.0533347
0.0532669
0.0531991
0.0531312
0.0530634
0.0529955
0.0529275
0.0528595
0.0527915
0.0527235
0.0526554
0.0525873
0.0525192
0.052451
0.0523828
0.0523146
0.0522463
0.0521781
0.0521097
0.0520414
0.051973
0.0519045
0.0518361
0.0517676
0.0516991
0.0516305
0.051562
0.0514933
0.0514247
0.051356
0.0512873
0.0512186
0.0511498
0.051081
0.0510121
0.0509433
0.0508744
0.0508054
0.0507365
0.0506675
0.0505985
0.0505294
0.0504603
0.0503912
0.0503221
0.0502529
0.0501837
0.0501144
0.0500451
0.0499758
0.0499065
0.0498371
0.0497677
0.0496983
0.0496289
0.0495594
0.0494899
0.0494203
0.0493507
0.0492811
0.0492115
0.0491418
0.0490721
0.0490024
0.0489326
0.0488628
0.048793
0.0487231
0.0486533
0.0485833
0.0485134
0.0484434
0.0483734
0.0483034
0.0482333
0.0481632
0.0480931
0.048023
0.0479528
0.0478826
0.0478123
0.0477421
0.0476718
0.0476014
0.0475311
0.0474607
0.0473903
0.0473198
0.0472494
0.0471789
0.0471083
0.0470378
0.0469672
0.0468965
0.0468259
0.0467552
0.0466845
0.0466138
0.046543
0.0464722
0.0464014
0.0463306
0.0462597
0.0461888
0.0461178
0.0460469
0.0459759
0.0459049
0.0458338
0.0457627
0.0456916
0.0456205
0.0455493
0.0454781
0.0454069
0.0453357
0.0452644
0.0451931
0.0451218
0.0450504
0.044979
0.0449076
0.0448362
0.0447647
0.0446932
0.0446217
0.0445501
0.0444785
0.0444069
0.0443353
0.0442636
0.044192
0.0441202
0.0440485
0.0439767
0.0439049
0.0438331
0.0437613
0.0436894
0.0436175
0.0435455
0.0434736
0.0434016
0.0433296
0.0432575
0.0431855
0.0431134
0.0430413
0.0429691
0.0428969
0.0428248
0.0427525
0.0426803
0.042608
0.0425357
0.0424634
0.042391
0.0423186
0.0422462
0.0421738
0.0421013
0.0420288
0.0419563
0.0418838
0.0418112
0.0417386
0.041666
0.0415934
0.0415207
0.041448
0.0413753
0.0413025
0.0412298
0.041157
0.0410842
0.0410113
0.0409384
0.0408655
0.0407926
0.0407197
0.0406467
0.0405737
0.0405007
0.0404276
0.0403546
0.0402815
0.0402084
0.0401352
0.040062
0.0399888
0.0399156
0.0398424
0.0397691
0.0396958
0.0396225
0.0395491
0.0394758
0.0394024
0.039329
0.0392555
0.0391821
0.0391086
0.0390351
0.0389615
0.038888
0.0388144
0.0387408
0.0386671
0.0385935
0.0385198
0.0384461
0.0383724
0.0382986
0.0382248
0.038151
0.0380772
0.0380034
0.0379295
0.0378556
0.0377817
0.0377078
0.0376338
0.0375598
0.0374858
0.0374118
0.0373377
0.0372636
0.0371895
0.0371154
0.0370413
0.0369671
0.0368929
0.0368187
0.0367444
0.0366702
0.0365959
0.0365216
0.0364473
0.0363729
0.0362985
0.0362241
0.0361497
0.0360753
0.0360008
0.0359263
0.0358518
0.0357773
0.0357028
0.0356282
0.0355536
0.035479
0.0354043
0.0353297
0.035255
0.0351803
0.0351056
0.0350308
0.034956
0.0348812
0.0348064
0.0347316
0.0346567
0.0345819
0.034507
0.034432
0.0343571
0.0342821
0.0342072
0.0341322
0.0340571
0.0339821
0.033907
0.0338319
0.0337568
0.0336817
0.0336065
0.0335314
0.0334562
0.033381
0.0333057
0.0332305
0.0331552
0.0330799
0.0330046
0.0329293
0.0328539
0.0327785
0.0327031
0.0326277
0.0325523
0.0324768
0.0324013
0.0323258
0.0322503
0.0321748
0.0320992
0.0320237
0.0319481
0.0318724
0.0317968
0.0317212
0.0316455
0.0315698
0.0314941
0.0314183
0.0313426
0.0312668
0.031191
0.0311152
0.0310394
0.0309635
0.0308877
0.0308118
0.0307359
0.03066
0.030584
0.030508
0.0304321
0.0303561
0.03028
0.030204
0.030128
0.0300519
0.0299758
0.0298997
0.0298235
0.0297474
0.0296712
0.029595
0.0295188
0.0294426
0.0293664
0.0292901
0.0292138
0.0291376
0.0290612
0.0289849
0.0289086
0.0288322
0.0287558
0.0286794
0.028603
0.0285266
0.0284501
0.0283736
0.0282971
0.0282206
0.0281441
0.0280676
0.027991
0.0279144
0.0278378
0.0277612
0.0276846
0.027608
0.0275313
0.0274546
0.0273779
0.0273012
0.0272245
0.0271477
0.027071
0.0269942
0.0269174
0.0268406
0.0267638
0.0266869
0.02661
0.0265332
0.0264563
0.0263794
0.0263024
0.0262255
0.0261485
0.0260716
0.0259946
0.0259176
0.0258405
0.0257635
0.0256864
0.0256094
0.0255323
0.0254552
0.0253781
0.0253009
0.0252238
0.0251466
0.0250694
0.0249922
0.024915
0.0248378
0.0247605
0.0246833
0.024606
0.0245287
0.0244514
0.0243741
0.0242968
0.0242194
0.0241421
0.0240647
0.0239873
0.0239099
0.0238324
0.023755
0.0236776
0.0236001
0.0235226
0.0234451
0.0233676
0.0232901
0.0232125
0.023135
0.0230574
0.0229798
0.0229022
0.0228246
0.022747
0.0226694
0.0225917
0.022514
0.0224364
0.0223587
0.022281
0.0222032
0.0221255
0.0220478
0.02197
0.0218922
0.0218144
0.0217366
0.0216588
0.021581
0.0215031
0.0214253
0.0213474
0.0212695
0.0211916
0.0211137
0.0210358
0.0209579
0.0208799
0.0208019
0.020724
0.020646
0.020568
0.02049
0.020412
0.0203339
0.0202559
0.0201778
0.0200997
0.0200216
0.0199435
0.0198654
0.0197873
0.0197092
0.019631
0.0195529
0.0194747
0.0193965
0.0193183
0.0192401
0.0191619
0.0190836
0.0190054
0.0189271
0.0188489
0.0187706
0.0186923
0.018614
0.0185357
0.0184574
0.018379
0.0183007
0.0182223
0.018144
0.0180656
0.0179872
0.0179088
0.0178304
0.0177519
0.0176735
0.017595
0.0175166
0.0174381
0.0173596
0.0172812
0.0172026
0.0171241
0.0170456
0.0169671
0.0168885
0.01681
0.0167314
0.0166528
0.0165743
0.0164957
0.0164171
0.0163384
0.0162598
0.0161812
0.0161025
0.0160239
0.0159452
0.0158665
0.0157879
0.0157092
0.0156305
0.0155517
0.015473
0.0153943
0.0153155
0.0152368
0.015158
0.0150793
0.0150005
0.0149217
0.0148429
0.0147641
0.0146853
0.0146064
0.0145276
0.0144488
0.0143699
0.014291
0.0142122
0.0141333
0.0140544
0.0139755
0.0138966
0.0138177
0.0137388
0.0136598
0.0135809
0.013502
0.013423
0.013344
0.0132651
0.0131861
0.0131071
0.0130281
0.0129491
0.0128701
0.0127911
0.012712
0.012633
0.0125539
0.0124749
0.0123958
0.0123168
0.0122377
0.0121586
0.0120795
0.0120004
0.0119213
0.0118422
0.0117631
0.011684
0.0116048
0.0115257
0.0114465
0.0113674
0.0112882
0.011209
0.0111299
0.0110507
0.0109715
0.0108923
0.0108131
0.0107339
0.0106547
0.0105754
0.0104962
0.010417
0.0103377
0.0102585
0.0101792
0.0101
0.0100207
0.00994142
0.00986214
0.00978286
0.00970356
0.00962426
0.00954496
0.00946565
0.00938633
0.00930701
0.00922768
0.00914835
0.00906901
0.00898967
0.00891032
0.00883096
0.0087516
0.00867223
0.00859286
0.00851348
0.0084341
0.00835471
0.00827532
0.00819592
0.00811652
0.00803711
0.0079577
0.00787828
0.00779886
0.00771943
0.00764
0.00756056
0.00748112
0.00740167
0.00732222
0.00724277
0.00716331
0.00708384
0.00700438
0.0069249
0.00684543
0.00676594
0.00668646
0.00660697
0.00652748
0.00644798
0.00636848
0.00628897
0.00620946
0.00612995
0.00605043
0.00597091
0.00589138
0.00581186
0.00573232
0.00565279
0.00557325
0.00549371
0.00541416
0.00533461
0.00525506
0.00517551
0.00509595
0.00501638
0.00493682
0.00485725
0.00477768
0.00469811
0.00461853
0.00453895
0.00445937
0.00437978
0.00430019
0.0042206
0.00414101
0.00406142
0.00398182
0.00390222
0.00382261
0.00374301
0.0036634
0.00358379
0.00350418
0.00342456
0.00334495
0.00326533
0.00318571
0.00310608
0.00302646
0.00294683
0.00286721
0.00278758
0.00270794
0.00262831
0.00254868
0.00246904
0.0023894
0.00230976
0.00223012
0.00215048
0.00207083
0.00199118
0.00191154
0.00183189
0.00175224
0.00167259
0.00159294
0.00151329
0.00143364
0.00135399
0.00127434
0.00119469
0.00111504
0.00103539
0.000955741
0.000876091
0.000796441
0.000716791
0.000637141
0.00055749
0.00047784
0.00039819
0.00031854
0.00023889
0.000159239
7.95892e-05
-6.09201e-08
************************************************************************************************************************
***             WIDEN YOUR WINDOW TO 120 CHARACTERS.  Use 'enscript -r -fCourier9' to print this document            ***
************************************************************************************************************************

---------------------------------------------- PETSc Performance Summary: ----------------------------------------------

./implicit_no.out on a  named r01n20 with 4 processors, by mae-wenlw Thu Jun  9 20:11:02 2022
Using Petsc Release Version 3.16.6, Mar 30, 2022 

                         Max       Max/Min     Avg       Total
Time (sec):           8.331e+01     1.000   8.331e+01
Objects:              5.700e+01     1.000   5.700e+01
Flop:                 1.972e+11     1.001   1.970e+11  7.882e+11
Flop/sec:             2.367e+09     1.001   2.365e+09  9.460e+09
MPI Messages:         5.860e+06     2.000   4.395e+06  1.758e+07
MPI Message Lengths:  4.695e+07     1.997   8.018e+00  1.409e+08
MPI Reductions:       5.889e+06     1.000

Flop counting convention: 1 flop = 1 real number operation of type (multiply/divide/add/subtract)
                            e.g., VecAXPY() for real vectors of length N --> 2N flop
                            and VecAXPY() for complex vectors of length N --> 8N flop

Summary of Stages:   ----- Time ------  ----- Flop ------  --- Messages ---  -- Message Lengths --  -- Reductions --
                        Avg     %Total     Avg     %Total    Count   %Total     Avg         %Total    Count   %Total
 0:      Main Stage: 8.3314e+01 100.0%  7.8819e+11 100.0%  1.758e+07 100.0%  8.018e+00      100.0%  5.889e+06 100.0%

------------------------------------------------------------------------------------------------------------------------
See the 'Profiling' chapter of the users' manual for details on interpreting output.
Phase summary info:
   Count: number of times phase was executed
   Time and Flop: Max - maximum over all processors
                  Ratio - ratio of maximum to minimum over all processors
   Mess: number of messages sent
   AvgLen: average message length (bytes)
   Reduct: number of global reductions
   Global: entire computation
   Stage: stages of a computation. Set stages with PetscLogStagePush() and PetscLogStagePop().
      %T - percent time in this phase         %F - percent flop in this phase
      %M - percent messages in this phase     %L - percent message lengths in this phase
      %R - percent reductions in this phase
   Total Mflop/s: 10e-6 * (sum of flop over all processors)/(max time over all processors)
------------------------------------------------------------------------------------------------------------------------
Event                Count      Time (sec)     Flop                              --- Global ---  --- Stage ----  Total
                   Max Ratio  Max     Ratio   Max  Ratio  Mess   AvgLen  Reduct  %T %F %M %L %R  %T %F %M %L %R Mflop/s
------------------------------------------------------------------------------------------------------------------------

--- Event Stage 0: Main Stage

BuildTwoSided          4 1.0 2.9302e-04 1.3 0.00e+00 0.0 3.0e+01 1.0e+01 4.0e+00  0  0  0  0  0   0  0  0  0  0     0
BuildTwoSidedF         3 1.0 4.9233e-04 1.2 0.00e+00 0.0 7.2e+01 4.0e+03 3.0e+00  0  0  0  0  0   0  0  0  0  0     0
VecView                1 1.0 6.4511e-0362.6 0.00e+00 0.0 3.0e+00 8.0e+03 0.0e+00  0  0  0  0  0   0  0  0  0  0     0
VecMDot          2858609 1.0 2.3595e+01 1.4 8.20e+10 1.0 0.0e+00 0.0e+00 2.9e+06 25 42  0  0 49  25 42  0  0 49 13887
VecNorm          3029927 1.0 5.4606e+00 1.4 6.07e+09 1.0 0.0e+00 0.0e+00 3.0e+06  6  3  0  0 51   6  3  0  0 51  4440
VecScale         3029927 1.0 7.9853e-01 1.2 3.03e+09 1.0 0.0e+00 0.0e+00 0.0e+00  1  2  0  0  0   1  2  0  0  0 15181
VecCopy           271320 1.0 9.6805e-02 1.1 0.00e+00 0.0 0.0e+00 0.0e+00 0.0e+00  0  0  0  0  0   0  0  0  0  0     0
VecSet            271320 1.0 9.7252e-02 1.1 0.00e+00 0.0 0.0e+00 0.0e+00 0.0e+00  0  0  0  0  0   0  0  0  0  0     0
VecAXPY           342637 1.0 1.2262e-01 1.1 6.86e+08 1.0 0.0e+00 0.0e+00 0.0e+00  0  0  0  0  0   0  0  0  0  0 22360
VecMAXPY         3029927 1.0 1.8035e+01 1.0 8.77e+10 1.0 0.0e+00 0.0e+00 0.0e+00 22 44  0  0  0  22 44  0  0  0 19445
VecAssemblyBegin       2 1.0 3.9005e-04 1.1 0.00e+00 0.0 7.2e+01 4.0e+03 2.0e+00  0  0  0  0  0   0  0  0  0  0     0
VecAssemblyEnd         2 1.0 1.0824e-04 1.1 0.00e+00 0.0 0.0e+00 0.0e+00 0.0e+00  0  0  0  0  0   0  0  0  0  0     0
VecPointwiseMult 3029927 1.0 1.5800e+00 1.1 3.03e+09 1.0 0.0e+00 0.0e+00 0.0e+00  2  2  0  0  0   2  2  0  0  0  7672
VecScatterBegin  2929926 1.0 1.1123e+01 2.4 0.00e+00 0.0 1.8e+07 8.0e+00 1.0e+00  9  0100100  0   9  0100100  0     0
VecScatterEnd    2929926 1.0 2.9357e+00 1.5 0.00e+00 0.0 0.0e+00 0.0e+00 0.0e+00  3  0  0  0  0   3  0  0  0  0     0
VecNormalize     3029927 1.0 6.9269e+00 1.3 9.10e+09 1.0 0.0e+00 0.0e+00 3.0e+06  8  5  0  0 51   8  5  0  0 51  5250
MatMult          2929926 1.0 3.4399e+01 1.2 1.47e+10 1.0 1.8e+07 8.0e+00 1.0e+00 38  7100100  0  38  7100100  0  1703
MatAssemblyBegin       1 1.0 5.3096e-04 1.3 0.00e+00 0.0 0.0e+00 0.0e+00 1.0e+00  0  0  0  0  0   0  0  0  0  0     0
MatAssemblyEnd         1 1.0 1.9181e-03 1.0 0.00e+00 0.0 0.0e+00 0.0e+00 5.0e+00  0  0  0  0  0   0  0  0  0  0     0
SFSetGraph             1 1.0 9.5367e-07 0.0 0.00e+00 0.0 0.0e+00 0.0e+00 0.0e+00  0  0  0  0  0   0  0  0  0  0     0
SFSetUp                1 1.0 4.2009e-04 1.3 0.00e+00 0.0 1.2e+01 4.0e+00 1.0e+00  0  0  0  0  0   0  0  0  0  0     0
SFPack           2929926 1.0 5.6550e-01 1.4 0.00e+00 0.0 0.0e+00 0.0e+00 0.0e+00  1  0  0  0  0   1  0  0  0  0     0
SFUnpack         2929926 1.0 2.1732e-01 1.0 0.00e+00 0.0 0.0e+00 0.0e+00 0.0e+00  0  0  0  0  0   0  0  0  0  0     0
KSPSetUp               1 1.0 3.2997e-04 1.7 0.00e+00 0.0 0.0e+00 0.0e+00 0.0e+00  0  0  0  0  0   0  0  0  0  0     0
KSPSolve          100001 1.0 8.3173e+01 1.0 1.97e+11 1.0 1.8e+07 8.0e+00 5.9e+06100100100100100 100100100100100  9467
KSPGMRESOrthog   2858609 1.0 4.2011e+01 1.2 1.64e+11 1.0 0.0e+00 0.0e+00 2.9e+06 47 83  0  0 49  47 83  0  0 49 15603
PCSetUp                1 1.0 3.8862e-05 7.8 0.00e+00 0.0 0.0e+00 0.0e+00 0.0e+00  0  0  0  0  0   0  0  0  0  0     0
PCApply          3029927 1.0 2.0868e+00 1.1 3.03e+09 1.0 0.0e+00 0.0e+00 2.0e+00  2  2  0  0  0   2  2  0  0  0  5809
------------------------------------------------------------------------------------------------------------------------

Memory usage is given in bytes:

Object Type          Creations   Destructions     Memory  Descendants' Mem.
Reports information only for process 0.

--- Event Stage 0: Main Stage

              Vector    42             42       393784     0.
              Matrix     3              3       169804     0.
           Index Set     2              2         1788     0.
   Star Forest Graph     3              3         3312     0.
       Krylov Solver     1              1        18848     0.
      Preconditioner     1              1          872     0.
    Distributed Mesh     1              1         5048     0.
     Discrete System     1              1          896     0.
           Weak Form     1              1          616     0.
              Viewer     2              1          840     0.
========================================================================================================================
Average time to get PetscTime(): 0.
Average time for MPI_Barrier(): 6.19888e-07
Average time for zero size MPI_Send(): 3.75509e-06
#PETSc Option Table entries:
-dt 0.00001
-log_view
-n 4000
#End of PETSc Option Table entries
Compiled without FORTRAN kernels
Compiled with full precision matrices (default)
sizeof(short) 2 sizeof(int) 4 sizeof(long) 8 sizeof(void*) 8 sizeof(PetscScalar) 8 sizeof(PetscInt) 4
Configure options: --with-mpi-dir=/share/intel/2018u4/compilers_and_libraries_2018.5.274/linux/mpi/intel64 --with-blaslapack-dir=/share/intel/2018u4/compilers_and_libraries_2018.5.274/linux/mkl --with-scalapack-include=/share/intel/2018u4/compilers_and_libraries_2018.5.274/linux/mkl/include --with-scalapack-lib="-L/share/intel/2018u4/compilers_and_libraries_2018.5.274/linux/mkl/lib/intel64 -lmkl_blacs_intelmpi_lp64 -lmkl_scalapack_lp64" --with-debugging=no --prefix=/work/mae-wenlw/lib/petsc-3.16.6 --download-hdf5 =/work/mae-wenlw/HPC/petsc-3.16.6-package/hdf5-1.12.1.tar.gz --download-hypre=/work/mae-wenlw/HPC/petsc-3.16.6-package/hypre-2.23.0.tar.gz --download-mumps=/work/mae-wenlw/HPC/petsc-3.16.6-package/petsc-pkg-mumps-6d1470374d32.tar.gz --download-metis=/work/mae-wenlw/HPC/petsc-3.16.6-package/petsc-pkg-metis-c8d2dc1e751e.tar.gz COPTFLAGS="-O3 -march=native -mtune=native" CXXOPTFLAGS="-O3 -march=native -mtune=native" FOPTFLAGS="-O3 -march=native -mtune=native"
-----------------------------------------
Libraries compiled on 2022-06-02 13:42:17 on login03 
Machine characteristics: Linux-3.10.0-862.el7.x86_64-x86_64-with-redhat-7.5-Maipo
Using PETSc directory: /work/mae-wenlw/lib/petsc-3.16.6
Using PETSc arch: 
-----------------------------------------

Using C compiler: /share/intel/2018u4/compilers_and_libraries_2018.5.274/linux/mpi/intel64/bin/mpiicc  -fPIC -wd1572 -Wno-unknown-pragmas -O3 -march=native -mtune=native  -std=c99 
Using Fortran compiler: /share/intel/2018u4/compilers_and_libraries_2018.5.274/linux/mpi/intel64/bin/mpiifort  -fPIC -O3 -march=native -mtune=native     -std=c99
-----------------------------------------

Using include paths: -I/work/mae-wenlw/lib/petsc-3.16.6/include -I/share/intel/2018u4/compilers_and_libraries_2018.5.274/linux/mpi/intel64/include
-----------------------------------------

Using C linker: /share/intel/2018u4/compilers_and_libraries_2018.5.274/linux/mpi/intel64/bin/mpiicc
Using Fortran linker: /share/intel/2018u4/compilers_and_libraries_2018.5.274/linux/mpi/intel64/bin/mpiifort
Using libraries: -Wl,-rpath,/work/mae-wenlw/lib/petsc-3.16.6/lib -L/work/mae-wenlw/lib/petsc-3.16.6/lib -lpetsc -Wl,-rpath,/work/mae-wenlw/lib/petsc-3.16.6/lib -L/work/mae-wenlw/lib/petsc-3.16.6/lib -L/share/intel/2018u4/compilers_and_libraries_2018.5.274/linux/mkl/lib/intel64 -Wl,-rpath,/share/intel/2018u4/compilers_and_libraries_2018.5.274/linux/mkl/lib/intel64 -Wl,-rpath,/share/intel/2018u4/compilers_and_libraries_2018.5.274/linux/mpi/intel64/lib/release_mt -L/share/intel/2018u4/compilers_and_libraries_2018.5.274/linux/mpi/intel64/lib/release_mt -Wl,-rpath,/share/intel/2018u4/compilers_and_libraries_2018.5.274/linux/mpi/intel64/lib -L/share/intel/2018u4/compilers_and_libraries_2018.5.274/linux/mpi/intel64/lib -Wl,-rpath,/work/mae-wenlw/lib/hdf5-1.12.1/lib -L/work/mae-wenlw/lib/hdf5-1.12.1/lib -Wl,-rpath,/share/intel/2018u4/compilers_and_libraries_2018.5.274/linux/tbb/lib/intel64_lin/gcc4.4 -L/share/intel/2018u4/compilers_and_libraries_2018.5.274/linux/tbb/lib/intel64_lin/gcc4.4 -Wl,-rpath,/share/intel/2018u4/compilers_and_libraries_2018.5.274/linux/daal/lib/intel64_lin -L/share/intel/2018u4/compilers_and_libraries_2018.5.274/linux/daal/lib/intel64_lin -Wl,-rpath,/share/intel/2018u4/compilers_and_libraries_2018.5.274/linux/tbb/lib/intel64/gcc4.4 -L/share/intel/2018u4/compilers_and_libraries_2018.5.274/linux/tbb/lib/intel64/gcc4.4 -Wl,-rpath,/share/intel/2018u4/compilers_and_libraries_2018.5.274/linux/compiler/lib/intel64 -L/share/intel/2018u4/compilers_and_libraries_2018.5.274/linux/compiler/lib/intel64 -Wl,-rpath,/share/intel/2018u4/compilers_and_libraries_2018.5.274/linux/ipp/lib/intel64 -L/share/intel/2018u4/compilers_and_libraries_2018.5.274/linux/ipp/lib/intel64 -Wl,-rpath,/share/intel/2018u4/compilers_and_libraries_2018.5.274/linux/compiler/lib/intel64_lin -L/share/intel/2018u4/compilers_and_libraries_2018.5.274/linux/compiler/lib/intel64_lin -Wl,-rpath,/usr/lib/gcc/x86_64-redhat-linux/4.8.5 -L/usr/lib/gcc/x86_64-redhat-linux/4.8.5 -Wl,-rpath,/opt/intel/mpi-rt/2017.0.0/intel64/lib/release_mt -Wl,-rpath,/opt/intel/mpi-rt/2017.0.0/intel64/lib -lHYPRE -lcmumps -ldmumps -lsmumps -lzmumps -lmumps_common -lpord -lmkl_blacs_intelmpi_lp64 -lmkl_scalapack_lp64 -lmkl_intel_lp64 -lmkl_core -lmkl_sequential -lpthread -lhdf5_hl -lhdf5 -lmetis -lX11 -lstdc++ -ldl -lmpifort -lmpi -lmpigi -lrt -lpthread -lifport -lifcoremt_pic -limf -lsvml -lm -lipgo -lirc -lgcc_s -lirc_s -lquadmath -lstdc++ -ldl
-----------------------------------------

