dx= 0.001 dt = 1e-05 its 100001 CFL 10.
Mat time cost = 0.000622 s
iteration time cost = 26.245548 s
Vec Object: u_numeracal 1 MPI processes
  type: seq
0.
0.000318648
0.000637292
0.00095593
0.00127456
0.00159318
0.00191178
0.00223036
0.00254892
0.00286745
0.00318596
0.00350443
0.00382287
0.00414127
0.00445964
0.00477795
0.00509622
0.00541444
0.00573261
0.00605072
0.00636877
0.00668676
0.00700468
0.00732253
0.00764031
0.00795802
0.00827564
0.00859319
0.00891065
0.00922802
0.0095453
0.00986248
0.0101796
0.0104966
0.0108134
0.0111302
0.0114469
0.0117634
0.0120799
0.0123962
0.0127124
0.0130285
0.0133444
0.0136602
0.0139759
0.0142914
0.0146068
0.0149221
0.0152372
0.0155522
0.015867
0.0161816
0.0164961
0.0168104
0.0171246
0.0174386
0.0177524
0.018066
0.0183795
0.0186928
0.0190059
0.0193188
0.0196315
0.019944
0.0202564
0.0205685
0.0208804
0.0211921
0.0215036
0.0218149
0.022126
0.0224369
0.0227475
0.0230579
0.0233681
0.0236781
0.0239878
0.0242973
0.0246066
0.0249156
0.0252243
0.0255328
0.0258411
0.0261491
0.0264569
0.0267643
0.0270716
0.0273785
0.0276852
0.0279916
0.0282978
0.0286036
0.0289092
0.0292145
0.0295195
0.0298242
0.0301286
0.0304327
0.0307365
0.03104
0.0313432
0.0316461
0.0319487
0.032251
0.0325529
0.0328546
0.0331559
0.0334569
0.0337575
0.0340578
0.0343578
0.0346574
0.0349567
0.0352557
0.0355543
0.0358526
0.0361505
0.036448
0.0367452
0.037042
0.0373385
0.0376346
0.0379303
0.0382256
0.0385206
0.0388152
0.0391094
0.0394032
0.0396966
0.0399896
0.0402823
0.0405745
0.0408664
0.0411578
0.0414488
0.0417394
0.0420297
0.0423195
0.0426088
0.0428978
0.0431863
0.0434744
0.0437621
0.0440494
0.0443362
0.0446226
0.0449085
0.045194
0.045479
0.0457636
0.0460478
0.0463315
0.0466147
0.0468975
0.0471798
0.0474616
0.047743
0.0480239
0.0483043
0.0485843
0.0488638
0.0491427
0.0494213
0.0496993
0.0499768
0.0502538
0.0505304
0.0508064
0.051082
0.051357
0.0516315
0.0519055
0.0521791
0.052452
0.0527245
0.0529965
0.0532679
0.0535388
0.0538092
0.054079
0.0543483
0.0546171
0.0548854
0.0551531
0.0554202
0.0556868
0.0559529
0.0562184
0.0564833
0.0567477
0.0570115
0.0572748
0.0575375
0.0577996
0.0580612
0.0583222
0.0585826
0.0588424
0.0591017
0.0593604
0.0596185
0.059876
0.0601329
0.0603892
0.0606449
0.0609
0.0611545
0.0614084
0.0616618
0.0619145
0.0621665
0.062418
0.0626689
0.0629191
0.0631687
0.0634177
0.0636661
0.0639138
0.064161
0.0644074
0.0646533
0.0648985
0.065143
0.065387
0.0656302
0.0658729
0.0661148
0.0663562
0.0665968
0.0668369
0.0670762
0.0673149
0.0675529
0.0677903
0.068027
0.068263
0.0684983
0.068733
0.068967
0.0692003
0.069433
0.0696649
0.0698961
0.0701267
0.0703566
0.0705858
0.0708143
0.071042
0.0712691
0.0714955
0.0717212
0.0719461
0.0721704
0.0723939
0.0726168
0.0728389
0.0730603
0.0732809
0.0735009
0.0737201
0.0739386
0.0741564
0.0743734
0.0745897
0.0748053
0.0750201
0.0752342
0.0754475
0.0756601
0.075872
0.0760831
0.0762934
0.076503
0.0767119
0.07692
0.0771273
0.0773339
0.0775397
0.0777447
0.077949
0.0781525
0.0783552
0.0785572
0.0787583
0.0789587
0.0791584
0.0793572
0.0795553
0.0797525
0.079949
0.0801447
0.0803396
0.0805338
0.0807271
0.0809196
0.0811113
0.0813023
0.0814924
0.0816817
0.0818702
0.0820579
0.0822448
0.0824309
0.0826162
0.0828006
0.0829842
0.0831671
0.0833491
0.0835302
0.0837106
0.0838901
0.0840688
0.0842467
0.0844237
0.0845999
0.0847753
0.0849498
0.0851235
0.0852963
0.0854683
0.0856395
0.0858098
0.0859793
0.0861479
0.0863157
0.0864826
0.0866487
0.0868139
0.0869783
0.0871418
0.0873044
0.0874662
0.0876271
0.0877871
0.0879463
0.0881046
0.0882621
0.0884187
0.0885744
0.0887292
0.0888831
0.0890362
0.0891884
0.0893397
0.0894902
0.0896397
0.0897884
0.0899361
0.090083
0.090229
0.0903742
0.0905184
0.0906617
0.0908041
0.0909457
0.0910863
0.091226
0.0913649
0.0915028
0.0916399
0.091776
0.0919112
0.0920455
0.0921789
0.0923114
0.092443
0.0925737
0.0927035
0.0928323
0.0929602
0.0930872
0.0932133
0.0933385
0.0934628
0.0935861
0.0937085
0.09383
0.0939505
0.0940702
0.0941889
0.0943066
0.0944235
0.0945394
0.0946544
0.0947684
0.0948815
0.0949937
0.0951049
0.0952152
0.0953246
0.095433
0.0955405
0.095647
0.0957526
0.0958572
0.0959609
0.0960636
0.0961654
0.0962663
0.0963662
0.0964651
0.0965631
0.0966602
0.0967563
0.0968514
0.0969456
0.0970388
0.0971311
0.0972224
0.0973127
0.0974021
0.0974905
0.097578
0.0976645
0.09775
0.0978346
0.0979182
0.0980008
0.0980825
0.0981632
0.0982429
0.0983217
0.0983995
0.0984763
0.0985522
0.098627
0.0987009
0.0987739
0.0988458
0.0989168
0.0989868
0.0990558
0.0991239
0.099191
0.0992571
0.0993222
0.0993863
0.0994495
0.0995116
0.0995728
0.099633
0.0996922
0.0997505
0.0998077
0.099864
0.0999193
0.0999736
0.100027
0.100079
0.100131
0.100181
0.10023
0.100279
0.100326
0.100372
0.100418
0.100462
0.100506
0.100548
0.100589
0.10063
0.100669
0.100708
0.100745
0.100782
0.100817
0.100852
0.100885
0.100918
0.100949
0.10098
0.101009
0.101038
0.101065
0.101092
0.101117
0.101142
0.101165
0.101188
0.101209
0.10123
0.101249
0.101268
0.101285
0.101302
0.101317
0.101332
0.101345
0.101358
0.101369
0.10138
0.101389
0.101398
0.101405
0.101412
0.101417
0.101422
0.101425
0.101428
0.101429
0.10143
0.101429
0.101428
0.101425
0.101422
0.101417
0.101412
0.101405
0.101398
0.101389
0.10138
0.101369
0.101358
0.101345
0.101332
0.101317
0.101302
0.101285
0.101268
0.101249
0.10123
0.101209
0.101188
0.101165
0.101142
0.101117
0.101092
0.101065
0.101038
0.101009
0.10098
0.100949
0.100918
0.100886
0.100852
0.100818
0.100782
0.100746
0.100708
0.10067
0.10063
0.10059
0.100549
0.100506
0.100463
0.100418
0.100373
0.100327
0.100279
0.100231
0.100181
0.100131
0.10008
0.100028
0.0999742
0.0999199
0.0998647
0.0998084
0.0997512
0.0996929
0.0996337
0.0995735
0.0995124
0.0994502
0.0993871
0.099323
0.0992579
0.0991918
0.0991247
0.0990567
0.0989877
0.0989177
0.0988467
0.0987748
0.0987018
0.0986279
0.0985531
0.0984772
0.0984004
0.0983227
0.0982439
0.0981642
0.0980835
0.0980018
0.0979192
0.0978356
0.0977511
0.0976655
0.097579
0.0974916
0.0974032
0.0973138
0.0972235
0.0971322
0.0970399
0.0969467
0.0968526
0.0967574
0.0966614
0.0965643
0.0964663
0.0963674
0.0962675
0.0961667
0.0960649
0.0959622
0.0958585
0.0957539
0.0956483
0.0955418
0.0954343
0.0953259
0.0952166
0.0951063
0.0949951
0.0948829
0.0947698
0.0946558
0.0945408
0.0944249
0.0943081
0.0941903
0.0940717
0.093952
0.0938315
0.09371
0.0935876
0.0934643
0.0933401
0.0932149
0.0930888
0.0929618
0.0928339
0.0927051
0.0925753
0.0924447
0.0923131
0.0921806
0.0920472
0.0919129
0.0917777
0.0916416
0.0915045
0.0913666
0.0912278
0.0910881
0.0909474
0.0908059
0.0906635
0.0905202
0.090376
0.0902309
0.0900849
0.089938
0.0897902
0.0896416
0.089492
0.0893416
0.0891903
0.0890381
0.0888851
0.0887311
0.0885763
0.0884206
0.0882641
0.0881066
0.0879483
0.0877892
0.0876291
0.0874682
0.0873065
0.0871438
0.0869804
0.086816
0.0866508
0.0864848
0.0863178
0.0861501
0.0859815
0.085812
0.0856417
0.0854705
0.0852985
0.0851257
0.084952
0.0847775
0.0846022
0.084426
0.084249
0.0840711
0.0838924
0.0837129
0.0835326
0.0833514
0.0831694
0.0829866
0.082803
0.0826186
0.0824333
0.0822472
0.0820603
0.0818727
0.0816842
0.0814949
0.0813047
0.0811138
0.0809221
0.0807296
0.0805363
0.0803422
0.0801473
0.0799516
0.0797551
0.0795579
0.0793598
0.079161
0.0789614
0.078761
0.0785598
0.0783579
0.0781552
0.0779517
0.0777474
0.0775424
0.0773366
0.07713
0.0769227
0.0767147
0.0765058
0.0762962
0.0760859
0.0758748
0.075663
0.0754504
0.0752371
0.075023
0.0748082
0.0745926
0.0743763
0.0741593
0.0739415
0.0737231
0.0735039
0.0732839
0.0730633
0.0728419
0.0726198
0.072397
0.0721734
0.0719492
0.0717242
0.0714986
0.0712722
0.0710451
0.0708174
0.0705889
0.0703597
0.0701299
0.0698993
0.0696681
0.0694361
0.0692035
0.0689702
0.0687363
0.0685016
0.0682663
0.0680303
0.0677936
0.0675562
0.0673182
0.0670795
0.0668402
0.0666002
0.0663595
0.0661182
0.0658763
0.0656336
0.0653904
0.0651465
0.0649019
0.0646567
0.0644109
0.0641644
0.0639173
0.0636696
0.0634212
0.0631723
0.0629227
0.0626724
0.0624216
0.0621701
0.061918
0.0616654
0.0614121
0.0611582
0.0609036
0.0606485
0.0603928
0.0601365
0.0598796
0.0596222
0.0593641
0.0591054
0.0588462
0.0585864
0.058326
0.058065
0.0578034
0.0575413
0.0572786
0.0570154
0.0567515
0.0564872
0.0562222
0.0559567
0.0556907
0.0554241
0.055157
0.0548893
0.0546211
0.0543523
0.054083
0.0538132
0.0535428
0.0532719
0.0530005
0.0527286
0.0524561
0.0521831
0.0519096
0.0516356
0.0513611
0.0510861
0.0508106
0.0505345
0.050258
0.049981
0.0497035
0.0494255
0.049147
0.048868
0.0485885
0.0483086
0.0480282
0.0477473
0.0474659
0.0471841
0.0469018
0.046619
0.0463358
0.0460521
0.045768
0.0454834
0.0451984
0.0449129
0.044627
0.0443406
0.0440538
0.0437666
0.0434789
0.0431908
0.0429023
0.0426133
0.042324
0.0420342
0.041744
0.0414534
0.0411624
0.0408709
0.0405791
0.0402869
0.0399943
0.0397012
0.0394078
0.039114
0.0388198
0.0385253
0.0382303
0.037935
0.0376393
0.0373432
0.0370468
0.03675
0.0364528
0.0361553
0.0358574
0.0355591
0.0352605
0.0349616
0.0346623
0.0343627
0.0340627
0.0337624
0.0334618
0.0331608
0.0328595
0.0325579
0.032256
0.0319537
0.0316512
0.0313483
0.0310451
0.0307416
0.0304378
0.0301337
0.0298293
0.0295246
0.0292196
0.0289143
0.0286088
0.0283029
0.0279968
0.0276904
0.0273837
0.0270768
0.0267696
0.0264621
0.0261544
0.0258464
0.0255381
0.0252296
0.0249209
0.0246119
0.0243026
0.0239932
0.0236835
0.0233735
0.0230633
0.0227529
0.0224423
0.0221315
0.0218204
0.0215091
0.0211976
0.0208859
0.020574
0.0202619
0.0199496
0.019637
0.0193243
0.0190114
0.0186984
0.0183851
0.0180716
0.017758
0.0174442
0.0171302
0.0168161
0.0165018
0.0161873
0.0158727
0.0155579
0.0152429
0.0149279
0.0146126
0.0142972
0.0139817
0.013666
0.0133502
0.0130343
0.0127183
0.0124021
0.0120858
0.0117693
0.0114528
0.0111361
0.0108194
0.0105025
0.0101855
0.00986846
0.00955129
0.00923402
0.00891666
0.00859922
0.00828169
0.00796407
0.00764638
0.00732862
0.00701078
0.00669287
0.0063749
0.00605687
0.00573878
0.00542064
0.00510243
0.00478416
0.00446585
0.00414748
0.00382906
0.00351061
0.00319211
0.00287358
0.00255503
0.00223644
0.00191783
0.0015992
0.00128055
0.00096189
0.00064322
0.000324543
5.86361e-06
************************************************************************************************************************
***             WIDEN YOUR WINDOW TO 120 CHARACTERS.  Use 'enscript -r -fCourier9' to print this document            ***
************************************************************************************************************************

---------------------------------------------- PETSc Performance Summary: ----------------------------------------------

./implicit_no.out on a  named r01n17 with 1 processor, by mae-wenlw Thu Jun  9 20:08:05 2022
Using Petsc Release Version 3.16.6, Mar 30, 2022 

                         Max       Max/Min     Avg       Total
Time (sec):           2.625e+01     1.000   2.625e+01
Objects:              5.000e+01     1.000   5.000e+01
Flop:                 7.467e+10     1.000   7.467e+10  7.467e+10
Flop/sec:             2.844e+09     1.000   2.844e+09  2.844e+09
MPI Messages:         0.000e+00     0.000   0.000e+00  0.000e+00
MPI Message Lengths:  0.000e+00     0.000   0.000e+00  0.000e+00
MPI Reductions:       0.000e+00     0.000

Flop counting convention: 1 flop = 1 real number operation of type (multiply/divide/add/subtract)
                            e.g., VecAXPY() for real vectors of length N --> 2N flop
                            and VecAXPY() for complex vectors of length N --> 8N flop

Summary of Stages:   ----- Time ------  ----- Flop ------  --- Messages ---  -- Message Lengths --  -- Reductions --
                        Avg     %Total     Avg     %Total    Count   %Total     Avg         %Total    Count   %Total
 0:      Main Stage: 2.6253e+01 100.0%  7.4670e+10 100.0%  0.000e+00   0.0%  0.000e+00        0.0%  0.000e+00   0.0%

------------------------------------------------------------------------------------------------------------------------
See the 'Profiling' chapter of the users' manual for details on interpreting output.
Phase summary info:
   Count: number of times phase was executed
   Time and Flop: Max - maximum over all processors
                  Ratio - ratio of maximum to minimum over all processors
   Mess: number of messages sent
   AvgLen: average message length (bytes)
   Reduct: number of global reductions
   Global: entire computation
   Stage: stages of a computation. Set stages with PetscLogStagePush() and PetscLogStagePop().
      %T - percent time in this phase         %F - percent flop in this phase
      %M - percent messages in this phase     %L - percent message lengths in this phase
      %R - percent reductions in this phase
   Total Mflop/s: 10e-6 * (sum of flop over all processors)/(max time over all processors)
------------------------------------------------------------------------------------------------------------------------
Event                Count      Time (sec)     Flop                              --- Global ---  --- Stage ----  Total
                   Max Ratio  Max     Ratio   Max  Ratio  Mess   AvgLen  Reduct  %T %F %M %L %R  %T %F %M %L %R Mflop/s
------------------------------------------------------------------------------------------------------------------------

--- Event Stage 0: Main Stage

VecView                1 1.0 1.5712e-03 1.0 0.00e+00 0.0 0.0e+00 0.0e+00 0.0e+00  0  0  0  0  0   0  0  0  0  0     0
VecMDot          1542293 1.0 4.7368e+00 1.0 2.84e+10 1.0 0.0e+00 0.0e+00 0.0e+00 18 38  0  0  0  18 38  0  0  0  6005
VecNorm          1642299 1.0 4.9555e-01 1.0 3.29e+09 1.0 0.0e+00 0.0e+00 0.0e+00  2  4  0  0  0   2  4  0  0  0  6631
VecScale         1642299 1.0 3.1502e-01 1.0 1.64e+09 1.0 0.0e+00 0.0e+00 0.0e+00  1  2  0  0  0   1  2  0  0  0  5219
VecCopy           200008 1.0 6.5954e-02 1.0 0.00e+00 0.0 0.0e+00 0.0e+00 0.0e+00  0  0  0  0  0   0  0  0  0  0     0
VecSet            200047 1.0 6.3607e-02 1.0 0.00e+00 0.0 0.0e+00 0.0e+00 0.0e+00  0  0  0  0  0   0  0  0  0  0     0
VecAXPY           200013 1.0 6.3334e-02 1.0 4.00e+08 1.0 0.0e+00 0.0e+00 0.0e+00  0  1  0  0  0   0  1  0  0  0  6322
VecMAXPY         1642299 1.0 6.3647e+00 1.0 3.15e+10 1.0 0.0e+00 0.0e+00 0.0e+00 24 42  0  0  0  24 42  0  0  0  4956
VecAssemblyBegin       2 1.0 0.0000e+00 0.0 0.00e+00 0.0 0.0e+00 0.0e+00 0.0e+00  0  0  0  0  0   0  0  0  0  0     0
VecAssemblyEnd         2 1.0 0.0000e+00 0.0 0.00e+00 0.0 0.0e+00 0.0e+00 0.0e+00  0  0  0  0  0   0  0  0  0  0     0
VecPointwiseMult 1642299 1.0 7.5377e-01 1.0 1.64e+09 1.0 0.0e+00 0.0e+00 0.0e+00  3  2  0  0  0   3  2  0  0  0  2181
VecNormalize     1642299 1.0 1.2111e+00 1.0 4.93e+09 1.0 0.0e+00 0.0e+00 0.0e+00  5  7  0  0  0   5  7  0  0  0  4071
MatMult          1542298 1.0 1.0880e+01 1.0 7.71e+09 1.0 0.0e+00 0.0e+00 0.0e+00 41 10  0  0  0  41 10  0  0  0   708
MatAssemblyBegin       1 1.0 0.0000e+00 0.0 0.00e+00 0.0 0.0e+00 0.0e+00 0.0e+00  0  0  0  0  0   0  0  0  0  0     0
MatAssemblyEnd         1 1.0 6.4135e-05 1.0 0.00e+00 0.0 0.0e+00 0.0e+00 0.0e+00  0  0  0  0  0   0  0  0  0  0     0
KSPSetUp               1 1.0 8.0109e-05 1.0 0.00e+00 0.0 0.0e+00 0.0e+00 0.0e+00  0  0  0  0  0   0  0  0  0  0     0
KSPSolve          100001 1.0 2.6136e+01 1.0 7.45e+10 1.0 0.0e+00 0.0e+00 0.0e+00100100  0  0  0 100100  0  0  0  2849
KSPGMRESOrthog   1542293 1.0 1.1158e+01 1.0 5.69e+10 1.0 0.0e+00 0.0e+00 0.0e+00 43 76  0  0  0  43 76  0  0  0  5100
PCSetUp                1 1.0 1.0014e-05 1.0 0.00e+00 0.0 0.0e+00 0.0e+00 0.0e+00  0  0  0  0  0   0  0  0  0  0     0
PCApply          1642299 1.0 1.0317e+00 1.0 1.64e+09 1.0 0.0e+00 0.0e+00 0.0e+00  4  2  0  0  0   4  2  0  0  0  1593
------------------------------------------------------------------------------------------------------------------------

Memory usage is given in bytes:

Object Type          Creations   Destructions     Memory  Descendants' Mem.
Reports information only for process 0.

--- Event Stage 0: Main Stage

              Vector    40             40       385280     0.
              Matrix     1              1        83356     0.
       Krylov Solver     1              1        18848     0.
      Preconditioner     1              1          872     0.
    Distributed Mesh     1              1         5048     0.
   Star Forest Graph     2              2         2112     0.
     Discrete System     1              1          896     0.
           Weak Form     1              1          616     0.
              Viewer     2              1          840     0.
========================================================================================================================
Average time to get PetscTime(): 9.53674e-08
#PETSc Option Table entries:
-dt 0.00001
-log_view
-n 1000
#End of PETSc Option Table entries
Compiled without FORTRAN kernels
Compiled with full precision matrices (default)
sizeof(short) 2 sizeof(int) 4 sizeof(long) 8 sizeof(void*) 8 sizeof(PetscScalar) 8 sizeof(PetscInt) 4
Configure options: --with-mpi-dir=/share/intel/2018u4/compilers_and_libraries_2018.5.274/linux/mpi/intel64 --with-blaslapack-dir=/share/intel/2018u4/compilers_and_libraries_2018.5.274/linux/mkl --with-scalapack-include=/share/intel/2018u4/compilers_and_libraries_2018.5.274/linux/mkl/include --with-scalapack-lib="-L/share/intel/2018u4/compilers_and_libraries_2018.5.274/linux/mkl/lib/intel64 -lmkl_blacs_intelmpi_lp64 -lmkl_scalapack_lp64" --with-debugging=no --prefix=/work/mae-wenlw/lib/petsc-3.16.6 --download-hdf5 =/work/mae-wenlw/HPC/petsc-3.16.6-package/hdf5-1.12.1.tar.gz --download-hypre=/work/mae-wenlw/HPC/petsc-3.16.6-package/hypre-2.23.0.tar.gz --download-mumps=/work/mae-wenlw/HPC/petsc-3.16.6-package/petsc-pkg-mumps-6d1470374d32.tar.gz --download-metis=/work/mae-wenlw/HPC/petsc-3.16.6-package/petsc-pkg-metis-c8d2dc1e751e.tar.gz COPTFLAGS="-O3 -march=native -mtune=native" CXXOPTFLAGS="-O3 -march=native -mtune=native" FOPTFLAGS="-O3 -march=native -mtune=native"
-----------------------------------------
Libraries compiled on 2022-06-02 13:42:17 on login03 
Machine characteristics: Linux-3.10.0-862.el7.x86_64-x86_64-with-redhat-7.5-Maipo
Using PETSc directory: /work/mae-wenlw/lib/petsc-3.16.6
Using PETSc arch: 
-----------------------------------------

Using C compiler: /share/intel/2018u4/compilers_and_libraries_2018.5.274/linux/mpi/intel64/bin/mpiicc  -fPIC -wd1572 -Wno-unknown-pragmas -O3 -march=native -mtune=native  -std=c99 
Using Fortran compiler: /share/intel/2018u4/compilers_and_libraries_2018.5.274/linux/mpi/intel64/bin/mpiifort  -fPIC -O3 -march=native -mtune=native     -std=c99
-----------------------------------------

Using include paths: -I/work/mae-wenlw/lib/petsc-3.16.6/include -I/share/intel/2018u4/compilers_and_libraries_2018.5.274/linux/mpi/intel64/include
-----------------------------------------

Using C linker: /share/intel/2018u4/compilers_and_libraries_2018.5.274/linux/mpi/intel64/bin/mpiicc
Using Fortran linker: /share/intel/2018u4/compilers_and_libraries_2018.5.274/linux/mpi/intel64/bin/mpiifort
Using libraries: -Wl,-rpath,/work/mae-wenlw/lib/petsc-3.16.6/lib -L/work/mae-wenlw/lib/petsc-3.16.6/lib -lpetsc -Wl,-rpath,/work/mae-wenlw/lib/petsc-3.16.6/lib -L/work/mae-wenlw/lib/petsc-3.16.6/lib -L/share/intel/2018u4/compilers_and_libraries_2018.5.274/linux/mkl/lib/intel64 -Wl,-rpath,/share/intel/2018u4/compilers_and_libraries_2018.5.274/linux/mkl/lib/intel64 -Wl,-rpath,/share/intel/2018u4/compilers_and_libraries_2018.5.274/linux/mpi/intel64/lib/release_mt -L/share/intel/2018u4/compilers_and_libraries_2018.5.274/linux/mpi/intel64/lib/release_mt -Wl,-rpath,/share/intel/2018u4/compilers_and_libraries_2018.5.274/linux/mpi/intel64/lib -L/share/intel/2018u4/compilers_and_libraries_2018.5.274/linux/mpi/intel64/lib -Wl,-rpath,/work/mae-wenlw/lib/hdf5-1.12.1/lib -L/work/mae-wenlw/lib/hdf5-1.12.1/lib -Wl,-rpath,/share/intel/2018u4/compilers_and_libraries_2018.5.274/linux/tbb/lib/intel64_lin/gcc4.4 -L/share/intel/2018u4/compilers_and_libraries_2018.5.274/linux/tbb/lib/intel64_lin/gcc4.4 -Wl,-rpath,/share/intel/2018u4/compilers_and_libraries_2018.5.274/linux/daal/lib/intel64_lin -L/share/intel/2018u4/compilers_and_libraries_2018.5.274/linux/daal/lib/intel64_lin -Wl,-rpath,/share/intel/2018u4/compilers_and_libraries_2018.5.274/linux/tbb/lib/intel64/gcc4.4 -L/share/intel/2018u4/compilers_and_libraries_2018.5.274/linux/tbb/lib/intel64/gcc4.4 -Wl,-rpath,/share/intel/2018u4/compilers_and_libraries_2018.5.274/linux/compiler/lib/intel64 -L/share/intel/2018u4/compilers_and_libraries_2018.5.274/linux/compiler/lib/intel64 -Wl,-rpath,/share/intel/2018u4/compilers_and_libraries_2018.5.274/linux/ipp/lib/intel64 -L/share/intel/2018u4/compilers_and_libraries_2018.5.274/linux/ipp/lib/intel64 -Wl,-rpath,/share/intel/2018u4/compilers_and_libraries_2018.5.274/linux/compiler/lib/intel64_lin -L/share/intel/2018u4/compilers_and_libraries_2018.5.274/linux/compiler/lib/intel64_lin -Wl,-rpath,/usr/lib/gcc/x86_64-redhat-linux/4.8.5 -L/usr/lib/gcc/x86_64-redhat-linux/4.8.5 -Wl,-rpath,/opt/intel/mpi-rt/2017.0.0/intel64/lib/release_mt -Wl,-rpath,/opt/intel/mpi-rt/2017.0.0/intel64/lib -lHYPRE -lcmumps -ldmumps -lsmumps -lzmumps -lmumps_common -lpord -lmkl_blacs_intelmpi_lp64 -lmkl_scalapack_lp64 -lmkl_intel_lp64 -lmkl_core -lmkl_sequential -lpthread -lhdf5_hl -lhdf5 -lmetis -lX11 -lstdc++ -ldl -lmpifort -lmpi -lmpigi -lrt -lpthread -lifport -lifcoremt_pic -limf -lsvml -lm -lipgo -lirc -lgcc_s -lirc_s -lquadmath -lstdc++ -ldl
-----------------------------------------

