dx= 0.0003125 dt = 1e-05 its 100001 CFL 102.4
Mat time cost = 0.092039 s
iteration time cost = 789.789969 s
Vec Object: u_numeracal 16 MPI processes
  type: mpi
Process [0]
0.
9.95758e-05
0.000199152
0.000298727
0.000398302
0.000497877
0.000597452
0.000697026
0.000796599
0.000896171
0.000995743
0.00109531
0.00119488
0.00129445
0.00139402
0.00149358
0.00159315
0.00169271
0.00179227
0.00189183
0.00199139
0.00209094
0.0021905
0.00229005
0.0023896
0.00248915
0.00258869
0.00268823
0.00278777
0.00288731
0.00298684
0.00308638
0.0031859
0.00328543
0.00338495
0.00348447
0.00358398
0.0036835
0.00378301
0.00388251
0.00398201
0.00408151
0.004181
0.00428049
0.00437998
0.00447946
0.00457893
0.0046784
0.00477787
0.00487734
0.00497679
0.00507625
0.0051757
0.00527514
0.00537458
0.00547401
0.00557344
0.00567286
0.00577228
0.00587169
0.0059711
0.0060705
0.00616989
0.00626928
0.00636866
0.00646804
0.00656741
0.00666677
0.00676613
0.00686548
0.00696483
0.00706416
0.00716349
0.00726282
0.00736213
0.00746144
0.00756075
0.00766004
0.00775933
0.00785861
0.00795788
0.00805715
0.0081564
0.00825565
0.00835489
0.00845413
0.00855335
0.00865257
0.00875178
0.00885098
0.00895017
0.00904935
0.00914853
0.00924769
0.00934685
0.009446
0.00954514
0.00964427
0.00974339
0.0098425
0.0099416
0.0100407
0.0101398
0.0102388
0.0103379
0.010437
0.010536
0.010635
0.0107341
0.0108331
0.0109321
0.0110311
0.01113
0.011229
0.011328
0.0114269
0.0115258
0.0116248
0.0117237
0.0118226
0.0119215
0.0120204
0.0121192
0.0122181
0.0123169
0.0124158
0.0125146
0.0126134
0.0127122
0.012811
0.0129097
0.0130085
0.0131073
0.013206
0.0133047
0.0134034
0.0135021
0.0136008
0.0136995
0.0137981
0.0138968
0.0139954
0.014094
0.0141926
0.0142912
0.0143898
0.0144883
0.0145869
0.0146854
0.0147839
0.0148825
0.0149809
0.0150794
0.0151779
0.0152763
0.0153748
0.0154732
0.0155716
0.01567
0.0157683
0.0158667
0.015965
0.0160634
0.0161617
0.01626
0.0163583
0.0164565
0.0165548
0.016653
0.0167512
0.0168494
0.0169476
0.0170458
0.0171439
0.0172421
0.0173402
0.0174383
0.0175364
0.0176344
0.0177325
0.0178305
0.0179285
0.0180265
0.0181245
0.0182225
0.0183204
0.0184184
0.0185163
0.0186142
0.018712
0.0188099
0.0189077
0.0190056
0.0191034
0.0192011
0.0192989
0.0193967
0.0194944
0.0195921
0.0196898
0.0197875
Process [1]
0.0198851
0.0199827
0.0200804
0.020178
0.0202755
0.0203731
0.0204706
0.0205681
0.0206656
0.0207631
0.0208606
0.020958
0.0210554
0.0211528
0.0212502
0.0213475
0.0214449
0.0215422
0.0216395
0.0217368
0.021834
0.0219312
0.0220285
0.0221256
0.0222228
0.02232
0.0224171
0.0225142
0.0226113
0.0227083
0.0228054
0.0229024
0.0229994
0.0230963
0.0231933
0.0232902
0.0233871
0.023484
0.0235809
0.0236777
0.0237745
0.0238713
0.0239681
0.0240648
0.0241615
0.0242582
0.0243549
0.0244516
0.0245482
0.0246448
0.0247414
0.0248379
0.0249345
0.025031
0.0251274
0.0252239
0.0253203
0.0254168
0.0255131
0.0256095
0.0257058
0.0258021
0.0258984
0.0259947
0.0260909
0.0261871
0.0262833
0.0263795
0.0264756
0.0265717
0.0266678
0.0267639
0.0268599
0.0269559
0.0270519
0.0271479
0.0272438
0.0273397
0.0274356
0.0275314
0.0276273
0.027723
0.0278188
0.0279146
0.0280103
0.028106
0.0282016
0.0282973
0.0283929
0.0284885
0.028584
0.0286795
0.028775
0.0288705
0.028966
0.0290614
0.0291568
0.0292521
0.0293474
0.0294427
0.029538
0.0296333
0.0297285
0.0298237
0.0299188
0.030014
0.0301091
0.0302041
0.0302992
0.0303942
0.0304892
0.0305841
0.0306791
0.030774
0.0308688
0.0309637
0.0310585
0.0311532
0.031248
0.0313427
0.0314374
0.0315321
0.0316267
0.0317213
0.0318158
0.0319104
0.0320049
0.0320994
0.0321938
0.0322882
0.0323826
0.0324769
0.0325713
0.0326655
0.0327598
0.032854
0.0329482
0.0330424
0.0331365
0.0332306
0.0333247
0.0334187
0.0335127
0.0336067
0.0337006
0.0337945
0.0338884
0.0339822
0.034076
0.0341698
0.0342635
0.0343572
0.0344509
0.0345445
0.0346381
0.0347317
0.0348252
0.0349188
0.0350122
0.0351057
0.0351991
0.0352924
0.0353858
0.0354791
0.0355723
0.0356656
0.0357588
0.0358519
0.0359451
0.0360382
0.0361312
0.0362243
0.0363172
0.0364102
0.0365031
0.036596
0.0366889
0.0367817
0.0368745
0.0369672
0.0370599
0.0371526
0.0372452
0.0373378
0.0374304
0.0375229
0.0376154
0.0377079
0.0378003
0.0378927
0.037985
0.0380773
0.0381696
0.0382618
0.038354
0.0384462
0.0385383
0.0386304
0.0387225
0.0388145
Process [2]
0.0389065
0.0389984
0.0390903
0.0391822
0.039274
0.0393658
0.0394575
0.0395492
0.0396409
0.0397326
0.0398242
0.0399157
0.0400072
0.0400987
0.0401902
0.0402816
0.0403729
0.0404643
0.0405556
0.0406468
0.040738
0.0408292
0.0409203
0.0410114
0.0411025
0.0411935
0.0412845
0.0413754
0.0414663
0.0415571
0.041648
0.0417387
0.0418295
0.0419202
0.0420108
0.0421014
0.042192
0.0422825
0.042373
0.0424635
0.0425539
0.0426442
0.0427346
0.0428248
0.0429151
0.0430053
0.0430955
0.0431856
0.0432757
0.0433657
0.0434557
0.0435456
0.0436355
0.0437254
0.0438152
0.043905
0.0439948
0.0440845
0.0441741
0.0442637
0.0443533
0.0444428
0.0445323
0.0446218
0.0447112
0.0448005
0.0448898
0.0449791
0.0450683
0.0451575
0.0452467
0.0453358
0.0454248
0.0455138
0.0456028
0.0456917
0.0457806
0.0458694
0.0459582
0.046047
0.0461357
0.0462243
0.0463129
0.0464015
0.04649
0.0465785
0.0466669
0.0467553
0.0468437
0.046932
0.0470202
0.0471084
0.0471966
0.0472847
0.0473728
0.0474608
0.0475488
0.0476367
0.0477246
0.0478124
0.0479002
0.047988
0.0480757
0.0481633
0.0482509
0.0483385
0.048426
0.0485135
0.0486009
0.0486883
0.0487756
0.0488629
0.0489501
0.0490373
0.0491245
0.0492116
0.0492986
0.0493856
0.0494726
0.0495595
0.0496463
0.0497331
0.0498199
0.0499066
0.0499933
0.0500799
0.0501664
0.050253
0.0503394
0.0504258
0.0505122
0.0505985
0.0506848
0.050771
0.0508572
0.0509434
0.0510294
0.0511155
0.0512014
0.0512874
0.0513733
0.0514591
0.0515449
0.0516306
0.0517163
0.0518019
0.0518875
0.0519731
0.0520585
0.052144
0.0522294
0.0523147
0.0524
0.0524852
0.0525704
0.0526555
0.0527406
0.0528256
0.0529106
0.0529955
0.0530804
0.0531652
0.05325
0.0533347
0.0534194
0.053504
0.0535886
0.0536731
0.0537576
0.053842
0.0539264
0.0540107
0.0540949
0.0541791
0.0542633
0.0543474
0.0544314
0.0545154
0.0545994
0.0546833
0.0547671
0.0548509
0.0549346
0.0550183
0.0551019
0.0551855
0.055269
0.0553525
0.0554359
0.0555193
0.0556026
0.0556858
0.055769
0.0558522
0.0559352
0.0560183
0.0561013
0.0561842
0.0562671
0.0563499
Process [3]
0.0564327
0.0565154
0.056598
0.0566806
0.0567632
0.0568457
0.0569281
0.0570105
0.0570928
0.0571751
0.0572573
0.0573395
0.0574216
0.0575037
0.0575857
0.0576676
0.0577495
0.0578313
0.0579131
0.0579948
0.0580765
0.0581581
0.0582396
0.0583211
0.0584026
0.058484
0.0585653
0.0586466
0.0587278
0.0588089
0.05889
0.0589711
0.0590521
0.059133
0.0592139
0.0592947
0.0593754
0.0594561
0.0595368
0.0596174
0.0596979
0.0597784
0.0598588
0.0599391
0.0600194
0.0600997
0.0601799
0.06026
0.0603401
0.0604201
0.0605
0.0605799
0.0606598
0.0607395
0.0608192
0.0608989
0.0609785
0.061058
0.0611375
0.061217
0.0612963
0.0613756
0.0614549
0.0615341
0.0616132
0.0616922
0.0617713
0.0618502
0.0619291
0.0620079
0.0620867
0.0621654
0.0622441
0.0623226
0.0624012
0.0624796
0.0625581
0.0626364
0.0627147
0.0627929
0.0628711
0.0629492
0.0630272
0.0631052
0.0631832
0.063261
0.0633388
0.0634166
0.0634943
0.0635719
0.0636494
0.0637269
0.0638044
0.0638817
0.0639591
0.0640363
0.0641135
0.0641906
0.0642677
0.0643447
0.0644216
0.0644985
0.0645753
0.0646521
0.0647288
0.0648054
0.064882
0.0649585
0.0650349
0.0651113
0.0651876
0.0652639
0.0653401
0.0654162
0.0654923
0.0655683
0.0656442
0.0657201
0.0657959
0.0658717
0.0659473
0.066023
0.0660985
0.066174
0.0662495
0.0663248
0.0664001
0.0664754
0.0665505
0.0666256
0.0667007
0.0667757
0.0668506
0.0669255
0.0670002
0.067075
0.0671496
0.0672242
0.0672988
0.0673732
0.0674476
0.067522
0.0675962
0.0676704
0.0677446
0.0678187
0.0678927
0.0679666
0.0680405
0.0681143
0.068188
0.0682617
0.0683353
0.0684089
0.0684824
0.0685558
0.0686292
0.0687024
0.0687757
0.0688488
0.0689219
0.0689949
0.0690679
0.0691408
0.0692136
0.0692863
0.069359
0.0694317
0.0695042
0.0695767
0.0696491
0.0697215
0.0697938
0.069866
0.0699381
0.0700102
0.0700822
0.0701542
0.0702261
0.0702979
0.0703696
0.0704413
0.0705129
0.0705844
0.0706559
0.0707273
0.0707987
0.0708699
0.0709411
0.0710123
0.0710833
0.0711543
0.0712252
0.0712961
0.0713669
0.0714376
0.0715083
0.0715789
0.0716494
0.0717198
Process [4]
0.0717902
0.0718605
0.0719307
0.0720009
0.072071
0.072141
0.072211
0.0722809
0.0723507
0.0724205
0.0724901
0.0725597
0.0726293
0.0726988
0.0727682
0.0728375
0.0729068
0.0729759
0.0730451
0.0731141
0.0731831
0.073252
0.0733208
0.0733896
0.0734583
0.0735269
0.0735955
0.073664
0.0737324
0.0738007
0.073869
0.0739372
0.0740053
0.0740734
0.0741414
0.0742093
0.0742771
0.0743449
0.0744126
0.0744802
0.0745478
0.0746153
0.0746827
0.07475
0.0748173
0.0748845
0.0749516
0.0750187
0.0750856
0.0751525
0.0752194
0.0752861
0.0753528
0.0754195
0.075486
0.0755525
0.0756189
0.0756852
0.0757514
0.0758176
0.0758837
0.0759498
0.0760157
0.0760816
0.0761474
0.0762132
0.0762788
0.0763444
0.07641
0.0764754
0.0765408
0.0766061
0.0766713
0.0767364
0.0768015
0.0768665
0.0769315
0.0769963
0.0770611
0.0771258
0.0771904
0.077255
0.0773195
0.0773839
0.0774482
0.0775125
0.0775767
0.0776408
0.0777048
0.0777688
0.0778326
0.0778965
0.0779602
0.0780239
0.0780874
0.0781509
0.0782144
0.0782777
0.078341
0.0784042
0.0784674
0.0785304
0.0785934
0.0786563
0.0787191
0.0787819
0.0788446
0.0789072
0.0789697
0.0790321
0.0790945
0.0791568
0.079219
0.0792812
0.0793433
0.0794052
0.0794672
0.079529
0.0795908
0.0796524
0.0797141
0.0797756
0.079837
0.0798984
0.0799597
0.0800209
0.0800821
0.0801432
0.0802041
0.0802651
0.0803259
0.0803867
0.0804473
0.0805079
0.0805685
0.0806289
0.0806893
0.0807496
0.0808098
0.0808699
0.08093
0.08099
0.0810499
0.0811097
0.0811695
0.0812291
0.0812887
0.0813482
0.0814077
0.081467
0.0815263
0.0815855
0.0816446
0.0817037
0.0817626
0.0818215
0.0818803
0.0819391
0.0819977
0.0820563
0.0821148
0.0821732
0.0822315
0.0822898
0.0823479
0.082406
0.082464
0.082522
0.0825798
0.0826376
0.0826953
0.0827529
0.0828104
0.0828679
0.0829253
0.0829826
0.0830398
0.0830969
0.083154
0.083211
0.0832679
0.0833247
0.0833814
0.0834381
0.0834946
0.0835511
0.0836076
0.0836639
0.0837201
0.0837763
0.0838324
0.0838884
0.0839443
0.0840002
0.084056
0.0841116
0.0841672
0.0842228
0.0842782
0.0843336
Process [5]
0.0843889
0.0844441
0.0844992
0.0845542
0.0846092
0.084664
0.0847188
0.0847735
0.0848282
0.0848827
0.0849372
0.0849916
0.0850459
0.0851001
0.0851542
0.0852083
0.0852623
0.0853161
0.08537
0.0854237
0.0854773
0.0855309
0.0855844
0.0856378
0.0856911
0.0857443
0.0857975
0.0858505
0.0859035
0.0859564
0.0860092
0.086062
0.0861146
0.0861672
0.0862197
0.0862721
0.0863244
0.0863766
0.0864288
0.0864808
0.0865328
0.0865847
0.0866366
0.0866883
0.0867399
0.0867915
0.086843
0.0868944
0.0869457
0.086997
0.0870481
0.0870992
0.0871501
0.087201
0.0872519
0.0873026
0.0873532
0.0874038
0.0874543
0.0875047
0.087555
0.0876052
0.0876553
0.0877054
0.0877554
0.0878053
0.0878551
0.0879048
0.0879544
0.088004
0.0880534
0.0881028
0.0881521
0.0882013
0.0882504
0.0882995
0.0883484
0.0883973
0.0884461
0.0884948
0.0885434
0.0885919
0.0886403
0.0886887
0.088737
0.0887852
0.0888333
0.0888813
0.0889292
0.088977
0.0890248
0.0890725
0.0891201
0.0891676
0.089215
0.0892623
0.0893095
0.0893567
0.0894038
0.0894507
0.0894976
0.0895444
0.0895912
0.0896378
0.0896844
0.0897308
0.0897772
0.0898235
0.0898697
0.0899158
0.0899619
0.0900078
0.0900537
0.0900994
0.0901451
0.0901907
0.0902362
0.0902816
0.090327
0.0903722
0.0904174
0.0904625
0.0905075
0.0905524
0.0905972
0.0906419
0.0906865
0.0907311
0.0907756
0.0908199
0.0908642
0.0909084
0.0909525
0.0909966
0.0910405
0.0910844
0.0911281
0.0911718
0.0912154
0.0912589
0.0913023
0.0913456
0.0913889
0.091432
0.0914751
0.091518
0.0915609
0.0916037
0.0916464
0.091689
0.0917316
0.091774
0.0918164
0.0918586
0.0919008
0.0919429
0.0919849
0.0920268
0.0920686
0.0921104
0.092152
0.0921936
0.092235
0.0922764
0.0923177
0.0923589
0.0924
0.092441
0.0924819
0.0925228
0.0925635
0.0926042
0.0926448
0.0926853
0.0927257
0.092766
0.0928062
0.0928463
0.0928864
0.0929263
0.0929662
0.0930059
0.0930456
0.0930852
0.0931247
0.0931641
0.0932034
0.0932427
0.0932818
0.0933209
0.0933598
0.0933987
0.0934375
0.0934762
0.0935148
0.0935533
0.0935917
0.0936301
0.0936683
0.0937064
Process [6]
0.0937445
0.0937825
0.0938204
0.0938581
0.0938958
0.0939335
0.093971
0.0940084
0.0940457
0.094083
0.0941201
0.0941572
0.0941942
0.0942311
0.0942679
0.0943046
0.0943412
0.0943777
0.0944141
0.0944505
0.0944867
0.0945229
0.0945589
0.0945949
0.0946308
0.0946666
0.0947023
0.0947379
0.0947734
0.0948088
0.0948442
0.0948794
0.0949145
0.0949496
0.0949846
0.0950195
0.0950542
0.0950889
0.0951235
0.095158
0.0951925
0.0952268
0.095261
0.0952952
0.0953292
0.0953632
0.0953971
0.0954308
0.0954645
0.0954981
0.0955316
0.095565
0.0955983
0.0956316
0.0956647
0.0956977
0.0957307
0.0957635
0.0957963
0.095829
0.0958615
0.095894
0.0959264
0.0959587
0.0959909
0.096023
0.0960551
0.096087
0.0961188
0.0961506
0.0961822
0.0962138
0.0962453
0.0962766
0.0963079
0.0963391
0.0963702
0.0964012
0.0964321
0.0964629
0.0964936
0.0965243
0.0965548
0.0965853
0.0966156
0.0966459
0.096676
0.0967061
0.0967361
0.096766
0.0967958
0.0968255
0.0968551
0.0968846
0.096914
0.0969433
0.0969726
0.0970017
0.0970308
0.0970597
0.0970886
0.0971173
0.097146
0.0971746
0.0972031
0.0972315
0.0972597
0.097288
0.0973161
0.0973441
0.097372
0.0973998
0.0974276
0.0974552
0.0974827
0.0975102
0.0975376
0.0975648
0.097592
0.0976191
0.097646
0.0976729
0.0976997
0.0977264
0.097753
0.0977795
0.097806
0.0978323
0.0978585
0.0978846
0.0979107
0.0979366
0.0979625
0.0979882
0.0980139
0.0980395
0.0980649
0.0980903
0.0981156
0.0981408
0.0981659
0.0981909
0.0982158
0.0982406
0.0982653
0.0982899
0.0983145
0.0983389
0.0983632
0.0983875
0.0984116
0.0984357
0.0984596
0.0984835
0.0985073
0.0985309
0.0985545
0.098578
0.0986014
0.0986247
0.0986479
0.098671
0.098694
0.0987169
0.0987397
0.0987624
0.0987851
0.0988076
0.09883
0.0988524
0.0988746
0.0988968
0.0989188
0.0989408
0.0989627
0.0989844
0.0990061
0.0990277
0.0990492
0.0990705
0.0990918
0.099113
0.0991341
0.0991551
0.0991761
0.0991969
0.0992176
0.0992382
0.0992587
0.0992792
0.0992995
0.0993197
0.0993399
0.0993599
0.0993799
0.0993998
0.0994195
0.0994392
0.0994587
0.0994782
Process [7]
0.0994976
0.0995169
0.0995361
0.0995552
0.0995742
0.0995931
0.0996119
0.0996306
0.0996492
0.0996677
0.0996861
0.0997044
0.0997227
0.0997408
0.0997588
0.0997768
0.0997946
0.0998123
0.09983
0.0998475
0.099865
0.0998824
0.0998996
0.0999168
0.0999339
0.0999508
0.0999677
0.0999845
0.100001
0.100018
0.100034
0.100051
0.100067
0.100083
0.100099
0.100115
0.100131
0.100147
0.100163
0.100178
0.100194
0.100209
0.100225
0.10024
0.100255
0.10027
0.100285
0.1003
0.100315
0.100329
0.100344
0.100358
0.100373
0.100387
0.100401
0.100415
0.100429
0.100443
0.100457
0.100471
0.100484
0.100498
0.100511
0.100524
0.100538
0.100551
0.100564
0.100577
0.100589
0.100602
0.100615
0.100627
0.10064
0.100652
0.100664
0.100676
0.100689
0.1007
0.100712
0.100724
0.100736
0.100747
0.100759
0.10077
0.100781
0.100793
0.100804
0.100815
0.100825
0.100836
0.100847
0.100858
0.100868
0.100878
0.100889
0.100899
0.100909
0.100919
0.100929
0.100939
0.100948
0.100958
0.100968
0.100977
0.100986
0.100996
0.101005
0.101014
0.101023
0.101031
0.10104
0.101049
0.101057
0.101066
0.101074
0.101082
0.101091
0.101099
0.101107
0.101114
0.101122
0.10113
0.101137
0.101145
0.101152
0.10116
0.101167
0.101174
0.101181
0.101188
0.101194
0.101201
0.101208
0.101214
0.101221
0.101227
0.101233
0.101239
0.101245
0.101251
0.101257
0.101263
0.101268
0.101274
0.101279
0.101285
0.10129
0.101295
0.1013
0.101305
0.10131
0.101315
0.101319
0.101324
0.101328
0.101332
0.101337
0.101341
0.101345
0.101349
0.101353
0.101357
0.10136
0.101364
0.101367
0.101371
0.101374
0.101377
0.10138
0.101383
0.101386
0.101389
0.101391
0.101394
0.101397
0.101399
0.101401
0.101403
0.101406
0.101408
0.101409
0.101411
0.101413
0.101415
0.101416
0.101418
0.101419
0.10142
0.101421
0.101422
0.101423
0.101424
0.101425
0.101425
0.101426
0.101426
0.101427
0.101427
0.101427
0.101427
Process [8]
0.101427
0.101427
0.101427
0.101426
0.101426
0.101425
0.101425
0.101424
0.101423
0.101422
0.101421
0.10142
0.101419
0.101418
0.101416
0.101415
0.101413
0.101411
0.101409
0.101408
0.101406
0.101403
0.101401
0.101399
0.101397
0.101394
0.101391
0.101389
0.101386
0.101383
0.10138
0.101377
0.101374
0.101371
0.101367
0.101364
0.10136
0.101357
0.101353
0.101349
0.101345
0.101341
0.101337
0.101332
0.101328
0.101324
0.101319
0.101315
0.10131
0.101305
0.1013
0.101295
0.10129
0.101285
0.101279
0.101274
0.101268
0.101263
0.101257
0.101251
0.101245
0.101239
0.101233
0.101227
0.101221
0.101214
0.101208
0.101201
0.101194
0.101188
0.101181
0.101174
0.101167
0.10116
0.101152
0.101145
0.101137
0.10113
0.101122
0.101114
0.101107
0.101099
0.101091
0.101082
0.101074
0.101066
0.101057
0.101049
0.10104
0.101031
0.101023
0.101014
0.101005
0.100996
0.100986
0.100977
0.100968
0.100958
0.100948
0.100939
0.100929
0.100919
0.100909
0.100899
0.100889
0.100878
0.100868
0.100858
0.100847
0.100836
0.100825
0.100815
0.100804
0.100793
0.100781
0.10077
0.100759
0.100747
0.100736
0.100724
0.100712
0.1007
0.100689
0.100676
0.100664
0.100652
0.10064
0.100627
0.100615
0.100602
0.100589
0.100577
0.100564
0.100551
0.100538
0.100524
0.100511
0.100498
0.100484
0.100471
0.100457
0.100443
0.100429
0.100415
0.100401
0.100387
0.100373
0.100358
0.100344
0.100329
0.100315
0.1003
0.100285
0.10027
0.100255
0.10024
0.100225
0.100209
0.100194
0.100178
0.100163
0.100147
0.100131
0.100115
0.100099
0.100083
0.100067
0.100051
0.100034
0.100018
0.100001
0.0999845
0.0999677
0.0999508
0.0999338
0.0999168
0.0998996
0.0998823
0.099865
0.0998475
0.09983
0.0998123
0.0997946
0.0997767
0.0997588
0.0997408
0.0997226
0.0997044
0.0996861
0.0996677
0.0996491
0.0996305
0.0996118
0.099593
0.0995741
0.0995551
0.099536
0.0995169
0.0994976
0.0994782
Process [9]
0.0994587
0.0994392
0.0994195
0.0993997
0.0993799
0.0993599
0.0993399
0.0993197
0.0992995
0.0992791
0.0992587
0.0992382
0.0992176
0.0991968
0.099176
0.0991551
0.0991341
0.099113
0.0990918
0.0990705
0.0990491
0.0990276
0.0990061
0.0989844
0.0989626
0.0989408
0.0989188
0.0988967
0.0988746
0.0988523
0.09883
0.0988076
0.098785
0.0987624
0.0987397
0.0987169
0.098694
0.0986709
0.0986478
0.0986246
0.0986014
0.098578
0.0985545
0.0985309
0.0985072
0.0984835
0.0984596
0.0984356
0.0984116
0.0983874
0.0983632
0.0983389
0.0983144
0.0982899
0.0982653
0.0982406
0.0982158
0.0981908
0.0981658
0.0981408
0.0981156
0.0980903
0.0980649
0.0980394
0.0980139
0.0979882
0.0979624
0.0979366
0.0979106
0.0978846
0.0978585
0.0978322
0.0978059
0.0977795
0.097753
0.0977264
0.0976997
0.0976729
0.097646
0.097619
0.0975919
0.0975648
0.0975375
0.0975102
0.0974827
0.0974552
0.0974275
0.0973998
0.097372
0.097344
0.097316
0.0972879
0.0972597
0.0972314
0.097203
0.0971745
0.097146
0.0971173
0.0970885
0.0970597
0.0970307
0.0970017
0.0969725
0.0969433
0.096914
0.0968845
0.096855
0.0968254
0.0967957
0.0967659
0.096736
0.0967061
0.096676
0.0966458
0.0966156
0.0965852
0.0965548
0.0965242
0.0964936
0.0964629
0.0964321
0.0964012
0.0963702
0.0963391
0.0963079
0.0962766
0.0962452
0.0962137
0.0961822
0.0961505
0.0961188
0.0960869
0.096055
0.096023
0.0959909
0.0959587
0.0959264
0.095894
0.0958615
0.0958289
0.0957962
0.0957635
0.0957306
0.0956977
0.0956646
0.0956315
0.0955983
0.095565
0.0955316
0.0954981
0.0954645
0.0954308
0.095397
0.0953631
0.0953292
0.0952951
0.095261
0.0952267
0.0951924
0.095158
0.0951235
0.0950889
0.0950542
0.0950194
0.0949845
0.0949496
0.0949145
0.0948793
0.0948441
0.0948088
0.0947733
0.0947378
0.0947022
0.0946665
0.0946307
0.0945948
0.0945589
0.0945228
0.0944866
0.0944504
0.0944141
0.0943776
0.0943411
0.0943045
0.0942678
0.094231
0.0941941
0.0941571
0.0941201
0.0940829
0.0940457
0.0940083
0.0939709
0.0939334
0.0938958
0.0938581
0.0938203
0.0937824
0.0937445
0.0937064
Process [10]
0.0936682
0.09363
0.0935917
0.0935532
0.0935147
0.0934761
0.0934374
0.0933987
0.0933598
0.0933208
0.0932818
0.0932426
0.0932034
0.0931641
0.0931247
0.0930852
0.0930456
0.0930059
0.0929661
0.0929263
0.0928863
0.0928463
0.0928061
0.0927659
0.0927256
0.0926852
0.0926447
0.0926041
0.0925635
0.0925227
0.0924819
0.092441
0.0923999
0.0923588
0.0923176
0.0922763
0.092235
0.0921935
0.0921519
0.0921103
0.0920686
0.0920267
0.0919848
0.0919428
0.0919007
0.0918586
0.0918163
0.0917739
0.0917315
0.091689
0.0916464
0.0916036
0.0915609
0.091518
0.091475
0.0914319
0.0913888
0.0913456
0.0913022
0.0912588
0.0912153
0.0911717
0.0911281
0.0910843
0.0910404
0.0909965
0.0909525
0.0909084
0.0908642
0.0908199
0.0907755
0.090731
0.0906865
0.0906418
0.0905971
0.0905523
0.0905074
0.0904624
0.0904173
0.0903722
0.0903269
0.0902816
0.0902362
0.0901906
0.090145
0.0900994
0.0900536
0.0900077
0.0899618
0.0899158
0.0898696
0.0898234
0.0897771
0.0897308
0.0896843
0.0896377
0.0895911
0.0895444
0.0894976
0.0894507
0.0894037
0.0893566
0.0893095
0.0892622
0.0892149
0.0891675
0.08912
0.0890724
0.0890247
0.088977
0.0889291
0.0888812
0.0888332
0.0887851
0.0887369
0.0886886
0.0886403
0.0885918
0.0885433
0.0884947
0.088446
0.0883972
0.0883483
0.0882994
0.0882504
0.0882012
0.088152
0.0881027
0.0880533
0.0880039
0.0879543
0.0879047
0.087855
0.0878052
0.0877553
0.0877053
0.0876553
0.0876051
0.0875549
0.0875046
0.0874542
0.0874037
0.0873532
0.0873025
0.0872518
0.087201
0.0871501
0.0870991
0.087048
0.0869969
0.0869456
0.0868943
0.0868429
0.0867914
0.0867399
0.0866882
0.0866365
0.0865847
0.0865328
0.0864808
0.0864287
0.0863765
0.0863243
0.086272
0.0862196
0.0861671
0.0861145
0.0860619
0.0860091
0.0859563
0.0859034
0.0858504
0.0857974
0.0857442
0.085691
0.0856377
0.0855843
0.0855308
0.0854772
0.0854236
0.0853699
0.0853161
0.0852622
0.0852082
0.0851541
0.0851
0.0850458
0.0849915
0.0849371
0.0848826
0.0848281
0.0847735
0.0847187
0.084664
0.0846091
0.0845541
0.0844991
0.084444
0.0843888
0.0843335
Process [11]
0.0842781
0.0842227
0.0841672
0.0841116
0.0840559
0.0840001
0.0839443
0.0838883
0.0838323
0.0837762
0.08372
0.0836638
0.0836075
0.083551
0.0834946
0.083438
0.0833813
0.0833246
0.0832678
0.0832109
0.0831539
0.0830968
0.0830397
0.0829825
0.0829252
0.0828678
0.0828104
0.0827528
0.0826952
0.0826375
0.0825797
0.0825219
0.0824639
0.0824059
0.0823478
0.0822897
0.0822314
0.0821731
0.0821147
0.0820562
0.0819976
0.081939
0.0818802
0.0818214
0.0817625
0.0817036
0.0816445
0.0815854
0.0815262
0.0814669
0.0814076
0.0813481
0.0812886
0.081229
0.0811694
0.0811096
0.0810498
0.0809899
0.0809299
0.0808698
0.0808097
0.0807495
0.0806892
0.0806288
0.0805684
0.0805079
0.0804472
0.0803866
0.0803258
0.080265
0.080204
0.0801431
0.080082
0.0800208
0.0799596
0.0798983
0.0798369
0.0797755
0.079714
0.0796523
0.0795907
0.0795289
0.0794671
0.0794051
0.0793431
0.0792811
0.0792189
0.0791567
0.0790944
0.079032
0.0789696
0.0789071
0.0788445
0.0787818
0.078719
0.0786562
0.0785933
0.0785303
0.0784673
0.0784041
0.0783409
0.0782776
0.0782143
0.0781508
0.0780873
0.0780237
0.0779601
0.0778964
0.0778325
0.0777687
0.0777047
0.0776407
0.0775766
0.0775124
0.0774481
0.0773838
0.0773194
0.0772549
0.0771903
0.0771257
0.077061
0.0769962
0.0769313
0.0768664
0.0768014
0.0767363
0.0766712
0.076606
0.0765407
0.0764753
0.0764098
0.0763443
0.0762787
0.0762131
0.0761473
0.0760815
0.0760156
0.0759497
0.0758836
0.0758175
0.0757513
0.0756851
0.0756188
0.0755524
0.0754859
0.0754193
0.0753527
0.075286
0.0752193
0.0751524
0.0750855
0.0750185
0.0749515
0.0748844
0.0748172
0.0747499
0.0746826
0.0746152
0.0745477
0.0744801
0.0744125
0.0743448
0.074277
0.0742092
0.0741413
0.0740733
0.0740052
0.0739371
0.0738689
0.0738006
0.0737323
0.0736639
0.0735954
0.0735268
0.0734582
0.0733895
0.0733207
0.0732519
0.073183
0.073114
0.0730449
0.0729758
0.0729066
0.0728374
0.072768
0.0726986
0.0726292
0.0725596
0.07249
0.0724203
0.0723506
0.0722808
0.0722109
0.0721409
0.0720709
0.0720008
0.0719306
0.0718604
0.0717901
0.0717197
Process [12]
0.0716492
0.0715787
0.0715081
0.0714375
0.0713668
0.071296
0.0712251
0.0711542
0.0710832
0.0710121
0.070941
0.0708698
0.0707985
0.0707272
0.0706558
0.0705843
0.0705128
0.0704412
0.0703695
0.0702977
0.0702259
0.070154
0.0700821
0.0700101
0.069938
0.0698658
0.0697936
0.0697213
0.069649
0.0695766
0.0695041
0.0694315
0.0693589
0.0692862
0.0692135
0.0691406
0.0690677
0.0689948
0.0689218
0.0688487
0.0687755
0.0687023
0.068629
0.0685557
0.0684823
0.0684088
0.0683352
0.0682616
0.0681879
0.0681142
0.0680404
0.0679665
0.0678925
0.0678185
0.0677444
0.0676703
0.0675961
0.0675218
0.0674475
0.0673731
0.0672986
0.0672241
0.0671495
0.0670748
0.0670001
0.0669253
0.0668505
0.0667755
0.0667006
0.0666255
0.0665504
0.0664752
0.0664
0.0663247
0.0662493
0.0661739
0.0660984
0.0660228
0.0659472
0.0658715
0.0657958
0.06572
0.0656441
0.0655681
0.0654921
0.0654161
0.0653399
0.0652637
0.0651875
0.0651112
0.0650348
0.0649583
0.0648818
0.0648053
0.0647286
0.0646519
0.0645752
0.0644984
0.0644215
0.0643445
0.0642675
0.0641905
0.0641134
0.0640362
0.0639589
0.0638816
0.0638042
0.0637268
0.0636493
0.0635717
0.0634941
0.0634164
0.0633387
0.0632609
0.063183
0.0631051
0.0630271
0.0629491
0.0628709
0.0627928
0.0627145
0.0626363
0.0625579
0.0624795
0.062401
0.0623225
0.0622439
0.0621653
0.0620865
0.0620078
0.0619289
0.0618501
0.0617711
0.0616921
0.061613
0.0615339
0.0614547
0.0613755
0.0612962
0.0612168
0.0611374
0.0610579
0.0609784
0.0608988
0.0608191
0.0607394
0.0606596
0.0605798
0.0604999
0.0604199
0.0603399
0.0602598
0.0601797
0.0600995
0.0600193
0.059939
0.0598586
0.0597782
0.0596977
0.0596172
0.0595366
0.059456
0.0593753
0.0592945
0.0592137
0.0591328
0.0590519
0.0589709
0.0588899
0.0588088
0.0587276
0.0586464
0.0585651
0.0584838
0.0584024
0.058321
0.0582395
0.0581579
0.0580763
0.0579947
0.0579129
0.0578312
0.0577493
0.0576674
0.0575855
0.0575035
0.0574214
0.0573393
0.0572572
0.0571749
0.0570927
0.0570103
0.056928
0.0568455
0.056763
0.0566805
0.0565979
0.0565152
0.0564325
0.0563497
Process [13]
0.0562669
0.056184
0.0561011
0.0560181
0.0559351
0.055852
0.0557688
0.0556856
0.0556024
0.0555191
0.0554357
0.0553523
0.0552688
0.0551853
0.0551017
0.0550181
0.0549344
0.0548507
0.0547669
0.0546831
0.0545992
0.0545153
0.0544313
0.0543472
0.0542631
0.054179
0.0540947
0.0540105
0.0539262
0.0538418
0.0537574
0.0536729
0.0535884
0.0535039
0.0534192
0.0533346
0.0532498
0.0531651
0.0530802
0.0529954
0.0529104
0.0528255
0.0527404
0.0526553
0.0525702
0.052485
0.0523998
0.0523145
0.0522292
0.0521438
0.0520584
0.0519729
0.0518873
0.0518018
0.0517161
0.0516304
0.0515447
0.0514589
0.0513731
0.0512872
0.0512013
0.0511153
0.0510293
0.0509432
0.050857
0.0507709
0.0506846
0.0505984
0.050512
0.0504257
0.0503392
0.0502528
0.0501663
0.0500797
0.0499931
0.0499064
0.0498197
0.0497329
0.0496461
0.0495593
0.0494724
0.0493854
0.0492984
0.0492114
0.0491243
0.0490371
0.0489499
0.0488627
0.0487754
0.0486881
0.0486007
0.0485133
0.0484258
0.0483383
0.0482507
0.0481631
0.0480755
0.0479878
0.0479
0.0478122
0.0477244
0.0476365
0.0475486
0.0474606
0.0473726
0.0472845
0.0471964
0.0471082
0.04702
0.0469318
0.0468435
0.0467551
0.0466667
0.0465783
0.0464898
0.0464013
0.0463127
0.0462241
0.0461355
0.0460468
0.045958
0.0458692
0.0457804
0.0456915
0.0456026
0.0455136
0.0454246
0.0453356
0.0452465
0.0451573
0.0450681
0.0449789
0.0448896
0.0448003
0.044711
0.0446216
0.0445321
0.0444426
0.0443531
0.0442635
0.0441739
0.0440843
0.0439946
0.0439048
0.043815
0.0437252
0.0436353
0.0435454
0.0434555
0.0433655
0.0432754
0.0431854
0.0430953
0.0430051
0.0429149
0.0428246
0.0427344
0.042644
0.0425537
0.0424633
0.0423728
0.0422823
0.0421918
0.0421012
0.0420106
0.0419199
0.0418292
0.0417385
0.0416477
0.0415569
0.0414661
0.0413752
0.0412842
0.0411933
0.0411023
0.0410112
0.0409201
0.040829
0.0407378
0.0406466
0.0405553
0.0404641
0.0403727
0.0402814
0.04019
0.0400985
0.040007
0.0399155
0.0398239
0.0397323
0.0396407
0.039549
0.0394573
0.0393656
0.0392738
0.039182
0.0390901
0.0389982
0.0389062
0.0388143
Process [14]
0.0387223
0.0386302
0.0385381
0.038446
0.0383538
0.0382616
0.0381694
0.0380771
0.0379848
0.0378924
0.0378001
0.0377076
0.0376152
0.0375227
0.0374302
0.0373376
0.037245
0.0371524
0.0370597
0.036967
0.0368742
0.0367815
0.0366886
0.0365958
0.0365029
0.03641
0.036317
0.036224
0.036131
0.0360379
0.0359448
0.0358517
0.0357585
0.0356654
0.0355721
0.0354788
0.0353855
0.0352922
0.0351988
0.0351054
0.035012
0.0349185
0.034825
0.0347315
0.0346379
0.0345443
0.0344507
0.034357
0.0342633
0.0341695
0.0340758
0.033982
0.0338881
0.0337943
0.0337004
0.0336064
0.0335125
0.0334185
0.0333244
0.0332304
0.0331363
0.0330421
0.032948
0.0328538
0.0327596
0.0326653
0.032571
0.0324767
0.0323823
0.032288
0.0321936
0.0320991
0.0320046
0.0319101
0.0318156
0.031721
0.0316264
0.0315318
0.0314372
0.0313425
0.0312478
0.031153
0.0310582
0.0309634
0.0308686
0.0307737
0.0306788
0.0305839
0.0304889
0.0303939
0.0302989
0.0302039
0.0301088
0.0300137
0.0299186
0.0298234
0.0297282
0.029633
0.0295378
0.0294425
0.0293472
0.0292519
0.0291565
0.0290611
0.0289657
0.0288703
0.0287748
0.0286793
0.0285838
0.0284882
0.0283926
0.028297
0.0282014
0.0281057
0.02801
0.0279143
0.0278186
0.0277228
0.027627
0.0275312
0.0274353
0.0273394
0.0272435
0.0271476
0.0270517
0.0269557
0.0268597
0.0267636
0.0266676
0.0265715
0.0264754
0.0263792
0.0262831
0.0261869
0.0260907
0.0259944
0.0258982
0.0258019
0.0257056
0.0256092
0.0255129
0.0254165
0.0253201
0.0252236
0.0251272
0.0250307
0.0249342
0.0248377
0.0247411
0.0246445
0.0245479
0.0244513
0.0243546
0.024258
0.0241613
0.0240645
0.0239678
0.023871
0.0237742
0.0236774
0.0235806
0.0234837
0.0233869
0.0232899
0.023193
0.0230961
0.0229991
0.0229021
0.0228051
0.0227081
0.022611
0.0225139
0.0224168
0.0223197
0.0222225
0.0221254
0.0220282
0.021931
0.0218337
0.0217365
0.0216392
0.0215419
0.0214446
0.0213473
0.0212499
0.0211525
0.0210551
0.0209577
0.0208603
0.0207628
0.0206654
0.0205679
0.0204703
0.0203728
0.0202752
0.0201777
0.0200801
0.0199825
0.0198848
0.0197872
Process [15]
0.0196895
0.0195918
0.0194941
0.0193964
0.0192986
0.0192009
0.0191031
0.0190053
0.0189074
0.0188096
0.0187117
0.0186139
0.018516
0.0184181
0.0183201
0.0182222
0.0181242
0.0180262
0.0179282
0.0178302
0.0177322
0.0176341
0.0175361
0.017438
0.0173399
0.0172418
0.0171436
0.0170455
0.0169473
0.0168491
0.0167509
0.0166527
0.0165545
0.0164562
0.016358
0.0162597
0.0161614
0.0160631
0.0159647
0.0158664
0.015768
0.0156697
0.0155713
0.0154729
0.0153745
0.015276
0.0151776
0.0150791
0.0149806
0.0148822
0.0147836
0.0146851
0.0145866
0.014488
0.0143895
0.0142909
0.0141923
0.0140937
0.0139951
0.0138965
0.0137978
0.0136992
0.0136005
0.0135018
0.0134031
0.0133044
0.0132057
0.0131069
0.0130082
0.0129094
0.0128107
0.0127119
0.0126131
0.0125143
0.0124155
0.0123166
0.0122178
0.0121189
0.0120201
0.0119212
0.0118223
0.0117234
0.0116245
0.0115255
0.0114266
0.0113277
0.0112287
0.0111297
0.0110307
0.0109318
0.0108328
0.0107337
0.0106347
0.0105357
0.0104366
0.0103376
0.0102385
0.0101395
0.0100404
0.00994128
0.00984218
0.00974307
0.00964395
0.00954482
0.00944568
0.00934653
0.00924737
0.00914821
0.00904903
0.00894985
0.00885066
0.00875146
0.00865225
0.00855303
0.0084538
0.00835457
0.00825533
0.00815608
0.00805682
0.00795756
0.00785828
0.007759
0.00765971
0.00756042
0.00746112
0.00736181
0.00726249
0.00716316
0.00706383
0.00696449
0.00686515
0.0067658
0.00666644
0.00656708
0.00646771
0.00636833
0.00626895
0.00616956
0.00607016
0.00597076
0.00587136
0.00577194
0.00567253
0.0055731
0.00547368
0.00537424
0.0052748
0.00517536
0.00507591
0.00497646
0.004877
0.00477753
0.00467807
0.00457859
0.00447912
0.00437963
0.00428015
0.00418066
0.00408117
0.00398167
0.00388217
0.00378266
0.00368315
0.00358364
0.00348413
0.00338461
0.00328508
0.00318556
0.00308603
0.0029865
0.00288696
0.00278743
0.00268788
0.00258834
0.00248879
0.00238924
0.00228969
0.00219014
0.00209059
0.00199103
0.00189148
0.00179192
0.00169237
0.00159281
0.00149325
0.00139369
0.00129413
0.00119458
0.00109502
0.000995457
0.000895897
0.000796337
0.000696777
0.000597216
0.000497655
0.000398094
0.000298533
0.000198971
9.941e-05
-1.5144e-07
************************************************************************************************************************
***             WIDEN YOUR WINDOW TO 120 CHARACTERS.  Use 'enscript -r -fCourier9' to print this document            ***
************************************************************************************************************************

---------------------------------------------- PETSc Performance Summary: ----------------------------------------------

./implicit_no.out on a  named r01n14 with 16 processors, by mae-wenlw Thu Jun  9 18:03:55 2022
Using Petsc Release Version 3.16.6, Mar 30, 2022 

                         Max       Max/Min     Avg       Total
Time (sec):           7.900e+02     1.000   7.900e+02
Objects:              5.700e+01     1.000   5.700e+01
Flop:                 3.800e+10     1.005   3.783e+10  6.053e+11
Flop/sec:             4.810e+07     1.005   4.789e+07  7.662e+08
MPI Messages:         5.694e+06     2.000   5.338e+06  8.541e+07
MPI Message Lengths:  4.563e+07     1.997   8.014e+00  6.845e+08
MPI Reductions:       5.726e+06     1.000

Flop counting convention: 1 flop = 1 real number operation of type (multiply/divide/add/subtract)
                            e.g., VecAXPY() for real vectors of length N --> 2N flop
                            and VecAXPY() for complex vectors of length N --> 8N flop

Summary of Stages:   ----- Time ------  ----- Flop ------  --- Messages ---  -- Message Lengths --  -- Reductions --
                        Avg     %Total     Avg     %Total    Count   %Total     Avg         %Total    Count   %Total
 0:      Main Stage: 7.9004e+02 100.0%  6.0533e+11 100.0%  8.541e+07 100.0%  8.014e+00      100.0%  5.726e+06 100.0%

------------------------------------------------------------------------------------------------------------------------
See the 'Profiling' chapter of the users' manual for details on interpreting output.
Phase summary info:
   Count: number of times phase was executed
   Time and Flop: Max - maximum over all processors
                  Ratio - ratio of maximum to minimum over all processors
   Mess: number of messages sent
   AvgLen: average message length (bytes)
   Reduct: number of global reductions
   Global: entire computation
   Stage: stages of a computation. Set stages with PetscLogStagePush() and PetscLogStagePop().
      %T - percent time in this phase         %F - percent flop in this phase
      %M - percent messages in this phase     %L - percent message lengths in this phase
      %R - percent reductions in this phase
   Total Mflop/s: 10e-6 * (sum of flop over all processors)/(max time over all processors)
------------------------------------------------------------------------------------------------------------------------
Event                Count      Time (sec)     Flop                              --- Global ---  --- Stage ----  Total
                   Max Ratio  Max     Ratio   Max  Ratio  Mess   AvgLen  Reduct  %T %F %M %L %R  %T %F %M %L %R Mflop/s
------------------------------------------------------------------------------------------------------------------------

--- Event Stage 0: Main Stage

BuildTwoSided          4 1.0 2.9998e-03 4.8 0.00e+00 0.0 5.1e+02 1.2e+01 4.0e+00  0  0  0  0  0   0  0  0  0  0     0
BuildTwoSidedF         3 1.0 4.5710e-03 5.0 0.00e+00 0.0 1.4e+03 8.0e+02 3.0e+00  0  0  0  0  0   0  0  0  0  0     0
VecView                1 1.0 1.8064e-02 8.6 0.00e+00 0.0 1.5e+01 1.6e+03 0.0e+00  0  0  0  0  0   0  0  0  0  0     0
VecMDot          2778601 1.0 6.0732e+02 2.3 1.57e+10 1.0 0.0e+00 0.0e+00 2.8e+06 49 41  0  0 49  49 41  0  0 49   413
VecNorm          2947113 1.0 3.1493e+02 3.8 1.18e+09 1.0 0.0e+00 0.0e+00 2.9e+06 36  3  0  0 51  36  3  0  0 51    60
VecScale         2947113 1.0 2.2350e+00 1.4 5.92e+08 1.0 0.0e+00 0.0e+00 0.0e+00  0  2  0  0  0   0  2  0  0  0  4221
VecCopy           268514 1.0 1.1731e-01 1.5 0.00e+00 0.0 0.0e+00 0.0e+00 0.0e+00  0  0  0  0  0   0  0  0  0  0     0
VecSet            268514 1.0 1.2644e-01 1.4 0.00e+00 0.0 0.0e+00 0.0e+00 0.0e+00  0  0  0  0  0   0  0  0  0  0     0
VecAXPY           337025 1.0 2.6463e-01 1.2 1.35e+08 1.0 0.0e+00 0.0e+00 0.0e+00  0  0  0  0  0   0  0  0  0  0  8153
VecMAXPY         2947113 1.0 4.9929e+00 1.1 1.69e+10 1.0 0.0e+00 0.0e+00 0.0e+00  1 44  0  0  0   1 44  0  0  0 53907
VecAssemblyBegin       2 1.0 1.1768e-03 1.7 0.00e+00 0.0 1.4e+03 8.0e+02 2.0e+00  0  0  0  0  0   0  0  0  0  0     0
VecAssemblyEnd         2 1.0 3.3402e-04 1.4 0.00e+00 0.0 0.0e+00 0.0e+00 0.0e+00  0  0  0  0  0   0  0  0  0  0     0
VecPointwiseMult 2947113 1.0 9.8013e-01 1.3 5.92e+08 1.0 0.0e+00 0.0e+00 0.0e+00  0  2  0  0  0   0  2  0  0  0  9625
VecScatterBegin  2847112 1.0 9.5863e+0112.8 0.00e+00 0.0 8.5e+07 8.0e+00 1.0e+00  2  0100100  0   2  0100100  0     0
VecScatterEnd    2847112 1.0 1.7959e+02 8.0 0.00e+00 0.0 0.0e+00 0.0e+00 0.0e+00  9  0  0  0  0   9  0  0  0  0     0
VecNormalize     2947113 1.0 3.1889e+02 3.8 1.78e+09 1.0 0.0e+00 0.0e+00 2.9e+06 37  5  0  0 51  37  5  0  0 51    89
MatMult          2847112 1.0 1.9501e+02 3.6 2.85e+09 1.0 8.5e+07 8.0e+00 1.0e+00 12  8100100  0  12  8100100  0   234
MatAssemblyBegin       1 1.0 7.4141e-0338.4 0.00e+00 0.0 0.0e+00 0.0e+00 1.0e+00  0  0  0  0  0   0  0  0  0  0     0
MatAssemblyEnd         1 1.0 3.5504e-02 1.0 0.00e+00 0.0 0.0e+00 0.0e+00 5.0e+00  0  0  0  0  0   0  0  0  0  0     0
SFSetGraph             1 1.0 1.1921e-06 0.0 0.00e+00 0.0 0.0e+00 0.0e+00 0.0e+00  0  0  0  0  0   0  0  0  0  0     0
SFSetUp                1 1.0 2.4068e-0318.0 0.00e+00 0.0 6.0e+01 4.0e+00 1.0e+00  0  0  0  0  0   0  0  0  0  0     0
SFPack           2847112 1.0 1.3781e+00 1.7 0.00e+00 0.0 0.0e+00 0.0e+00 0.0e+00  0  0  0  0  0   0  0  0  0  0     0
SFUnpack         2847112 1.0 6.4959e-01 1.4 0.00e+00 0.0 0.0e+00 0.0e+00 0.0e+00  0  0  0  0  0   0  0  0  0  0     0
KSPSetUp               1 1.0 3.1614e-0411.7 0.00e+00 0.0 0.0e+00 0.0e+00 0.0e+00  0  0  0  0  0   0  0  0  0  0     0
KSPSolve          100001 1.0 7.8961e+02 1.0 3.80e+10 1.0 8.5e+07 8.0e+00 5.7e+06100100100100100 100100100100100   766
KSPGMRESOrthog   2778601 1.0 6.1462e+02 2.3 3.15e+10 1.0 0.0e+00 0.0e+00 2.8e+06 50 83  0  0 49  50 83  0  0 49   817
PCSetUp                1 1.0 4.4231e-03883.4 0.00e+00 0.0 0.0e+00 0.0e+00 0.0e+00  0  0  0  0  0   0  0  0  0  0     0
PCApply          2947113 1.0 1.7698e+00 1.2 5.92e+08 1.0 0.0e+00 0.0e+00 2.0e+00  0  2  0  0  0   0  2  0  0  0  5330
------------------------------------------------------------------------------------------------------------------------

Memory usage is given in bytes:

Object Type          Creations   Destructions     Memory  Descendants' Mem.
Reports information only for process 0.

--- Event Stage 0: Main Stage

              Vector    42             42       137784     0.
              Matrix     3              3        41804     0.
           Index Set     2              2         1788     0.
   Star Forest Graph     3              3         3312     0.
       Krylov Solver     1              1        18848     0.
      Preconditioner     1              1          872     0.
    Distributed Mesh     1              1         5048     0.
     Discrete System     1              1          896     0.
           Weak Form     1              1          616     0.
              Viewer     2              1          840     0.
========================================================================================================================
Average time to get PetscTime(): 9.53674e-08
Average time for MPI_Barrier(): 8.45909e-05
Average time for zero size MPI_Send(): 1.63764e-05
#PETSc Option Table entries:
-dt 0.00001
-log_view
-n 3200
#End of PETSc Option Table entries
Compiled without FORTRAN kernels
Compiled with full precision matrices (default)
sizeof(short) 2 sizeof(int) 4 sizeof(long) 8 sizeof(void*) 8 sizeof(PetscScalar) 8 sizeof(PetscInt) 4
Configure options: --with-mpi-dir=/share/intel/2018u4/compilers_and_libraries_2018.5.274/linux/mpi/intel64 --with-blaslapack-dir=/share/intel/2018u4/compilers_and_libraries_2018.5.274/linux/mkl --with-scalapack-include=/share/intel/2018u4/compilers_and_libraries_2018.5.274/linux/mkl/include --with-scalapack-lib="-L/share/intel/2018u4/compilers_and_libraries_2018.5.274/linux/mkl/lib/intel64 -lmkl_blacs_intelmpi_lp64 -lmkl_scalapack_lp64" --with-debugging=no --prefix=/work/mae-wenlw/lib/petsc-3.16.6 --download-hdf5 =/work/mae-wenlw/HPC/petsc-3.16.6-package/hdf5-1.12.1.tar.gz --download-hypre=/work/mae-wenlw/HPC/petsc-3.16.6-package/hypre-2.23.0.tar.gz --download-mumps=/work/mae-wenlw/HPC/petsc-3.16.6-package/petsc-pkg-mumps-6d1470374d32.tar.gz --download-metis=/work/mae-wenlw/HPC/petsc-3.16.6-package/petsc-pkg-metis-c8d2dc1e751e.tar.gz COPTFLAGS="-O3 -march=native -mtune=native" CXXOPTFLAGS="-O3 -march=native -mtune=native" FOPTFLAGS="-O3 -march=native -mtune=native"
-----------------------------------------
Libraries compiled on 2022-06-02 13:42:17 on login03 
Machine characteristics: Linux-3.10.0-862.el7.x86_64-x86_64-with-redhat-7.5-Maipo
Using PETSc directory: /work/mae-wenlw/lib/petsc-3.16.6
Using PETSc arch: 
-----------------------------------------

Using C compiler: /share/intel/2018u4/compilers_and_libraries_2018.5.274/linux/mpi/intel64/bin/mpiicc  -fPIC -wd1572 -Wno-unknown-pragmas -O3 -march=native -mtune=native  -std=c99 
Using Fortran compiler: /share/intel/2018u4/compilers_and_libraries_2018.5.274/linux/mpi/intel64/bin/mpiifort  -fPIC -O3 -march=native -mtune=native     -std=c99
-----------------------------------------

Using include paths: -I/work/mae-wenlw/lib/petsc-3.16.6/include -I/share/intel/2018u4/compilers_and_libraries_2018.5.274/linux/mpi/intel64/include
-----------------------------------------

Using C linker: /share/intel/2018u4/compilers_and_libraries_2018.5.274/linux/mpi/intel64/bin/mpiicc
Using Fortran linker: /share/intel/2018u4/compilers_and_libraries_2018.5.274/linux/mpi/intel64/bin/mpiifort
Using libraries: -Wl,-rpath,/work/mae-wenlw/lib/petsc-3.16.6/lib -L/work/mae-wenlw/lib/petsc-3.16.6/lib -lpetsc -Wl,-rpath,/work/mae-wenlw/lib/petsc-3.16.6/lib -L/work/mae-wenlw/lib/petsc-3.16.6/lib -L/share/intel/2018u4/compilers_and_libraries_2018.5.274/linux/mkl/lib/intel64 -Wl,-rpath,/share/intel/2018u4/compilers_and_libraries_2018.5.274/linux/mkl/lib/intel64 -Wl,-rpath,/share/intel/2018u4/compilers_and_libraries_2018.5.274/linux/mpi/intel64/lib/release_mt -L/share/intel/2018u4/compilers_and_libraries_2018.5.274/linux/mpi/intel64/lib/release_mt -Wl,-rpath,/share/intel/2018u4/compilers_and_libraries_2018.5.274/linux/mpi/intel64/lib -L/share/intel/2018u4/compilers_and_libraries_2018.5.274/linux/mpi/intel64/lib -Wl,-rpath,/work/mae-wenlw/lib/hdf5-1.12.1/lib -L/work/mae-wenlw/lib/hdf5-1.12.1/lib -Wl,-rpath,/share/intel/2018u4/compilers_and_libraries_2018.5.274/linux/tbb/lib/intel64_lin/gcc4.4 -L/share/intel/2018u4/compilers_and_libraries_2018.5.274/linux/tbb/lib/intel64_lin/gcc4.4 -Wl,-rpath,/share/intel/2018u4/compilers_and_libraries_2018.5.274/linux/daal/lib/intel64_lin -L/share/intel/2018u4/compilers_and_libraries_2018.5.274/linux/daal/lib/intel64_lin -Wl,-rpath,/share/intel/2018u4/compilers_and_libraries_2018.5.274/linux/tbb/lib/intel64/gcc4.4 -L/share/intel/2018u4/compilers_and_libraries_2018.5.274/linux/tbb/lib/intel64/gcc4.4 -Wl,-rpath,/share/intel/2018u4/compilers_and_libraries_2018.5.274/linux/compiler/lib/intel64 -L/share/intel/2018u4/compilers_and_libraries_2018.5.274/linux/compiler/lib/intel64 -Wl,-rpath,/share/intel/2018u4/compilers_and_libraries_2018.5.274/linux/ipp/lib/intel64 -L/share/intel/2018u4/compilers_and_libraries_2018.5.274/linux/ipp/lib/intel64 -Wl,-rpath,/share/intel/2018u4/compilers_and_libraries_2018.5.274/linux/compiler/lib/intel64_lin -L/share/intel/2018u4/compilers_and_libraries_2018.5.274/linux/compiler/lib/intel64_lin -Wl,-rpath,/usr/lib/gcc/x86_64-redhat-linux/4.8.5 -L/usr/lib/gcc/x86_64-redhat-linux/4.8.5 -Wl,-rpath,/opt/intel/mpi-rt/2017.0.0/intel64/lib/release_mt -Wl,-rpath,/opt/intel/mpi-rt/2017.0.0/intel64/lib -lHYPRE -lcmumps -ldmumps -lsmumps -lzmumps -lmumps_common -lpord -lmkl_blacs_intelmpi_lp64 -lmkl_scalapack_lp64 -lmkl_intel_lp64 -lmkl_core -lmkl_sequential -lpthread -lhdf5_hl -lhdf5 -lmetis -lX11 -lstdc++ -ldl -lmpifort -lmpi -lmpigi -lrt -lpthread -lifport -lifcoremt_pic -limf -lsvml -lm -lipgo -lirc -lgcc_s -lirc_s -lquadmath -lstdc++ -ldl
-----------------------------------------

